[0.065s] Invoking command in '/home/om/slambot/build/bumperbot_description': CMAKE_PREFIX_PATH=${CMAKE_PREFIX_PATH}:/home/om/slambot/install/new_robot_description:/home/om/slambot/install/new_practice_bringup:/home/om/slambot/install/bumperbot_py_examples:/home/om/slambot/install/bumperbot_description:/opt/ros/humble /usr/bin/cmake /home/om/slambot/src/bumperbot_description -DCMAKE_INSTALL_PREFIX=/home/om/slambot/install/bumperbot_description
[0.223s] -- The C compiler identification is GNU 11.4.0
[0.394s] -- The CXX compiler identification is GNU 11.4.0
[0.412s] -- Detecting C compiler ABI info
[0.586s] -- Detecting C compiler ABI info - done
[0.607s] -- Check for working C compiler: /usr/bin/cc - skipped
[0.614s] -- Detecting C compile features
[0.624s] -- Detecting C compile features - done
[0.629s] -- Detecting CXX compiler ABI info
[0.818s] -- Detecting CXX compiler ABI info - done
[0.839s] -- Check for working CXX compiler: /usr/bin/c++ - skipped
[0.839s] -- Detecting CXX compile features
[0.842s] -- Detecting CXX compile features - done
[0.845s] -- Found ament_cmake: 1.3.10 (/opt/ros/humble/share/ament_cmake/cmake)
[1.221s] -- Found Python3: /usr/bin/python3 (found version "3.10.12") found components: Interpreter 
[1.453s] -- Found urdf: 2.6.0 (/opt/ros/humble/share/urdf/cmake)
[1.590s] -- Found ament_lint_auto: 0.12.11 (/opt/ros/humble/share/ament_lint_auto/cmake)
[1.795s] -- Added test 'copyright' to check source files copyright and LICENSE
[1.807s] -- Added test 'flake8' to check Python code syntax and style conventions
[1.809s] -- Added test 'lint_cmake' to check CMake code style
[1.809s] -- Added test 'pep257' to check Python code against some of the docstring style conventions in PEP 257
[1.810s] -- Added test 'xmllint' to check XML markup files
[1.814s] -- Configuring done
[1.821s] -- Generating done
[1.823s] -- Build files have been written to: /home/om/slambot/build/bumperbot_description
[1.869s] Invoked command in '/home/om/slambot/build/bumperbot_description' returned '0': CMAKE_PREFIX_PATH=${CMAKE_PREFIX_PATH}:/home/om/slambot/install/new_robot_description:/home/om/slambot/install/new_practice_bringup:/home/om/slambot/install/bumperbot_py_examples:/home/om/slambot/install/bumperbot_description:/opt/ros/humble /usr/bin/cmake /home/om/slambot/src/bumperbot_description -DCMAKE_INSTALL_PREFIX=/home/om/slambot/install/bumperbot_description
[1.873s] Invoking command in '/home/om/slambot/build/bumperbot_description': CMAKE_PREFIX_PATH=${CMAKE_PREFIX_PATH}:/home/om/slambot/install/new_robot_description:/home/om/slambot/install/new_practice_bringup:/home/om/slambot/install/bumperbot_py_examples:/home/om/slambot/install/bumperbot_description:/opt/ros/humble /usr/bin/cmake --build /home/om/slambot/build/bumperbot_description -- -j8 -l8
[1.968s] Invoked command in '/home/om/slambot/build/bumperbot_description' returned '0': CMAKE_PREFIX_PATH=${CMAKE_PREFIX_PATH}:/home/om/slambot/install/new_robot_description:/home/om/slambot/install/new_practice_bringup:/home/om/slambot/install/bumperbot_py_examples:/home/om/slambot/install/bumperbot_description:/opt/ros/humble /usr/bin/cmake --build /home/om/slambot/build/bumperbot_description -- -j8 -l8
[2.020s] Invoking command in '/home/om/slambot/build/bumperbot_description': CMAKE_PREFIX_PATH=${CMAKE_PREFIX_PATH}:/home/om/slambot/install/new_robot_description:/home/om/slambot/install/new_practice_bringup:/home/om/slambot/install/bumperbot_py_examples:/home/om/slambot/install/bumperbot_description:/opt/ros/humble /usr/bin/cmake --install /home/om/slambot/build/bumperbot_description
[3.259s] -- Install configuration: ""
[3.259s] -- Installing: /home/om/slambot/install/bumperbot_description/share/bumperbot_description/launch
[3.259s] -- Installing: /home/om/slambot/install/bumperbot_description/share/bumperbot_description/launch/gazebo.launch.py
[3.259s] -- Installing: /home/om/slambot/install/bumperbot_description/share/bumperbot_description/launch/display.launch.py
[3.259s] -- Installing: /home/om/slambot/install/bumperbot_description/share/bumperbot_description/meshes
[3.260s] -- Installing: /home/om/slambot/install/bumperbot_description/share/bumperbot_description/meshes/wheel_left_link.STL
[3.260s] -- Installing: /home/om/slambot/install/bumperbot_description/share/bumperbot_description/meshes/imu_link.STL
[3.260s] -- Installing: /home/om/slambot/install/bumperbot_description/share/bumperbot_description/meshes/caster_front_link.STL
[3.265s] -- Installing: /home/om/slambot/install/bumperbot_description/share/bumperbot_description/meshes/base_link.STL
[3.266s] -- Installing: /home/om/slambot/install/bumperbot_description/share/bumperbot_description/meshes/wheel_right_link.STL
[3.266s] -- Installing: /home/om/slambot/install/bumperbot_description/share/bumperbot_description/meshes/caster_rear_link.STL
[3.266s] -- Installing: /home/om/slambot/install/bumperbot_description/share/bumperbot_description/models
[3.266s] -- Installing: /home/om/slambot/install/bumperbot_description/share/bumperbot_description/models/ground_plane
[3.266s] -- Installing: /home/om/slambot/install/bumperbot_description/share/bumperbot_description/models/ground_plane/model.sdf
[3.266s] -- Installing: /home/om/slambot/install/bumperbot_description/share/bumperbot_description/models/ground_plane/model-1_4.sdf
[3.266s] -- Installing: /home/om/slambot/install/bumperbot_description/share/bumperbot_description/models/ground_plane/model.config
[3.266s] -- Installing: /home/om/slambot/install/bumperbot_description/share/bumperbot_description/models/ground_plane/model-1_3.sdf
[3.266s] -- Installing: /home/om/slambot/install/bumperbot_description/share/bumperbot_description/models/ground_plane/model-1_2.sdf
[3.267s] -- Installing: /home/om/slambot/install/bumperbot_description/share/bumperbot_description/models/sun
[3.267s] -- Installing: /home/om/slambot/install/bumperbot_description/share/bumperbot_description/models/sun/model.sdf
[3.267s] -- Installing: /home/om/slambot/install/bumperbot_description/share/bumperbot_description/models/sun/model-1_4.sdf
[3.267s] -- Installing: /home/om/slambot/install/bumperbot_description/share/bumperbot_description/models/sun/model.config
[3.267s] -- Installing: /home/om/slambot/install/bumperbot_description/share/bumperbot_description/models/sun/model-1_3.sdf
[3.267s] -- Installing: /home/om/slambot/install/bumperbot_description/share/bumperbot_description/models/sun/model-1_2.sdf
[3.267s] -- Installing: /home/om/slambot/install/bumperbot_description/share/bumperbot_description/urdf
[3.267s] -- Installing: /home/om/slambot/install/bumperbot_description/share/bumperbot_description/urdf/bumperbot_ros2_control.xacro
[3.268s] -- Installing: /home/om/slambot/install/bumperbot_description/share/bumperbot_description/urdf/bumperbot.urdf.xacro
[3.268s] -- Installing: /home/om/slambot/install/bumperbot_description/share/bumperbot_description/urdf/bumperbot_gazebo.xacro
[3.268s] -- Installing: /home/om/slambot/install/bumperbot_description/share/bumperbot_description/rviz
[3.268s] -- Installing: /home/om/slambot/install/bumperbot_description/share/bumperbot_description/rviz/display.rviz
[3.268s] -- Installing: /home/om/slambot/install/bumperbot_description/share/ament_index/resource_index/package_run_dependencies/bumperbot_description
[3.268s] -- Installing: /home/om/slambot/install/bumperbot_description/share/ament_index/resource_index/parent_prefix_path/bumperbot_description
[3.268s] -- Installing: /home/om/slambot/install/bumperbot_description/share/bumperbot_description/environment/ament_prefix_path.sh
[3.268s] -- Installing: /home/om/slambot/install/bumperbot_description/share/bumperbot_description/environment/ament_prefix_path.dsv
[3.268s] -- Installing: /home/om/slambot/install/bumperbot_description/share/bumperbot_description/environment/path.sh
[3.269s] -- Installing: /home/om/slambot/install/bumperbot_description/share/bumperbot_description/environment/path.dsv
[3.269s] -- Installing: /home/om/slambot/install/bumperbot_description/share/bumperbot_description/local_setup.bash
[3.274s] -- Installing: /home/om/slambot/install/bumperbot_description/share/bumperbot_description/local_setup.sh
[3.274s] -- Installing: /home/om/slambot/install/bumperbot_description/share/bumperbot_description/local_setup.zsh
[3.276s] -- Installing: /home/om/slambot/install/bumperbot_description/share/bumperbot_description/local_setup.dsv
[3.276s] -- Installing: /home/om/slambot/install/bumperbot_description/share/bumperbot_description/package.dsv
[3.276s] -- Installing: /home/om/slambot/install/bumperbot_description/share/ament_index/resource_index/packages/bumperbot_description
[3.276s] -- Installing: /home/om/slambot/install/bumperbot_description/share/bumperbot_description/cmake/bumperbot_descriptionConfig.cmake
[3.277s] -- Installing: /home/om/slambot/install/bumperbot_description/share/bumperbot_description/cmake/bumperbot_descriptionConfig-version.cmake
[3.277s] -- Installing: /home/om/slambot/install/bumperbot_description/share/bumperbot_description/package.xml
[3.289s] Invoked command in '/home/om/slambot/build/bumperbot_description' returned '0': CMAKE_PREFIX_PATH=${CMAKE_PREFIX_PATH}:/home/om/slambot/install/new_robot_description:/home/om/slambot/install/new_practice_bringup:/home/om/slambot/install/bumperbot_py_examples:/home/om/slambot/install/bumperbot_description:/opt/ros/humble /usr/bin/cmake --install /home/om/slambot/build/bumperbot_description
