[0.232s] DEBUG:colcon:Command line arguments: ['/usr/bin/colcon', 'build']
[0.232s] DEBUG:colcon:Parsed command line arguments: Namespace(log_base=None, log_level=None, verb_name='build', build_base='build', install_base='install', merge_install=False, symlink_install=False, test_result_base=None, continue_on_error=False, executor='parallel', parallel_workers=8, event_handlers=None, ignore_user_meta=False, metas=['./colcon.meta'], base_paths=['.'], packages_ignore=None, packages_ignore_regex=None, paths=None, packages_up_to=None, packages_up_to_regex=None, packages_above=None, packages_above_and_dependencies=None, packages_above_depth=None, packages_select_by_dep=None, packages_skip_by_dep=None, packages_skip_up_to=None, packages_select_build_failed=False, packages_skip_build_finished=False, packages_select_test_failures=False, packages_skip_test_passed=False, packages_select=None, packages_skip=None, packages_select_regex=None, packages_skip_regex=None, packages_start=None, packages_end=None, allow_overriding=[], cmake_args=None, cmake_target=None, cmake_target_skip_unavailable=False, cmake_clean_cache=False, cmake_clean_first=False, cmake_force_configure=False, ament_cmake_args=None, catkin_cmake_args=None, catkin_skip_building_tests=False, verb_parser=<colcon_defaults.argument_parser.defaults.DefaultArgumentsDecorator object at 0x736869ad6110>, verb_extension=<colcon_core.verb.build.BuildVerb object at 0x736869ca3730>, main=<bound method BuildVerb.main of <colcon_core.verb.build.BuildVerb object at 0x736869ca3730>>)
[0.611s] Level 1:colcon.colcon_core.package_discovery:discover_packages(colcon_meta) check parameters
[0.612s] Level 1:colcon.colcon_core.package_discovery:discover_packages(recursive) check parameters
[0.612s] Level 1:colcon.colcon_core.package_discovery:discover_packages(ignore) check parameters
[0.612s] Level 1:colcon.colcon_core.package_discovery:discover_packages(path) check parameters
[0.612s] Level 1:colcon.colcon_core.package_discovery:discover_packages(colcon_meta) discover
[0.612s] Level 1:colcon.colcon_core.package_discovery:discover_packages(recursive) discover
[0.612s] INFO:colcon.colcon_core.package_discovery:Crawling recursively for packages in '/home/om/slambot'
[0.612s] Level 1:colcon.colcon_core.package_identification:_identify(.) by extensions ['ignore', 'ignore_ament_install']
[0.612s] Level 1:colcon.colcon_core.package_identification:_identify(.) by extension 'ignore'
[0.613s] Level 1:colcon.colcon_core.package_identification:_identify(.) by extension 'ignore_ament_install'
[0.613s] Level 1:colcon.colcon_core.package_identification:_identify(.) by extensions ['colcon_pkg']
[0.613s] Level 1:colcon.colcon_core.package_identification:_identify(.) by extension 'colcon_pkg'
[0.613s] Level 1:colcon.colcon_core.package_identification:_identify(.) by extensions ['colcon_meta']
[0.613s] Level 1:colcon.colcon_core.package_identification:_identify(.) by extension 'colcon_meta'
[0.613s] Level 1:colcon.colcon_core.package_identification:_identify(.) by extensions ['ros']
[0.613s] Level 1:colcon.colcon_core.package_identification:_identify(.) by extension 'ros'
[0.638s] Level 1:colcon.colcon_core.package_identification:_identify(.) by extensions ['cmake', 'python']
[0.638s] Level 1:colcon.colcon_core.package_identification:_identify(.) by extension 'cmake'
[0.638s] Level 1:colcon.colcon_core.package_identification:_identify(.) by extension 'python'
[0.638s] Level 1:colcon.colcon_core.package_identification:_identify(.) by extensions ['python_setup_py']
[0.638s] Level 1:colcon.colcon_core.package_identification:_identify(.) by extension 'python_setup_py'
[0.639s] Level 1:colcon.colcon_core.package_identification:_identify(build) by extensions ['ignore', 'ignore_ament_install']
[0.639s] Level 1:colcon.colcon_core.package_identification:_identify(build) by extension 'ignore'
[0.639s] Level 1:colcon.colcon_core.package_identification:_identify(build) ignored
[0.639s] Level 1:colcon.colcon_core.package_identification:_identify(install) by extensions ['ignore', 'ignore_ament_install']
[0.639s] Level 1:colcon.colcon_core.package_identification:_identify(install) by extension 'ignore'
[0.639s] Level 1:colcon.colcon_core.package_identification:_identify(install) ignored
[0.640s] Level 1:colcon.colcon_core.package_identification:_identify(log) by extensions ['ignore', 'ignore_ament_install']
[0.640s] Level 1:colcon.colcon_core.package_identification:_identify(log) by extension 'ignore'
[0.640s] Level 1:colcon.colcon_core.package_identification:_identify(log) ignored
[0.640s] Level 1:colcon.colcon_core.package_identification:_identify(src) by extensions ['ignore', 'ignore_ament_install']
[0.640s] Level 1:colcon.colcon_core.package_identification:_identify(src) by extension 'ignore'
[0.640s] Level 1:colcon.colcon_core.package_identification:_identify(src) by extension 'ignore_ament_install'
[0.641s] Level 1:colcon.colcon_core.package_identification:_identify(src) by extensions ['colcon_pkg']
[0.641s] Level 1:colcon.colcon_core.package_identification:_identify(src) by extension 'colcon_pkg'
[0.641s] Level 1:colcon.colcon_core.package_identification:_identify(src) by extensions ['colcon_meta']
[0.641s] Level 1:colcon.colcon_core.package_identification:_identify(src) by extension 'colcon_meta'
[0.641s] Level 1:colcon.colcon_core.package_identification:_identify(src) by extensions ['ros']
[0.641s] Level 1:colcon.colcon_core.package_identification:_identify(src) by extension 'ros'
[0.641s] Level 1:colcon.colcon_core.package_identification:_identify(src) by extensions ['cmake', 'python']
[0.641s] Level 1:colcon.colcon_core.package_identification:_identify(src) by extension 'cmake'
[0.641s] Level 1:colcon.colcon_core.package_identification:_identify(src) by extension 'python'
[0.641s] Level 1:colcon.colcon_core.package_identification:_identify(src) by extensions ['python_setup_py']
[0.641s] Level 1:colcon.colcon_core.package_identification:_identify(src) by extension 'python_setup_py'
[0.642s] Level 1:colcon.colcon_core.package_identification:_identify(src/bumperbot_cpp_examples) by extensions ['ignore', 'ignore_ament_install']
[0.642s] Level 1:colcon.colcon_core.package_identification:_identify(src/bumperbot_cpp_examples) by extension 'ignore'
[0.642s] Level 1:colcon.colcon_core.package_identification:_identify(src/bumperbot_cpp_examples) by extension 'ignore_ament_install'
[0.642s] Level 1:colcon.colcon_core.package_identification:_identify(src/bumperbot_cpp_examples) by extensions ['colcon_pkg']
[0.642s] Level 1:colcon.colcon_core.package_identification:_identify(src/bumperbot_cpp_examples) by extension 'colcon_pkg'
[0.642s] Level 1:colcon.colcon_core.package_identification:_identify(src/bumperbot_cpp_examples) by extensions ['colcon_meta']
[0.642s] Level 1:colcon.colcon_core.package_identification:_identify(src/bumperbot_cpp_examples) by extension 'colcon_meta'
[0.642s] Level 1:colcon.colcon_core.package_identification:_identify(src/bumperbot_cpp_examples) by extensions ['ros']
[0.642s] Level 1:colcon.colcon_core.package_identification:_identify(src/bumperbot_cpp_examples) by extension 'ros'
[0.650s] DEBUG:colcon.colcon_core.package_identification:Package 'src/bumperbot_cpp_examples' with type 'ros.ament_cmake' and name 'bumperbot_cpp_examples'
[0.650s] Level 1:colcon.colcon_core.package_identification:_identify(src/cpp_examples) by extensions ['ignore', 'ignore_ament_install']
[0.650s] Level 1:colcon.colcon_core.package_identification:_identify(src/cpp_examples) by extension 'ignore'
[0.650s] Level 1:colcon.colcon_core.package_identification:_identify(src/cpp_examples) by extension 'ignore_ament_install'
[0.650s] Level 1:colcon.colcon_core.package_identification:_identify(src/cpp_examples) by extensions ['colcon_pkg']
[0.650s] Level 1:colcon.colcon_core.package_identification:_identify(src/cpp_examples) by extension 'colcon_pkg'
[0.651s] Level 1:colcon.colcon_core.package_identification:_identify(src/cpp_examples) by extensions ['colcon_meta']
[0.651s] Level 1:colcon.colcon_core.package_identification:_identify(src/cpp_examples) by extension 'colcon_meta'
[0.651s] Level 1:colcon.colcon_core.package_identification:_identify(src/cpp_examples) by extensions ['ros']
[0.651s] Level 1:colcon.colcon_core.package_identification:_identify(src/cpp_examples) by extension 'ros'
[0.652s] DEBUG:colcon.colcon_core.package_identification:Package 'src/cpp_examples' with type 'ros.ament_cmake' and name 'cpp_examples'
[0.652s] Level 1:colcon.colcon_core.package_identification:_identify(src/log) by extensions ['ignore', 'ignore_ament_install']
[0.652s] Level 1:colcon.colcon_core.package_identification:_identify(src/log) by extension 'ignore'
[0.653s] Level 1:colcon.colcon_core.package_identification:_identify(src/log) ignored
[0.653s] Level 1:colcon.colcon_core.package_identification:_identify(src/new_practice_bringup) by extensions ['ignore', 'ignore_ament_install']
[0.653s] Level 1:colcon.colcon_core.package_identification:_identify(src/new_practice_bringup) by extension 'ignore'
[0.653s] Level 1:colcon.colcon_core.package_identification:_identify(src/new_practice_bringup) by extension 'ignore_ament_install'
[0.653s] Level 1:colcon.colcon_core.package_identification:_identify(src/new_practice_bringup) by extensions ['colcon_pkg']
[0.653s] Level 1:colcon.colcon_core.package_identification:_identify(src/new_practice_bringup) by extension 'colcon_pkg'
[0.653s] Level 1:colcon.colcon_core.package_identification:_identify(src/new_practice_bringup) by extensions ['colcon_meta']
[0.653s] Level 1:colcon.colcon_core.package_identification:_identify(src/new_practice_bringup) by extension 'colcon_meta'
[0.653s] Level 1:colcon.colcon_core.package_identification:_identify(src/new_practice_bringup) by extensions ['ros']
[0.654s] Level 1:colcon.colcon_core.package_identification:_identify(src/new_practice_bringup) by extension 'ros'
[0.655s] DEBUG:colcon.colcon_core.package_identification:Package 'src/new_practice_bringup' with type 'ros.ament_cmake' and name 'new_practice_bringup'
[0.655s] Level 1:colcon.colcon_core.package_identification:_identify(src/new_robot_controller) by extensions ['ignore', 'ignore_ament_install']
[0.655s] Level 1:colcon.colcon_core.package_identification:_identify(src/new_robot_controller) by extension 'ignore'
[0.655s] Level 1:colcon.colcon_core.package_identification:_identify(src/new_robot_controller) by extension 'ignore_ament_install'
[0.655s] Level 1:colcon.colcon_core.package_identification:_identify(src/new_robot_controller) by extensions ['colcon_pkg']
[0.655s] Level 1:colcon.colcon_core.package_identification:_identify(src/new_robot_controller) by extension 'colcon_pkg'
[0.655s] Level 1:colcon.colcon_core.package_identification:_identify(src/new_robot_controller) by extensions ['colcon_meta']
[0.656s] Level 1:colcon.colcon_core.package_identification:_identify(src/new_robot_controller) by extension 'colcon_meta'
[0.656s] Level 1:colcon.colcon_core.package_identification:_identify(src/new_robot_controller) by extensions ['ros']
[0.656s] Level 1:colcon.colcon_core.package_identification:_identify(src/new_robot_controller) by extension 'ros'
[0.659s] DEBUG:colcon.colcon_core.package_identification:Package 'src/new_robot_controller' with type 'ros.ament_cmake' and name 'new_robot_controller'
[0.659s] Level 1:colcon.colcon_core.package_identification:_identify(src/new_robot_description) by extensions ['ignore', 'ignore_ament_install']
[0.659s] Level 1:colcon.colcon_core.package_identification:_identify(src/new_robot_description) by extension 'ignore'
[0.659s] Level 1:colcon.colcon_core.package_identification:_identify(src/new_robot_description) by extension 'ignore_ament_install'
[0.659s] Level 1:colcon.colcon_core.package_identification:_identify(src/new_robot_description) by extensions ['colcon_pkg']
[0.659s] Level 1:colcon.colcon_core.package_identification:_identify(src/new_robot_description) by extension 'colcon_pkg'
[0.660s] Level 1:colcon.colcon_core.package_identification:_identify(src/new_robot_description) by extensions ['colcon_meta']
[0.660s] Level 1:colcon.colcon_core.package_identification:_identify(src/new_robot_description) by extension 'colcon_meta'
[0.660s] Level 1:colcon.colcon_core.package_identification:_identify(src/new_robot_description) by extensions ['ros']
[0.660s] Level 1:colcon.colcon_core.package_identification:_identify(src/new_robot_description) by extension 'ros'
[0.661s] DEBUG:colcon.colcon_core.package_identification:Package 'src/new_robot_description' with type 'ros.ament_cmake' and name 'new_robot_description'
[0.661s] Level 1:colcon.colcon_core.package_identification:_identify(src/new_robot_firmware) by extensions ['ignore', 'ignore_ament_install']
[0.662s] Level 1:colcon.colcon_core.package_identification:_identify(src/new_robot_firmware) by extension 'ignore'
[0.662s] Level 1:colcon.colcon_core.package_identification:_identify(src/new_robot_firmware) by extension 'ignore_ament_install'
[0.662s] Level 1:colcon.colcon_core.package_identification:_identify(src/new_robot_firmware) by extensions ['colcon_pkg']
[0.662s] Level 1:colcon.colcon_core.package_identification:_identify(src/new_robot_firmware) by extension 'colcon_pkg'
[0.662s] Level 1:colcon.colcon_core.package_identification:_identify(src/new_robot_firmware) by extensions ['colcon_meta']
[0.662s] Level 1:colcon.colcon_core.package_identification:_identify(src/new_robot_firmware) by extension 'colcon_meta'
[0.662s] Level 1:colcon.colcon_core.package_identification:_identify(src/new_robot_firmware) by extensions ['ros']
[0.662s] Level 1:colcon.colcon_core.package_identification:_identify(src/new_robot_firmware) by extension 'ros'
[0.664s] DEBUG:colcon.colcon_core.package_identification:Package 'src/new_robot_firmware' with type 'ros.ament_cmake' and name 'new_robot_firmware'
[0.665s] Level 1:colcon.colcon_core.package_identification:_identify(src/rplidar_ros2) by extensions ['ignore', 'ignore_ament_install']
[0.665s] Level 1:colcon.colcon_core.package_identification:_identify(src/rplidar_ros2) by extension 'ignore'
[0.665s] Level 1:colcon.colcon_core.package_identification:_identify(src/rplidar_ros2) by extension 'ignore_ament_install'
[0.665s] Level 1:colcon.colcon_core.package_identification:_identify(src/rplidar_ros2) by extensions ['colcon_pkg']
[0.665s] Level 1:colcon.colcon_core.package_identification:_identify(src/rplidar_ros2) by extension 'colcon_pkg'
[0.665s] Level 1:colcon.colcon_core.package_identification:_identify(src/rplidar_ros2) by extensions ['colcon_meta']
[0.665s] Level 1:colcon.colcon_core.package_identification:_identify(src/rplidar_ros2) by extension 'colcon_meta'
[0.665s] Level 1:colcon.colcon_core.package_identification:_identify(src/rplidar_ros2) by extensions ['ros']
[0.665s] Level 1:colcon.colcon_core.package_identification:_identify(src/rplidar_ros2) by extension 'ros'
[0.667s] DEBUG:colcon.colcon_core.package_identification:Package 'src/rplidar_ros2' with type 'ros.ament_cmake' and name 'rplidar_ros'
[0.667s] Level 1:colcon.colcon_core.package_discovery:discover_packages(recursive) using defaults
[0.667s] Level 1:colcon.colcon_core.package_discovery:discover_packages(ignore) discover
[0.667s] Level 1:colcon.colcon_core.package_discovery:discover_packages(ignore) using defaults
[0.667s] Level 1:colcon.colcon_core.package_discovery:discover_packages(path) discover
[0.667s] Level 1:colcon.colcon_core.package_discovery:discover_packages(path) using defaults
[0.715s] Level 1:colcon.colcon_core.package_discovery:discover_packages(prefix_path) check parameters
[0.715s] Level 1:colcon.colcon_core.package_discovery:discover_packages(prefix_path) discover
[0.721s] DEBUG:colcon.colcon_installed_package_information.package_discovery:Found 14 installed packages in /home/om/WarehouseDrone/pico_ws/install
[0.722s] DEBUG:colcon.colcon_installed_package_information.package_discovery:Found 14 installed packages in /home/om/slambot/install
[0.726s] DEBUG:colcon.colcon_installed_package_information.package_discovery:Found 436 installed packages in /opt/ros/humble
[0.756s] Level 1:colcon.colcon_core.package_discovery:discover_packages(prefix_path) using defaults
[0.875s] Level 5:colcon.colcon_core.verb:set package 'bumperbot_cpp_examples' build argument 'cmake_args' from command line to 'None'
[0.875s] Level 5:colcon.colcon_core.verb:set package 'bumperbot_cpp_examples' build argument 'cmake_target' from command line to 'None'
[0.875s] Level 5:colcon.colcon_core.verb:set package 'bumperbot_cpp_examples' build argument 'cmake_target_skip_unavailable' from command line to 'False'
[0.875s] Level 5:colcon.colcon_core.verb:set package 'bumperbot_cpp_examples' build argument 'cmake_clean_cache' from command line to 'False'
[0.875s] Level 5:colcon.colcon_core.verb:set package 'bumperbot_cpp_examples' build argument 'cmake_clean_first' from command line to 'False'
[0.875s] Level 5:colcon.colcon_core.verb:set package 'bumperbot_cpp_examples' build argument 'cmake_force_configure' from command line to 'False'
[0.875s] Level 5:colcon.colcon_core.verb:set package 'bumperbot_cpp_examples' build argument 'ament_cmake_args' from command line to 'None'
[0.875s] Level 5:colcon.colcon_core.verb:set package 'bumperbot_cpp_examples' build argument 'catkin_cmake_args' from command line to 'None'
[0.875s] Level 5:colcon.colcon_core.verb:set package 'bumperbot_cpp_examples' build argument 'catkin_skip_building_tests' from command line to 'False'
[0.875s] DEBUG:colcon.colcon_core.verb:Building package 'bumperbot_cpp_examples' with the following arguments: {'ament_cmake_args': None, 'build_base': '/home/om/slambot/build/bumperbot_cpp_examples', 'catkin_cmake_args': None, 'catkin_skip_building_tests': False, 'cmake_args': None, 'cmake_clean_cache': False, 'cmake_clean_first': False, 'cmake_force_configure': False, 'cmake_target': None, 'cmake_target_skip_unavailable': False, 'install_base': '/home/om/slambot/install/bumperbot_cpp_examples', 'merge_install': False, 'path': '/home/om/slambot/src/bumperbot_cpp_examples', 'symlink_install': False, 'test_result_base': None}
[0.876s] Level 5:colcon.colcon_core.verb:set package 'cpp_examples' build argument 'cmake_args' from command line to 'None'
[0.876s] Level 5:colcon.colcon_core.verb:set package 'cpp_examples' build argument 'cmake_target' from command line to 'None'
[0.876s] Level 5:colcon.colcon_core.verb:set package 'cpp_examples' build argument 'cmake_target_skip_unavailable' from command line to 'False'
[0.876s] Level 5:colcon.colcon_core.verb:set package 'cpp_examples' build argument 'cmake_clean_cache' from command line to 'False'
[0.876s] Level 5:colcon.colcon_core.verb:set package 'cpp_examples' build argument 'cmake_clean_first' from command line to 'False'
[0.876s] Level 5:colcon.colcon_core.verb:set package 'cpp_examples' build argument 'cmake_force_configure' from command line to 'False'
[0.876s] Level 5:colcon.colcon_core.verb:set package 'cpp_examples' build argument 'ament_cmake_args' from command line to 'None'
[0.877s] Level 5:colcon.colcon_core.verb:set package 'cpp_examples' build argument 'catkin_cmake_args' from command line to 'None'
[0.877s] Level 5:colcon.colcon_core.verb:set package 'cpp_examples' build argument 'catkin_skip_building_tests' from command line to 'False'
[0.877s] DEBUG:colcon.colcon_core.verb:Building package 'cpp_examples' with the following arguments: {'ament_cmake_args': None, 'build_base': '/home/om/slambot/build/cpp_examples', 'catkin_cmake_args': None, 'catkin_skip_building_tests': False, 'cmake_args': None, 'cmake_clean_cache': False, 'cmake_clean_first': False, 'cmake_force_configure': False, 'cmake_target': None, 'cmake_target_skip_unavailable': False, 'install_base': '/home/om/slambot/install/cpp_examples', 'merge_install': False, 'path': '/home/om/slambot/src/cpp_examples', 'symlink_install': False, 'test_result_base': None}
[0.877s] Level 5:colcon.colcon_core.verb:set package 'new_practice_bringup' build argument 'cmake_args' from command line to 'None'
[0.877s] Level 5:colcon.colcon_core.verb:set package 'new_practice_bringup' build argument 'cmake_target' from command line to 'None'
[0.877s] Level 5:colcon.colcon_core.verb:set package 'new_practice_bringup' build argument 'cmake_target_skip_unavailable' from command line to 'False'
[0.878s] Level 5:colcon.colcon_core.verb:set package 'new_practice_bringup' build argument 'cmake_clean_cache' from command line to 'False'
[0.878s] Level 5:colcon.colcon_core.verb:set package 'new_practice_bringup' build argument 'cmake_clean_first' from command line to 'False'
[0.878s] Level 5:colcon.colcon_core.verb:set package 'new_practice_bringup' build argument 'cmake_force_configure' from command line to 'False'
[0.878s] Level 5:colcon.colcon_core.verb:set package 'new_practice_bringup' build argument 'ament_cmake_args' from command line to 'None'
[0.878s] Level 5:colcon.colcon_core.verb:set package 'new_practice_bringup' build argument 'catkin_cmake_args' from command line to 'None'
[0.878s] Level 5:colcon.colcon_core.verb:set package 'new_practice_bringup' build argument 'catkin_skip_building_tests' from command line to 'False'
[0.878s] DEBUG:colcon.colcon_core.verb:Building package 'new_practice_bringup' with the following arguments: {'ament_cmake_args': None, 'build_base': '/home/om/slambot/build/new_practice_bringup', 'catkin_cmake_args': None, 'catkin_skip_building_tests': False, 'cmake_args': None, 'cmake_clean_cache': False, 'cmake_clean_first': False, 'cmake_force_configure': False, 'cmake_target': None, 'cmake_target_skip_unavailable': False, 'install_base': '/home/om/slambot/install/new_practice_bringup', 'merge_install': False, 'path': '/home/om/slambot/src/new_practice_bringup', 'symlink_install': False, 'test_result_base': None}
[0.879s] Level 5:colcon.colcon_core.verb:set package 'new_robot_controller' build argument 'cmake_args' from command line to 'None'
[0.879s] Level 5:colcon.colcon_core.verb:set package 'new_robot_controller' build argument 'cmake_target' from command line to 'None'
[0.879s] Level 5:colcon.colcon_core.verb:set package 'new_robot_controller' build argument 'cmake_target_skip_unavailable' from command line to 'False'
[0.879s] Level 5:colcon.colcon_core.verb:set package 'new_robot_controller' build argument 'cmake_clean_cache' from command line to 'False'
[0.879s] Level 5:colcon.colcon_core.verb:set package 'new_robot_controller' build argument 'cmake_clean_first' from command line to 'False'
[0.879s] Level 5:colcon.colcon_core.verb:set package 'new_robot_controller' build argument 'cmake_force_configure' from command line to 'False'
[0.879s] Level 5:colcon.colcon_core.verb:set package 'new_robot_controller' build argument 'ament_cmake_args' from command line to 'None'
[0.879s] Level 5:colcon.colcon_core.verb:set package 'new_robot_controller' build argument 'catkin_cmake_args' from command line to 'None'
[0.879s] Level 5:colcon.colcon_core.verb:set package 'new_robot_controller' build argument 'catkin_skip_building_tests' from command line to 'False'
[0.879s] DEBUG:colcon.colcon_core.verb:Building package 'new_robot_controller' with the following arguments: {'ament_cmake_args': None, 'build_base': '/home/om/slambot/build/new_robot_controller', 'catkin_cmake_args': None, 'catkin_skip_building_tests': False, 'cmake_args': None, 'cmake_clean_cache': False, 'cmake_clean_first': False, 'cmake_force_configure': False, 'cmake_target': None, 'cmake_target_skip_unavailable': False, 'install_base': '/home/om/slambot/install/new_robot_controller', 'merge_install': False, 'path': '/home/om/slambot/src/new_robot_controller', 'symlink_install': False, 'test_result_base': None}
[0.880s] Level 5:colcon.colcon_core.verb:set package 'new_robot_description' build argument 'cmake_args' from command line to 'None'
[0.880s] Level 5:colcon.colcon_core.verb:set package 'new_robot_description' build argument 'cmake_target' from command line to 'None'
[0.880s] Level 5:colcon.colcon_core.verb:set package 'new_robot_description' build argument 'cmake_target_skip_unavailable' from command line to 'False'
[0.880s] Level 5:colcon.colcon_core.verb:set package 'new_robot_description' build argument 'cmake_clean_cache' from command line to 'False'
[0.880s] Level 5:colcon.colcon_core.verb:set package 'new_robot_description' build argument 'cmake_clean_first' from command line to 'False'
[0.880s] Level 5:colcon.colcon_core.verb:set package 'new_robot_description' build argument 'cmake_force_configure' from command line to 'False'
[0.880s] Level 5:colcon.colcon_core.verb:set package 'new_robot_description' build argument 'ament_cmake_args' from command line to 'None'
[0.880s] Level 5:colcon.colcon_core.verb:set package 'new_robot_description' build argument 'catkin_cmake_args' from command line to 'None'
[0.880s] Level 5:colcon.colcon_core.verb:set package 'new_robot_description' build argument 'catkin_skip_building_tests' from command line to 'False'
[0.880s] DEBUG:colcon.colcon_core.verb:Building package 'new_robot_description' with the following arguments: {'ament_cmake_args': None, 'build_base': '/home/om/slambot/build/new_robot_description', 'catkin_cmake_args': None, 'catkin_skip_building_tests': False, 'cmake_args': None, 'cmake_clean_cache': False, 'cmake_clean_first': False, 'cmake_force_configure': False, 'cmake_target': None, 'cmake_target_skip_unavailable': False, 'install_base': '/home/om/slambot/install/new_robot_description', 'merge_install': False, 'path': '/home/om/slambot/src/new_robot_description', 'symlink_install': False, 'test_result_base': None}
[0.881s] Level 5:colcon.colcon_core.verb:set package 'new_robot_firmware' build argument 'cmake_args' from command line to 'None'
[0.881s] Level 5:colcon.colcon_core.verb:set package 'new_robot_firmware' build argument 'cmake_target' from command line to 'None'
[0.881s] Level 5:colcon.colcon_core.verb:set package 'new_robot_firmware' build argument 'cmake_target_skip_unavailable' from command line to 'False'
[0.881s] Level 5:colcon.colcon_core.verb:set package 'new_robot_firmware' build argument 'cmake_clean_cache' from command line to 'False'
[0.881s] Level 5:colcon.colcon_core.verb:set package 'new_robot_firmware' build argument 'cmake_clean_first' from command line to 'False'
[0.881s] Level 5:colcon.colcon_core.verb:set package 'new_robot_firmware' build argument 'cmake_force_configure' from command line to 'False'
[0.881s] Level 5:colcon.colcon_core.verb:set package 'new_robot_firmware' build argument 'ament_cmake_args' from command line to 'None'
[0.881s] Level 5:colcon.colcon_core.verb:set package 'new_robot_firmware' build argument 'catkin_cmake_args' from command line to 'None'
[0.881s] Level 5:colcon.colcon_core.verb:set package 'new_robot_firmware' build argument 'catkin_skip_building_tests' from command line to 'False'
[0.881s] DEBUG:colcon.colcon_core.verb:Building package 'new_robot_firmware' with the following arguments: {'ament_cmake_args': None, 'build_base': '/home/om/slambot/build/new_robot_firmware', 'catkin_cmake_args': None, 'catkin_skip_building_tests': False, 'cmake_args': None, 'cmake_clean_cache': False, 'cmake_clean_first': False, 'cmake_force_configure': False, 'cmake_target': None, 'cmake_target_skip_unavailable': False, 'install_base': '/home/om/slambot/install/new_robot_firmware', 'merge_install': False, 'path': '/home/om/slambot/src/new_robot_firmware', 'symlink_install': False, 'test_result_base': None}
[0.882s] Level 5:colcon.colcon_core.verb:set package 'rplidar_ros' build argument 'cmake_args' from command line to 'None'
[0.882s] Level 5:colcon.colcon_core.verb:set package 'rplidar_ros' build argument 'cmake_target' from command line to 'None'
[0.882s] Level 5:colcon.colcon_core.verb:set package 'rplidar_ros' build argument 'cmake_target_skip_unavailable' from command line to 'False'
[0.882s] Level 5:colcon.colcon_core.verb:set package 'rplidar_ros' build argument 'cmake_clean_cache' from command line to 'False'
[0.882s] Level 5:colcon.colcon_core.verb:set package 'rplidar_ros' build argument 'cmake_clean_first' from command line to 'False'
[0.882s] Level 5:colcon.colcon_core.verb:set package 'rplidar_ros' build argument 'cmake_force_configure' from command line to 'False'
[0.882s] Level 5:colcon.colcon_core.verb:set package 'rplidar_ros' build argument 'ament_cmake_args' from command line to 'None'
[0.883s] Level 5:colcon.colcon_core.verb:set package 'rplidar_ros' build argument 'catkin_cmake_args' from command line to 'None'
[0.883s] Level 5:colcon.colcon_core.verb:set package 'rplidar_ros' build argument 'catkin_skip_building_tests' from command line to 'False'
[0.883s] DEBUG:colcon.colcon_core.verb:Building package 'rplidar_ros' with the following arguments: {'ament_cmake_args': None, 'build_base': '/home/om/slambot/build/rplidar_ros', 'catkin_cmake_args': None, 'catkin_skip_building_tests': False, 'cmake_args': None, 'cmake_clean_cache': False, 'cmake_clean_first': False, 'cmake_force_configure': False, 'cmake_target': None, 'cmake_target_skip_unavailable': False, 'install_base': '/home/om/slambot/install/rplidar_ros', 'merge_install': False, 'path': '/home/om/slambot/src/rplidar_ros2', 'symlink_install': False, 'test_result_base': None}
[0.883s] INFO:colcon.colcon_core.executor:Executing jobs using 'parallel' executor
[0.885s] DEBUG:colcon.colcon_parallel_executor.executor.parallel:run_until_complete
[0.886s] INFO:colcon.colcon_ros.task.ament_cmake.build:Building ROS package in '/home/om/slambot/src/bumperbot_cpp_examples' with build type 'ament_cmake'
[0.886s] INFO:colcon.colcon_cmake.task.cmake.build:Building CMake package in '/home/om/slambot/src/bumperbot_cpp_examples'
[0.891s] INFO:colcon.colcon_core.plugin_system:Skipping extension 'colcon_core.shell.bat': Not used on non-Windows systems
[0.891s] INFO:colcon.colcon_core.shell:Skip shell extension 'powershell' for command environment: Not usable outside of PowerShell
[0.892s] DEBUG:colcon.colcon_core.shell:Skip shell extension 'dsv' for command environment
[0.903s] INFO:colcon.colcon_ros.task.ament_cmake.build:Building ROS package in '/home/om/slambot/src/cpp_examples' with build type 'ament_cmake'
[0.904s] INFO:colcon.colcon_cmake.task.cmake.build:Building CMake package in '/home/om/slambot/src/cpp_examples'
[0.904s] INFO:colcon.colcon_core.shell:Skip shell extension 'powershell' for command environment: Not usable outside of PowerShell
[0.904s] DEBUG:colcon.colcon_core.shell:Skip shell extension 'dsv' for command environment
[0.916s] INFO:colcon.colcon_ros.task.ament_cmake.build:Building ROS package in '/home/om/slambot/src/new_practice_bringup' with build type 'ament_cmake'
[0.916s] INFO:colcon.colcon_cmake.task.cmake.build:Building CMake package in '/home/om/slambot/src/new_practice_bringup'
[0.917s] INFO:colcon.colcon_core.shell:Skip shell extension 'powershell' for command environment: Not usable outside of PowerShell
[0.917s] DEBUG:colcon.colcon_core.shell:Skip shell extension 'dsv' for command environment
[0.929s] INFO:colcon.colcon_ros.task.ament_cmake.build:Building ROS package in '/home/om/slambot/src/new_robot_controller' with build type 'ament_cmake'
[0.929s] INFO:colcon.colcon_cmake.task.cmake.build:Building CMake package in '/home/om/slambot/src/new_robot_controller'
[0.930s] INFO:colcon.colcon_core.shell:Skip shell extension 'powershell' for command environment: Not usable outside of PowerShell
[0.930s] DEBUG:colcon.colcon_core.shell:Skip shell extension 'dsv' for command environment
[0.942s] INFO:colcon.colcon_ros.task.ament_cmake.build:Building ROS package in '/home/om/slambot/src/new_robot_description' with build type 'ament_cmake'
[0.943s] INFO:colcon.colcon_cmake.task.cmake.build:Building CMake package in '/home/om/slambot/src/new_robot_description'
[0.943s] INFO:colcon.colcon_core.shell:Skip shell extension 'powershell' for command environment: Not usable outside of PowerShell
[0.944s] DEBUG:colcon.colcon_core.shell:Skip shell extension 'dsv' for command environment
[0.956s] INFO:colcon.colcon_ros.task.ament_cmake.build:Building ROS package in '/home/om/slambot/src/new_robot_firmware' with build type 'ament_cmake'
[0.957s] INFO:colcon.colcon_cmake.task.cmake.build:Building CMake package in '/home/om/slambot/src/new_robot_firmware'
[0.957s] INFO:colcon.colcon_core.shell:Skip shell extension 'powershell' for command environment: Not usable outside of PowerShell
[0.958s] DEBUG:colcon.colcon_core.shell:Skip shell extension 'dsv' for command environment
[0.970s] INFO:colcon.colcon_ros.task.ament_cmake.build:Building ROS package in '/home/om/slambot/src/rplidar_ros2' with build type 'ament_cmake'
[0.971s] INFO:colcon.colcon_cmake.task.cmake.build:Building CMake package in '/home/om/slambot/src/rplidar_ros2'
[0.972s] INFO:colcon.colcon_core.shell:Skip shell extension 'powershell' for command environment: Not usable outside of PowerShell
[0.972s] DEBUG:colcon.colcon_core.shell:Skip shell extension 'dsv' for command environment
[1.000s] DEBUG:colcon.colcon_core.event_handler.log_command:Invoking command in '/home/om/slambot/build/bumperbot_cpp_examples': CMAKE_PREFIX_PATH=${CMAKE_PREFIX_PATH}:/home/om/slambot/install/bumperbot_py_examples:/opt/ros/humble /usr/bin/cmake --build /home/om/slambot/build/bumperbot_cpp_examples -- -j8 -l8
[1.007s] DEBUG:colcon.colcon_core.event_handler.log_command:Invoking command in '/home/om/slambot/build/cpp_examples': CMAKE_PREFIX_PATH=${CMAKE_PREFIX_PATH}:/home/om/slambot/install/bumperbot_py_examples:/opt/ros/humble /usr/bin/cmake --build /home/om/slambot/build/cpp_examples -- -j8 -l8
[1.015s] DEBUG:colcon.colcon_core.event_handler.log_command:Invoking command in '/home/om/slambot/build/new_practice_bringup': CMAKE_PREFIX_PATH=${CMAKE_PREFIX_PATH}:/home/om/slambot/install/bumperbot_py_examples:/opt/ros/humble /usr/bin/cmake --build /home/om/slambot/build/new_practice_bringup -- -j8 -l8
[1.025s] DEBUG:colcon.colcon_core.event_handler.log_command:Invoking command in '/home/om/slambot/build/new_robot_controller': CMAKE_PREFIX_PATH=${CMAKE_PREFIX_PATH}:/home/om/slambot/install/bumperbot_py_examples:/opt/ros/humble /usr/bin/cmake --build /home/om/slambot/build/new_robot_controller -- -j8 -l8
[1.029s] DEBUG:colcon.colcon_core.event_handler.log_command:Invoking command in '/home/om/slambot/build/new_robot_description': CMAKE_PREFIX_PATH=${CMAKE_PREFIX_PATH}:/home/om/slambot/install/bumperbot_py_examples:/opt/ros/humble /usr/bin/cmake --build /home/om/slambot/build/new_robot_description -- -j8 -l8
[1.042s] DEBUG:colcon.colcon_core.event_handler.log_command:Invoking command in '/home/om/slambot/build/new_robot_firmware': CMAKE_PREFIX_PATH=${CMAKE_PREFIX_PATH}:/home/om/slambot/install/bumperbot_py_examples:/opt/ros/humble /usr/bin/cmake --build /home/om/slambot/build/new_robot_firmware -- -j8 -l8
[1.059s] DEBUG:colcon.colcon_core.event_handler.log_command:Invoking command in '/home/om/slambot/build/rplidar_ros': CMAKE_PREFIX_PATH=${CMAKE_PREFIX_PATH}:/home/om/slambot/install/bumperbot_py_examples:/opt/ros/humble /usr/bin/cmake --build /home/om/slambot/build/rplidar_ros -- -j8 -l8
[1.113s] DEBUG:colcon.colcon_core.event_handler.log_command:Invoked command in '/home/om/slambot/build/cpp_examples' returned '0': CMAKE_PREFIX_PATH=${CMAKE_PREFIX_PATH}:/home/om/slambot/install/bumperbot_py_examples:/opt/ros/humble /usr/bin/cmake --build /home/om/slambot/build/cpp_examples -- -j8 -l8
[1.142s] DEBUG:colcon.colcon_core.event_handler.log_command:Invoked command in '/home/om/slambot/build/new_practice_bringup' returned '0': CMAKE_PREFIX_PATH=${CMAKE_PREFIX_PATH}:/home/om/slambot/install/bumperbot_py_examples:/opt/ros/humble /usr/bin/cmake --build /home/om/slambot/build/new_practice_bringup -- -j8 -l8
[1.173s] DEBUG:colcon.colcon_core.event_handler.log_command:Invoked command in '/home/om/slambot/build/new_robot_description' returned '0': CMAKE_PREFIX_PATH=${CMAKE_PREFIX_PATH}:/home/om/slambot/install/bumperbot_py_examples:/opt/ros/humble /usr/bin/cmake --build /home/om/slambot/build/new_robot_description -- -j8 -l8
[1.242s] DEBUG:colcon.colcon_core.event_handler.log_command:Invoking command in '/home/om/slambot/build/cpp_examples': CMAKE_PREFIX_PATH=${CMAKE_PREFIX_PATH}:/home/om/slambot/install/bumperbot_py_examples:/opt/ros/humble /usr/bin/cmake --install /home/om/slambot/build/cpp_examples
[1.248s] DEBUG:colcon.colcon_core.event_handler.log_command:Invoking command in '/home/om/slambot/build/new_robot_description': CMAKE_PREFIX_PATH=${CMAKE_PREFIX_PATH}:/home/om/slambot/install/bumperbot_py_examples:/opt/ros/humble /usr/bin/cmake --install /home/om/slambot/build/new_robot_description
[1.254s] DEBUG:colcon.colcon_core.event_handler.log_command:Invoking command in '/home/om/slambot/build/new_practice_bringup': CMAKE_PREFIX_PATH=${CMAKE_PREFIX_PATH}:/home/om/slambot/install/bumperbot_py_examples:/opt/ros/humble /usr/bin/cmake --install /home/om/slambot/build/new_practice_bringup
[1.259s] DEBUG:colcon.colcon_core.event_handler.log_command:Invoked command in '/home/om/slambot/build/bumperbot_cpp_examples' returned '0': CMAKE_PREFIX_PATH=${CMAKE_PREFIX_PATH}:/home/om/slambot/install/bumperbot_py_examples:/opt/ros/humble /usr/bin/cmake --build /home/om/slambot/build/bumperbot_cpp_examples -- -j8 -l8
[1.266s] Level 1:colcon.colcon_core.environment:create_environment_scripts_only(cpp_examples)
[1.281s] DEBUG:colcon.colcon_core.event_handler.log_command:Invoked command in '/home/om/slambot/build/cpp_examples' returned '0': CMAKE_PREFIX_PATH=${CMAKE_PREFIX_PATH}:/home/om/slambot/install/bumperbot_py_examples:/opt/ros/humble /usr/bin/cmake --install /home/om/slambot/build/cpp_examples
[1.293s] Level 1:colcon.colcon_core.environment:checking '/home/om/slambot/install/cpp_examples' for CMake module files
[1.295s] Level 1:colcon.colcon_core.environment:checking '/home/om/slambot/install/cpp_examples' for CMake config files
[1.296s] Level 1:colcon.colcon_core.shell:create_environment_hook('cpp_examples', 'cmake_prefix_path')
[1.296s] INFO:colcon.colcon_core.shell:Creating environment hook '/home/om/slambot/install/cpp_examples/share/cpp_examples/hook/cmake_prefix_path.ps1'
[1.299s] INFO:colcon.colcon_core.shell:Creating environment descriptor '/home/om/slambot/install/cpp_examples/share/cpp_examples/hook/cmake_prefix_path.dsv'
[1.300s] INFO:colcon.colcon_core.shell:Creating environment hook '/home/om/slambot/install/cpp_examples/share/cpp_examples/hook/cmake_prefix_path.sh'
[1.302s] Level 1:colcon.colcon_core.environment:checking '/home/om/slambot/install/cpp_examples/bin'
[1.302s] Level 1:colcon.colcon_core.environment:checking '/home/om/slambot/install/cpp_examples/lib/pkgconfig/cpp_examples.pc'
[1.303s] Level 1:colcon.colcon_core.environment:checking '/home/om/slambot/install/cpp_examples/lib/python3.10/site-packages'
[1.303s] Level 1:colcon.colcon_core.environment:checking '/home/om/slambot/install/cpp_examples/bin'
[1.304s] INFO:colcon.colcon_core.shell:Creating package script '/home/om/slambot/install/cpp_examples/share/cpp_examples/package.ps1'
[1.306s] INFO:colcon.colcon_core.shell:Creating package descriptor '/home/om/slambot/install/cpp_examples/share/cpp_examples/package.dsv'
[1.307s] INFO:colcon.colcon_core.shell:Creating package script '/home/om/slambot/install/cpp_examples/share/cpp_examples/package.sh'
[1.309s] INFO:colcon.colcon_core.shell:Creating package script '/home/om/slambot/install/cpp_examples/share/cpp_examples/package.bash'
[1.310s] INFO:colcon.colcon_core.shell:Creating package script '/home/om/slambot/install/cpp_examples/share/cpp_examples/package.zsh'
[1.312s] Level 1:colcon.colcon_core.environment:create_file_with_runtime_dependencies(/home/om/slambot/install/cpp_examples/share/colcon-core/packages/cpp_examples)
[1.315s] Level 1:colcon.colcon_core.environment:create_environment_scripts_only(new_robot_description)
[1.317s] Level 1:colcon.colcon_core.environment:checking '/home/om/slambot/install/new_robot_description' for CMake module files
[1.318s] DEBUG:colcon.colcon_core.event_handler.log_command:Invoked command in '/home/om/slambot/build/new_robot_description' returned '0': CMAKE_PREFIX_PATH=${CMAKE_PREFIX_PATH}:/home/om/slambot/install/bumperbot_py_examples:/opt/ros/humble /usr/bin/cmake --install /home/om/slambot/build/new_robot_description
[1.320s] Level 1:colcon.colcon_core.environment:checking '/home/om/slambot/install/new_robot_description' for CMake config files
[1.320s] Level 1:colcon.colcon_core.shell:create_environment_hook('new_robot_description', 'cmake_prefix_path')
[1.321s] INFO:colcon.colcon_core.shell:Creating environment hook '/home/om/slambot/install/new_robot_description/share/new_robot_description/hook/cmake_prefix_path.ps1'
[1.322s] INFO:colcon.colcon_core.shell:Creating environment descriptor '/home/om/slambot/install/new_robot_description/share/new_robot_description/hook/cmake_prefix_path.dsv'
[1.323s] INFO:colcon.colcon_core.shell:Creating environment hook '/home/om/slambot/install/new_robot_description/share/new_robot_description/hook/cmake_prefix_path.sh'
[1.325s] Level 1:colcon.colcon_core.environment:checking '/home/om/slambot/install/new_robot_description/bin'
[1.325s] Level 1:colcon.colcon_core.environment:checking '/home/om/slambot/install/new_robot_description/lib/pkgconfig/new_robot_description.pc'
[1.325s] Level 1:colcon.colcon_core.environment:checking '/home/om/slambot/install/new_robot_description/lib/python3.10/site-packages'
[1.326s] Level 1:colcon.colcon_core.environment:checking '/home/om/slambot/install/new_robot_description/bin'
[1.326s] INFO:colcon.colcon_core.shell:Creating package script '/home/om/slambot/install/new_robot_description/share/new_robot_description/package.ps1'
[1.327s] INFO:colcon.colcon_core.shell:Creating package descriptor '/home/om/slambot/install/new_robot_description/share/new_robot_description/package.dsv'
[1.328s] INFO:colcon.colcon_core.shell:Creating package script '/home/om/slambot/install/new_robot_description/share/new_robot_description/package.sh'
[1.329s] INFO:colcon.colcon_core.shell:Creating package script '/home/om/slambot/install/new_robot_description/share/new_robot_description/package.bash'
[1.330s] INFO:colcon.colcon_core.shell:Creating package script '/home/om/slambot/install/new_robot_description/share/new_robot_description/package.zsh'
[1.330s] Level 1:colcon.colcon_core.environment:create_file_with_runtime_dependencies(/home/om/slambot/install/new_robot_description/share/colcon-core/packages/new_robot_description)
[1.335s] DEBUG:colcon.colcon_core.event_handler.log_command:Invoked command in '/home/om/slambot/build/new_robot_firmware' returned '0': CMAKE_PREFIX_PATH=${CMAKE_PREFIX_PATH}:/home/om/slambot/install/bumperbot_py_examples:/opt/ros/humble /usr/bin/cmake --build /home/om/slambot/build/new_robot_firmware -- -j8 -l8
[1.335s] Level 1:colcon.colcon_core.environment:create_environment_scripts_only(new_practice_bringup)
[1.336s] Level 1:colcon.colcon_core.environment:checking '/home/om/slambot/install/new_practice_bringup' for CMake module files
[1.337s] Level 1:colcon.colcon_core.environment:checking '/home/om/slambot/install/new_practice_bringup' for CMake config files
[1.338s] Level 1:colcon.colcon_core.shell:create_environment_hook('new_practice_bringup', 'cmake_prefix_path')
[1.338s] INFO:colcon.colcon_core.shell:Creating environment hook '/home/om/slambot/install/new_practice_bringup/share/new_practice_bringup/hook/cmake_prefix_path.ps1'
[1.339s] INFO:colcon.colcon_core.shell:Creating environment descriptor '/home/om/slambot/install/new_practice_bringup/share/new_practice_bringup/hook/cmake_prefix_path.dsv'
[1.340s] DEBUG:colcon.colcon_core.event_handler.log_command:Invoked command in '/home/om/slambot/build/new_practice_bringup' returned '0': CMAKE_PREFIX_PATH=${CMAKE_PREFIX_PATH}:/home/om/slambot/install/bumperbot_py_examples:/opt/ros/humble /usr/bin/cmake --install /home/om/slambot/build/new_practice_bringup
[1.341s] INFO:colcon.colcon_core.shell:Creating environment hook '/home/om/slambot/install/new_practice_bringup/share/new_practice_bringup/hook/cmake_prefix_path.sh'
[1.342s] Level 1:colcon.colcon_core.environment:checking '/home/om/slambot/install/new_practice_bringup/bin'
[1.342s] Level 1:colcon.colcon_core.environment:checking '/home/om/slambot/install/new_practice_bringup/lib/pkgconfig/new_practice_bringup.pc'
[1.343s] Level 1:colcon.colcon_core.environment:checking '/home/om/slambot/install/new_practice_bringup/lib/python3.10/site-packages'
[1.343s] Level 1:colcon.colcon_core.environment:checking '/home/om/slambot/install/new_practice_bringup/bin'
[1.344s] INFO:colcon.colcon_core.shell:Creating package script '/home/om/slambot/install/new_practice_bringup/share/new_practice_bringup/package.ps1'
[1.345s] INFO:colcon.colcon_core.shell:Creating package descriptor '/home/om/slambot/install/new_practice_bringup/share/new_practice_bringup/package.dsv'
[1.346s] INFO:colcon.colcon_core.shell:Creating package script '/home/om/slambot/install/new_practice_bringup/share/new_practice_bringup/package.sh'
[1.347s] INFO:colcon.colcon_core.shell:Creating package script '/home/om/slambot/install/new_practice_bringup/share/new_practice_bringup/package.bash'
[1.348s] INFO:colcon.colcon_core.shell:Creating package script '/home/om/slambot/install/new_practice_bringup/share/new_practice_bringup/package.zsh'
[1.349s] Level 1:colcon.colcon_core.environment:create_file_with_runtime_dependencies(/home/om/slambot/install/new_practice_bringup/share/colcon-core/packages/new_practice_bringup)
[1.354s] DEBUG:colcon.colcon_core.event_handler.log_command:Invoked command in '/home/om/slambot/build/rplidar_ros' returned '0': CMAKE_PREFIX_PATH=${CMAKE_PREFIX_PATH}:/home/om/slambot/install/bumperbot_py_examples:/opt/ros/humble /usr/bin/cmake --build /home/om/slambot/build/rplidar_ros -- -j8 -l8
[1.369s] Level 1:colcon.colcon_core.environment:create_environment_scripts_only(cpp_examples)
[1.370s] Level 1:colcon.colcon_core.environment:checking '/home/om/slambot/install/cpp_examples' for CMake module files
[1.371s] Level 1:colcon.colcon_core.environment:checking '/home/om/slambot/install/cpp_examples' for CMake config files
[1.371s] Level 1:colcon.colcon_core.shell:create_environment_hook('cpp_examples', 'cmake_prefix_path')
[1.372s] INFO:colcon.colcon_core.shell:Creating environment hook '/home/om/slambot/install/cpp_examples/share/cpp_examples/hook/cmake_prefix_path.ps1'
[1.373s] INFO:colcon.colcon_core.shell:Creating environment descriptor '/home/om/slambot/install/cpp_examples/share/cpp_examples/hook/cmake_prefix_path.dsv'
[1.373s] INFO:colcon.colcon_core.shell:Creating environment hook '/home/om/slambot/install/cpp_examples/share/cpp_examples/hook/cmake_prefix_path.sh'
[1.375s] Level 1:colcon.colcon_core.environment:checking '/home/om/slambot/install/cpp_examples/bin'
[1.375s] Level 1:colcon.colcon_core.environment:checking '/home/om/slambot/install/cpp_examples/lib/pkgconfig/cpp_examples.pc'
[1.376s] Level 1:colcon.colcon_core.environment:checking '/home/om/slambot/install/cpp_examples/lib/python3.10/site-packages'
[1.376s] Level 1:colcon.colcon_core.environment:checking '/home/om/slambot/install/cpp_examples/bin'
[1.377s] INFO:colcon.colcon_core.shell:Creating package script '/home/om/slambot/install/cpp_examples/share/cpp_examples/package.ps1'
[1.378s] INFO:colcon.colcon_core.shell:Creating package descriptor '/home/om/slambot/install/cpp_examples/share/cpp_examples/package.dsv'
[1.379s] INFO:colcon.colcon_core.shell:Creating package script '/home/om/slambot/install/cpp_examples/share/cpp_examples/package.sh'
[1.380s] INFO:colcon.colcon_core.shell:Creating package script '/home/om/slambot/install/cpp_examples/share/cpp_examples/package.bash'
[1.381s] INFO:colcon.colcon_core.shell:Creating package script '/home/om/slambot/install/cpp_examples/share/cpp_examples/package.zsh'
[1.382s] Level 1:colcon.colcon_core.environment:create_file_with_runtime_dependencies(/home/om/slambot/install/cpp_examples/share/colcon-core/packages/cpp_examples)
[1.387s] DEBUG:colcon.colcon_core.event_handler.log_command:Invoking command in '/home/om/slambot/build/bumperbot_cpp_examples': CMAKE_PREFIX_PATH=${CMAKE_PREFIX_PATH}:/home/om/slambot/install/bumperbot_py_examples:/opt/ros/humble /usr/bin/cmake --install /home/om/slambot/build/bumperbot_cpp_examples
[1.389s] Level 1:colcon.colcon_core.environment:create_environment_scripts_only(new_robot_description)
[1.390s] Level 1:colcon.colcon_core.environment:checking '/home/om/slambot/install/new_robot_description' for CMake module files
[1.391s] Level 1:colcon.colcon_core.environment:checking '/home/om/slambot/install/new_robot_description' for CMake config files
[1.392s] Level 1:colcon.colcon_core.shell:create_environment_hook('new_robot_description', 'cmake_prefix_path')
[1.393s] INFO:colcon.colcon_core.shell:Creating environment hook '/home/om/slambot/install/new_robot_description/share/new_robot_description/hook/cmake_prefix_path.ps1'
[1.394s] INFO:colcon.colcon_core.shell:Creating environment descriptor '/home/om/slambot/install/new_robot_description/share/new_robot_description/hook/cmake_prefix_path.dsv'
[1.395s] INFO:colcon.colcon_core.shell:Creating environment hook '/home/om/slambot/install/new_robot_description/share/new_robot_description/hook/cmake_prefix_path.sh'
[1.396s] Level 1:colcon.colcon_core.environment:checking '/home/om/slambot/install/new_robot_description/bin'
[1.397s] Level 1:colcon.colcon_core.environment:checking '/home/om/slambot/install/new_robot_description/lib/pkgconfig/new_robot_description.pc'
[1.397s] Level 1:colcon.colcon_core.environment:checking '/home/om/slambot/install/new_robot_description/lib/python3.10/site-packages'
[1.398s] Level 1:colcon.colcon_core.environment:checking '/home/om/slambot/install/new_robot_description/bin'
[1.398s] INFO:colcon.colcon_core.shell:Creating package script '/home/om/slambot/install/new_robot_description/share/new_robot_description/package.ps1'
[1.400s] INFO:colcon.colcon_core.shell:Creating package descriptor '/home/om/slambot/install/new_robot_description/share/new_robot_description/package.dsv'
[1.401s] INFO:colcon.colcon_core.shell:Creating package script '/home/om/slambot/install/new_robot_description/share/new_robot_description/package.sh'
[1.402s] INFO:colcon.colcon_core.shell:Creating package script '/home/om/slambot/install/new_robot_description/share/new_robot_description/package.bash'
[1.404s] INFO:colcon.colcon_core.shell:Creating package script '/home/om/slambot/install/new_robot_description/share/new_robot_description/package.zsh'
[1.406s] Level 1:colcon.colcon_core.environment:create_file_with_runtime_dependencies(/home/om/slambot/install/new_robot_description/share/colcon-core/packages/new_robot_description)
[1.410s] Level 1:colcon.colcon_core.environment:create_environment_scripts_only(new_practice_bringup)
[1.410s] Level 1:colcon.colcon_core.environment:checking '/home/om/slambot/install/new_practice_bringup' for CMake module files
[1.411s] Level 1:colcon.colcon_core.environment:checking '/home/om/slambot/install/new_practice_bringup' for CMake config files
[1.414s] Level 1:colcon.colcon_core.shell:create_environment_hook('new_practice_bringup', 'cmake_prefix_path')
[1.415s] INFO:colcon.colcon_core.shell:Creating environment hook '/home/om/slambot/install/new_practice_bringup/share/new_practice_bringup/hook/cmake_prefix_path.ps1'
[1.420s] INFO:colcon.colcon_core.shell:Creating environment descriptor '/home/om/slambot/install/new_practice_bringup/share/new_practice_bringup/hook/cmake_prefix_path.dsv'
[1.421s] INFO:colcon.colcon_core.shell:Creating environment hook '/home/om/slambot/install/new_practice_bringup/share/new_practice_bringup/hook/cmake_prefix_path.sh'
[1.422s] Level 1:colcon.colcon_core.environment:checking '/home/om/slambot/install/new_practice_bringup/bin'
[1.423s] Level 1:colcon.colcon_core.environment:checking '/home/om/slambot/install/new_practice_bringup/lib/pkgconfig/new_practice_bringup.pc'
[1.423s] Level 1:colcon.colcon_core.environment:checking '/home/om/slambot/install/new_practice_bringup/lib/python3.10/site-packages'
[1.424s] Level 1:colcon.colcon_core.environment:checking '/home/om/slambot/install/new_practice_bringup/bin'
[1.424s] INFO:colcon.colcon_core.shell:Creating package script '/home/om/slambot/install/new_practice_bringup/share/new_practice_bringup/package.ps1'
[1.425s] INFO:colcon.colcon_core.shell:Creating package descriptor '/home/om/slambot/install/new_practice_bringup/share/new_practice_bringup/package.dsv'
[1.426s] INFO:colcon.colcon_core.shell:Creating package script '/home/om/slambot/install/new_practice_bringup/share/new_practice_bringup/package.sh'
[1.427s] INFO:colcon.colcon_core.shell:Creating package script '/home/om/slambot/install/new_practice_bringup/share/new_practice_bringup/package.bash'
[1.428s] INFO:colcon.colcon_core.shell:Creating package script '/home/om/slambot/install/new_practice_bringup/share/new_practice_bringup/package.zsh'
[1.429s] Level 1:colcon.colcon_core.environment:create_file_with_runtime_dependencies(/home/om/slambot/install/new_practice_bringup/share/colcon-core/packages/new_practice_bringup)
[1.436s] DEBUG:colcon.colcon_core.event_handler.log_command:Invoking command in '/home/om/slambot/build/new_robot_firmware': CMAKE_PREFIX_PATH=${CMAKE_PREFIX_PATH}:/home/om/slambot/install/bumperbot_py_examples:/opt/ros/humble /usr/bin/cmake --install /home/om/slambot/build/new_robot_firmware
[1.437s] Level 1:colcon.colcon_core.environment:create_environment_scripts_only(bumperbot_cpp_examples)
[1.438s] Level 1:colcon.colcon_core.environment:checking '/home/om/slambot/install/bumperbot_cpp_examples' for CMake module files
[1.439s] DEBUG:colcon.colcon_core.event_handler.log_command:Invoked command in '/home/om/slambot/build/bumperbot_cpp_examples' returned '0': CMAKE_PREFIX_PATH=${CMAKE_PREFIX_PATH}:/home/om/slambot/install/bumperbot_py_examples:/opt/ros/humble /usr/bin/cmake --install /home/om/slambot/build/bumperbot_cpp_examples
[1.440s] Level 1:colcon.colcon_core.environment:checking '/home/om/slambot/install/bumperbot_cpp_examples' for CMake config files
[1.440s] Level 1:colcon.colcon_core.shell:create_environment_hook('bumperbot_cpp_examples', 'cmake_prefix_path')
[1.441s] INFO:colcon.colcon_core.shell:Creating environment hook '/home/om/slambot/install/bumperbot_cpp_examples/share/bumperbot_cpp_examples/hook/cmake_prefix_path.ps1'
[1.442s] INFO:colcon.colcon_core.shell:Creating environment descriptor '/home/om/slambot/install/bumperbot_cpp_examples/share/bumperbot_cpp_examples/hook/cmake_prefix_path.dsv'
[1.443s] INFO:colcon.colcon_core.shell:Creating environment hook '/home/om/slambot/install/bumperbot_cpp_examples/share/bumperbot_cpp_examples/hook/cmake_prefix_path.sh'
[1.445s] Level 1:colcon.colcon_core.environment:checking '/home/om/slambot/install/bumperbot_cpp_examples/lib'
[1.445s] Level 1:colcon.colcon_core.environment:checking '/home/om/slambot/install/bumperbot_cpp_examples/bin'
[1.446s] Level 1:colcon.colcon_core.environment:checking '/home/om/slambot/install/bumperbot_cpp_examples/lib/pkgconfig/bumperbot_cpp_examples.pc'
[1.446s] Level 1:colcon.colcon_core.environment:checking '/home/om/slambot/install/bumperbot_cpp_examples/lib/python3.10/site-packages'
[1.447s] Level 1:colcon.colcon_core.environment:checking '/home/om/slambot/install/bumperbot_cpp_examples/bin'
[1.447s] INFO:colcon.colcon_core.shell:Creating package script '/home/om/slambot/install/bumperbot_cpp_examples/share/bumperbot_cpp_examples/package.ps1'
[1.448s] INFO:colcon.colcon_core.shell:Creating package descriptor '/home/om/slambot/install/bumperbot_cpp_examples/share/bumperbot_cpp_examples/package.dsv'
[1.449s] INFO:colcon.colcon_core.shell:Creating package script '/home/om/slambot/install/bumperbot_cpp_examples/share/bumperbot_cpp_examples/package.sh'
[1.450s] INFO:colcon.colcon_core.shell:Creating package script '/home/om/slambot/install/bumperbot_cpp_examples/share/bumperbot_cpp_examples/package.bash'
[1.450s] INFO:colcon.colcon_core.shell:Creating package script '/home/om/slambot/install/bumperbot_cpp_examples/share/bumperbot_cpp_examples/package.zsh'
[1.451s] Level 1:colcon.colcon_core.environment:create_file_with_runtime_dependencies(/home/om/slambot/install/bumperbot_cpp_examples/share/colcon-core/packages/bumperbot_cpp_examples)
[1.458s] Level 1:colcon.colcon_core.environment:create_environment_scripts_only(new_robot_firmware)
[1.459s] Level 1:colcon.colcon_core.environment:checking '/home/om/slambot/install/new_robot_firmware' for CMake module files
[1.464s] DEBUG:colcon.colcon_core.event_handler.log_command:Invoked command in '/home/om/slambot/build/new_robot_firmware' returned '0': CMAKE_PREFIX_PATH=${CMAKE_PREFIX_PATH}:/home/om/slambot/install/bumperbot_py_examples:/opt/ros/humble /usr/bin/cmake --install /home/om/slambot/build/new_robot_firmware
[1.465s] Level 1:colcon.colcon_core.environment:checking '/home/om/slambot/install/new_robot_firmware' for CMake config files
[1.465s] Level 1:colcon.colcon_core.shell:create_environment_hook('new_robot_firmware', 'cmake_prefix_path')
[1.466s] INFO:colcon.colcon_core.shell:Creating environment hook '/home/om/slambot/install/new_robot_firmware/share/new_robot_firmware/hook/cmake_prefix_path.ps1'
[1.467s] INFO:colcon.colcon_core.shell:Creating environment descriptor '/home/om/slambot/install/new_robot_firmware/share/new_robot_firmware/hook/cmake_prefix_path.dsv'
[1.468s] INFO:colcon.colcon_core.shell:Creating environment hook '/home/om/slambot/install/new_robot_firmware/share/new_robot_firmware/hook/cmake_prefix_path.sh'
[1.469s] Level 1:colcon.colcon_core.environment:checking '/home/om/slambot/install/new_robot_firmware/lib'
[1.469s] Level 1:colcon.colcon_core.shell:create_environment_hook('new_robot_firmware', 'ld_library_path_lib')
[1.470s] INFO:colcon.colcon_core.shell:Creating environment hook '/home/om/slambot/install/new_robot_firmware/share/new_robot_firmware/hook/ld_library_path_lib.ps1'
[1.471s] INFO:colcon.colcon_core.shell:Creating environment descriptor '/home/om/slambot/install/new_robot_firmware/share/new_robot_firmware/hook/ld_library_path_lib.dsv'
[1.472s] INFO:colcon.colcon_core.shell:Creating environment hook '/home/om/slambot/install/new_robot_firmware/share/new_robot_firmware/hook/ld_library_path_lib.sh'
[1.472s] Level 1:colcon.colcon_core.environment:checking '/home/om/slambot/install/new_robot_firmware/bin'
[1.472s] Level 1:colcon.colcon_core.environment:checking '/home/om/slambot/install/new_robot_firmware/lib/pkgconfig/new_robot_firmware.pc'
[1.473s] Level 1:colcon.colcon_core.environment:checking '/home/om/slambot/install/new_robot_firmware/lib/python3.10/site-packages'
[1.473s] Level 1:colcon.colcon_core.environment:checking '/home/om/slambot/install/new_robot_firmware/bin'
[1.474s] INFO:colcon.colcon_core.shell:Creating package script '/home/om/slambot/install/new_robot_firmware/share/new_robot_firmware/package.ps1'
[1.475s] INFO:colcon.colcon_core.shell:Creating package descriptor '/home/om/slambot/install/new_robot_firmware/share/new_robot_firmware/package.dsv'
[1.476s] INFO:colcon.colcon_core.shell:Creating package script '/home/om/slambot/install/new_robot_firmware/share/new_robot_firmware/package.sh'
[1.477s] INFO:colcon.colcon_core.shell:Creating package script '/home/om/slambot/install/new_robot_firmware/share/new_robot_firmware/package.bash'
[1.477s] INFO:colcon.colcon_core.shell:Creating package script '/home/om/slambot/install/new_robot_firmware/share/new_robot_firmware/package.zsh'
[1.478s] Level 1:colcon.colcon_core.environment:create_file_with_runtime_dependencies(/home/om/slambot/install/new_robot_firmware/share/colcon-core/packages/new_robot_firmware)
[1.484s] DEBUG:colcon.colcon_core.event_handler.log_command:Invoking command in '/home/om/slambot/build/rplidar_ros': CMAKE_PREFIX_PATH=${CMAKE_PREFIX_PATH}:/home/om/slambot/install/bumperbot_py_examples:/opt/ros/humble /usr/bin/cmake --install /home/om/slambot/build/rplidar_ros
[1.509s] Level 1:colcon.colcon_core.environment:create_environment_scripts_only(rplidar_ros)
[1.510s] Level 1:colcon.colcon_core.environment:checking '/home/om/slambot/install/rplidar_ros' for CMake module files
[1.512s] DEBUG:colcon.colcon_core.event_handler.log_command:Invoked command in '/home/om/slambot/build/rplidar_ros' returned '0': CMAKE_PREFIX_PATH=${CMAKE_PREFIX_PATH}:/home/om/slambot/install/bumperbot_py_examples:/opt/ros/humble /usr/bin/cmake --install /home/om/slambot/build/rplidar_ros
[1.513s] Level 1:colcon.colcon_core.environment:checking '/home/om/slambot/install/rplidar_ros' for CMake config files
[1.513s] Level 1:colcon.colcon_core.shell:create_environment_hook('rplidar_ros', 'cmake_prefix_path')
[1.513s] INFO:colcon.colcon_core.shell:Creating environment hook '/home/om/slambot/install/rplidar_ros/share/rplidar_ros/hook/cmake_prefix_path.ps1'
[1.514s] INFO:colcon.colcon_core.shell:Creating environment descriptor '/home/om/slambot/install/rplidar_ros/share/rplidar_ros/hook/cmake_prefix_path.dsv'
[1.515s] INFO:colcon.colcon_core.shell:Creating environment hook '/home/om/slambot/install/rplidar_ros/share/rplidar_ros/hook/cmake_prefix_path.sh'
[1.516s] Level 1:colcon.colcon_core.environment:checking '/home/om/slambot/install/rplidar_ros/lib'
[1.516s] Level 1:colcon.colcon_core.shell:create_environment_hook('rplidar_ros', 'ld_library_path_lib')
[1.517s] INFO:colcon.colcon_core.shell:Creating environment hook '/home/om/slambot/install/rplidar_ros/share/rplidar_ros/hook/ld_library_path_lib.ps1'
[1.518s] INFO:colcon.colcon_core.shell:Creating environment descriptor '/home/om/slambot/install/rplidar_ros/share/rplidar_ros/hook/ld_library_path_lib.dsv'
[1.518s] INFO:colcon.colcon_core.shell:Creating environment hook '/home/om/slambot/install/rplidar_ros/share/rplidar_ros/hook/ld_library_path_lib.sh'
[1.519s] Level 1:colcon.colcon_core.environment:checking '/home/om/slambot/install/rplidar_ros/bin'
[1.519s] Level 1:colcon.colcon_core.environment:checking '/home/om/slambot/install/rplidar_ros/lib/pkgconfig/rplidar_ros.pc'
[1.519s] Level 1:colcon.colcon_core.environment:checking '/home/om/slambot/install/rplidar_ros/lib/python3.10/site-packages'
[1.520s] Level 1:colcon.colcon_core.environment:checking '/home/om/slambot/install/rplidar_ros/bin'
[1.521s] INFO:colcon.colcon_core.shell:Creating package script '/home/om/slambot/install/rplidar_ros/share/rplidar_ros/package.ps1'
[1.522s] INFO:colcon.colcon_core.shell:Creating package descriptor '/home/om/slambot/install/rplidar_ros/share/rplidar_ros/package.dsv'
[1.523s] INFO:colcon.colcon_core.shell:Creating package script '/home/om/slambot/install/rplidar_ros/share/rplidar_ros/package.sh'
[1.523s] INFO:colcon.colcon_core.shell:Creating package script '/home/om/slambot/install/rplidar_ros/share/rplidar_ros/package.bash'
[1.524s] INFO:colcon.colcon_core.shell:Creating package script '/home/om/slambot/install/rplidar_ros/share/rplidar_ros/package.zsh'
[1.525s] Level 1:colcon.colcon_core.environment:create_file_with_runtime_dependencies(/home/om/slambot/install/rplidar_ros/share/colcon-core/packages/rplidar_ros)
[1.543s] Level 1:colcon.colcon_core.environment:create_environment_scripts_only(new_robot_firmware)
[1.543s] Level 1:colcon.colcon_core.environment:checking '/home/om/slambot/install/new_robot_firmware' for CMake module files
[1.544s] Level 1:colcon.colcon_core.environment:checking '/home/om/slambot/install/new_robot_firmware' for CMake config files
[1.545s] Level 1:colcon.colcon_core.shell:create_environment_hook('new_robot_firmware', 'cmake_prefix_path')
[1.545s] INFO:colcon.colcon_core.shell:Creating environment hook '/home/om/slambot/install/new_robot_firmware/share/new_robot_firmware/hook/cmake_prefix_path.ps1'
[1.546s] INFO:colcon.colcon_core.shell:Creating environment descriptor '/home/om/slambot/install/new_robot_firmware/share/new_robot_firmware/hook/cmake_prefix_path.dsv'
[1.547s] INFO:colcon.colcon_core.shell:Creating environment hook '/home/om/slambot/install/new_robot_firmware/share/new_robot_firmware/hook/cmake_prefix_path.sh'
[1.548s] Level 1:colcon.colcon_core.environment:checking '/home/om/slambot/install/new_robot_firmware/lib'
[1.548s] Level 1:colcon.colcon_core.shell:create_environment_hook('new_robot_firmware', 'ld_library_path_lib')
[1.548s] INFO:colcon.colcon_core.shell:Creating environment hook '/home/om/slambot/install/new_robot_firmware/share/new_robot_firmware/hook/ld_library_path_lib.ps1'
[1.549s] INFO:colcon.colcon_core.shell:Creating environment descriptor '/home/om/slambot/install/new_robot_firmware/share/new_robot_firmware/hook/ld_library_path_lib.dsv'
[1.550s] INFO:colcon.colcon_core.shell:Creating environment hook '/home/om/slambot/install/new_robot_firmware/share/new_robot_firmware/hook/ld_library_path_lib.sh'
[1.551s] Level 1:colcon.colcon_core.environment:checking '/home/om/slambot/install/new_robot_firmware/bin'
[1.551s] Level 1:colcon.colcon_core.environment:checking '/home/om/slambot/install/new_robot_firmware/lib/pkgconfig/new_robot_firmware.pc'
[1.551s] Level 1:colcon.colcon_core.environment:checking '/home/om/slambot/install/new_robot_firmware/lib/python3.10/site-packages'
[1.552s] Level 1:colcon.colcon_core.environment:checking '/home/om/slambot/install/new_robot_firmware/bin'
[1.553s] INFO:colcon.colcon_core.shell:Creating package script '/home/om/slambot/install/new_robot_firmware/share/new_robot_firmware/package.ps1'
[1.555s] INFO:colcon.colcon_core.shell:Creating package descriptor '/home/om/slambot/install/new_robot_firmware/share/new_robot_firmware/package.dsv'
[1.556s] INFO:colcon.colcon_core.shell:Creating package script '/home/om/slambot/install/new_robot_firmware/share/new_robot_firmware/package.sh'
[1.557s] INFO:colcon.colcon_core.shell:Creating package script '/home/om/slambot/install/new_robot_firmware/share/new_robot_firmware/package.bash'
[1.557s] INFO:colcon.colcon_core.shell:Creating package script '/home/om/slambot/install/new_robot_firmware/share/new_robot_firmware/package.zsh'
[1.558s] Level 1:colcon.colcon_core.environment:create_file_with_runtime_dependencies(/home/om/slambot/install/new_robot_firmware/share/colcon-core/packages/new_robot_firmware)
[1.572s] Level 1:colcon.colcon_core.environment:create_environment_scripts_only(bumperbot_cpp_examples)
[1.573s] Level 1:colcon.colcon_core.environment:checking '/home/om/slambot/install/bumperbot_cpp_examples' for CMake module files
[1.574s] Level 1:colcon.colcon_core.environment:checking '/home/om/slambot/install/bumperbot_cpp_examples' for CMake config files
[1.575s] Level 1:colcon.colcon_core.shell:create_environment_hook('bumperbot_cpp_examples', 'cmake_prefix_path')
[1.575s] INFO:colcon.colcon_core.shell:Creating environment hook '/home/om/slambot/install/bumperbot_cpp_examples/share/bumperbot_cpp_examples/hook/cmake_prefix_path.ps1'
[1.576s] INFO:colcon.colcon_core.shell:Creating environment descriptor '/home/om/slambot/install/bumperbot_cpp_examples/share/bumperbot_cpp_examples/hook/cmake_prefix_path.dsv'
[1.577s] INFO:colcon.colcon_core.shell:Creating environment hook '/home/om/slambot/install/bumperbot_cpp_examples/share/bumperbot_cpp_examples/hook/cmake_prefix_path.sh'
[1.578s] Level 1:colcon.colcon_core.environment:checking '/home/om/slambot/install/bumperbot_cpp_examples/lib'
[1.578s] Level 1:colcon.colcon_core.environment:checking '/home/om/slambot/install/bumperbot_cpp_examples/bin'
[1.578s] Level 1:colcon.colcon_core.environment:checking '/home/om/slambot/install/bumperbot_cpp_examples/lib/pkgconfig/bumperbot_cpp_examples.pc'
[1.579s] Level 1:colcon.colcon_core.environment:checking '/home/om/slambot/install/bumperbot_cpp_examples/lib/python3.10/site-packages'
[1.579s] Level 1:colcon.colcon_core.environment:checking '/home/om/slambot/install/bumperbot_cpp_examples/bin'
[1.580s] INFO:colcon.colcon_core.shell:Creating package script '/home/om/slambot/install/bumperbot_cpp_examples/share/bumperbot_cpp_examples/package.ps1'
[1.581s] INFO:colcon.colcon_core.shell:Creating package descriptor '/home/om/slambot/install/bumperbot_cpp_examples/share/bumperbot_cpp_examples/package.dsv'
[1.582s] INFO:colcon.colcon_core.shell:Creating package script '/home/om/slambot/install/bumperbot_cpp_examples/share/bumperbot_cpp_examples/package.sh'
[1.582s] INFO:colcon.colcon_core.shell:Creating package script '/home/om/slambot/install/bumperbot_cpp_examples/share/bumperbot_cpp_examples/package.bash'
[1.583s] INFO:colcon.colcon_core.shell:Creating package script '/home/om/slambot/install/bumperbot_cpp_examples/share/bumperbot_cpp_examples/package.zsh'
[1.584s] Level 1:colcon.colcon_core.environment:create_file_with_runtime_dependencies(/home/om/slambot/install/bumperbot_cpp_examples/share/colcon-core/packages/bumperbot_cpp_examples)
[1.618s] Level 1:colcon.colcon_core.environment:create_environment_scripts_only(rplidar_ros)
[1.619s] Level 1:colcon.colcon_core.environment:checking '/home/om/slambot/install/rplidar_ros' for CMake module files
[1.620s] Level 1:colcon.colcon_core.environment:checking '/home/om/slambot/install/rplidar_ros' for CMake config files
[1.620s] Level 1:colcon.colcon_core.shell:create_environment_hook('rplidar_ros', 'cmake_prefix_path')
[1.621s] INFO:colcon.colcon_core.shell:Creating environment hook '/home/om/slambot/install/rplidar_ros/share/rplidar_ros/hook/cmake_prefix_path.ps1'
[1.622s] INFO:colcon.colcon_core.shell:Creating environment descriptor '/home/om/slambot/install/rplidar_ros/share/rplidar_ros/hook/cmake_prefix_path.dsv'
[1.623s] INFO:colcon.colcon_core.shell:Creating environment hook '/home/om/slambot/install/rplidar_ros/share/rplidar_ros/hook/cmake_prefix_path.sh'
[1.624s] Level 1:colcon.colcon_core.environment:checking '/home/om/slambot/install/rplidar_ros/lib'
[1.624s] Level 1:colcon.colcon_core.shell:create_environment_hook('rplidar_ros', 'ld_library_path_lib')
[1.624s] INFO:colcon.colcon_core.shell:Creating environment hook '/home/om/slambot/install/rplidar_ros/share/rplidar_ros/hook/ld_library_path_lib.ps1'
[1.625s] INFO:colcon.colcon_core.shell:Creating environment descriptor '/home/om/slambot/install/rplidar_ros/share/rplidar_ros/hook/ld_library_path_lib.dsv'
[1.626s] INFO:colcon.colcon_core.shell:Creating environment hook '/home/om/slambot/install/rplidar_ros/share/rplidar_ros/hook/ld_library_path_lib.sh'
[1.626s] Level 1:colcon.colcon_core.environment:checking '/home/om/slambot/install/rplidar_ros/bin'
[1.626s] Level 1:colcon.colcon_core.environment:checking '/home/om/slambot/install/rplidar_ros/lib/pkgconfig/rplidar_ros.pc'
[1.627s] Level 1:colcon.colcon_core.environment:checking '/home/om/slambot/install/rplidar_ros/lib/python3.10/site-packages'
[1.627s] Level 1:colcon.colcon_core.environment:checking '/home/om/slambot/install/rplidar_ros/bin'
[1.628s] INFO:colcon.colcon_core.shell:Creating package script '/home/om/slambot/install/rplidar_ros/share/rplidar_ros/package.ps1'
[1.629s] INFO:colcon.colcon_core.shell:Creating package descriptor '/home/om/slambot/install/rplidar_ros/share/rplidar_ros/package.dsv'
[1.630s] INFO:colcon.colcon_core.shell:Creating package script '/home/om/slambot/install/rplidar_ros/share/rplidar_ros/package.sh'
[1.631s] INFO:colcon.colcon_core.shell:Creating package script '/home/om/slambot/install/rplidar_ros/share/rplidar_ros/package.bash'
[1.631s] INFO:colcon.colcon_core.shell:Creating package script '/home/om/slambot/install/rplidar_ros/share/rplidar_ros/package.zsh'
[1.632s] Level 1:colcon.colcon_core.environment:create_file_with_runtime_dependencies(/home/om/slambot/install/rplidar_ros/share/colcon-core/packages/rplidar_ros)
[1.932s] DEBUG:colcon.colcon_core.event_handler.log_command:Invoked command in '/home/om/slambot/build/new_robot_controller' returned '0': CMAKE_PREFIX_PATH=${CMAKE_PREFIX_PATH}:/home/om/slambot/install/bumperbot_py_examples:/opt/ros/humble /usr/bin/cmake --build /home/om/slambot/build/new_robot_controller -- -j8 -l8
[2.004s] DEBUG:colcon.colcon_core.event_handler.log_command:Invoking command in '/home/om/slambot/build/new_robot_controller': CMAKE_PREFIX_PATH=${CMAKE_PREFIX_PATH}:/home/om/slambot/install/bumperbot_py_examples:/opt/ros/humble /usr/bin/cmake --install /home/om/slambot/build/new_robot_controller
[2.110s] Level 1:colcon.colcon_core.environment:create_environment_scripts_only(new_robot_controller)
[2.110s] Level 1:colcon.colcon_core.environment:checking '/home/om/slambot/install/new_robot_controller' for CMake module files
[2.111s] DEBUG:colcon.colcon_core.event_handler.log_command:Invoked command in '/home/om/slambot/build/new_robot_controller' returned '0': CMAKE_PREFIX_PATH=${CMAKE_PREFIX_PATH}:/home/om/slambot/install/bumperbot_py_examples:/opt/ros/humble /usr/bin/cmake --install /home/om/slambot/build/new_robot_controller
[2.112s] Level 1:colcon.colcon_core.environment:checking '/home/om/slambot/install/new_robot_controller' for CMake config files
[2.113s] Level 1:colcon.colcon_core.shell:create_environment_hook('new_robot_controller', 'cmake_prefix_path')
[2.113s] INFO:colcon.colcon_core.shell:Creating environment hook '/home/om/slambot/install/new_robot_controller/share/new_robot_controller/hook/cmake_prefix_path.ps1'
[2.114s] INFO:colcon.colcon_core.shell:Creating environment descriptor '/home/om/slambot/install/new_robot_controller/share/new_robot_controller/hook/cmake_prefix_path.dsv'
[2.115s] INFO:colcon.colcon_core.shell:Creating environment hook '/home/om/slambot/install/new_robot_controller/share/new_robot_controller/hook/cmake_prefix_path.sh'
[2.116s] Level 1:colcon.colcon_core.environment:checking '/home/om/slambot/install/new_robot_controller/lib'
[2.116s] Level 1:colcon.colcon_core.environment:checking '/home/om/slambot/install/new_robot_controller/bin'
[2.116s] Level 1:colcon.colcon_core.environment:checking '/home/om/slambot/install/new_robot_controller/lib/pkgconfig/new_robot_controller.pc'
[2.117s] Level 1:colcon.colcon_core.environment:checking '/home/om/slambot/install/new_robot_controller/lib/python3.10/site-packages'
[2.117s] Level 1:colcon.colcon_core.environment:checking '/home/om/slambot/install/new_robot_controller/bin'
[2.118s] INFO:colcon.colcon_core.shell:Creating package script '/home/om/slambot/install/new_robot_controller/share/new_robot_controller/package.ps1'
[2.118s] INFO:colcon.colcon_core.shell:Creating package descriptor '/home/om/slambot/install/new_robot_controller/share/new_robot_controller/package.dsv'
[2.119s] INFO:colcon.colcon_core.shell:Creating package script '/home/om/slambot/install/new_robot_controller/share/new_robot_controller/package.sh'
[2.120s] INFO:colcon.colcon_core.shell:Creating package script '/home/om/slambot/install/new_robot_controller/share/new_robot_controller/package.bash'
[2.120s] INFO:colcon.colcon_core.shell:Creating package script '/home/om/slambot/install/new_robot_controller/share/new_robot_controller/package.zsh'
[2.121s] Level 1:colcon.colcon_core.environment:create_file_with_runtime_dependencies(/home/om/slambot/install/new_robot_controller/share/colcon-core/packages/new_robot_controller)
[2.190s] Level 1:colcon.colcon_core.environment:create_environment_scripts_only(new_robot_controller)
[2.191s] Level 1:colcon.colcon_core.environment:checking '/home/om/slambot/install/new_robot_controller' for CMake module files
[2.192s] Level 1:colcon.colcon_core.environment:checking '/home/om/slambot/install/new_robot_controller' for CMake config files
[2.193s] Level 1:colcon.colcon_core.shell:create_environment_hook('new_robot_controller', 'cmake_prefix_path')
[2.193s] INFO:colcon.colcon_core.shell:Creating environment hook '/home/om/slambot/install/new_robot_controller/share/new_robot_controller/hook/cmake_prefix_path.ps1'
[2.194s] INFO:colcon.colcon_core.shell:Creating environment descriptor '/home/om/slambot/install/new_robot_controller/share/new_robot_controller/hook/cmake_prefix_path.dsv'
[2.195s] INFO:colcon.colcon_core.shell:Creating environment hook '/home/om/slambot/install/new_robot_controller/share/new_robot_controller/hook/cmake_prefix_path.sh'
[2.196s] Level 1:colcon.colcon_core.environment:checking '/home/om/slambot/install/new_robot_controller/lib'
[2.196s] Level 1:colcon.colcon_core.environment:checking '/home/om/slambot/install/new_robot_controller/bin'
[2.196s] Level 1:colcon.colcon_core.environment:checking '/home/om/slambot/install/new_robot_controller/lib/pkgconfig/new_robot_controller.pc'
[2.197s] Level 1:colcon.colcon_core.environment:checking '/home/om/slambot/install/new_robot_controller/lib/python3.10/site-packages'
[2.197s] Level 1:colcon.colcon_core.environment:checking '/home/om/slambot/install/new_robot_controller/bin'
[2.198s] INFO:colcon.colcon_core.shell:Creating package script '/home/om/slambot/install/new_robot_controller/share/new_robot_controller/package.ps1'
[2.199s] INFO:colcon.colcon_core.shell:Creating package descriptor '/home/om/slambot/install/new_robot_controller/share/new_robot_controller/package.dsv'
[2.200s] INFO:colcon.colcon_core.shell:Creating package script '/home/om/slambot/install/new_robot_controller/share/new_robot_controller/package.sh'
[2.200s] INFO:colcon.colcon_core.shell:Creating package script '/home/om/slambot/install/new_robot_controller/share/new_robot_controller/package.bash'
[2.201s] INFO:colcon.colcon_core.shell:Creating package script '/home/om/slambot/install/new_robot_controller/share/new_robot_controller/package.zsh'
[2.202s] Level 1:colcon.colcon_core.environment:create_file_with_runtime_dependencies(/home/om/slambot/install/new_robot_controller/share/colcon-core/packages/new_robot_controller)
[2.202s] DEBUG:colcon.colcon_parallel_executor.executor.parallel:closing loop
[2.203s] DEBUG:colcon.colcon_parallel_executor.executor.parallel:loop closed
[2.203s] DEBUG:colcon.colcon_parallel_executor.executor.parallel:run_until_complete finished with '0'
[2.203s] DEBUG:colcon.colcon_core.event_reactor:joining thread
[2.215s] INFO:colcon.colcon_core.plugin_system:Skipping extension 'colcon_notification.desktop_notification.terminal_notifier': Not used on non-Darwin systems
[2.215s] INFO:colcon.colcon_core.plugin_system:Skipping extension 'colcon_notification.desktop_notification.win32': Not used on non-Windows systems
[2.215s] INFO:colcon.colcon_notification.desktop_notification:Sending desktop notification using 'notify2'
[2.241s] DEBUG:colcon.colcon_core.event_reactor:joined thread
[2.241s] INFO:colcon.colcon_core.shell:Creating prefix script '/home/om/slambot/install/local_setup.ps1'
[2.243s] INFO:colcon.colcon_core.shell:Creating prefix util module '/home/om/slambot/install/_local_setup_util_ps1.py'
[2.246s] INFO:colcon.colcon_core.shell:Creating prefix chain script '/home/om/slambot/install/setup.ps1'
[2.250s] INFO:colcon.colcon_core.shell:Creating prefix script '/home/om/slambot/install/local_setup.sh'
[2.251s] INFO:colcon.colcon_core.shell:Creating prefix util module '/home/om/slambot/install/_local_setup_util_sh.py'
[2.252s] INFO:colcon.colcon_core.shell:Creating prefix chain script '/home/om/slambot/install/setup.sh'
[2.257s] INFO:colcon.colcon_core.shell:Creating prefix script '/home/om/slambot/install/local_setup.bash'
[2.258s] INFO:colcon.colcon_core.shell:Creating prefix chain script '/home/om/slambot/install/setup.bash'
[2.262s] INFO:colcon.colcon_core.shell:Creating prefix script '/home/om/slambot/install/local_setup.zsh'
[2.263s] INFO:colcon.colcon_core.shell:Creating prefix chain script '/home/om/slambot/install/setup.zsh'
