[0.032s] Invoking command in '/home/om/slambot/build/new_robot_firmware': CMAKE_PREFIX_PATH=/opt/ros/humble /usr/bin/cmake --build /home/om/slambot/build/new_robot_firmware -- -j8 -l8
[0.134s] [35m[1mConsolidate compiler generated dependencies of target new_robot_firmware[0m
[0.177s] [100%] Built target new_robot_firmware
[0.209s] Invoked command in '/home/om/slambot/build/new_robot_firmware' returned '0': CMAKE_PREFIX_PATH=/opt/ros/humble /usr/bin/cmake --build /home/om/slambot/build/new_robot_firmware -- -j8 -l8
[0.267s] Invoking command in '/home/om/slambot/build/new_robot_firmware': CMAKE_PREFIX_PATH=/opt/ros/humble /usr/bin/cmake --install /home/om/slambot/build/new_robot_firmware
[0.322s] -- Install configuration: ""
[0.323s] -- Up-to-date: /home/om/slambot/install/new_robot_firmware/share/new_robot_firmware/new_robot_interface.xml
[0.324s] -- Up-to-date: /home/om/slambot/install/new_robot_firmware/lib/libnew_robot_firmware.so
[0.324s] -- Up-to-date: /home/om/slambot/install/new_robot_firmware/include/include
[0.324s] -- Up-to-date: /home/om/slambot/install/new_robot_firmware/include/include/new_robot_firmware
[0.325s] -- Up-to-date: /home/om/slambot/install/new_robot_firmware/include/include/new_robot_firmware/new_robot_interface.hpp
[0.325s] -- Up-to-date: /home/om/slambot/install/new_robot_firmware/share/new_robot_firmware/launch
[0.325s] -- Up-to-date: /home/om/slambot/install/new_robot_firmware/share/new_robot_firmware/launch/hardware_interface.launch.py
[0.326s] -- Up-to-date: /home/om/slambot/install/new_robot_firmware/share/new_robot_firmware/environment/library_path.sh
[0.326s] -- Up-to-date: /home/om/slambot/install/new_robot_firmware/share/new_robot_firmware/environment/library_path.dsv
[0.326s] -- Up-to-date: /home/om/slambot/install/new_robot_firmware/share/ament_index/resource_index/package_run_dependencies/new_robot_firmware
[0.326s] -- Up-to-date: /home/om/slambot/install/new_robot_firmware/share/ament_index/resource_index/parent_prefix_path/new_robot_firmware
[0.326s] -- Up-to-date: /home/om/slambot/install/new_robot_firmware/share/new_robot_firmware/environment/ament_prefix_path.sh
[0.327s] -- Up-to-date: /home/om/slambot/install/new_robot_firmware/share/new_robot_firmware/environment/ament_prefix_path.dsv
[0.327s] -- Up-to-date: /home/om/slambot/install/new_robot_firmware/share/new_robot_firmware/environment/path.sh
[0.327s] -- Up-to-date: /home/om/slambot/install/new_robot_firmware/share/new_robot_firmware/environment/path.dsv
[0.327s] -- Up-to-date: /home/om/slambot/install/new_robot_firmware/share/new_robot_firmware/local_setup.bash
[0.327s] -- Up-to-date: /home/om/slambot/install/new_robot_firmware/share/new_robot_firmware/local_setup.sh
[0.327s] -- Up-to-date: /home/om/slambot/install/new_robot_firmware/share/new_robot_firmware/local_setup.zsh
[0.328s] -- Up-to-date: /home/om/slambot/install/new_robot_firmware/share/new_robot_firmware/local_setup.dsv
[0.328s] -- Installing: /home/om/slambot/install/new_robot_firmware/share/new_robot_firmware/package.dsv
[0.328s] -- Up-to-date: /home/om/slambot/install/new_robot_firmware/share/ament_index/resource_index/packages/new_robot_firmware
[0.328s] -- Up-to-date: /home/om/slambot/install/new_robot_firmware/share/ament_index/resource_index/hardware_interface__pluginlib__plugin/new_robot_firmware
[0.328s] -- Up-to-date: /home/om/slambot/install/new_robot_firmware/share/new_robot_firmware/cmake/ament_cmake_export_include_directories-extras.cmake
[0.328s] -- Up-to-date: /home/om/slambot/install/new_robot_firmware/share/new_robot_firmware/cmake/ament_cmake_export_libraries-extras.cmake
[0.329s] -- Up-to-date: /home/om/slambot/install/new_robot_firmware/share/new_robot_firmware/cmake/ament_cmake_export_dependencies-extras.cmake
[0.329s] -- Up-to-date: /home/om/slambot/install/new_robot_firmware/share/new_robot_firmware/cmake/new_robot_firmwareConfig.cmake
[0.329s] -- Up-to-date: /home/om/slambot/install/new_robot_firmware/share/new_robot_firmware/cmake/new_robot_firmwareConfig-version.cmake
[0.329s] -- Up-to-date: /home/om/slambot/install/new_robot_firmware/share/new_robot_firmware/package.xml
[0.342s] Invoked command in '/home/om/slambot/build/new_robot_firmware' returned '0': CMAKE_PREFIX_PATH=/opt/ros/humble /usr/bin/cmake --install /home/om/slambot/build/new_robot_firmware
