[0.115s] DEBUG:colcon:Command line arguments: ['/usr/bin/colcon', 'list', '-p', '--base-paths', '/home/om/slambot/src']
[0.115s] DEBUG:colcon:Parsed command line arguments: Namespace(log_base=None, log_level=None, verb_name='list', build_base='build', ignore_user_meta=False, metas=['./colcon.meta'], base_paths=['/home/om/slambot/src'], packages_ignore=None, packages_ignore_regex=None, paths=None, packages_up_to=None, packages_up_to_regex=None, packages_above=None, packages_above_and_dependencies=None, packages_above_depth=None, packages_select_by_dep=None, packages_skip_by_dep=None, packages_skip_up_to=None, packages_select_build_failed=False, packages_skip_build_finished=False, packages_select_test_failures=False, packages_skip_test_passed=False, packages_select=None, packages_skip=None, packages_select_regex=None, packages_skip_regex=None, packages_start=None, packages_end=None, allow_overriding=[], topological_order=False, names_only=False, paths_only=True, topological_graph=False, topological_graph_dot=False, topological_graph_density=False, topological_graph_legend=False, topological_graph_dot_cluster=False, topological_graph_dot_include_skipped=False, verb_parser=<colcon_defaults.argument_parser.defaults.DefaultArgumentsDecorator object at 0x7457e1e39d50>, verb_extension=<colcon_package_information.verb.list.ListVerb object at 0x7457e1fae9e0>, main=<bound method ListVerb.main of <colcon_package_information.verb.list.ListVerb object at 0x7457e1fae9e0>>)
[0.315s] Level 1:colcon.colcon_core.package_discovery:discover_packages(colcon_meta) check parameters
[0.315s] Level 1:colcon.colcon_core.package_discovery:discover_packages(recursive) check parameters
[0.315s] Level 1:colcon.colcon_core.package_discovery:discover_packages(ignore) check parameters
[0.315s] Level 1:colcon.colcon_core.package_discovery:discover_packages(path) check parameters
[0.315s] Level 1:colcon.colcon_core.package_discovery:discover_packages(recursive) discover
[0.315s] INFO:colcon.colcon_core.package_discovery:Crawling recursively for packages in '/home/om/slambot/src'
[0.315s] Level 1:colcon.colcon_core.package_identification:_identify(/home/om/slambot/src) by extensions ['ignore', 'ignore_ament_install']
[0.316s] Level 1:colcon.colcon_core.package_identification:_identify(/home/om/slambot/src) by extension 'ignore'
[0.316s] Level 1:colcon.colcon_core.package_identification:_identify(/home/om/slambot/src) by extension 'ignore_ament_install'
[0.316s] Level 1:colcon.colcon_core.package_identification:_identify(/home/om/slambot/src) by extensions ['colcon_pkg']
[0.316s] Level 1:colcon.colcon_core.package_identification:_identify(/home/om/slambot/src) by extension 'colcon_pkg'
[0.316s] Level 1:colcon.colcon_core.package_identification:_identify(/home/om/slambot/src) by extensions ['colcon_meta']
[0.316s] Level 1:colcon.colcon_core.package_identification:_identify(/home/om/slambot/src) by extension 'colcon_meta'
[0.316s] Level 1:colcon.colcon_core.package_identification:_identify(/home/om/slambot/src) by extensions ['ros']
[0.316s] Level 1:colcon.colcon_core.package_identification:_identify(/home/om/slambot/src) by extension 'ros'
[0.332s] Level 1:colcon.colcon_core.package_identification:_identify(/home/om/slambot/src) by extensions ['cmake', 'python']
[0.332s] Level 1:colcon.colcon_core.package_identification:_identify(/home/om/slambot/src) by extension 'cmake'
[0.332s] Level 1:colcon.colcon_core.package_identification:_identify(/home/om/slambot/src) by extension 'python'
[0.332s] Level 1:colcon.colcon_core.package_identification:_identify(/home/om/slambot/src) by extensions ['python_setup_py']
[0.332s] Level 1:colcon.colcon_core.package_identification:_identify(/home/om/slambot/src) by extension 'python_setup_py'
[0.332s] Level 1:colcon.colcon_core.package_identification:_identify(/home/om/slambot/src/bumperbot_bringup) by extensions ['ignore', 'ignore_ament_install']
[0.332s] Level 1:colcon.colcon_core.package_identification:_identify(/home/om/slambot/src/bumperbot_bringup) by extension 'ignore'
[0.332s] Level 1:colcon.colcon_core.package_identification:_identify(/home/om/slambot/src/bumperbot_bringup) by extension 'ignore_ament_install'
[0.332s] Level 1:colcon.colcon_core.package_identification:_identify(/home/om/slambot/src/bumperbot_bringup) by extensions ['colcon_pkg']
[0.332s] Level 1:colcon.colcon_core.package_identification:_identify(/home/om/slambot/src/bumperbot_bringup) by extension 'colcon_pkg'
[0.332s] Level 1:colcon.colcon_core.package_identification:_identify(/home/om/slambot/src/bumperbot_bringup) by extensions ['colcon_meta']
[0.333s] Level 1:colcon.colcon_core.package_identification:_identify(/home/om/slambot/src/bumperbot_bringup) by extension 'colcon_meta'
[0.333s] Level 1:colcon.colcon_core.package_identification:_identify(/home/om/slambot/src/bumperbot_bringup) by extensions ['ros']
[0.333s] Level 1:colcon.colcon_core.package_identification:_identify(/home/om/slambot/src/bumperbot_bringup) by extension 'ros'
[0.335s] DEBUG:colcon.colcon_core.package_identification:Package '/home/om/slambot/src/bumperbot_bringup' with type 'ros.ament_cmake' and name 'bumperbot_bringup'
[0.336s] Level 1:colcon.colcon_core.package_identification:_identify(/home/om/slambot/src/bumperbot_controller) by extensions ['ignore', 'ignore_ament_install']
[0.336s] Level 1:colcon.colcon_core.package_identification:_identify(/home/om/slambot/src/bumperbot_controller) by extension 'ignore'
[0.336s] Level 1:colcon.colcon_core.package_identification:_identify(/home/om/slambot/src/bumperbot_controller) by extension 'ignore_ament_install'
[0.336s] Level 1:colcon.colcon_core.package_identification:_identify(/home/om/slambot/src/bumperbot_controller) by extensions ['colcon_pkg']
[0.336s] Level 1:colcon.colcon_core.package_identification:_identify(/home/om/slambot/src/bumperbot_controller) by extension 'colcon_pkg'
[0.336s] Level 1:colcon.colcon_core.package_identification:_identify(/home/om/slambot/src/bumperbot_controller) by extensions ['colcon_meta']
[0.336s] Level 1:colcon.colcon_core.package_identification:_identify(/home/om/slambot/src/bumperbot_controller) by extension 'colcon_meta'
[0.336s] Level 1:colcon.colcon_core.package_identification:_identify(/home/om/slambot/src/bumperbot_controller) by extensions ['ros']
[0.336s] Level 1:colcon.colcon_core.package_identification:_identify(/home/om/slambot/src/bumperbot_controller) by extension 'ros'
[0.338s] DEBUG:colcon.colcon_core.package_identification:Package '/home/om/slambot/src/bumperbot_controller' with type 'ros.ament_cmake' and name 'bumperbot_controller'
[0.338s] Level 1:colcon.colcon_core.package_identification:_identify(/home/om/slambot/src/bumperbot_cpp_examples) by extensions ['ignore', 'ignore_ament_install']
[0.338s] Level 1:colcon.colcon_core.package_identification:_identify(/home/om/slambot/src/bumperbot_cpp_examples) by extension 'ignore'
[0.338s] Level 1:colcon.colcon_core.package_identification:_identify(/home/om/slambot/src/bumperbot_cpp_examples) by extension 'ignore_ament_install'
[0.338s] Level 1:colcon.colcon_core.package_identification:_identify(/home/om/slambot/src/bumperbot_cpp_examples) by extensions ['colcon_pkg']
[0.338s] Level 1:colcon.colcon_core.package_identification:_identify(/home/om/slambot/src/bumperbot_cpp_examples) by extension 'colcon_pkg'
[0.338s] Level 1:colcon.colcon_core.package_identification:_identify(/home/om/slambot/src/bumperbot_cpp_examples) by extensions ['colcon_meta']
[0.338s] Level 1:colcon.colcon_core.package_identification:_identify(/home/om/slambot/src/bumperbot_cpp_examples) by extension 'colcon_meta'
[0.338s] Level 1:colcon.colcon_core.package_identification:_identify(/home/om/slambot/src/bumperbot_cpp_examples) by extensions ['ros']
[0.338s] Level 1:colcon.colcon_core.package_identification:_identify(/home/om/slambot/src/bumperbot_cpp_examples) by extension 'ros'
[0.340s] DEBUG:colcon.colcon_core.package_identification:Package '/home/om/slambot/src/bumperbot_cpp_examples' with type 'ros.ament_cmake' and name 'bumperbot_cpp_examples'
[0.340s] Level 1:colcon.colcon_core.package_identification:_identify(/home/om/slambot/src/bumperbot_description) by extensions ['ignore', 'ignore_ament_install']
[0.340s] Level 1:colcon.colcon_core.package_identification:_identify(/home/om/slambot/src/bumperbot_description) by extension 'ignore'
[0.340s] Level 1:colcon.colcon_core.package_identification:_identify(/home/om/slambot/src/bumperbot_description) by extension 'ignore_ament_install'
[0.341s] Level 1:colcon.colcon_core.package_identification:_identify(/home/om/slambot/src/bumperbot_description) by extensions ['colcon_pkg']
[0.341s] Level 1:colcon.colcon_core.package_identification:_identify(/home/om/slambot/src/bumperbot_description) by extension 'colcon_pkg'
[0.341s] Level 1:colcon.colcon_core.package_identification:_identify(/home/om/slambot/src/bumperbot_description) by extensions ['colcon_meta']
[0.341s] Level 1:colcon.colcon_core.package_identification:_identify(/home/om/slambot/src/bumperbot_description) by extension 'colcon_meta'
[0.341s] Level 1:colcon.colcon_core.package_identification:_identify(/home/om/slambot/src/bumperbot_description) by extensions ['ros']
[0.341s] Level 1:colcon.colcon_core.package_identification:_identify(/home/om/slambot/src/bumperbot_description) by extension 'ros'
[0.342s] DEBUG:colcon.colcon_core.package_identification:Package '/home/om/slambot/src/bumperbot_description' with type 'ros.ament_cmake' and name 'bumperbot_description'
[0.342s] Level 1:colcon.colcon_core.package_identification:_identify(/home/om/slambot/src/bumperbot_firmware) by extensions ['ignore', 'ignore_ament_install']
[0.342s] Level 1:colcon.colcon_core.package_identification:_identify(/home/om/slambot/src/bumperbot_firmware) by extension 'ignore'
[0.342s] Level 1:colcon.colcon_core.package_identification:_identify(/home/om/slambot/src/bumperbot_firmware) by extension 'ignore_ament_install'
[0.342s] Level 1:colcon.colcon_core.package_identification:_identify(/home/om/slambot/src/bumperbot_firmware) by extensions ['colcon_pkg']
[0.342s] Level 1:colcon.colcon_core.package_identification:_identify(/home/om/slambot/src/bumperbot_firmware) by extension 'colcon_pkg'
[0.342s] Level 1:colcon.colcon_core.package_identification:_identify(/home/om/slambot/src/bumperbot_firmware) by extensions ['colcon_meta']
[0.342s] Level 1:colcon.colcon_core.package_identification:_identify(/home/om/slambot/src/bumperbot_firmware) by extension 'colcon_meta'
[0.342s] Level 1:colcon.colcon_core.package_identification:_identify(/home/om/slambot/src/bumperbot_firmware) by extensions ['ros']
[0.342s] Level 1:colcon.colcon_core.package_identification:_identify(/home/om/slambot/src/bumperbot_firmware) by extension 'ros'
[0.343s] DEBUG:colcon.colcon_core.package_identification:Package '/home/om/slambot/src/bumperbot_firmware' with type 'ros.ament_cmake' and name 'bumperbot_firmware'
[0.344s] Level 1:colcon.colcon_core.package_identification:_identify(/home/om/slambot/src/bumperbot_localization) by extensions ['ignore', 'ignore_ament_install']
[0.344s] Level 1:colcon.colcon_core.package_identification:_identify(/home/om/slambot/src/bumperbot_localization) by extension 'ignore'
[0.344s] Level 1:colcon.colcon_core.package_identification:_identify(/home/om/slambot/src/bumperbot_localization) by extension 'ignore_ament_install'
[0.344s] Level 1:colcon.colcon_core.package_identification:_identify(/home/om/slambot/src/bumperbot_localization) by extensions ['colcon_pkg']
[0.344s] Level 1:colcon.colcon_core.package_identification:_identify(/home/om/slambot/src/bumperbot_localization) by extension 'colcon_pkg'
[0.344s] Level 1:colcon.colcon_core.package_identification:_identify(/home/om/slambot/src/bumperbot_localization) by extensions ['colcon_meta']
[0.344s] Level 1:colcon.colcon_core.package_identification:_identify(/home/om/slambot/src/bumperbot_localization) by extension 'colcon_meta'
[0.344s] Level 1:colcon.colcon_core.package_identification:_identify(/home/om/slambot/src/bumperbot_localization) by extensions ['ros']
[0.344s] Level 1:colcon.colcon_core.package_identification:_identify(/home/om/slambot/src/bumperbot_localization) by extension 'ros'
[0.345s] DEBUG:colcon.colcon_core.package_identification:Package '/home/om/slambot/src/bumperbot_localization' with type 'ros.ament_cmake' and name 'bumperbot_localization'
[0.345s] Level 1:colcon.colcon_core.package_identification:_identify(/home/om/slambot/src/bumperbot_msgs) by extensions ['ignore', 'ignore_ament_install']
[0.345s] Level 1:colcon.colcon_core.package_identification:_identify(/home/om/slambot/src/bumperbot_msgs) by extension 'ignore'
[0.345s] Level 1:colcon.colcon_core.package_identification:_identify(/home/om/slambot/src/bumperbot_msgs) by extension 'ignore_ament_install'
[0.346s] Level 1:colcon.colcon_core.package_identification:_identify(/home/om/slambot/src/bumperbot_msgs) by extensions ['colcon_pkg']
[0.346s] Level 1:colcon.colcon_core.package_identification:_identify(/home/om/slambot/src/bumperbot_msgs) by extension 'colcon_pkg'
[0.346s] Level 1:colcon.colcon_core.package_identification:_identify(/home/om/slambot/src/bumperbot_msgs) by extensions ['colcon_meta']
[0.346s] Level 1:colcon.colcon_core.package_identification:_identify(/home/om/slambot/src/bumperbot_msgs) by extension 'colcon_meta'
[0.346s] Level 1:colcon.colcon_core.package_identification:_identify(/home/om/slambot/src/bumperbot_msgs) by extensions ['ros']
[0.346s] Level 1:colcon.colcon_core.package_identification:_identify(/home/om/slambot/src/bumperbot_msgs) by extension 'ros'
[0.347s] DEBUG:colcon.colcon_core.package_identification:Package '/home/om/slambot/src/bumperbot_msgs' with type 'ros.ament_cmake' and name 'bumperbot_msgs'
[0.347s] Level 1:colcon.colcon_core.package_identification:_identify(/home/om/slambot/src/bumperbot_py_examples) by extensions ['ignore', 'ignore_ament_install']
[0.347s] Level 1:colcon.colcon_core.package_identification:_identify(/home/om/slambot/src/bumperbot_py_examples) by extension 'ignore'
[0.347s] Level 1:colcon.colcon_core.package_identification:_identify(/home/om/slambot/src/bumperbot_py_examples) by extension 'ignore_ament_install'
[0.347s] Level 1:colcon.colcon_core.package_identification:_identify(/home/om/slambot/src/bumperbot_py_examples) by extensions ['colcon_pkg']
[0.347s] Level 1:colcon.colcon_core.package_identification:_identify(/home/om/slambot/src/bumperbot_py_examples) by extension 'colcon_pkg'
[0.347s] Level 1:colcon.colcon_core.package_identification:_identify(/home/om/slambot/src/bumperbot_py_examples) by extensions ['colcon_meta']
[0.347s] Level 1:colcon.colcon_core.package_identification:_identify(/home/om/slambot/src/bumperbot_py_examples) by extension 'colcon_meta'
[0.347s] Level 1:colcon.colcon_core.package_identification:_identify(/home/om/slambot/src/bumperbot_py_examples) by extensions ['ros']
[0.347s] Level 1:colcon.colcon_core.package_identification:_identify(/home/om/slambot/src/bumperbot_py_examples) by extension 'ros'
[0.349s] DEBUG:colcon.colcon_core.package_identification:Package '/home/om/slambot/src/bumperbot_py_examples' with type 'ros.ament_python' and name 'bumperbot_py_examples'
[0.349s] Level 1:colcon.colcon_core.package_identification:_identify(/home/om/slambot/src/cpp_examples) by extensions ['ignore', 'ignore_ament_install']
[0.349s] Level 1:colcon.colcon_core.package_identification:_identify(/home/om/slambot/src/cpp_examples) by extension 'ignore'
[0.349s] Level 1:colcon.colcon_core.package_identification:_identify(/home/om/slambot/src/cpp_examples) by extension 'ignore_ament_install'
[0.349s] Level 1:colcon.colcon_core.package_identification:_identify(/home/om/slambot/src/cpp_examples) by extensions ['colcon_pkg']
[0.349s] Level 1:colcon.colcon_core.package_identification:_identify(/home/om/slambot/src/cpp_examples) by extension 'colcon_pkg'
[0.349s] Level 1:colcon.colcon_core.package_identification:_identify(/home/om/slambot/src/cpp_examples) by extensions ['colcon_meta']
[0.349s] Level 1:colcon.colcon_core.package_identification:_identify(/home/om/slambot/src/cpp_examples) by extension 'colcon_meta'
[0.349s] Level 1:colcon.colcon_core.package_identification:_identify(/home/om/slambot/src/cpp_examples) by extensions ['ros']
[0.349s] Level 1:colcon.colcon_core.package_identification:_identify(/home/om/slambot/src/cpp_examples) by extension 'ros'
[0.350s] DEBUG:colcon.colcon_core.package_identification:Package '/home/om/slambot/src/cpp_examples' with type 'ros.ament_cmake' and name 'cpp_examples'
[0.350s] Level 1:colcon.colcon_core.package_identification:_identify(/home/om/slambot/src/log) by extensions ['ignore', 'ignore_ament_install']
[0.350s] Level 1:colcon.colcon_core.package_identification:_identify(/home/om/slambot/src/log) by extension 'ignore'
[0.350s] Level 1:colcon.colcon_core.package_identification:_identify(/home/om/slambot/src/log) ignored
[0.350s] Level 1:colcon.colcon_core.package_identification:_identify(/home/om/slambot/src/new_practice_bringup) by extensions ['ignore', 'ignore_ament_install']
[0.351s] Level 1:colcon.colcon_core.package_identification:_identify(/home/om/slambot/src/new_practice_bringup) by extension 'ignore'
[0.351s] Level 1:colcon.colcon_core.package_identification:_identify(/home/om/slambot/src/new_practice_bringup) by extension 'ignore_ament_install'
[0.351s] Level 1:colcon.colcon_core.package_identification:_identify(/home/om/slambot/src/new_practice_bringup) by extensions ['colcon_pkg']
[0.351s] Level 1:colcon.colcon_core.package_identification:_identify(/home/om/slambot/src/new_practice_bringup) by extension 'colcon_pkg'
[0.351s] Level 1:colcon.colcon_core.package_identification:_identify(/home/om/slambot/src/new_practice_bringup) by extensions ['colcon_meta']
[0.351s] Level 1:colcon.colcon_core.package_identification:_identify(/home/om/slambot/src/new_practice_bringup) by extension 'colcon_meta'
[0.351s] Level 1:colcon.colcon_core.package_identification:_identify(/home/om/slambot/src/new_practice_bringup) by extensions ['ros']
[0.351s] Level 1:colcon.colcon_core.package_identification:_identify(/home/om/slambot/src/new_practice_bringup) by extension 'ros'
[0.351s] DEBUG:colcon.colcon_core.package_identification:Package '/home/om/slambot/src/new_practice_bringup' with type 'ros.ament_cmake' and name 'new_practice_bringup'
[0.351s] Level 1:colcon.colcon_core.package_identification:_identify(/home/om/slambot/src/new_robot_controller) by extensions ['ignore', 'ignore_ament_install']
[0.352s] Level 1:colcon.colcon_core.package_identification:_identify(/home/om/slambot/src/new_robot_controller) by extension 'ignore'
[0.352s] Level 1:colcon.colcon_core.package_identification:_identify(/home/om/slambot/src/new_robot_controller) by extension 'ignore_ament_install'
[0.352s] Level 1:colcon.colcon_core.package_identification:_identify(/home/om/slambot/src/new_robot_controller) by extensions ['colcon_pkg']
[0.352s] Level 1:colcon.colcon_core.package_identification:_identify(/home/om/slambot/src/new_robot_controller) by extension 'colcon_pkg'
[0.352s] Level 1:colcon.colcon_core.package_identification:_identify(/home/om/slambot/src/new_robot_controller) by extensions ['colcon_meta']
[0.352s] Level 1:colcon.colcon_core.package_identification:_identify(/home/om/slambot/src/new_robot_controller) by extension 'colcon_meta'
[0.352s] Level 1:colcon.colcon_core.package_identification:_identify(/home/om/slambot/src/new_robot_controller) by extensions ['ros']
[0.352s] Level 1:colcon.colcon_core.package_identification:_identify(/home/om/slambot/src/new_robot_controller) by extension 'ros'
[0.353s] DEBUG:colcon.colcon_core.package_identification:Package '/home/om/slambot/src/new_robot_controller' with type 'ros.ament_cmake' and name 'new_robot_controller'
[0.353s] Level 1:colcon.colcon_core.package_identification:_identify(/home/om/slambot/src/new_robot_description) by extensions ['ignore', 'ignore_ament_install']
[0.353s] Level 1:colcon.colcon_core.package_identification:_identify(/home/om/slambot/src/new_robot_description) by extension 'ignore'
[0.354s] Level 1:colcon.colcon_core.package_identification:_identify(/home/om/slambot/src/new_robot_description) by extension 'ignore_ament_install'
[0.354s] Level 1:colcon.colcon_core.package_identification:_identify(/home/om/slambot/src/new_robot_description) by extensions ['colcon_pkg']
[0.354s] Level 1:colcon.colcon_core.package_identification:_identify(/home/om/slambot/src/new_robot_description) by extension 'colcon_pkg'
[0.354s] Level 1:colcon.colcon_core.package_identification:_identify(/home/om/slambot/src/new_robot_description) by extensions ['colcon_meta']
[0.354s] Level 1:colcon.colcon_core.package_identification:_identify(/home/om/slambot/src/new_robot_description) by extension 'colcon_meta'
[0.354s] Level 1:colcon.colcon_core.package_identification:_identify(/home/om/slambot/src/new_robot_description) by extensions ['ros']
[0.354s] Level 1:colcon.colcon_core.package_identification:_identify(/home/om/slambot/src/new_robot_description) by extension 'ros'
[0.354s] DEBUG:colcon.colcon_core.package_identification:Package '/home/om/slambot/src/new_robot_description' with type 'ros.ament_cmake' and name 'new_robot_description'
[0.355s] Level 1:colcon.colcon_core.package_identification:_identify(/home/om/slambot/src/new_robot_firmware) by extensions ['ignore', 'ignore_ament_install']
[0.355s] Level 1:colcon.colcon_core.package_identification:_identify(/home/om/slambot/src/new_robot_firmware) by extension 'ignore'
[0.355s] Level 1:colcon.colcon_core.package_identification:_identify(/home/om/slambot/src/new_robot_firmware) by extension 'ignore_ament_install'
[0.355s] Level 1:colcon.colcon_core.package_identification:_identify(/home/om/slambot/src/new_robot_firmware) by extensions ['colcon_pkg']
[0.355s] Level 1:colcon.colcon_core.package_identification:_identify(/home/om/slambot/src/new_robot_firmware) by extension 'colcon_pkg'
[0.355s] Level 1:colcon.colcon_core.package_identification:_identify(/home/om/slambot/src/new_robot_firmware) by extensions ['colcon_meta']
[0.355s] Level 1:colcon.colcon_core.package_identification:_identify(/home/om/slambot/src/new_robot_firmware) by extension 'colcon_meta'
[0.355s] Level 1:colcon.colcon_core.package_identification:_identify(/home/om/slambot/src/new_robot_firmware) by extensions ['ros']
[0.355s] Level 1:colcon.colcon_core.package_identification:_identify(/home/om/slambot/src/new_robot_firmware) by extension 'ros'
[0.356s] DEBUG:colcon.colcon_core.package_identification:Package '/home/om/slambot/src/new_robot_firmware' with type 'ros.ament_cmake' and name 'new_robot_firmware'
[0.356s] Level 1:colcon.colcon_core.package_identification:_identify(/home/om/slambot/src/rplidar_ros2) by extensions ['ignore', 'ignore_ament_install']
[0.356s] Level 1:colcon.colcon_core.package_identification:_identify(/home/om/slambot/src/rplidar_ros2) by extension 'ignore'
[0.356s] Level 1:colcon.colcon_core.package_identification:_identify(/home/om/slambot/src/rplidar_ros2) by extension 'ignore_ament_install'
[0.356s] Level 1:colcon.colcon_core.package_identification:_identify(/home/om/slambot/src/rplidar_ros2) by extensions ['colcon_pkg']
[0.357s] Level 1:colcon.colcon_core.package_identification:_identify(/home/om/slambot/src/rplidar_ros2) by extension 'colcon_pkg'
[0.357s] Level 1:colcon.colcon_core.package_identification:_identify(/home/om/slambot/src/rplidar_ros2) by extensions ['colcon_meta']
[0.357s] Level 1:colcon.colcon_core.package_identification:_identify(/home/om/slambot/src/rplidar_ros2) by extension 'colcon_meta'
[0.357s] Level 1:colcon.colcon_core.package_identification:_identify(/home/om/slambot/src/rplidar_ros2) by extensions ['ros']
[0.357s] Level 1:colcon.colcon_core.package_identification:_identify(/home/om/slambot/src/rplidar_ros2) by extension 'ros'
[0.357s] DEBUG:colcon.colcon_core.package_identification:Package '/home/om/slambot/src/rplidar_ros2' with type 'ros.ament_cmake' and name 'rplidar_ros'
[0.357s] Level 1:colcon.colcon_core.package_discovery:discover_packages(recursive) using defaults
