[0.039s] Invoking command in '/home/om/slambot/build/bumperbot_msgs': CMAKE_PREFIX_PATH=${CMAKE_PREFIX_PATH}:/home/om/slambot/install/bumperbot_py_examples:/opt/ros/humble /usr/bin/cmake --build /home/om/slambot/build/bumperbot_msgs -- -j8 -l8
[0.132s] [ 10%] Built target bumperbot_msgs__rosidl_generator_c
[0.137s] [ 10%] Built target ament_cmake_python_copy_bumperbot_msgs
[0.140s] [ 12%] Built target bumperbot_msgs__cpp
[0.171s] [ 23%] Built target bumperbot_msgs__rosidl_typesupport_introspection_c
[0.171s] [ 33%] Built target bumperbot_msgs__rosidl_typesupport_fastrtps_c
[0.186s] [ 43%] Built target bumperbot_msgs__rosidl_typesupport_c
[0.186s] [ 53%] Built target bumperbot_msgs__rosidl_typesupport_introspection_cpp
[0.188s] [ 64%] Built target bumperbot_msgs__rosidl_typesupport_fastrtps_cpp
[0.191s] [ 74%] Built target bumperbot_msgs__rosidl_typesupport_cpp
[0.213s] [ 74%] Built target bumperbot_msgs
[0.237s] [ 76%] Built target bumperbot_msgs__py
[0.270s] [ 84%] Built target bumperbot_msgs__rosidl_generator_py
[0.305s] [ 89%] Built target bumperbot_msgs__rosidl_typesupport_fastrtps_c__pyext
[0.305s] [ 94%] Built target bumperbot_msgs__rosidl_typesupport_introspection_c__pyext
[0.306s] [100%] Built target bumperbot_msgs__rosidl_typesupport_c__pyext
[0.443s] running egg_info
[0.443s] writing bumperbot_msgs.egg-info/PKG-INFO
[0.443s] writing dependency_links to bumperbot_msgs.egg-info/dependency_links.txt
[0.445s] writing top-level names to bumperbot_msgs.egg-info/top_level.txt
[0.452s] reading manifest file 'bumperbot_msgs.egg-info/SOURCES.txt'
[0.452s] writing manifest file 'bumperbot_msgs.egg-info/SOURCES.txt'
[0.530s] [100%] Built target ament_cmake_python_build_bumperbot_msgs_egg
[0.553s] Invoked command in '/home/om/slambot/build/bumperbot_msgs' returned '0': CMAKE_PREFIX_PATH=${CMAKE_PREFIX_PATH}:/home/om/slambot/install/bumperbot_py_examples:/opt/ros/humble /usr/bin/cmake --build /home/om/slambot/build/bumperbot_msgs -- -j8 -l8
[0.670s] Invoking command in '/home/om/slambot/build/bumperbot_msgs': CMAKE_PREFIX_PATH=${CMAKE_PREFIX_PATH}:/home/om/slambot/install/bumperbot_py_examples:/opt/ros/humble /usr/bin/cmake --install /home/om/slambot/build/bumperbot_msgs
[0.677s] -- Install configuration: ""
[0.677s] -- Up-to-date: /home/om/slambot/install/bumperbot_msgs/share/ament_index/resource_index/rosidl_interfaces/bumperbot_msgs
[0.677s] -- Up-to-date: /home/om/slambot/install/bumperbot_msgs/include/bumperbot_msgs/bumperbot_msgs
[0.677s] -- Up-to-date: /home/om/slambot/install/bumperbot_msgs/include/bumperbot_msgs/bumperbot_msgs/msg
[0.677s] -- Up-to-date: /home/om/slambot/install/bumperbot_msgs/include/bumperbot_msgs/bumperbot_msgs/msg/rosidl_generator_c__visibility_control.h
[0.677s] -- Up-to-date: /home/om/slambot/install/bumperbot_msgs/include/bumperbot_msgs/bumperbot_msgs/srv
[0.677s] -- Up-to-date: /home/om/slambot/install/bumperbot_msgs/include/bumperbot_msgs/bumperbot_msgs/srv/add_two_ints.h
[0.677s] -- Up-to-date: /home/om/slambot/install/bumperbot_msgs/include/bumperbot_msgs/bumperbot_msgs/srv/get_transform.h
[0.677s] -- Up-to-date: /home/om/slambot/install/bumperbot_msgs/include/bumperbot_msgs/bumperbot_msgs/srv/detail
[0.678s] -- Up-to-date: /home/om/slambot/install/bumperbot_msgs/include/bumperbot_msgs/bumperbot_msgs/srv/detail/add_two_ints__functions.h
[0.678s] -- Up-to-date: /home/om/slambot/install/bumperbot_msgs/include/bumperbot_msgs/bumperbot_msgs/srv/detail/add_two_ints__struct.h
[0.678s] -- Up-to-date: /home/om/slambot/install/bumperbot_msgs/include/bumperbot_msgs/bumperbot_msgs/srv/detail/get_transform__functions.h
[0.678s] -- Up-to-date: /home/om/slambot/install/bumperbot_msgs/include/bumperbot_msgs/bumperbot_msgs/srv/detail/get_transform__type_support.h
[0.678s] -- Up-to-date: /home/om/slambot/install/bumperbot_msgs/include/bumperbot_msgs/bumperbot_msgs/srv/detail/get_transform__functions.c
[0.678s] -- Up-to-date: /home/om/slambot/install/bumperbot_msgs/include/bumperbot_msgs/bumperbot_msgs/srv/detail/get_transform__struct.h
[0.678s] -- Up-to-date: /home/om/slambot/install/bumperbot_msgs/include/bumperbot_msgs/bumperbot_msgs/srv/detail/add_two_ints__type_support.h
[0.678s] -- Up-to-date: /home/om/slambot/install/bumperbot_msgs/include/bumperbot_msgs/bumperbot_msgs/srv/detail/add_two_ints__functions.c
[0.678s] -- Up-to-date: /home/om/slambot/install/bumperbot_msgs/share/bumperbot_msgs/environment/library_path.sh
[0.678s] -- Up-to-date: /home/om/slambot/install/bumperbot_msgs/share/bumperbot_msgs/environment/library_path.dsv
[0.678s] -- Up-to-date: /home/om/slambot/install/bumperbot_msgs/lib/libbumperbot_msgs__rosidl_generator_c.so
[0.679s] -- Up-to-date: /home/om/slambot/install/bumperbot_msgs/include/bumperbot_msgs/bumperbot_msgs
[0.679s] -- Up-to-date: /home/om/slambot/install/bumperbot_msgs/include/bumperbot_msgs/bumperbot_msgs/msg
[0.679s] -- Up-to-date: /home/om/slambot/install/bumperbot_msgs/include/bumperbot_msgs/bumperbot_msgs/msg/rosidl_typesupport_fastrtps_c__visibility_control.h
[0.679s] -- Up-to-date: /home/om/slambot/install/bumperbot_msgs/include/bumperbot_msgs/bumperbot_msgs/srv
[0.679s] -- Up-to-date: /home/om/slambot/install/bumperbot_msgs/include/bumperbot_msgs/bumperbot_msgs/srv/detail
[0.679s] -- Up-to-date: /home/om/slambot/install/bumperbot_msgs/include/bumperbot_msgs/bumperbot_msgs/srv/detail/get_transform__rosidl_typesupport_fastrtps_c.h
[0.679s] -- Up-to-date: /home/om/slambot/install/bumperbot_msgs/include/bumperbot_msgs/bumperbot_msgs/srv/detail/add_two_ints__rosidl_typesupport_fastrtps_c.h
[0.679s] -- Up-to-date: /home/om/slambot/install/bumperbot_msgs/lib/libbumperbot_msgs__rosidl_typesupport_fastrtps_c.so
[0.679s] -- Up-to-date: /home/om/slambot/install/bumperbot_msgs/include/bumperbot_msgs/bumperbot_msgs
[0.679s] -- Up-to-date: /home/om/slambot/install/bumperbot_msgs/include/bumperbot_msgs/bumperbot_msgs/srv
[0.679s] -- Up-to-date: /home/om/slambot/install/bumperbot_msgs/include/bumperbot_msgs/bumperbot_msgs/srv/detail
[0.679s] -- Up-to-date: /home/om/slambot/install/bumperbot_msgs/include/bumperbot_msgs/bumperbot_msgs/srv/detail/add_two_ints__builder.hpp
[0.679s] -- Up-to-date: /home/om/slambot/install/bumperbot_msgs/include/bumperbot_msgs/bumperbot_msgs/srv/detail/get_transform__struct.hpp
[0.680s] -- Up-to-date: /home/om/slambot/install/bumperbot_msgs/include/bumperbot_msgs/bumperbot_msgs/srv/detail/get_transform__builder.hpp
[0.680s] -- Up-to-date: /home/om/slambot/install/bumperbot_msgs/include/bumperbot_msgs/bumperbot_msgs/srv/detail/get_transform__traits.hpp
[0.680s] -- Up-to-date: /home/om/slambot/install/bumperbot_msgs/include/bumperbot_msgs/bumperbot_msgs/srv/detail/add_two_ints__struct.hpp
[0.681s] -- Up-to-date: /home/om/slambot/install/bumperbot_msgs/include/bumperbot_msgs/bumperbot_msgs/srv/detail/add_two_ints__traits.hpp
[0.681s] -- Up-to-date: /home/om/slambot/install/bumperbot_msgs/include/bumperbot_msgs/bumperbot_msgs/srv/get_transform.hpp
[0.681s] -- Up-to-date: /home/om/slambot/install/bumperbot_msgs/include/bumperbot_msgs/bumperbot_msgs/srv/add_two_ints.hpp
[0.681s] -- Up-to-date: /home/om/slambot/install/bumperbot_msgs/include/bumperbot_msgs/bumperbot_msgs
[0.681s] -- Up-to-date: /home/om/slambot/install/bumperbot_msgs/include/bumperbot_msgs/bumperbot_msgs/msg
[0.681s] -- Up-to-date: /home/om/slambot/install/bumperbot_msgs/include/bumperbot_msgs/bumperbot_msgs/msg/rosidl_typesupport_fastrtps_cpp__visibility_control.h
[0.681s] -- Up-to-date: /home/om/slambot/install/bumperbot_msgs/include/bumperbot_msgs/bumperbot_msgs/srv
[0.681s] -- Up-to-date: /home/om/slambot/install/bumperbot_msgs/include/bumperbot_msgs/bumperbot_msgs/srv/detail
[0.681s] -- Up-to-date: /home/om/slambot/install/bumperbot_msgs/include/bumperbot_msgs/bumperbot_msgs/srv/detail/add_two_ints__rosidl_typesupport_fastrtps_cpp.hpp
[0.681s] -- Up-to-date: /home/om/slambot/install/bumperbot_msgs/include/bumperbot_msgs/bumperbot_msgs/srv/detail/dds_fastrtps
[0.681s] -- Up-to-date: /home/om/slambot/install/bumperbot_msgs/include/bumperbot_msgs/bumperbot_msgs/srv/detail/get_transform__rosidl_typesupport_fastrtps_cpp.hpp
[0.682s] -- Up-to-date: /home/om/slambot/install/bumperbot_msgs/lib/libbumperbot_msgs__rosidl_typesupport_fastrtps_cpp.so
[0.682s] -- Up-to-date: /home/om/slambot/install/bumperbot_msgs/include/bumperbot_msgs/bumperbot_msgs
[0.682s] -- Up-to-date: /home/om/slambot/install/bumperbot_msgs/include/bumperbot_msgs/bumperbot_msgs/msg
[0.682s] -- Up-to-date: /home/om/slambot/install/bumperbot_msgs/include/bumperbot_msgs/bumperbot_msgs/msg/rosidl_typesupport_introspection_c__visibility_control.h
[0.682s] -- Up-to-date: /home/om/slambot/install/bumperbot_msgs/include/bumperbot_msgs/bumperbot_msgs/srv
[0.682s] -- Up-to-date: /home/om/slambot/install/bumperbot_msgs/include/bumperbot_msgs/bumperbot_msgs/srv/detail
[0.682s] -- Up-to-date: /home/om/slambot/install/bumperbot_msgs/include/bumperbot_msgs/bumperbot_msgs/srv/detail/add_two_ints__type_support.c
[0.682s] -- Up-to-date: /home/om/slambot/install/bumperbot_msgs/include/bumperbot_msgs/bumperbot_msgs/srv/detail/get_transform__type_support.c
[0.682s] -- Up-to-date: /home/om/slambot/install/bumperbot_msgs/include/bumperbot_msgs/bumperbot_msgs/srv/detail/add_two_ints__rosidl_typesupport_introspection_c.h
[0.682s] -- Up-to-date: /home/om/slambot/install/bumperbot_msgs/include/bumperbot_msgs/bumperbot_msgs/srv/detail/get_transform__rosidl_typesupport_introspection_c.h
[0.682s] -- Up-to-date: /home/om/slambot/install/bumperbot_msgs/lib/libbumperbot_msgs__rosidl_typesupport_introspection_c.so
[0.682s] -- Up-to-date: /home/om/slambot/install/bumperbot_msgs/lib/libbumperbot_msgs__rosidl_typesupport_c.so
[0.682s] -- Up-to-date: /home/om/slambot/install/bumperbot_msgs/include/bumperbot_msgs/bumperbot_msgs
[0.682s] -- Up-to-date: /home/om/slambot/install/bumperbot_msgs/include/bumperbot_msgs/bumperbot_msgs/srv
[0.682s] -- Up-to-date: /home/om/slambot/install/bumperbot_msgs/include/bumperbot_msgs/bumperbot_msgs/srv/detail
[0.683s] -- Up-to-date: /home/om/slambot/install/bumperbot_msgs/include/bumperbot_msgs/bumperbot_msgs/srv/detail/get_transform__rosidl_typesupport_introspection_cpp.hpp
[0.683s] -- Up-to-date: /home/om/slambot/install/bumperbot_msgs/include/bumperbot_msgs/bumperbot_msgs/srv/detail/add_two_ints__rosidl_typesupport_introspection_cpp.hpp
[0.683s] -- Up-to-date: /home/om/slambot/install/bumperbot_msgs/include/bumperbot_msgs/bumperbot_msgs/srv/detail/add_two_ints__type_support.cpp
[0.683s] -- Up-to-date: /home/om/slambot/install/bumperbot_msgs/include/bumperbot_msgs/bumperbot_msgs/srv/detail/get_transform__type_support.cpp
[0.683s] -- Up-to-date: /home/om/slambot/install/bumperbot_msgs/lib/libbumperbot_msgs__rosidl_typesupport_introspection_cpp.so
[0.683s] -- Up-to-date: /home/om/slambot/install/bumperbot_msgs/lib/libbumperbot_msgs__rosidl_typesupport_cpp.so
[0.683s] -- Up-to-date: /home/om/slambot/install/bumperbot_msgs/share/bumperbot_msgs/environment/pythonpath.sh
[0.683s] -- Up-to-date: /home/om/slambot/install/bumperbot_msgs/share/bumperbot_msgs/environment/pythonpath.dsv
[0.683s] -- Up-to-date: /home/om/slambot/install/bumperbot_msgs/local/lib/python3.10/dist-packages/bumperbot_msgs-0.0.0-py3.10.egg-info
[0.683s] -- Installing: /home/om/slambot/install/bumperbot_msgs/local/lib/python3.10/dist-packages/bumperbot_msgs-0.0.0-py3.10.egg-info/PKG-INFO
[0.683s] -- Installing: /home/om/slambot/install/bumperbot_msgs/local/lib/python3.10/dist-packages/bumperbot_msgs-0.0.0-py3.10.egg-info/dependency_links.txt
[0.683s] -- Installing: /home/om/slambot/install/bumperbot_msgs/local/lib/python3.10/dist-packages/bumperbot_msgs-0.0.0-py3.10.egg-info/SOURCES.txt
[0.683s] -- Installing: /home/om/slambot/install/bumperbot_msgs/local/lib/python3.10/dist-packages/bumperbot_msgs-0.0.0-py3.10.egg-info/top_level.txt
[0.683s] -- Up-to-date: /home/om/slambot/install/bumperbot_msgs/local/lib/python3.10/dist-packages/bumperbot_msgs
[0.683s] -- Up-to-date: /home/om/slambot/install/bumperbot_msgs/local/lib/python3.10/dist-packages/bumperbot_msgs/_bumperbot_msgs_s.ep.rosidl_typesupport_introspection_c.c
[0.683s] -- Up-to-date: /home/om/slambot/install/bumperbot_msgs/local/lib/python3.10/dist-packages/bumperbot_msgs/_bumperbot_msgs_s.ep.rosidl_typesupport_fastrtps_c.c
[0.683s] -- Up-to-date: /home/om/slambot/install/bumperbot_msgs/local/lib/python3.10/dist-packages/bumperbot_msgs/__init__.py
[0.684s] -- Up-to-date: /home/om/slambot/install/bumperbot_msgs/local/lib/python3.10/dist-packages/bumperbot_msgs/_bumperbot_msgs_s.ep.rosidl_typesupport_c.c
[0.684s] -- Up-to-date: /home/om/slambot/install/bumperbot_msgs/local/lib/python3.10/dist-packages/bumperbot_msgs/srv
[0.684s] -- Up-to-date: /home/om/slambot/install/bumperbot_msgs/local/lib/python3.10/dist-packages/bumperbot_msgs/srv/_get_transform_s.c
[0.684s] -- Up-to-date: /home/om/slambot/install/bumperbot_msgs/local/lib/python3.10/dist-packages/bumperbot_msgs/srv/_get_transform.py
[0.684s] -- Up-to-date: /home/om/slambot/install/bumperbot_msgs/local/lib/python3.10/dist-packages/bumperbot_msgs/srv/__init__.py
[0.684s] -- Up-to-date: /home/om/slambot/install/bumperbot_msgs/local/lib/python3.10/dist-packages/bumperbot_msgs/srv/_add_two_ints.py
[0.684s] -- Up-to-date: /home/om/slambot/install/bumperbot_msgs/local/lib/python3.10/dist-packages/bumperbot_msgs/srv/_add_two_ints_s.c
[0.684s] -- Up-to-date: /home/om/slambot/install/bumperbot_msgs/local/lib/python3.10/dist-packages/bumperbot_msgs/libbumperbot_msgs__rosidl_generator_py.so
[0.684s] -- Up-to-date: /home/om/slambot/install/bumperbot_msgs/local/lib/python3.10/dist-packages/bumperbot_msgs/bumperbot_msgs_s__rosidl_typesupport_introspection_c.cpython-310-x86_64-linux-gnu.so
[0.684s] -- Up-to-date: /home/om/slambot/install/bumperbot_msgs/local/lib/python3.10/dist-packages/bumperbot_msgs/bumperbot_msgs_s__rosidl_typesupport_fastrtps_c.cpython-310-x86_64-linux-gnu.so
[0.685s] -- Up-to-date: /home/om/slambot/install/bumperbot_msgs/local/lib/python3.10/dist-packages/bumperbot_msgs/bumperbot_msgs_s__rosidl_typesupport_c.cpython-310-x86_64-linux-gnu.so
[0.712s] Listing '/home/om/slambot/install/bumperbot_msgs/local/lib/python3.10/dist-packages/bumperbot_msgs'...
[0.712s] Listing '/home/om/slambot/install/bumperbot_msgs/local/lib/python3.10/dist-packages/bumperbot_msgs/srv'...
[0.718s] -- Up-to-date: /home/om/slambot/install/bumperbot_msgs/local/lib/python3.10/dist-packages/bumperbot_msgs/bumperbot_msgs_s__rosidl_typesupport_fastrtps_c.cpython-310-x86_64-linux-gnu.so
[0.718s] -- Up-to-date: /home/om/slambot/install/bumperbot_msgs/local/lib/python3.10/dist-packages/bumperbot_msgs/bumperbot_msgs_s__rosidl_typesupport_introspection_c.cpython-310-x86_64-linux-gnu.so
[0.718s] -- Up-to-date: /home/om/slambot/install/bumperbot_msgs/local/lib/python3.10/dist-packages/bumperbot_msgs/bumperbot_msgs_s__rosidl_typesupport_c.cpython-310-x86_64-linux-gnu.so
[0.718s] -- Up-to-date: /home/om/slambot/install/bumperbot_msgs/lib/libbumperbot_msgs__rosidl_generator_py.so
[0.719s] -- Up-to-date: /home/om/slambot/install/bumperbot_msgs/share/bumperbot_msgs/srv/AddTwoInts.idl
[0.721s] -- Up-to-date: /home/om/slambot/install/bumperbot_msgs/share/bumperbot_msgs/srv/GetTransform.idl
[0.721s] -- Up-to-date: /home/om/slambot/install/bumperbot_msgs/share/bumperbot_msgs/srv/AddTwoInts.srv
[0.721s] -- Up-to-date: /home/om/slambot/install/bumperbot_msgs/share/bumperbot_msgs/srv/AddTwoInts_Request.msg
[0.721s] -- Up-to-date: /home/om/slambot/install/bumperbot_msgs/share/bumperbot_msgs/srv/AddTwoInts_Response.msg
[0.721s] -- Up-to-date: /home/om/slambot/install/bumperbot_msgs/share/bumperbot_msgs/srv/GetTransform.srv
[0.722s] -- Up-to-date: /home/om/slambot/install/bumperbot_msgs/share/bumperbot_msgs/srv/GetTransform_Request.msg
[0.722s] -- Up-to-date: /home/om/slambot/install/bumperbot_msgs/share/bumperbot_msgs/srv/GetTransform_Response.msg
[0.722s] -- Up-to-date: /home/om/slambot/install/bumperbot_msgs/share/ament_index/resource_index/package_run_dependencies/bumperbot_msgs
[0.723s] -- Up-to-date: /home/om/slambot/install/bumperbot_msgs/share/ament_index/resource_index/parent_prefix_path/bumperbot_msgs
[0.723s] -- Up-to-date: /home/om/slambot/install/bumperbot_msgs/share/bumperbot_msgs/environment/ament_prefix_path.sh
[0.723s] -- Up-to-date: /home/om/slambot/install/bumperbot_msgs/share/bumperbot_msgs/environment/ament_prefix_path.dsv
[0.723s] -- Up-to-date: /home/om/slambot/install/bumperbot_msgs/share/bumperbot_msgs/environment/path.sh
[0.723s] -- Up-to-date: /home/om/slambot/install/bumperbot_msgs/share/bumperbot_msgs/environment/path.dsv
[0.723s] -- Up-to-date: /home/om/slambot/install/bumperbot_msgs/share/bumperbot_msgs/local_setup.bash
[0.723s] -- Up-to-date: /home/om/slambot/install/bumperbot_msgs/share/bumperbot_msgs/local_setup.sh
[0.723s] -- Up-to-date: /home/om/slambot/install/bumperbot_msgs/share/bumperbot_msgs/local_setup.zsh
[0.723s] -- Up-to-date: /home/om/slambot/install/bumperbot_msgs/share/bumperbot_msgs/local_setup.dsv
[0.723s] -- Installing: /home/om/slambot/install/bumperbot_msgs/share/bumperbot_msgs/package.dsv
[0.723s] -- Up-to-date: /home/om/slambot/install/bumperbot_msgs/share/ament_index/resource_index/packages/bumperbot_msgs
[0.724s] -- Up-to-date: /home/om/slambot/install/bumperbot_msgs/share/bumperbot_msgs/cmake/export_bumperbot_msgs__rosidl_generator_cExport.cmake
[0.724s] -- Up-to-date: /home/om/slambot/install/bumperbot_msgs/share/bumperbot_msgs/cmake/export_bumperbot_msgs__rosidl_generator_cExport-noconfig.cmake
[0.724s] -- Up-to-date: /home/om/slambot/install/bumperbot_msgs/share/bumperbot_msgs/cmake/export_bumperbot_msgs__rosidl_typesupport_fastrtps_cExport.cmake
[0.724s] -- Up-to-date: /home/om/slambot/install/bumperbot_msgs/share/bumperbot_msgs/cmake/export_bumperbot_msgs__rosidl_typesupport_fastrtps_cExport-noconfig.cmake
[0.724s] -- Up-to-date: /home/om/slambot/install/bumperbot_msgs/share/bumperbot_msgs/cmake/export_bumperbot_msgs__rosidl_generator_cppExport.cmake
[0.724s] -- Up-to-date: /home/om/slambot/install/bumperbot_msgs/share/bumperbot_msgs/cmake/export_bumperbot_msgs__rosidl_typesupport_fastrtps_cppExport.cmake
[0.724s] -- Up-to-date: /home/om/slambot/install/bumperbot_msgs/share/bumperbot_msgs/cmake/export_bumperbot_msgs__rosidl_typesupport_fastrtps_cppExport-noconfig.cmake
[0.724s] -- Up-to-date: /home/om/slambot/install/bumperbot_msgs/share/bumperbot_msgs/cmake/bumperbot_msgs__rosidl_typesupport_introspection_cExport.cmake
[0.724s] -- Up-to-date: /home/om/slambot/install/bumperbot_msgs/share/bumperbot_msgs/cmake/bumperbot_msgs__rosidl_typesupport_introspection_cExport-noconfig.cmake
[0.724s] -- Up-to-date: /home/om/slambot/install/bumperbot_msgs/share/bumperbot_msgs/cmake/bumperbot_msgs__rosidl_typesupport_cExport.cmake
[0.724s] -- Up-to-date: /home/om/slambot/install/bumperbot_msgs/share/bumperbot_msgs/cmake/bumperbot_msgs__rosidl_typesupport_cExport-noconfig.cmake
[0.724s] -- Up-to-date: /home/om/slambot/install/bumperbot_msgs/share/bumperbot_msgs/cmake/bumperbot_msgs__rosidl_typesupport_introspection_cppExport.cmake
[0.724s] -- Up-to-date: /home/om/slambot/install/bumperbot_msgs/share/bumperbot_msgs/cmake/bumperbot_msgs__rosidl_typesupport_introspection_cppExport-noconfig.cmake
[0.724s] -- Up-to-date: /home/om/slambot/install/bumperbot_msgs/share/bumperbot_msgs/cmake/bumperbot_msgs__rosidl_typesupport_cppExport.cmake
[0.724s] -- Up-to-date: /home/om/slambot/install/bumperbot_msgs/share/bumperbot_msgs/cmake/bumperbot_msgs__rosidl_typesupport_cppExport-noconfig.cmake
[0.724s] -- Up-to-date: /home/om/slambot/install/bumperbot_msgs/share/bumperbot_msgs/cmake/export_bumperbot_msgs__rosidl_generator_pyExport.cmake
[0.724s] -- Up-to-date: /home/om/slambot/install/bumperbot_msgs/share/bumperbot_msgs/cmake/export_bumperbot_msgs__rosidl_generator_pyExport-noconfig.cmake
[0.725s] -- Up-to-date: /home/om/slambot/install/bumperbot_msgs/share/bumperbot_msgs/cmake/rosidl_cmake-extras.cmake
[0.725s] -- Up-to-date: /home/om/slambot/install/bumperbot_msgs/share/bumperbot_msgs/cmake/ament_cmake_export_dependencies-extras.cmake
[0.725s] -- Up-to-date: /home/om/slambot/install/bumperbot_msgs/share/bumperbot_msgs/cmake/ament_cmake_export_include_directories-extras.cmake
[0.725s] -- Up-to-date: /home/om/slambot/install/bumperbot_msgs/share/bumperbot_msgs/cmake/ament_cmake_export_libraries-extras.cmake
[0.725s] -- Up-to-date: /home/om/slambot/install/bumperbot_msgs/share/bumperbot_msgs/cmake/ament_cmake_export_targets-extras.cmake
[0.725s] -- Up-to-date: /home/om/slambot/install/bumperbot_msgs/share/bumperbot_msgs/cmake/rosidl_cmake_export_typesupport_targets-extras.cmake
[0.725s] -- Up-to-date: /home/om/slambot/install/bumperbot_msgs/share/bumperbot_msgs/cmake/rosidl_cmake_export_typesupport_libraries-extras.cmake
[0.725s] -- Up-to-date: /home/om/slambot/install/bumperbot_msgs/share/bumperbot_msgs/cmake/bumperbot_msgsConfig.cmake
[0.725s] -- Up-to-date: /home/om/slambot/install/bumperbot_msgs/share/bumperbot_msgs/cmake/bumperbot_msgsConfig-version.cmake
[0.725s] -- Up-to-date: /home/om/slambot/install/bumperbot_msgs/share/bumperbot_msgs/package.xml
[0.727s] Invoked command in '/home/om/slambot/build/bumperbot_msgs' returned '0': CMAKE_PREFIX_PATH=${CMAKE_PREFIX_PATH}:/home/om/slambot/install/bumperbot_py_examples:/opt/ros/humble /usr/bin/cmake --install /home/om/slambot/build/bumperbot_msgs
