[0.034s] Invoking command in '/home/om/slambot/build/new_robot_controller': CMAKE_PREFIX_PATH=${CMAKE_PREFIX_PATH}:/home/om/slambot/install/bumperbot_py_examples:/opt/ros/humble /usr/bin/cmake --build /home/om/slambot/build/new_robot_controller -- -j8 -l8
[0.114s] [  0%] Built target ament_cmake_python_copy_new_robot_controller
[0.115s] [100%] Built target simple_controller
[0.397s] running egg_info
[0.397s] writing new_robot_controller.egg-info/PKG-INFO
[0.397s] writing dependency_links to new_robot_controller.egg-info/dependency_links.txt
[0.397s] writing top-level names to new_robot_controller.egg-info/top_level.txt
[0.398s] reading manifest file 'new_robot_controller.egg-info/SOURCES.txt'
[0.398s] writing manifest file 'new_robot_controller.egg-info/SOURCES.txt'
[0.441s] [100%] Built target ament_cmake_python_build_new_robot_controller_egg
[0.471s] Invoked command in '/home/om/slambot/build/new_robot_controller' returned '0': CMAKE_PREFIX_PATH=${CMAKE_PREFIX_PATH}:/home/om/slambot/install/bumperbot_py_examples:/opt/ros/humble /usr/bin/cmake --build /home/om/slambot/build/new_robot_controller -- -j8 -l8
[0.493s] Invoking command in '/home/om/slambot/build/new_robot_controller': CMAKE_PREFIX_PATH=${CMAKE_PREFIX_PATH}:/home/om/slambot/install/bumperbot_py_examples:/opt/ros/humble /usr/bin/cmake --install /home/om/slambot/build/new_robot_controller
[0.510s] -- Install configuration: ""
[0.512s] -- Up-to-date: /home/om/slambot/install/new_robot_controller/share/new_robot_controller/environment/pythonpath.sh
[0.512s] -- Up-to-date: /home/om/slambot/install/new_robot_controller/share/new_robot_controller/environment/pythonpath.dsv
[0.512s] -- Up-to-date: /home/om/slambot/install/new_robot_controller/local/lib/python3.10/dist-packages/new_robot_controller-0.0.0-py3.10.egg-info
[0.512s] -- Installing: /home/om/slambot/install/new_robot_controller/local/lib/python3.10/dist-packages/new_robot_controller-0.0.0-py3.10.egg-info/PKG-INFO
[0.512s] -- Installing: /home/om/slambot/install/new_robot_controller/local/lib/python3.10/dist-packages/new_robot_controller-0.0.0-py3.10.egg-info/dependency_links.txt
[0.512s] -- Installing: /home/om/slambot/install/new_robot_controller/local/lib/python3.10/dist-packages/new_robot_controller-0.0.0-py3.10.egg-info/SOURCES.txt
[0.512s] -- Installing: /home/om/slambot/install/new_robot_controller/local/lib/python3.10/dist-packages/new_robot_controller-0.0.0-py3.10.egg-info/top_level.txt
[0.512s] -- Up-to-date: /home/om/slambot/install/new_robot_controller/local/lib/python3.10/dist-packages/new_robot_controller
[0.512s] -- Up-to-date: /home/om/slambot/install/new_robot_controller/local/lib/python3.10/dist-packages/new_robot_controller/simple_controller.py
[0.513s] -- Up-to-date: /home/om/slambot/install/new_robot_controller/local/lib/python3.10/dist-packages/new_robot_controller/__init__.py
[0.540s] Listing '/home/om/slambot/install/new_robot_controller/local/lib/python3.10/dist-packages/new_robot_controller'...
[0.545s] -- Up-to-date: /home/om/slambot/install/new_robot_controller/include/include
[0.546s] -- Up-to-date: /home/om/slambot/install/new_robot_controller/include/include/new_robot_controller
[0.546s] -- Up-to-date: /home/om/slambot/install/new_robot_controller/include/include/new_robot_controller/simple_controller.hpp
[0.546s] -- Up-to-date: /home/om/slambot/install/new_robot_controller/lib/new_robot_controller/simple_controller
[0.548s] -- Up-to-date: /home/om/slambot/install/new_robot_controller/share/new_robot_controller/launch
[0.549s] -- Up-to-date: /home/om/slambot/install/new_robot_controller/share/new_robot_controller/launch/joystick_teleop.launch.py
[0.549s] -- Up-to-date: /home/om/slambot/install/new_robot_controller/share/new_robot_controller/launch/simple_controller.launch.py
[0.549s] -- Up-to-date: /home/om/slambot/install/new_robot_controller/share/new_robot_controller/config
[0.549s] -- Up-to-date: /home/om/slambot/install/new_robot_controller/share/new_robot_controller/config/joy_config.yaml
[0.549s] -- Up-to-date: /home/om/slambot/install/new_robot_controller/share/new_robot_controller/config/new_robot_controllers.yaml
[0.550s] -- Up-to-date: /home/om/slambot/install/new_robot_controller/share/new_robot_controller/config/joy_teleop.yaml
[0.552s] -- Up-to-date: /home/om/slambot/install/new_robot_controller/lib/new_robot_controller/simple_controller.py
[0.553s] -- Up-to-date: /home/om/slambot/install/new_robot_controller/share/ament_index/resource_index/package_run_dependencies/new_robot_controller
[0.553s] -- Up-to-date: /home/om/slambot/install/new_robot_controller/share/ament_index/resource_index/parent_prefix_path/new_robot_controller
[0.554s] -- Up-to-date: /home/om/slambot/install/new_robot_controller/share/new_robot_controller/environment/ament_prefix_path.sh
[0.555s] -- Up-to-date: /home/om/slambot/install/new_robot_controller/share/new_robot_controller/environment/ament_prefix_path.dsv
[0.558s] -- Up-to-date: /home/om/slambot/install/new_robot_controller/share/new_robot_controller/environment/path.sh
[0.559s] -- Up-to-date: /home/om/slambot/install/new_robot_controller/share/new_robot_controller/environment/path.dsv
[0.559s] -- Up-to-date: /home/om/slambot/install/new_robot_controller/share/new_robot_controller/local_setup.bash
[0.559s] -- Up-to-date: /home/om/slambot/install/new_robot_controller/share/new_robot_controller/local_setup.sh
[0.559s] -- Up-to-date: /home/om/slambot/install/new_robot_controller/share/new_robot_controller/local_setup.zsh
[0.560s] -- Up-to-date: /home/om/slambot/install/new_robot_controller/share/new_robot_controller/local_setup.dsv
[0.560s] -- Installing: /home/om/slambot/install/new_robot_controller/share/new_robot_controller/package.dsv
[0.560s] -- Up-to-date: /home/om/slambot/install/new_robot_controller/share/ament_index/resource_index/packages/new_robot_controller
[0.560s] -- Up-to-date: /home/om/slambot/install/new_robot_controller/share/new_robot_controller/cmake/new_robot_controllerConfig.cmake
[0.560s] -- Up-to-date: /home/om/slambot/install/new_robot_controller/share/new_robot_controller/cmake/new_robot_controllerConfig-version.cmake
[0.560s] -- Up-to-date: /home/om/slambot/install/new_robot_controller/share/new_robot_controller/package.xml
[0.819s] Invoked command in '/home/om/slambot/build/new_robot_controller' returned '0': CMAKE_PREFIX_PATH=${CMAKE_PREFIX_PATH}:/home/om/slambot/install/bumperbot_py_examples:/opt/ros/humble /usr/bin/cmake --install /home/om/slambot/build/new_robot_controller
