[0.090s] Invoking command in '/home/om/slambot/build/rplidar_ros': CMAKE_PREFIX_PATH=${CMAKE_PREFIX_PATH}:/home/om/slambot/install/bumperbot_py_examples:/opt/ros/humble /usr/bin/cmake --build /home/om/slambot/build/rplidar_ros -- -j8 -l8
[0.329s] [ 77%] Built target rplidar_composition_node
[0.371s] [100%] Built target rplidar_composition
[0.448s] Invoked command in '/home/om/slambot/build/rplidar_ros' returned '0': CMAKE_PREFIX_PATH=${CMAKE_PREFIX_PATH}:/home/om/slambot/install/bumperbot_py_examples:/opt/ros/humble /usr/bin/cmake --build /home/om/slambot/build/rplidar_ros -- -j8 -l8
[0.559s] Invoking command in '/home/om/slambot/build/rplidar_ros': CMAKE_PREFIX_PATH=${CMAKE_PREFIX_PATH}:/home/om/slambot/install/bumperbot_py_examples:/opt/ros/humble /usr/bin/cmake --install /home/om/slambot/build/rplidar_ros
[0.575s] -- Install configuration: ""
[0.576s] -- Up-to-date: /home/om/slambot/install/rplidar_ros/lib/rplidar_ros/rplidar_composition
[0.576s] -- Up-to-date: /home/om/slambot/install/rplidar_ros/share/rplidar_ros/launch
[0.576s] -- Up-to-date: /home/om/slambot/install/rplidar_ros/share/rplidar_ros/launch/view_rplidar_s1.launch.py
[0.576s] -- Up-to-date: /home/om/slambot/install/rplidar_ros/share/rplidar_ros/launch/rplidar_a3.launch.py
[0.576s] -- Up-to-date: /home/om/slambot/install/rplidar_ros/share/rplidar_ros/launch/rplidar_s1_tcp.launch.py
[0.576s] -- Up-to-date: /home/om/slambot/install/rplidar_ros/share/rplidar_ros/launch/view_rplidar.launch.py
[0.577s] -- Up-to-date: /home/om/slambot/install/rplidar_ros/share/rplidar_ros/launch/view_rplidar_a3.launch.py
[0.577s] -- Up-to-date: /home/om/slambot/install/rplidar_ros/share/rplidar_ros/launch/view_rplidar_s1_tcp.launch.py
[0.577s] -- Up-to-date: /home/om/slambot/install/rplidar_ros/share/rplidar_ros/launch/rplidar.launch.py
[0.577s] -- Up-to-date: /home/om/slambot/install/rplidar_ros/share/rplidar_ros/launch/rplidar_s1.launch.py
[0.577s] -- Up-to-date: /home/om/slambot/install/rplidar_ros/share/rplidar_ros/launch/test_rplidar_a3.launch.py
[0.578s] -- Up-to-date: /home/om/slambot/install/rplidar_ros/share/rplidar_ros/rviz
[0.578s] -- Up-to-date: /home/om/slambot/install/rplidar_ros/share/rplidar_ros/rviz/rplidar.rviz
[0.578s] -- Up-to-date: /home/om/slambot/install/rplidar_ros/lib/librplidar_composition_node.so
[0.578s] -- Up-to-date: /home/om/slambot/install/rplidar_ros/include
[0.578s] -- Up-to-date: /home/om/slambot/install/rplidar_ros/include/rplidar_node.hpp
[0.579s] -- Up-to-date: /home/om/slambot/install/rplidar_ros/include/visibility.h
[0.579s] -- Up-to-date: /home/om/slambot/install/rplidar_ros/lib/rplidar_ros/rplidar_composition
[0.579s] -- Up-to-date: /home/om/slambot/install/rplidar_ros/share/ament_index/resource_index/package_run_dependencies/rplidar_ros
[0.579s] -- Up-to-date: /home/om/slambot/install/rplidar_ros/share/ament_index/resource_index/parent_prefix_path/rplidar_ros
[0.579s] -- Up-to-date: /home/om/slambot/install/rplidar_ros/share/rplidar_ros/environment/ament_prefix_path.sh
[0.579s] -- Up-to-date: /home/om/slambot/install/rplidar_ros/share/rplidar_ros/environment/ament_prefix_path.dsv
[0.580s] -- Up-to-date: /home/om/slambot/install/rplidar_ros/share/rplidar_ros/environment/path.sh
[0.580s] -- Up-to-date: /home/om/slambot/install/rplidar_ros/share/rplidar_ros/environment/path.dsv
[0.580s] -- Up-to-date: /home/om/slambot/install/rplidar_ros/share/rplidar_ros/local_setup.bash
[0.580s] -- Up-to-date: /home/om/slambot/install/rplidar_ros/share/rplidar_ros/local_setup.sh
[0.580s] -- Up-to-date: /home/om/slambot/install/rplidar_ros/share/rplidar_ros/local_setup.zsh
[0.580s] -- Up-to-date: /home/om/slambot/install/rplidar_ros/share/rplidar_ros/local_setup.dsv
[0.580s] -- Installing: /home/om/slambot/install/rplidar_ros/share/rplidar_ros/package.dsv
[0.580s] -- Up-to-date: /home/om/slambot/install/rplidar_ros/share/ament_index/resource_index/packages/rplidar_ros
[0.581s] -- Up-to-date: /home/om/slambot/install/rplidar_ros/share/ament_index/resource_index/rclcpp_components/rplidar_ros
[0.581s] -- Up-to-date: /home/om/slambot/install/rplidar_ros/share/rplidar_ros/cmake/ament_cmake_export_dependencies-extras.cmake
[0.582s] -- Up-to-date: /home/om/slambot/install/rplidar_ros/share/rplidar_ros/cmake/ament_cmake_export_include_directories-extras.cmake
[0.582s] -- Up-to-date: /home/om/slambot/install/rplidar_ros/share/rplidar_ros/cmake/rplidar_rosConfig.cmake
[0.582s] -- Up-to-date: /home/om/slambot/install/rplidar_ros/share/rplidar_ros/cmake/rplidar_rosConfig-version.cmake
[0.582s] -- Up-to-date: /home/om/slambot/install/rplidar_ros/share/rplidar_ros/package.xml
[0.585s] Invoked command in '/home/om/slambot/build/rplidar_ros' returned '0': CMAKE_PREFIX_PATH=${CMAKE_PREFIX_PATH}:/home/om/slambot/install/bumperbot_py_examples:/opt/ros/humble /usr/bin/cmake --install /home/om/slambot/build/rplidar_ros
