[0.066s] Invoking command in '/home/om/slambot/build/bumperbot_controller': CMAKE_PREFIX_PATH=${CMAKE_PREFIX_PATH}:/home/om/slambot/install/new_robot_description:/home/om/slambot/install/new_practice_bringup:/home/om/slambot/install/bumperbot_py_examples:/home/om/slambot/install/bumperbot_description:/opt/ros/humble /usr/bin/cmake /home/om/slambot/src/bumperbot_controller -DCMAKE_INSTALL_PREFIX=/home/om/slambot/install/bumperbot_controller
[0.233s] -- The C compiler identification is GNU 11.4.0
[0.401s] -- The CXX compiler identification is GNU 11.4.0
[0.417s] -- Detecting C compiler ABI info
[0.599s] -- Detecting C compiler ABI info - done
[0.619s] -- Check for working C compiler: /usr/bin/cc - skipped
[0.623s] -- Detecting C compile features
[0.632s] -- Detecting C compile features - done
[0.636s] -- Detecting CXX compiler ABI info
[0.830s] -- Detecting CXX compiler ABI info - done
[0.850s] -- Check for working CXX compiler: /usr/bin/c++ - skipped
[0.851s] -- Detecting CXX compile features
[0.851s] -- Detecting CXX compile features - done
[0.857s] -- Found ament_cmake: 1.3.10 (/opt/ros/humble/share/ament_cmake/cmake)
[1.236s] -- Found Python3: /usr/bin/python3 (found version "3.10.12") found components: Interpreter 
[1.466s] -- Found rclcpp: 16.0.10 (/opt/ros/humble/share/rclcpp/cmake)
[1.568s] -- Found rosidl_generator_c: 3.1.5 (/opt/ros/humble/share/rosidl_generator_c/cmake)
[1.580s] -- Found rosidl_adapter: 3.1.5 (/opt/ros/humble/share/rosidl_adapter/cmake)
[1.603s] -- Found rosidl_generator_cpp: 3.1.5 (/opt/ros/humble/share/rosidl_generator_cpp/cmake)
[1.631s] -- Using all available rosidl_typesupport_c: rosidl_typesupport_fastrtps_c;rosidl_typesupport_introspection_c
[1.674s] -- Using all available rosidl_typesupport_cpp: rosidl_typesupport_fastrtps_cpp;rosidl_typesupport_introspection_cpp
[1.780s] -- Found rmw_implementation_cmake: 6.1.2 (/opt/ros/humble/share/rmw_implementation_cmake/cmake)
[1.791s] -- Found rmw_fastrtps_cpp: 6.2.7 (/opt/ros/humble/share/rmw_fastrtps_cpp/cmake)
[1.995s] -- Found OpenSSL: /usr/lib/x86_64-linux-gnu/libcrypto.so (found version "3.0.2")  
[2.061s] -- Found FastRTPS: /opt/ros/humble/include  
[2.156s] -- Using RMW implementation 'rmw_fastrtps_cpp' as default
[2.177s] -- Looking for pthread.h
[2.324s] -- Looking for pthread.h - found
[2.324s] -- Performing Test CMAKE_HAVE_LIBC_PTHREAD
[2.471s] -- Performing Test CMAKE_HAVE_LIBC_PTHREAD - Success
[2.474s] -- Found Threads: TRUE  
[2.605s] -- Found rclpy: 3.3.14 (/opt/ros/humble/share/rclpy/cmake)
[2.609s] -- Found geometry_msgs: 4.2.4 (/opt/ros/humble/share/geometry_msgs/cmake)
[2.648s] -- Found sensor_msgs: 4.2.4 (/opt/ros/humble/share/sensor_msgs/cmake)
[2.697s] -- Found nav_msgs: 4.2.4 (/opt/ros/humble/share/nav_msgs/cmake)
[2.744s] -- Found tf2_ros: 0.25.7 (/opt/ros/humble/share/tf2_ros/cmake)
[3.368s] -- Configuring done
[3.406s] -- Generating done
[3.411s] -- Build files have been written to: /home/om/slambot/build/bumperbot_controller
[3.435s] Invoked command in '/home/om/slambot/build/bumperbot_controller' returned '0': CMAKE_PREFIX_PATH=${CMAKE_PREFIX_PATH}:/home/om/slambot/install/new_robot_description:/home/om/slambot/install/new_practice_bringup:/home/om/slambot/install/bumperbot_py_examples:/home/om/slambot/install/bumperbot_description:/opt/ros/humble /usr/bin/cmake /home/om/slambot/src/bumperbot_controller -DCMAKE_INSTALL_PREFIX=/home/om/slambot/install/bumperbot_controller
[3.436s] Invoking command in '/home/om/slambot/build/bumperbot_controller': CMAKE_PREFIX_PATH=${CMAKE_PREFIX_PATH}:/home/om/slambot/install/new_robot_description:/home/om/slambot/install/new_practice_bringup:/home/om/slambot/install/bumperbot_py_examples:/home/om/slambot/install/bumperbot_description:/opt/ros/humble /usr/bin/cmake --build /home/om/slambot/build/bumperbot_controller -- -j8 -l8
[3.569s] [ 25%] [32mBuilding CXX object CMakeFiles/simple_controller.dir/src/simple_controller.cpp.o[0m
[3.584s] [ 50%] [32mBuilding CXX object CMakeFiles/noisy_controller.dir/src/noisy_controller.cpp.o[0m
[3.592s] [ 50%] Built target ament_cmake_python_copy_bumperbot_controller
[4.716s] running egg_info
[4.717s] creating bumperbot_controller.egg-info
[4.718s] writing bumperbot_controller.egg-info/PKG-INFO
[4.718s] writing dependency_links to bumperbot_controller.egg-info/dependency_links.txt
[4.718s] writing top-level names to bumperbot_controller.egg-info/top_level.txt
[4.718s] writing manifest file 'bumperbot_controller.egg-info/SOURCES.txt'
[4.725s] reading manifest file 'bumperbot_controller.egg-info/SOURCES.txt'
[4.726s] writing manifest file 'bumperbot_controller.egg-info/SOURCES.txt'
[4.819s] [ 50%] Built target ament_cmake_python_build_bumperbot_controller_egg
