[0.055s] Invoking command in '/home/om/slambot/build/bumperbot_localization': CMAKE_PREFIX_PATH=/opt/ros/humble /usr/bin/cmake --build /home/om/slambot/build/bumperbot_localization -- -j8 -l8
[0.133s] [35m[1mConsolidate compiler generated dependencies of target kalman_filter[0m
[0.155s] [35m[1mConsolidate compiler generated dependencies of target imu_republisher[0m
[0.209s] [  0%] Built target ament_cmake_python_copy_bumperbot_localization
[0.217s] [ 50%] Built target imu_republisher
[0.230s] [100%] Built target kalman_filter
[0.775s] running egg_info
[0.777s] writing bumperbot_localization.egg-info/PKG-INFO
[0.777s] writing dependency_links to bumperbot_localization.egg-info/dependency_links.txt
[0.777s] writing top-level names to bumperbot_localization.egg-info/top_level.txt
[0.782s] reading manifest file 'bumperbot_localization.egg-info/SOURCES.txt'
[0.782s] writing manifest file 'bumperbot_localization.egg-info/SOURCES.txt'
[0.878s] [100%] Built target ament_cmake_python_build_bumperbot_localization_egg
[0.909s] Invoked command in '/home/om/slambot/build/bumperbot_localization' returned '0': CMAKE_PREFIX_PATH=/opt/ros/humble /usr/bin/cmake --build /home/om/slambot/build/bumperbot_localization -- -j8 -l8
[0.981s] Invoking command in '/home/om/slambot/build/bumperbot_localization': CMAKE_PREFIX_PATH=/opt/ros/humble /usr/bin/cmake --install /home/om/slambot/build/bumperbot_localization
[0.989s] -- Install configuration: ""
[0.989s] -- Up-to-date: /home/om/slambot/install/bumperbot_localization/share/bumperbot_localization/environment/pythonpath.sh
[0.989s] -- Up-to-date: /home/om/slambot/install/bumperbot_localization/share/bumperbot_localization/environment/pythonpath.dsv
[0.989s] -- Up-to-date: /home/om/slambot/install/bumperbot_localization/local/lib/python3.10/dist-packages/bumperbot_localization-0.0.0-py3.10.egg-info
[0.989s] -- Installing: /home/om/slambot/install/bumperbot_localization/local/lib/python3.10/dist-packages/bumperbot_localization-0.0.0-py3.10.egg-info/PKG-INFO
[0.989s] -- Installing: /home/om/slambot/install/bumperbot_localization/local/lib/python3.10/dist-packages/bumperbot_localization-0.0.0-py3.10.egg-info/dependency_links.txt
[0.990s] -- Installing: /home/om/slambot/install/bumperbot_localization/local/lib/python3.10/dist-packages/bumperbot_localization-0.0.0-py3.10.egg-info/SOURCES.txt
[0.990s] -- Installing: /home/om/slambot/install/bumperbot_localization/local/lib/python3.10/dist-packages/bumperbot_localization-0.0.0-py3.10.egg-info/top_level.txt
[0.990s] -- Up-to-date: /home/om/slambot/install/bumperbot_localization/local/lib/python3.10/dist-packages/bumperbot_localization
[0.990s] -- Up-to-date: /home/om/slambot/install/bumperbot_localization/local/lib/python3.10/dist-packages/bumperbot_localization/__init__.py
[0.990s] -- Up-to-date: /home/om/slambot/install/bumperbot_localization/local/lib/python3.10/dist-packages/bumperbot_localization/kalman_filter.py
[0.990s] -- Up-to-date: /home/om/slambot/install/bumperbot_localization/local/lib/python3.10/dist-packages/bumperbot_localization/imu_republisher.py
[1.052s] Listing '/home/om/slambot/install/bumperbot_localization/local/lib/python3.10/dist-packages/bumperbot_localization'...
[1.061s] -- Up-to-date: /home/om/slambot/install/bumperbot_localization/include/include
[1.061s] -- Up-to-date: /home/om/slambot/install/bumperbot_localization/include/include/bumperbot_localization
[1.061s] -- Up-to-date: /home/om/slambot/install/bumperbot_localization/include/include/bumperbot_localization/kalman_filter.hpp
[1.062s] -- Up-to-date: /home/om/slambot/install/bumperbot_localization/lib/bumperbot_localization/kalman_filter
[1.062s] -- Up-to-date: /home/om/slambot/install/bumperbot_localization/lib/bumperbot_localization/imu_republisher
[1.062s] -- Up-to-date: /home/om/slambot/install/bumperbot_localization/share/bumperbot_localization/launch
[1.062s] -- Up-to-date: /home/om/slambot/install/bumperbot_localization/share/bumperbot_localization/launch/local_localization.launch.py
[1.064s] -- Up-to-date: /home/om/slambot/install/bumperbot_localization/share/bumperbot_localization/config
[1.064s] -- Up-to-date: /home/om/slambot/install/bumperbot_localization/share/bumperbot_localization/config/ekf.yaml
[1.065s] -- Up-to-date: /home/om/slambot/install/bumperbot_localization/lib/bumperbot_localization/kalman_filter.py
[1.066s] -- Up-to-date: /home/om/slambot/install/bumperbot_localization/lib/bumperbot_localization/imu_republisher.py
[1.067s] -- Up-to-date: /home/om/slambot/install/bumperbot_localization/share/ament_index/resource_index/package_run_dependencies/bumperbot_localization
[1.075s] -- Up-to-date: /home/om/slambot/install/bumperbot_localization/share/ament_index/resource_index/parent_prefix_path/bumperbot_localization
[1.075s] -- Up-to-date: /home/om/slambot/install/bumperbot_localization/share/bumperbot_localization/environment/ament_prefix_path.sh
[1.076s] -- Up-to-date: /home/om/slambot/install/bumperbot_localization/share/bumperbot_localization/environment/ament_prefix_path.dsv
[1.076s] -- Up-to-date: /home/om/slambot/install/bumperbot_localization/share/bumperbot_localization/environment/path.sh
[1.077s] -- Up-to-date: /home/om/slambot/install/bumperbot_localization/share/bumperbot_localization/environment/path.dsv
[1.077s] -- Up-to-date: /home/om/slambot/install/bumperbot_localization/share/bumperbot_localization/local_setup.bash
[1.077s] -- Up-to-date: /home/om/slambot/install/bumperbot_localization/share/bumperbot_localization/local_setup.sh
[1.077s] -- Up-to-date: /home/om/slambot/install/bumperbot_localization/share/bumperbot_localization/local_setup.zsh
[1.078s] -- Up-to-date: /home/om/slambot/install/bumperbot_localization/share/bumperbot_localization/local_setup.dsv
[1.079s] -- Installing: /home/om/slambot/install/bumperbot_localization/share/bumperbot_localization/package.dsv
[1.079s] -- Up-to-date: /home/om/slambot/install/bumperbot_localization/share/ament_index/resource_index/packages/bumperbot_localization
[1.079s] -- Up-to-date: /home/om/slambot/install/bumperbot_localization/share/bumperbot_localization/cmake/bumperbot_localizationConfig.cmake
[1.079s] -- Up-to-date: /home/om/slambot/install/bumperbot_localization/share/bumperbot_localization/cmake/bumperbot_localizationConfig-version.cmake
[1.079s] -- Up-to-date: /home/om/slambot/install/bumperbot_localization/share/bumperbot_localization/package.xml
[1.084s] Invoked command in '/home/om/slambot/build/bumperbot_localization' returned '0': CMAKE_PREFIX_PATH=/opt/ros/humble /usr/bin/cmake --install /home/om/slambot/build/bumperbot_localization
