[0.075s] Invoking command in '/home/om/slambot/build/new_robot_description': CMAKE_PREFIX_PATH=${CMAKE_PREFIX_PATH}:/home/om/slambot/install/bumperbot_py_examples:/opt/ros/humble /usr/bin/cmake --build /home/om/slambot/build/new_robot_description -- -j8 -l8
[0.172s] Invoked command in '/home/om/slambot/build/new_robot_description' returned '0': CMAKE_PREFIX_PATH=${CMAKE_PREFIX_PATH}:/home/om/slambot/install/bumperbot_py_examples:/opt/ros/humble /usr/bin/cmake --build /home/om/slambot/build/new_robot_description -- -j8 -l8
[0.226s] Invoking command in '/home/om/slambot/build/new_robot_description': CMAKE_PREFIX_PATH=${CMAKE_PREFIX_PATH}:/home/om/slambot/install/bumperbot_py_examples:/opt/ros/humble /usr/bin/cmake --install /home/om/slambot/build/new_robot_description
[0.358s] -- Install configuration: ""
[0.359s] -- Up-to-date: /home/om/slambot/install/new_robot_description/share/new_robot_description//urdf
[0.359s] -- Up-to-date: /home/om/slambot/install/new_robot_description/share/new_robot_description//urdf/base_robot.xacro
[0.359s] -- Up-to-date: /home/om/slambot/install/new_robot_description/share/new_robot_description//urdf/common_properties.xacro
[0.359s] -- Up-to-date: /home/om/slambot/install/new_robot_description/share/new_robot_description//urdf/base_robot_gazebo.xacro
[0.359s] -- Up-to-date: /home/om/slambot/install/new_robot_description/share/new_robot_description//urdf/my_robot.urdf.xacro
[0.359s] -- Up-to-date: /home/om/slambot/install/new_robot_description/share/new_robot_description//urdf/ros2_control.xacro
[0.359s] -- Installing: /home/om/slambot/install/new_robot_description/share/new_robot_description//urdf/laser.xacro
[0.359s] -- Up-to-date: /home/om/slambot/install/new_robot_description/share/new_robot_description//launch
[0.359s] -- Up-to-date: /home/om/slambot/install/new_robot_description/share/new_robot_description//launch/gazebo.launch.py
[0.363s] -- Up-to-date: /home/om/slambot/install/new_robot_description/share/new_robot_description//launch/display.launch.py
[0.363s] -- Up-to-date: /home/om/slambot/install/new_robot_description/share/new_robot_description//launch/my_robot.launch.xml
[0.363s] -- Up-to-date: /home/om/slambot/install/new_robot_description/share/new_robot_description//rviz
[0.363s] -- Up-to-date: /home/om/slambot/install/new_robot_description/share/new_robot_description//rviz/urdf_config.rviz
[0.363s] -- Up-to-date: /home/om/slambot/install/new_robot_description/share/new_robot_description//rviz/display.rviz
[0.363s] -- Up-to-date: /home/om/slambot/install/new_robot_description/share/new_robot_description//models
[0.363s] -- Up-to-date: /home/om/slambot/install/new_robot_description/share/new_robot_description//models/workcell
[0.363s] -- Up-to-date: /home/om/slambot/install/new_robot_description/share/new_robot_description//models/workcell/model.sdf
[0.363s] -- Up-to-date: /home/om/slambot/install/new_robot_description/share/new_robot_description//models/workcell/materials
[0.363s] -- Up-to-date: /home/om/slambot/install/new_robot_description/share/new_robot_description//models/workcell/materials/textures
[0.363s] -- Up-to-date: /home/om/slambot/install/new_robot_description/share/new_robot_description//models/workcell/materials/textures/Plywood.png
[0.364s] -- Up-to-date: /home/om/slambot/install/new_robot_description/share/new_robot_description//models/workcell/materials/textures/RubberMat.png
[0.364s] -- Up-to-date: /home/om/slambot/install/new_robot_description/share/new_robot_description//models/workcell/materials/textures/RollupDoor.png
[0.364s] -- Up-to-date: /home/om/slambot/install/new_robot_description/share/new_robot_description//models/workcell/materials/textures/Wall_Concrete.png
[0.364s] -- Up-to-date: /home/om/slambot/install/new_robot_description/share/new_robot_description//models/workcell/materials/textures/Yellow.png
[0.364s] -- Up-to-date: /home/om/slambot/install/new_robot_description/share/new_robot_description//models/workcell/materials/textures/Shelves.png
[0.364s] -- Up-to-date: /home/om/slambot/install/new_robot_description/share/new_robot_description//models/workcell/materials/textures/PalletWrap.png
[0.364s] -- Up-to-date: /home/om/slambot/install/new_robot_description/share/new_robot_description//models/workcell/materials/textures/CardboardBoxes.png
[0.364s] -- Up-to-date: /home/om/slambot/install/new_robot_description/share/new_robot_description//models/workcell/materials/textures/Pillar.png
[0.370s] -- Up-to-date: /home/om/slambot/install/new_robot_description/share/new_robot_description//models/workcell/materials/textures/Pallet.png
[0.371s] -- Up-to-date: /home/om/slambot/install/new_robot_description/share/new_robot_description//models/workcell/materials/textures/Mesh.png
[0.371s] -- Up-to-date: /home/om/slambot/install/new_robot_description/share/new_robot_description//models/workcell/materials/textures/Floor.png
[0.371s] -- Up-to-date: /home/om/slambot/install/new_robot_description/share/new_robot_description//models/workcell/materials/textures/Conveyor.png
[0.372s] -- Up-to-date: /home/om/slambot/install/new_robot_description/share/new_robot_description//models/workcell/materials/textures/Door_Window.png
[0.372s] -- Up-to-date: /home/om/slambot/install/new_robot_description/share/new_robot_description//models/workcell/materials/textures/Stairs.png
[0.372s] -- Up-to-date: /home/om/slambot/install/new_robot_description/share/new_robot_description//models/workcell/materials/textures/WorkCell_Render.png
[0.372s] -- Up-to-date: /home/om/slambot/install/new_robot_description/share/new_robot_description//models/workcell/materials/textures/ControlPanel.png
[0.373s] -- Up-to-date: /home/om/slambot/install/new_robot_description/share/new_robot_description//models/workcell/materials/textures/Wall_Corrugated.png
[0.373s] -- Up-to-date: /home/om/slambot/install/new_robot_description/share/new_robot_description//models/workcell/materials/textures/Bin.png
[0.376s] -- Up-to-date: /home/om/slambot/install/new_robot_description/share/new_robot_description//models/workcell/model.config
[0.376s] -- Up-to-date: /home/om/slambot/install/new_robot_description/share/new_robot_description//models/workcell/meshes
[0.376s] -- Up-to-date: /home/om/slambot/install/new_robot_description/share/new_robot_description//models/workcell/meshes/mesh.dae
[0.376s] -- Up-to-date: /home/om/slambot/install/new_robot_description/share/new_robot_description//models/workcell/meshes/mesh_backup.dae
[0.377s] -- Up-to-date: /home/om/slambot/install/new_robot_description/share/new_robot_description//models/workcell_bin
[0.377s] -- Up-to-date: /home/om/slambot/install/new_robot_description/share/new_robot_description//models/workcell_bin/model.sdf
[0.377s] -- Up-to-date: /home/om/slambot/install/new_robot_description/share/new_robot_description//models/workcell_bin/materials
[0.377s] -- Up-to-date: /home/om/slambot/install/new_robot_description/share/new_robot_description//models/workcell_bin/materials/textures
[0.377s] -- Up-to-date: /home/om/slambot/install/new_robot_description/share/new_robot_description//models/workcell_bin/materials/textures/bin.png
[0.377s] -- Up-to-date: /home/om/slambot/install/new_robot_description/share/new_robot_description//models/workcell_bin/model.config
[0.377s] -- Up-to-date: /home/om/slambot/install/new_robot_description/share/new_robot_description//models/workcell_bin/meshes
[0.377s] -- Up-to-date: /home/om/slambot/install/new_robot_description/share/new_robot_description//models/workcell_bin/meshes/bin.dae
[0.377s] -- Up-to-date: /home/om/slambot/install/new_robot_description/share/new_robot_description//models/ground_plane
[0.377s] -- Up-to-date: /home/om/slambot/install/new_robot_description/share/new_robot_description//models/ground_plane/model.sdf
[0.378s] -- Up-to-date: /home/om/slambot/install/new_robot_description/share/new_robot_description//models/ground_plane/model-1_4.sdf
[0.378s] -- Up-to-date: /home/om/slambot/install/new_robot_description/share/new_robot_description//models/ground_plane/model.config
[0.378s] -- Up-to-date: /home/om/slambot/install/new_robot_description/share/new_robot_description//models/ground_plane/model-1_3.sdf
[0.378s] -- Up-to-date: /home/om/slambot/install/new_robot_description/share/new_robot_description//models/ground_plane/model-1_2.sdf
[0.378s] -- Up-to-date: /home/om/slambot/install/new_robot_description/share/new_robot_description//models/sun
[0.378s] -- Up-to-date: /home/om/slambot/install/new_robot_description/share/new_robot_description//models/sun/model.sdf
[0.378s] -- Up-to-date: /home/om/slambot/install/new_robot_description/share/new_robot_description//models/sun/model-1_4.sdf
[0.378s] -- Up-to-date: /home/om/slambot/install/new_robot_description/share/new_robot_description//models/sun/model.config
[0.378s] -- Up-to-date: /home/om/slambot/install/new_robot_description/share/new_robot_description//models/sun/model-1_3.sdf
[0.379s] -- Up-to-date: /home/om/slambot/install/new_robot_description/share/new_robot_description//models/sun/model-1_2.sdf
[0.379s] -- Up-to-date: /home/om/slambot/install/new_robot_description/share/new_robot_description//worlds
[0.379s] -- Up-to-date: /home/om/slambot/install/new_robot_description/share/new_robot_description//worlds/warehouse.world
[0.379s] -- Up-to-date: /home/om/slambot/install/new_robot_description/share/ament_index/resource_index/package_run_dependencies/new_robot_description
[0.381s] -- Up-to-date: /home/om/slambot/install/new_robot_description/share/ament_index/resource_index/parent_prefix_path/new_robot_description
[0.381s] -- Up-to-date: /home/om/slambot/install/new_robot_description/share/new_robot_description/environment/ament_prefix_path.sh
[0.382s] -- Up-to-date: /home/om/slambot/install/new_robot_description/share/new_robot_description/environment/ament_prefix_path.dsv
[0.382s] -- Up-to-date: /home/om/slambot/install/new_robot_description/share/new_robot_description/environment/path.sh
[0.382s] -- Up-to-date: /home/om/slambot/install/new_robot_description/share/new_robot_description/environment/path.dsv
[0.382s] -- Up-to-date: /home/om/slambot/install/new_robot_description/share/new_robot_description/local_setup.bash
[0.382s] -- Up-to-date: /home/om/slambot/install/new_robot_description/share/new_robot_description/local_setup.sh
[0.382s] -- Up-to-date: /home/om/slambot/install/new_robot_description/share/new_robot_description/local_setup.zsh
[0.382s] -- Up-to-date: /home/om/slambot/install/new_robot_description/share/new_robot_description/local_setup.dsv
[0.382s] -- Installing: /home/om/slambot/install/new_robot_description/share/new_robot_description/package.dsv
[0.382s] -- Up-to-date: /home/om/slambot/install/new_robot_description/share/ament_index/resource_index/packages/new_robot_description
[0.382s] -- Up-to-date: /home/om/slambot/install/new_robot_description/share/new_robot_description/cmake/new_robot_descriptionConfig.cmake
[0.382s] -- Up-to-date: /home/om/slambot/install/new_robot_description/share/new_robot_description/cmake/new_robot_descriptionConfig-version.cmake
[0.382s] -- Up-to-date: /home/om/slambot/install/new_robot_description/share/new_robot_description/package.xml
[0.385s] Invoked command in '/home/om/slambot/build/new_robot_description' returned '0': CMAKE_PREFIX_PATH=${CMAKE_PREFIX_PATH}:/home/om/slambot/install/bumperbot_py_examples:/opt/ros/humble /usr/bin/cmake --install /home/om/slambot/build/new_robot_description
