[0.041s] Invoking command in '/home/om/slambot/build/bumperbot_firmware': CMAKE_PREFIX_PATH=/opt/ros/humble /usr/bin/cmake --build /home/om/slambot/build/bumperbot_firmware -- -j8 -l8
[0.184s] [35m[1mConsolidate compiler generated dependencies of target bumperbot_firmware[0m
[0.196s] [ 16%] [32mBuilding CXX object CMakeFiles/simple_serial_receiver.dir/src/simple_serial_receiver.cpp.o[0m
[0.247s] [ 33%] [32mBuilding CXX object CMakeFiles/simple_serial_transmitter.dir/src/simple_serial_transmitter.cpp.o[0m
[0.311s] [ 33%] Built target ament_cmake_python_copy_bumperbot_firmware
[0.312s] [ 66%] Built target bumperbot_firmware
[1.440s] running egg_info
[1.442s] writing bumperbot_firmware.egg-info/PKG-INFO
[1.444s] writing dependency_links to bumperbot_firmware.egg-info/dependency_links.txt
[1.454s] writing top-level names to bumperbot_firmware.egg-info/top_level.txt
[1.466s] reading manifest file 'bumperbot_firmware.egg-info/SOURCES.txt'
[1.466s] writing manifest file 'bumperbot_firmware.egg-info/SOURCES.txt'
[1.587s] [ 66%] Built target ament_cmake_python_build_bumperbot_firmware_egg
[12.974s] [ 83%] [32m[1mLinking CXX executable simple_serial_receiver[0m
[13.722s] [ 83%] Built target simple_serial_receiver
[23.096s] [100%] [32m[1mLinking CXX executable simple_serial_transmitter[0m
[24.613s] [100%] Built target simple_serial_transmitter
[24.700s] Invoked command in '/home/om/slambot/build/bumperbot_firmware' returned '0': CMAKE_PREFIX_PATH=/opt/ros/humble /usr/bin/cmake --build /home/om/slambot/build/bumperbot_firmware -- -j8 -l8
[24.896s] Invoking command in '/home/om/slambot/build/bumperbot_firmware': CMAKE_PREFIX_PATH=/opt/ros/humble /usr/bin/cmake --install /home/om/slambot/build/bumperbot_firmware
[24.926s] -- Install configuration: ""
[24.929s] -- Installing: /home/om/slambot/install/bumperbot_firmware/share/bumperbot_firmware/environment/pythonpath.sh
[24.929s] -- Installing: /home/om/slambot/install/bumperbot_firmware/share/bumperbot_firmware/environment/pythonpath.dsv
[24.929s] -- Installing: /home/om/slambot/install/bumperbot_firmware/local/lib/python3.10/dist-packages/bumperbot_firmware-0.0.0-py3.10.egg-info
[24.931s] -- Installing: /home/om/slambot/install/bumperbot_firmware/local/lib/python3.10/dist-packages/bumperbot_firmware-0.0.0-py3.10.egg-info/PKG-INFO
[24.936s] -- Installing: /home/om/slambot/install/bumperbot_firmware/local/lib/python3.10/dist-packages/bumperbot_firmware-0.0.0-py3.10.egg-info/dependency_links.txt
[24.936s] -- Installing: /home/om/slambot/install/bumperbot_firmware/local/lib/python3.10/dist-packages/bumperbot_firmware-0.0.0-py3.10.egg-info/SOURCES.txt
[24.936s] -- Installing: /home/om/slambot/install/bumperbot_firmware/local/lib/python3.10/dist-packages/bumperbot_firmware-0.0.0-py3.10.egg-info/top_level.txt
[24.936s] -- Installing: /home/om/slambot/install/bumperbot_firmware/local/lib/python3.10/dist-packages/bumperbot_firmware
[24.936s] -- Installing: /home/om/slambot/install/bumperbot_firmware/local/lib/python3.10/dist-packages/bumperbot_firmware/__init__.py
[24.936s] -- Installing: /home/om/slambot/install/bumperbot_firmware/local/lib/python3.10/dist-packages/bumperbot_firmware/simple_serial_receiver.py
[24.936s] -- Installing: /home/om/slambot/install/bumperbot_firmware/local/lib/python3.10/dist-packages/bumperbot_firmware/simple_serial_transmitter.py
[25.156s] Listing '/home/om/slambot/install/bumperbot_firmware/local/lib/python3.10/dist-packages/bumperbot_firmware'...
[25.156s] Compiling '/home/om/slambot/install/bumperbot_firmware/local/lib/python3.10/dist-packages/bumperbot_firmware/__init__.py'...
[25.156s] Compiling '/home/om/slambot/install/bumperbot_firmware/local/lib/python3.10/dist-packages/bumperbot_firmware/simple_serial_receiver.py'...
[25.156s] Compiling '/home/om/slambot/install/bumperbot_firmware/local/lib/python3.10/dist-packages/bumperbot_firmware/simple_serial_transmitter.py'...
[25.194s] -- Installing: /home/om/slambot/install/bumperbot_firmware/share/bumperbot_firmware/bumperbot_interface.xml
[25.194s] -- Installing: /home/om/slambot/install/bumperbot_firmware/lib/libbumperbot_firmware.so
[25.207s] -- Set runtime path of "/home/om/slambot/install/bumperbot_firmware/lib/libbumperbot_firmware.so" to ""
[25.207s] -- Installing: /home/om/slambot/install/bumperbot_firmware/include/include
[25.208s] -- Installing: /home/om/slambot/install/bumperbot_firmware/include/include/bumperbot_firmware
[25.208s] -- Installing: /home/om/slambot/install/bumperbot_firmware/include/include/bumperbot_firmware/bumperbot_interface.hpp
[25.212s] -- Installing: /home/om/slambot/install/bumperbot_firmware/share/bumperbot_firmware/launch
[25.212s] -- Installing: /home/om/slambot/install/bumperbot_firmware/share/bumperbot_firmware/launch/hardware_interface.launch.py
[25.216s] -- Installing: /home/om/slambot/install/bumperbot_firmware/lib/bumperbot_firmware/simple_serial_transmitter.py
[25.216s] -- Installing: /home/om/slambot/install/bumperbot_firmware/lib/bumperbot_firmware/simple_serial_receiver.py
[25.216s] -- Installing: /home/om/slambot/install/bumperbot_firmware/lib/bumperbot_firmware/simple_serial_receiver
[25.216s] -- Set runtime path of "/home/om/slambot/install/bumperbot_firmware/lib/bumperbot_firmware/simple_serial_receiver" to ""
[25.216s] -- Installing: /home/om/slambot/install/bumperbot_firmware/lib/bumperbot_firmware/simple_serial_transmitter
[25.217s] -- Set runtime path of "/home/om/slambot/install/bumperbot_firmware/lib/bumperbot_firmware/simple_serial_transmitter" to ""
[25.217s] -- Installing: /home/om/slambot/install/bumperbot_firmware/share/bumperbot_firmware/environment/library_path.sh
[25.223s] -- Installing: /home/om/slambot/install/bumperbot_firmware/share/bumperbot_firmware/environment/library_path.dsv
[25.231s] -- Installing: /home/om/slambot/install/bumperbot_firmware/share/ament_index/resource_index/package_run_dependencies/bumperbot_firmware
[25.231s] -- Installing: /home/om/slambot/install/bumperbot_firmware/share/ament_index/resource_index/parent_prefix_path/bumperbot_firmware
[25.231s] -- Installing: /home/om/slambot/install/bumperbot_firmware/share/bumperbot_firmware/environment/ament_prefix_path.sh
[25.231s] -- Installing: /home/om/slambot/install/bumperbot_firmware/share/bumperbot_firmware/environment/ament_prefix_path.dsv
[25.231s] -- Installing: /home/om/slambot/install/bumperbot_firmware/share/bumperbot_firmware/environment/path.sh
[25.231s] -- Installing: /home/om/slambot/install/bumperbot_firmware/share/bumperbot_firmware/environment/path.dsv
[25.231s] -- Installing: /home/om/slambot/install/bumperbot_firmware/share/bumperbot_firmware/local_setup.bash
[25.231s] -- Installing: /home/om/slambot/install/bumperbot_firmware/share/bumperbot_firmware/local_setup.sh
[25.232s] -- Installing: /home/om/slambot/install/bumperbot_firmware/share/bumperbot_firmware/local_setup.zsh
[25.233s] -- Installing: /home/om/slambot/install/bumperbot_firmware/share/bumperbot_firmware/local_setup.dsv
[25.233s] -- Installing: /home/om/slambot/install/bumperbot_firmware/share/bumperbot_firmware/package.dsv
[25.234s] -- Installing: /home/om/slambot/install/bumperbot_firmware/share/ament_index/resource_index/packages/bumperbot_firmware
[25.234s] -- Installing: /home/om/slambot/install/bumperbot_firmware/share/ament_index/resource_index/hardware_interface__pluginlib__plugin/bumperbot_firmware
[25.240s] -- Installing: /home/om/slambot/install/bumperbot_firmware/share/bumperbot_firmware/cmake/ament_cmake_export_include_directories-extras.cmake
[25.240s] -- Installing: /home/om/slambot/install/bumperbot_firmware/share/bumperbot_firmware/cmake/ament_cmake_export_libraries-extras.cmake
[25.240s] -- Installing: /home/om/slambot/install/bumperbot_firmware/share/bumperbot_firmware/cmake/ament_cmake_export_dependencies-extras.cmake
[25.240s] -- Installing: /home/om/slambot/install/bumperbot_firmware/share/bumperbot_firmware/cmake/bumperbot_firmwareConfig.cmake
[25.240s] -- Installing: /home/om/slambot/install/bumperbot_firmware/share/bumperbot_firmware/cmake/bumperbot_firmwareConfig-version.cmake
[25.240s] -- Installing: /home/om/slambot/install/bumperbot_firmware/share/bumperbot_firmware/package.xml
[25.258s] Invoked command in '/home/om/slambot/build/bumperbot_firmware' returned '0': CMAKE_PREFIX_PATH=/opt/ros/humble /usr/bin/cmake --install /home/om/slambot/build/bumperbot_firmware
