[0.060s] Invoking command in '/home/om/slambot/build/bumperbot_firmware': CMAKE_PREFIX_PATH=${CMAKE_PREFIX_PATH}:/home/om/slambot/install/new_robot_description:/home/om/slambot/install/new_practice_bringup:/home/om/slambot/install/bumperbot_py_examples:/home/om/slambot/install/bumperbot_description:/opt/ros/humble /usr/bin/cmake /home/om/slambot/src/bumperbot_firmware -DCMAKE_INSTALL_PREFIX=/home/om/slambot/install/bumperbot_firmware
[0.213s] -- The C compiler identification is GNU 11.4.0
[0.390s] -- The CXX compiler identification is GNU 11.4.0
[0.409s] -- Detecting C compiler ABI info
[0.586s] -- Detecting C compiler ABI info - done
[0.607s] -- Check for working C compiler: /usr/bin/cc - skipped
[0.608s] -- Detecting C compile features
[0.616s] -- Detecting C compile features - done
[0.623s] -- Detecting CXX compiler ABI info
[0.813s] -- Detecting CXX compiler ABI info - done
[0.834s] -- Check for working CXX compiler: /usr/bin/c++ - skipped
[0.835s] -- Detecting CXX compile features
[0.835s] -- Detecting CXX compile features - done
[0.841s] -- Found ament_cmake: 1.3.10 (/opt/ros/humble/share/ament_cmake/cmake)
[1.207s] -- Found Python3: /usr/bin/python3 (found version "3.10.12") found components: Interpreter 
[1.430s] -- Found rclcpp: 16.0.10 (/opt/ros/humble/share/rclcpp/cmake)
[1.536s] -- Found rosidl_generator_c: 3.1.5 (/opt/ros/humble/share/rosidl_generator_c/cmake)
[1.545s] -- Found rosidl_adapter: 3.1.5 (/opt/ros/humble/share/rosidl_adapter/cmake)
[1.567s] -- Found rosidl_generator_cpp: 3.1.5 (/opt/ros/humble/share/rosidl_generator_cpp/cmake)
[1.597s] -- Using all available rosidl_typesupport_c: rosidl_typesupport_fastrtps_c;rosidl_typesupport_introspection_c
[1.639s] -- Using all available rosidl_typesupport_cpp: rosidl_typesupport_fastrtps_cpp;rosidl_typesupport_introspection_cpp
[1.751s] -- Found rmw_implementation_cmake: 6.1.2 (/opt/ros/humble/share/rmw_implementation_cmake/cmake)
[1.755s] -- Found rmw_fastrtps_cpp: 6.2.7 (/opt/ros/humble/share/rmw_fastrtps_cpp/cmake)
[1.968s] -- Found OpenSSL: /usr/lib/x86_64-linux-gnu/libcrypto.so (found version "3.0.2")  
[2.035s] -- Found FastRTPS: /opt/ros/humble/include  
[2.131s] -- Using RMW implementation 'rmw_fastrtps_cpp' as default
[2.154s] -- Looking for pthread.h
[2.303s] -- Looking for pthread.h - found
[2.304s] -- Performing Test CMAKE_HAVE_LIBC_PTHREAD
[2.453s] -- Performing Test CMAKE_HAVE_LIBC_PTHREAD - Success
[2.455s] -- Found Threads: TRUE  
[2.612s] -- Found rclpy: 3.3.14 (/opt/ros/humble/share/rclpy/cmake)
[2.617s] -- Found hardware_interface: 2.42.0 (/opt/ros/humble/share/hardware_interface/cmake)
[2.995s] -- Found PkgConfig: /usr/bin/pkg-config (found version "0.29.2") 
[2.996s] -- Checking for module 'libserial'
[3.024s] --   Found libserial, version 1.0.0
[3.451s] -- Configuring done
[3.527s] -- Generating done
[3.530s] -- Build files have been written to: /home/om/slambot/build/bumperbot_firmware
[3.563s] Invoked command in '/home/om/slambot/build/bumperbot_firmware' returned '0': CMAKE_PREFIX_PATH=${CMAKE_PREFIX_PATH}:/home/om/slambot/install/new_robot_description:/home/om/slambot/install/new_practice_bringup:/home/om/slambot/install/bumperbot_py_examples:/home/om/slambot/install/bumperbot_description:/opt/ros/humble /usr/bin/cmake /home/om/slambot/src/bumperbot_firmware -DCMAKE_INSTALL_PREFIX=/home/om/slambot/install/bumperbot_firmware
[3.564s] Invoking command in '/home/om/slambot/build/bumperbot_firmware': CMAKE_PREFIX_PATH=${CMAKE_PREFIX_PATH}:/home/om/slambot/install/new_robot_description:/home/om/slambot/install/new_practice_bringup:/home/om/slambot/install/bumperbot_py_examples:/home/om/slambot/install/bumperbot_description:/opt/ros/humble /usr/bin/cmake --build /home/om/slambot/build/bumperbot_firmware -- -j8 -l8
[4.562s] [ 16%] [32mBuilding CXX object CMakeFiles/simple_serial_receiver.dir/src/simple_serial_receiver.cpp.o[0m
[4.562s] [ 33%] [32mBuilding CXX object CMakeFiles/bumperbot_firmware.dir/src/bumperbot_interface.cpp.o[0m
[4.562s] [ 50%] [32mBuilding CXX object CMakeFiles/simple_serial_transmitter.dir/src/simple_serial_transmitter.cpp.o[0m
[4.563s] [ 50%] Built target ament_cmake_python_copy_bumperbot_firmware
[4.604s] running egg_info
[4.606s] creating bumperbot_firmware.egg-info
[4.606s] writing bumperbot_firmware.egg-info/PKG-INFO
[4.606s] writing dependency_links to bumperbot_firmware.egg-info/dependency_links.txt
[4.607s] writing top-level names to bumperbot_firmware.egg-info/top_level.txt
[4.607s] writing manifest file 'bumperbot_firmware.egg-info/SOURCES.txt'
[4.612s] reading manifest file 'bumperbot_firmware.egg-info/SOURCES.txt'
[4.618s] writing manifest file 'bumperbot_firmware.egg-info/SOURCES.txt'
[4.728s] [ 50%] Built target ament_cmake_python_build_bumperbot_firmware_egg
[21.269s] [ 66%] [32m[1mLinking CXX shared library libbumperbot_firmware.so[0m
[24.826s] [ 66%] Built target bumperbot_firmware
