-- Install configuration: ""
-- Up-to-date: /home/om/slambot/install/new_robot_description/share/new_robot_description//urdf
-- Installing: /home/om/slambot/install/new_robot_description/share/new_robot_description//urdf/camera.xacro
-- Up-to-date: /home/om/slambot/install/new_robot_description/share/new_robot_description//urdf/base_robot.xacro
-- Up-to-date: /home/om/slambot/install/new_robot_description/share/new_robot_description//urdf/common_properties.xacro
-- Up-to-date: /home/om/slambot/install/new_robot_description/share/new_robot_description//urdf/base_robot_gazebo.xacro
-- Installing: /home/om/slambot/install/new_robot_description/share/new_robot_description//urdf/my_robot.urdf.xacro
-- Up-to-date: /home/om/slambot/install/new_robot_description/share/new_robot_description//urdf/ros2_control.xacro
-- Up-to-date: /home/om/slambot/install/new_robot_description/share/new_robot_description//urdf/laser.xacro
-- Up-to-date: /home/om/slambot/install/new_robot_description/share/new_robot_description//launch
-- Up-to-date: /home/om/slambot/install/new_robot_description/share/new_robot_description//launch/gazebo.launch.py
-- Up-to-date: /home/om/slambot/install/new_robot_description/share/new_robot_description//launch/display.launch.py
-- Up-to-date: /home/om/slambot/install/new_robot_description/share/new_robot_description//launch/my_robot.launch.xml
-- Up-to-date: /home/om/slambot/install/new_robot_description/share/new_robot_description//rviz
-- Up-to-date: /home/om/slambot/install/new_robot_description/share/new_robot_description//rviz/urdf_config.rviz
-- Up-to-date: /home/om/slambot/install/new_robot_description/share/new_robot_description//rviz/display.rviz
-- Up-to-date: /home/om/slambot/install/new_robot_description/share/new_robot_description//models
-- Up-to-date: /home/om/slambot/install/new_robot_description/share/new_robot_description//models/workcell
-- Up-to-date: /home/om/slambot/install/new_robot_description/share/new_robot_description//models/workcell/model.sdf
-- Up-to-date: /home/om/slambot/install/new_robot_description/share/new_robot_description//models/workcell/materials
-- Up-to-date: /home/om/slambot/install/new_robot_description/share/new_robot_description//models/workcell/materials/textures
-- Up-to-date: /home/om/slambot/install/new_robot_description/share/new_robot_description//models/workcell/materials/textures/Plywood.png
-- Up-to-date: /home/om/slambot/install/new_robot_description/share/new_robot_description//models/workcell/materials/textures/RubberMat.png
-- Up-to-date: /home/om/slambot/install/new_robot_description/share/new_robot_description//models/workcell/materials/textures/RollupDoor.png
-- Up-to-date: /home/om/slambot/install/new_robot_description/share/new_robot_description//models/workcell/materials/textures/Wall_Concrete.png
-- Up-to-date: /home/om/slambot/install/new_robot_description/share/new_robot_description//models/workcell/materials/textures/Yellow.png
-- Up-to-date: /home/om/slambot/install/new_robot_description/share/new_robot_description//models/workcell/materials/textures/Shelves.png
-- Up-to-date: /home/om/slambot/install/new_robot_description/share/new_robot_description//models/workcell/materials/textures/PalletWrap.png
-- Up-to-date: /home/om/slambot/install/new_robot_description/share/new_robot_description//models/workcell/materials/textures/CardboardBoxes.png
-- Up-to-date: /home/om/slambot/install/new_robot_description/share/new_robot_description//models/workcell/materials/textures/Pillar.png
-- Up-to-date: /home/om/slambot/install/new_robot_description/share/new_robot_description//models/workcell/materials/textures/Pallet.png
-- Up-to-date: /home/om/slambot/install/new_robot_description/share/new_robot_description//models/workcell/materials/textures/Mesh.png
-- Up-to-date: /home/om/slambot/install/new_robot_description/share/new_robot_description//models/workcell/materials/textures/Floor.png
-- Up-to-date: /home/om/slambot/install/new_robot_description/share/new_robot_description//models/workcell/materials/textures/Conveyor.png
-- Up-to-date: /home/om/slambot/install/new_robot_description/share/new_robot_description//models/workcell/materials/textures/Door_Window.png
-- Up-to-date: /home/om/slambot/install/new_robot_description/share/new_robot_description//models/workcell/materials/textures/Stairs.png
-- Up-to-date: /home/om/slambot/install/new_robot_description/share/new_robot_description//models/workcell/materials/textures/WorkCell_Render.png
-- Up-to-date: /home/om/slambot/install/new_robot_description/share/new_robot_description//models/workcell/materials/textures/ControlPanel.png
-- Up-to-date: /home/om/slambot/install/new_robot_description/share/new_robot_description//models/workcell/materials/textures/Wall_Corrugated.png
-- Up-to-date: /home/om/slambot/install/new_robot_description/share/new_robot_description//models/workcell/materials/textures/Bin.png
-- Up-to-date: /home/om/slambot/install/new_robot_description/share/new_robot_description//models/workcell/model.config
-- Up-to-date: /home/om/slambot/install/new_robot_description/share/new_robot_description//models/workcell/meshes
-- Up-to-date: /home/om/slambot/install/new_robot_description/share/new_robot_description//models/workcell/meshes/mesh.dae
-- Up-to-date: /home/om/slambot/install/new_robot_description/share/new_robot_description//models/workcell/meshes/mesh_backup.dae
-- Up-to-date: /home/om/slambot/install/new_robot_description/share/new_robot_description//models/workcell_bin
-- Up-to-date: /home/om/slambot/install/new_robot_description/share/new_robot_description//models/workcell_bin/model.sdf
-- Up-to-date: /home/om/slambot/install/new_robot_description/share/new_robot_description//models/workcell_bin/materials
-- Up-to-date: /home/om/slambot/install/new_robot_description/share/new_robot_description//models/workcell_bin/materials/textures
-- Up-to-date: /home/om/slambot/install/new_robot_description/share/new_robot_description//models/workcell_bin/materials/textures/bin.png
-- Up-to-date: /home/om/slambot/install/new_robot_description/share/new_robot_description//models/workcell_bin/model.config
-- Up-to-date: /home/om/slambot/install/new_robot_description/share/new_robot_description//models/workcell_bin/meshes
-- Up-to-date: /home/om/slambot/install/new_robot_description/share/new_robot_description//models/workcell_bin/meshes/bin.dae
-- Up-to-date: /home/om/slambot/install/new_robot_description/share/new_robot_description//models/ground_plane
-- Up-to-date: /home/om/slambot/install/new_robot_description/share/new_robot_description//models/ground_plane/model.sdf
-- Up-to-date: /home/om/slambot/install/new_robot_description/share/new_robot_description//models/ground_plane/model-1_4.sdf
-- Up-to-date: /home/om/slambot/install/new_robot_description/share/new_robot_description//models/ground_plane/model.config
-- Up-to-date: /home/om/slambot/install/new_robot_description/share/new_robot_description//models/ground_plane/model-1_3.sdf
-- Up-to-date: /home/om/slambot/install/new_robot_description/share/new_robot_description//models/ground_plane/model-1_2.sdf
-- Up-to-date: /home/om/slambot/install/new_robot_description/share/new_robot_description//models/sun
-- Up-to-date: /home/om/slambot/install/new_robot_description/share/new_robot_description//models/sun/model.sdf
-- Up-to-date: /home/om/slambot/install/new_robot_description/share/new_robot_description//models/sun/model-1_4.sdf
-- Up-to-date: /home/om/slambot/install/new_robot_description/share/new_robot_description//models/sun/model.config
-- Up-to-date: /home/om/slambot/install/new_robot_description/share/new_robot_description//models/sun/model-1_3.sdf
-- Up-to-date: /home/om/slambot/install/new_robot_description/share/new_robot_description//models/sun/model-1_2.sdf
-- Up-to-date: /home/om/slambot/install/new_robot_description/share/new_robot_description//worlds
-- Up-to-date: /home/om/slambot/install/new_robot_description/share/new_robot_description//worlds/warehouse.world
-- Up-to-date: /home/om/slambot/install/new_robot_description/share/ament_index/resource_index/package_run_dependencies/new_robot_description
-- Up-to-date: /home/om/slambot/install/new_robot_description/share/ament_index/resource_index/parent_prefix_path/new_robot_description
-- Up-to-date: /home/om/slambot/install/new_robot_description/share/new_robot_description/environment/ament_prefix_path.sh
-- Up-to-date: /home/om/slambot/install/new_robot_description/share/new_robot_description/environment/ament_prefix_path.dsv
-- Up-to-date: /home/om/slambot/install/new_robot_description/share/new_robot_description/environment/path.sh
-- Up-to-date: /home/om/slambot/install/new_robot_description/share/new_robot_description/environment/path.dsv
-- Up-to-date: /home/om/slambot/install/new_robot_description/share/new_robot_description/local_setup.bash
-- Up-to-date: /home/om/slambot/install/new_robot_description/share/new_robot_description/local_setup.sh
-- Up-to-date: /home/om/slambot/install/new_robot_description/share/new_robot_description/local_setup.zsh
-- Up-to-date: /home/om/slambot/install/new_robot_description/share/new_robot_description/local_setup.dsv
-- Installing: /home/om/slambot/install/new_robot_description/share/new_robot_description/package.dsv
-- Up-to-date: /home/om/slambot/install/new_robot_description/share/ament_index/resource_index/packages/new_robot_description
-- Up-to-date: /home/om/slambot/install/new_robot_description/share/new_robot_description/cmake/new_robot_descriptionConfig.cmake
-- Up-to-date: /home/om/slambot/install/new_robot_description/share/new_robot_description/cmake/new_robot_descriptionConfig-version.cmake
-- Up-to-date: /home/om/slambot/install/new_robot_description/share/new_robot_description/package.xml
