[0.158s] Invoking command in '/home/om/slambot/build/new_robot_description': CMAKE_PREFIX_PATH=/opt/ros/humble /usr/bin/cmake --build /home/om/slambot/build/new_robot_description -- -j8 -l8
[0.333s] Invoked command in '/home/om/slambot/build/new_robot_description' returned '0': CMAKE_PREFIX_PATH=/opt/ros/humble /usr/bin/cmake --build /home/om/slambot/build/new_robot_description -- -j8 -l8
[0.470s] Invoking command in '/home/om/slambot/build/new_robot_description': CMAKE_PREFIX_PATH=/opt/ros/humble /usr/bin/cmake --install /home/om/slambot/build/new_robot_description
[11.039s] -- Install configuration: ""
[11.055s] -- Up-to-date: /home/om/slambot/install/new_robot_description/share/new_robot_description//urdf
[11.057s] -- Up-to-date: /home/om/slambot/install/new_robot_description/share/new_robot_description//urdf/base_robot.xacro
[11.059s] -- Up-to-date: /home/om/slambot/install/new_robot_description/share/new_robot_description//urdf/common_properties.xacro
[11.060s] -- Up-to-date: /home/om/slambot/install/new_robot_description/share/new_robot_description//urdf/base_robot_gazebo.xacro
[11.061s] -- Up-to-date: /home/om/slambot/install/new_robot_description/share/new_robot_description//urdf/my_robot.urdf.xacro
[11.062s] -- Up-to-date: /home/om/slambot/install/new_robot_description/share/new_robot_description//urdf/ros2_control.xacro
[11.064s] -- Up-to-date: /home/om/slambot/install/new_robot_description/share/new_robot_description//urdf/laser.xacro
[11.065s] -- Up-to-date: /home/om/slambot/install/new_robot_description/share/new_robot_description//launch
[11.066s] -- Up-to-date: /home/om/slambot/install/new_robot_description/share/new_robot_description//launch/gazebo.launch.py
[11.067s] -- Up-to-date: /home/om/slambot/install/new_robot_description/share/new_robot_description//launch/display.launch.py
[11.068s] -- Up-to-date: /home/om/slambot/install/new_robot_description/share/new_robot_description//launch/my_robot.launch.xml
[11.070s] -- Up-to-date: /home/om/slambot/install/new_robot_description/share/new_robot_description//rviz
[11.071s] -- Up-to-date: /home/om/slambot/install/new_robot_description/share/new_robot_description//rviz/urdf_config.rviz
[11.072s] -- Up-to-date: /home/om/slambot/install/new_robot_description/share/new_robot_description//rviz/display.rviz
[11.073s] -- Up-to-date: /home/om/slambot/install/new_robot_description/share/new_robot_description//models
[11.073s] -- Up-to-date: /home/om/slambot/install/new_robot_description/share/new_robot_description//models/workcell
[11.074s] -- Up-to-date: /home/om/slambot/install/new_robot_description/share/new_robot_description//models/workcell/model.sdf
[11.075s] -- Up-to-date: /home/om/slambot/install/new_robot_description/share/new_robot_description//models/workcell/materials
[11.075s] -- Up-to-date: /home/om/slambot/install/new_robot_description/share/new_robot_description//models/workcell/materials/textures
[11.086s] -- Up-to-date: /home/om/slambot/install/new_robot_description/share/new_robot_description//models/workcell/materials/textures/Plywood.png
[11.087s] -- Up-to-date: /home/om/slambot/install/new_robot_description/share/new_robot_description//models/workcell/materials/textures/RubberMat.png
[11.087s] -- Up-to-date: /home/om/slambot/install/new_robot_description/share/new_robot_description//models/workcell/materials/textures/RollupDoor.png
[11.088s] -- Up-to-date: /home/om/slambot/install/new_robot_description/share/new_robot_description//models/workcell/materials/textures/Wall_Concrete.png
[11.089s] -- Up-to-date: /home/om/slambot/install/new_robot_description/share/new_robot_description//models/workcell/materials/textures/Yellow.png
[11.090s] -- Up-to-date: /home/om/slambot/install/new_robot_description/share/new_robot_description//models/workcell/materials/textures/Shelves.png
[11.091s] -- Up-to-date: /home/om/slambot/install/new_robot_description/share/new_robot_description//models/workcell/materials/textures/PalletWrap.png
[11.093s] -- Up-to-date: /home/om/slambot/install/new_robot_description/share/new_robot_description//models/workcell/materials/textures/CardboardBoxes.png
[11.095s] -- Up-to-date: /home/om/slambot/install/new_robot_description/share/new_robot_description//models/workcell/materials/textures/Pillar.png
[11.095s] -- Up-to-date: /home/om/slambot/install/new_robot_description/share/new_robot_description//models/workcell/materials/textures/Pallet.png
[11.096s] -- Up-to-date: /home/om/slambot/install/new_robot_description/share/new_robot_description//models/workcell/materials/textures/Mesh.png
[11.097s] -- Up-to-date: /home/om/slambot/install/new_robot_description/share/new_robot_description//models/workcell/materials/textures/Floor.png
[11.098s] -- Up-to-date: /home/om/slambot/install/new_robot_description/share/new_robot_description//models/workcell/materials/textures/Conveyor.png
[11.113s] -- Up-to-date: /home/om/slambot/install/new_robot_description/share/new_robot_description//models/workcell/materials/textures/Door_Window.png
[11.113s] -- Up-to-date: /home/om/slambot/install/new_robot_description/share/new_robot_description//models/workcell/materials/textures/Stairs.png
[11.113s] -- Up-to-date: /home/om/slambot/install/new_robot_description/share/new_robot_description//models/workcell/materials/textures/WorkCell_Render.png
[11.113s] -- Up-to-date: /home/om/slambot/install/new_robot_description/share/new_robot_description//models/workcell/materials/textures/ControlPanel.png
[11.113s] -- Up-to-date: /home/om/slambot/install/new_robot_description/share/new_robot_description//models/workcell/materials/textures/Wall_Corrugated.png
[11.113s] -- Up-to-date: /home/om/slambot/install/new_robot_description/share/new_robot_description//models/workcell/materials/textures/Bin.png
[11.114s] -- Up-to-date: /home/om/slambot/install/new_robot_description/share/new_robot_description//models/workcell/model.config
[11.114s] -- Up-to-date: /home/om/slambot/install/new_robot_description/share/new_robot_description//models/workcell/meshes
[11.114s] -- Up-to-date: /home/om/slambot/install/new_robot_description/share/new_robot_description//models/workcell/meshes/mesh.dae
[11.114s] -- Up-to-date: /home/om/slambot/install/new_robot_description/share/new_robot_description//models/workcell/meshes/mesh_backup.dae
[11.114s] -- Up-to-date: /home/om/slambot/install/new_robot_description/share/new_robot_description//models/workcell_bin
[11.114s] -- Up-to-date: /home/om/slambot/install/new_robot_description/share/new_robot_description//models/workcell_bin/model.sdf
[11.114s] -- Up-to-date: /home/om/slambot/install/new_robot_description/share/new_robot_description//models/workcell_bin/materials
[11.114s] -- Up-to-date: /home/om/slambot/install/new_robot_description/share/new_robot_description//models/workcell_bin/materials/textures
[11.114s] -- Up-to-date: /home/om/slambot/install/new_robot_description/share/new_robot_description//models/workcell_bin/materials/textures/bin.png
[11.115s] -- Up-to-date: /home/om/slambot/install/new_robot_description/share/new_robot_description//models/workcell_bin/model.config
[11.115s] -- Up-to-date: /home/om/slambot/install/new_robot_description/share/new_robot_description//models/workcell_bin/meshes
[11.115s] -- Up-to-date: /home/om/slambot/install/new_robot_description/share/new_robot_description//models/workcell_bin/meshes/bin.dae
[11.115s] -- Up-to-date: /home/om/slambot/install/new_robot_description/share/new_robot_description//models/ground_plane
[11.115s] -- Up-to-date: /home/om/slambot/install/new_robot_description/share/new_robot_description//models/ground_plane/model.sdf
[11.115s] -- Up-to-date: /home/om/slambot/install/new_robot_description/share/new_robot_description//models/ground_plane/model-1_4.sdf
[11.115s] -- Up-to-date: /home/om/slambot/install/new_robot_description/share/new_robot_description//models/ground_plane/model.config
[11.115s] -- Up-to-date: /home/om/slambot/install/new_robot_description/share/new_robot_description//models/ground_plane/model-1_3.sdf
[11.115s] -- Up-to-date: /home/om/slambot/install/new_robot_description/share/new_robot_description//models/ground_plane/model-1_2.sdf
[11.115s] -- Up-to-date: /home/om/slambot/install/new_robot_description/share/new_robot_description//models/sun
[11.116s] -- Up-to-date: /home/om/slambot/install/new_robot_description/share/new_robot_description//models/sun/model.sdf
[11.116s] -- Up-to-date: /home/om/slambot/install/new_robot_description/share/new_robot_description//models/sun/model-1_4.sdf
[11.116s] -- Up-to-date: /home/om/slambot/install/new_robot_description/share/new_robot_description//models/sun/model.config
[11.116s] -- Up-to-date: /home/om/slambot/install/new_robot_description/share/new_robot_description//models/sun/model-1_3.sdf
[11.116s] -- Up-to-date: /home/om/slambot/install/new_robot_description/share/new_robot_description//models/sun/model-1_2.sdf
[11.116s] -- Up-to-date: /home/om/slambot/install/new_robot_description/share/new_robot_description//worlds
[11.116s] -- Up-to-date: /home/om/slambot/install/new_robot_description/share/new_robot_description//worlds/warehouse.world
[11.117s] -- Up-to-date: /home/om/slambot/install/new_robot_description/share/ament_index/resource_index/package_run_dependencies/new_robot_description
[11.117s] -- Up-to-date: /home/om/slambot/install/new_robot_description/share/ament_index/resource_index/parent_prefix_path/new_robot_description
[11.117s] -- Up-to-date: /home/om/slambot/install/new_robot_description/share/new_robot_description/environment/ament_prefix_path.sh
[11.118s] -- Up-to-date: /home/om/slambot/install/new_robot_description/share/new_robot_description/environment/ament_prefix_path.dsv
[11.118s] -- Up-to-date: /home/om/slambot/install/new_robot_description/share/new_robot_description/environment/path.sh
[11.118s] -- Up-to-date: /home/om/slambot/install/new_robot_description/share/new_robot_description/environment/path.dsv
[11.118s] -- Up-to-date: /home/om/slambot/install/new_robot_description/share/new_robot_description/local_setup.bash
[11.118s] -- Up-to-date: /home/om/slambot/install/new_robot_description/share/new_robot_description/local_setup.sh
[11.118s] -- Up-to-date: /home/om/slambot/install/new_robot_description/share/new_robot_description/local_setup.zsh
[11.118s] -- Up-to-date: /home/om/slambot/install/new_robot_description/share/new_robot_description/local_setup.dsv
[11.118s] -- Installing: /home/om/slambot/install/new_robot_description/share/new_robot_description/package.dsv
[11.118s] -- Up-to-date: /home/om/slambot/install/new_robot_description/share/ament_index/resource_index/packages/new_robot_description
[11.118s] -- Up-to-date: /home/om/slambot/install/new_robot_description/share/new_robot_description/cmake/new_robot_descriptionConfig.cmake
[11.118s] -- Up-to-date: /home/om/slambot/install/new_robot_description/share/new_robot_description/cmake/new_robot_descriptionConfig-version.cmake
[11.118s] -- Up-to-date: /home/om/slambot/install/new_robot_description/share/new_robot_description/package.xml
[11.176s] Invoked command in '/home/om/slambot/build/new_robot_description' returned '0': CMAKE_PREFIX_PATH=/opt/ros/humble /usr/bin/cmake --install /home/om/slambot/build/new_robot_description
