[ 50%] [32mBuilding CXX object CMakeFiles/new_robot_firmware.dir/src/new_robot_interface.cpp.o[0m
[100%] [32m[1mLinking CXX shared library libnew_robot_firmware.so[0m
[100%] Built target new_robot_firmware
-- Install configuration: ""
-- Installing: /home/om/slambot/install/new_robot_firmware/share/new_robot_firmware/new_robot_interface.xml
-- Installing: /home/om/slambot/install/new_robot_firmware/lib/libnew_robot_firmware.so
-- Set runtime path of "/home/om/slambot/install/new_robot_firmware/lib/libnew_robot_firmware.so" to ""
-- Installing: /home/om/slambot/install/new_robot_firmware/include/include
-- Installing: /home/om/slambot/install/new_robot_firmware/include/include/new_robot_firmware
-- Installing: /home/om/slambot/install/new_robot_firmware/include/include/new_robot_firmware/new_robot_interface.hpp
-- Installing: /home/om/slambot/install/new_robot_firmware/share/new_robot_firmware/launch
-- Installing: /home/om/slambot/install/new_robot_firmware/share/new_robot_firmware/launch/hardware_interface.launch.py
-- Installing: /home/om/slambot/install/new_robot_firmware/share/new_robot_firmware/environment/library_path.sh
-- Installing: /home/om/slambot/install/new_robot_firmware/share/new_robot_firmware/environment/library_path.dsv
-- Installing: /home/om/slambot/install/new_robot_firmware/share/ament_index/resource_index/package_run_dependencies/new_robot_firmware
-- Installing: /home/om/slambot/install/new_robot_firmware/share/ament_index/resource_index/parent_prefix_path/new_robot_firmware
-- Installing: /home/om/slambot/install/new_robot_firmware/share/new_robot_firmware/environment/ament_prefix_path.sh
-- Installing: /home/om/slambot/install/new_robot_firmware/share/new_robot_firmware/environment/ament_prefix_path.dsv
-- Installing: /home/om/slambot/install/new_robot_firmware/share/new_robot_firmware/environment/path.sh
-- Installing: /home/om/slambot/install/new_robot_firmware/share/new_robot_firmware/environment/path.dsv
-- Installing: /home/om/slambot/install/new_robot_firmware/share/new_robot_firmware/local_setup.bash
-- Installing: /home/om/slambot/install/new_robot_firmware/share/new_robot_firmware/local_setup.sh
-- Installing: /home/om/slambot/install/new_robot_firmware/share/new_robot_firmware/local_setup.zsh
-- Installing: /home/om/slambot/install/new_robot_firmware/share/new_robot_firmware/local_setup.dsv
-- Installing: /home/om/slambot/install/new_robot_firmware/share/new_robot_firmware/package.dsv
-- Installing: /home/om/slambot/install/new_robot_firmware/share/ament_index/resource_index/packages/new_robot_firmware
-- Installing: /home/om/slambot/install/new_robot_firmware/share/ament_index/resource_index/hardware_interface__pluginlib__plugin/new_robot_firmware
-- Installing: /home/om/slambot/install/new_robot_firmware/share/new_robot_firmware/cmake/ament_cmake_export_include_directories-extras.cmake
-- Installing: /home/om/slambot/install/new_robot_firmware/share/new_robot_firmware/cmake/ament_cmake_export_libraries-extras.cmake
-- Installing: /home/om/slambot/install/new_robot_firmware/share/new_robot_firmware/cmake/ament_cmake_export_dependencies-extras.cmake
-- Installing: /home/om/slambot/install/new_robot_firmware/share/new_robot_firmware/cmake/new_robot_firmwareConfig.cmake
-- Installing: /home/om/slambot/install/new_robot_firmware/share/new_robot_firmware/cmake/new_robot_firmwareConfig-version.cmake
-- Installing: /home/om/slambot/install/new_robot_firmware/share/new_robot_firmware/package.xml
