[0.060s] Invoking command in '/home/om/slambot/build/bumperbot_localization': CMAKE_PREFIX_PATH=/opt/ros/humble /usr/bin/cmake --build /home/om/slambot/build/bumperbot_localization -- -j8 -l8
[0.212s] [ 25%] [32mBuilding CXX object CMakeFiles/kalman_filter.dir/src/kalman_filter.cpp.o[0m
[0.235s] [ 50%] [32mBuilding CXX object CMakeFiles/imu_republisher.dir/src/imu_republisher.cpp.o[0m
[0.246s] [ 50%] Built target ament_cmake_python_copy_bumperbot_localization
[1.209s] running egg_info
[1.210s] writing bumperbot_localization.egg-info/PKG-INFO
[1.210s] writing dependency_links to bumperbot_localization.egg-info/dependency_links.txt
[1.211s] writing top-level names to bumperbot_localization.egg-info/top_level.txt
[1.215s] reading manifest file 'bumperbot_localization.egg-info/SOURCES.txt'
[1.215s] writing manifest file 'bumperbot_localization.egg-info/SOURCES.txt'
[1.301s] [ 50%] Built target ament_cmake_python_build_bumperbot_localization_egg
[25.542s] [ 75%] [32m[1mLinking CXX executable imu_republisher[0m
[27.575s] [ 75%] Built target imu_republisher
[30.690s] [100%] [32m[1mLinking CXX executable kalman_filter[0m
[32.606s] [100%] Built target kalman_filter
[32.677s] Invoked command in '/home/om/slambot/build/bumperbot_localization' returned '0': CMAKE_PREFIX_PATH=/opt/ros/humble /usr/bin/cmake --build /home/om/slambot/build/bumperbot_localization -- -j8 -l8
[32.843s] Invoking command in '/home/om/slambot/build/bumperbot_localization': CMAKE_PREFIX_PATH=/opt/ros/humble /usr/bin/cmake --install /home/om/slambot/build/bumperbot_localization
[32.883s] -- Install configuration: ""
[32.883s] -- Installing: /home/om/slambot/install/bumperbot_localization/share/bumperbot_localization/environment/pythonpath.sh
[32.883s] -- Installing: /home/om/slambot/install/bumperbot_localization/share/bumperbot_localization/environment/pythonpath.dsv
[32.883s] -- Installing: /home/om/slambot/install/bumperbot_localization/local/lib/python3.10/dist-packages/bumperbot_localization-0.0.0-py3.10.egg-info
[32.883s] -- Installing: /home/om/slambot/install/bumperbot_localization/local/lib/python3.10/dist-packages/bumperbot_localization-0.0.0-py3.10.egg-info/PKG-INFO
[32.883s] -- Installing: /home/om/slambot/install/bumperbot_localization/local/lib/python3.10/dist-packages/bumperbot_localization-0.0.0-py3.10.egg-info/dependency_links.txt
[32.883s] -- Installing: /home/om/slambot/install/bumperbot_localization/local/lib/python3.10/dist-packages/bumperbot_localization-0.0.0-py3.10.egg-info/SOURCES.txt
[32.883s] -- Installing: /home/om/slambot/install/bumperbot_localization/local/lib/python3.10/dist-packages/bumperbot_localization-0.0.0-py3.10.egg-info/top_level.txt
[32.883s] -- Installing: /home/om/slambot/install/bumperbot_localization/local/lib/python3.10/dist-packages/bumperbot_localization
[32.884s] -- Installing: /home/om/slambot/install/bumperbot_localization/local/lib/python3.10/dist-packages/bumperbot_localization/__init__.py
[32.884s] -- Installing: /home/om/slambot/install/bumperbot_localization/local/lib/python3.10/dist-packages/bumperbot_localization/kalman_filter.py
[32.884s] -- Installing: /home/om/slambot/install/bumperbot_localization/local/lib/python3.10/dist-packages/bumperbot_localization/imu_republisher.py
[33.015s] Listing '/home/om/slambot/install/bumperbot_localization/local/lib/python3.10/dist-packages/bumperbot_localization'...
[33.015s] Compiling '/home/om/slambot/install/bumperbot_localization/local/lib/python3.10/dist-packages/bumperbot_localization/__init__.py'...
[33.015s] Compiling '/home/om/slambot/install/bumperbot_localization/local/lib/python3.10/dist-packages/bumperbot_localization/imu_republisher.py'...
[33.015s] Compiling '/home/om/slambot/install/bumperbot_localization/local/lib/python3.10/dist-packages/bumperbot_localization/kalman_filter.py'...
[33.036s] -- Installing: /home/om/slambot/install/bumperbot_localization/include/include
[33.044s] -- Installing: /home/om/slambot/install/bumperbot_localization/include/include/bumperbot_localization
[33.044s] -- Installing: /home/om/slambot/install/bumperbot_localization/include/include/bumperbot_localization/kalman_filter.hpp
[33.044s] -- Installing: /home/om/slambot/install/bumperbot_localization/lib/bumperbot_localization/kalman_filter
[33.056s] -- Set runtime path of "/home/om/slambot/install/bumperbot_localization/lib/bumperbot_localization/kalman_filter" to ""
[33.056s] -- Installing: /home/om/slambot/install/bumperbot_localization/lib/bumperbot_localization/imu_republisher
[33.063s] -- Set runtime path of "/home/om/slambot/install/bumperbot_localization/lib/bumperbot_localization/imu_republisher" to ""
[33.063s] -- Installing: /home/om/slambot/install/bumperbot_localization/share/bumperbot_localization/launch
[33.065s] -- Installing: /home/om/slambot/install/bumperbot_localization/share/bumperbot_localization/launch/local_localization.launch.py
[33.065s] -- Installing: /home/om/slambot/install/bumperbot_localization/share/bumperbot_localization/config
[33.065s] -- Installing: /home/om/slambot/install/bumperbot_localization/share/bumperbot_localization/config/ekf.yaml
[33.070s] -- Installing: /home/om/slambot/install/bumperbot_localization/lib/bumperbot_localization/kalman_filter.py
[33.071s] -- Installing: /home/om/slambot/install/bumperbot_localization/lib/bumperbot_localization/imu_republisher.py
[33.073s] -- Installing: /home/om/slambot/install/bumperbot_localization/share/ament_index/resource_index/package_run_dependencies/bumperbot_localization
[33.077s] -- Installing: /home/om/slambot/install/bumperbot_localization/share/ament_index/resource_index/parent_prefix_path/bumperbot_localization
[33.079s] -- Installing: /home/om/slambot/install/bumperbot_localization/share/bumperbot_localization/environment/ament_prefix_path.sh
[33.079s] -- Installing: /home/om/slambot/install/bumperbot_localization/share/bumperbot_localization/environment/ament_prefix_path.dsv
[33.082s] -- Installing: /home/om/slambot/install/bumperbot_localization/share/bumperbot_localization/environment/path.sh
[33.082s] -- Installing: /home/om/slambot/install/bumperbot_localization/share/bumperbot_localization/environment/path.dsv
[33.083s] -- Installing: /home/om/slambot/install/bumperbot_localization/share/bumperbot_localization/local_setup.bash
[33.084s] -- Installing: /home/om/slambot/install/bumperbot_localization/share/bumperbot_localization/local_setup.sh
[33.087s] -- Installing: /home/om/slambot/install/bumperbot_localization/share/bumperbot_localization/local_setup.zsh
[33.087s] -- Installing: /home/om/slambot/install/bumperbot_localization/share/bumperbot_localization/local_setup.dsv
[33.087s] -- Installing: /home/om/slambot/install/bumperbot_localization/share/bumperbot_localization/package.dsv
[33.089s] -- Installing: /home/om/slambot/install/bumperbot_localization/share/ament_index/resource_index/packages/bumperbot_localization
[33.096s] -- Installing: /home/om/slambot/install/bumperbot_localization/share/bumperbot_localization/cmake/bumperbot_localizationConfig.cmake
[33.096s] -- Installing: /home/om/slambot/install/bumperbot_localization/share/bumperbot_localization/cmake/bumperbot_localizationConfig-version.cmake
[33.096s] -- Installing: /home/om/slambot/install/bumperbot_localization/share/bumperbot_localization/package.xml
[33.112s] Invoked command in '/home/om/slambot/build/bumperbot_localization' returned '0': CMAKE_PREFIX_PATH=/opt/ros/humble /usr/bin/cmake --install /home/om/slambot/build/bumperbot_localization
