[0.045s] Invoking command in '/home/om/slambot/build/new_robot_controller': CMAKE_PREFIX_PATH=${CMAKE_PREFIX_PATH}:/home/om/slambot/install/new_robot_description:/home/om/slambot/install/new_practice_bringup:/home/om/slambot/install/bumperbot_py_examples:/home/om/slambot/install/bumperbot_description:/opt/ros/humble /usr/bin/cmake /home/om/slambot/src/new_robot_controller -DCMAKE_INSTALL_PREFIX=/home/om/slambot/install/new_robot_controller
[0.148s] -- The C compiler identification is GNU 11.4.0
[0.269s] -- The CXX compiler identification is GNU 11.4.0
[0.284s] -- Detecting C compiler ABI info
[0.421s] -- Detecting C compiler ABI info - done
[0.440s] -- Check for working C compiler: /usr/bin/cc - skipped
[0.440s] -- Detecting C compile features
[0.441s] -- Detecting C compile features - done
[0.448s] -- Detecting CXX compiler ABI info
[0.609s] -- Detecting CXX compiler ABI info - done
[0.635s] -- Check for working CXX compiler: /usr/bin/c++ - skipped
[0.636s] -- Detecting CXX compile features
[0.641s] -- Detecting CXX compile features - done
[0.646s] -- Found ament_cmake: 1.3.10 (/opt/ros/humble/share/ament_cmake/cmake)
[0.982s] -- Found Python3: /usr/bin/python3 (found version "3.10.12") found components: Interpreter 
[1.188s] -- Found rclcpp: 16.0.10 (/opt/ros/humble/share/rclcpp/cmake)
[1.294s] -- Found rosidl_generator_c: 3.1.5 (/opt/ros/humble/share/rosidl_generator_c/cmake)
[1.306s] -- Found rosidl_adapter: 3.1.5 (/opt/ros/humble/share/rosidl_adapter/cmake)
[1.327s] -- Found rosidl_generator_cpp: 3.1.5 (/opt/ros/humble/share/rosidl_generator_cpp/cmake)
[1.360s] -- Using all available rosidl_typesupport_c: rosidl_typesupport_fastrtps_c;rosidl_typesupport_introspection_c
[1.407s] -- Using all available rosidl_typesupport_cpp: rosidl_typesupport_fastrtps_cpp;rosidl_typesupport_introspection_cpp
[1.521s] -- Found rmw_implementation_cmake: 6.1.2 (/opt/ros/humble/share/rmw_implementation_cmake/cmake)
[1.528s] -- Found rmw_fastrtps_cpp: 6.2.7 (/opt/ros/humble/share/rmw_fastrtps_cpp/cmake)
[1.792s] -- Found OpenSSL: /usr/lib/x86_64-linux-gnu/libcrypto.so (found version "3.0.2")  
[1.896s] -- Found FastRTPS: /opt/ros/humble/include  
[2.122s] -- Using RMW implementation 'rmw_fastrtps_cpp' as default
[2.153s] -- Looking for pthread.h
[2.428s] -- Looking for pthread.h - found
[2.428s] -- Performing Test CMAKE_HAVE_LIBC_PTHREAD
[2.734s] -- Performing Test CMAKE_HAVE_LIBC_PTHREAD - Success
[2.743s] -- Found Threads: TRUE  
[3.049s] -- Found rclpy: 3.3.14 (/opt/ros/humble/share/rclpy/cmake)
[3.064s] -- Found geometry_msgs: 4.2.4 (/opt/ros/humble/share/geometry_msgs/cmake)
[3.210s] -- Found sensor_msgs: 4.2.4 (/opt/ros/humble/share/sensor_msgs/cmake)
[3.334s] -- Found nav_msgs: 4.2.4 (/opt/ros/humble/share/nav_msgs/cmake)
[3.433s] -- Found tf2: 0.25.7 (/opt/ros/humble/share/tf2/cmake)
[3.482s] -- Found tf2_ros: 0.25.7 (/opt/ros/humble/share/tf2_ros/cmake)
[4.757s] -- Configuring done
[4.809s] -- Generating done
[4.817s] -- Build files have been written to: /home/om/slambot/build/new_robot_controller
[4.843s] Invoked command in '/home/om/slambot/build/new_robot_controller' returned '0': CMAKE_PREFIX_PATH=${CMAKE_PREFIX_PATH}:/home/om/slambot/install/new_robot_description:/home/om/slambot/install/new_practice_bringup:/home/om/slambot/install/bumperbot_py_examples:/home/om/slambot/install/bumperbot_description:/opt/ros/humble /usr/bin/cmake /home/om/slambot/src/new_robot_controller -DCMAKE_INSTALL_PREFIX=/home/om/slambot/install/new_robot_controller
[4.854s] Invoking command in '/home/om/slambot/build/new_robot_controller': CMAKE_PREFIX_PATH=${CMAKE_PREFIX_PATH}:/home/om/slambot/install/new_robot_description:/home/om/slambot/install/new_practice_bringup:/home/om/slambot/install/bumperbot_py_examples:/home/om/slambot/install/bumperbot_description:/opt/ros/humble /usr/bin/cmake --build /home/om/slambot/build/new_robot_controller -- -j8 -l8
[7.166s] [ 50%] [32mBuilding CXX object CMakeFiles/simple_controller.dir/src/simple_controller.cpp.o[0m
[7.167s] [ 50%] Built target ament_cmake_python_copy_new_robot_controller
[7.167s] running egg_info
[7.167s] creating new_robot_controller.egg-info
[7.167s] writing new_robot_controller.egg-info/PKG-INFO
[7.167s] writing dependency_links to new_robot_controller.egg-info/dependency_links.txt
[7.167s] writing top-level names to new_robot_controller.egg-info/top_level.txt
[7.167s] writing manifest file 'new_robot_controller.egg-info/SOURCES.txt'
[7.167s] reading manifest file 'new_robot_controller.egg-info/SOURCES.txt'
[7.167s] writing manifest file 'new_robot_controller.egg-info/SOURCES.txt'
[7.167s] [ 50%] Built target ament_cmake_python_build_new_robot_controller_egg
