[0.108s] Invoking command in '/home/om/slambot/build/bumperbot_cpp_examples': CMAKE_PREFIX_PATH=${CMAKE_PREFIX_PATH}:/home/om/slambot/install/bumperbot_py_examples:/opt/ros/humble /usr/bin/cmake --build /home/om/slambot/build/bumperbot_cpp_examples -- -j8 -l8
[0.325s] [ 12%] Built target simple_publisher
[0.325s] [ 25%] Built target simple_lifecycle_node
[0.332s] [ 50%] Built target simple_turtlesim_kinematics
[0.332s] [ 50%] Built target simple_subscriber
[0.336s] [ 62%] Built target simple_parameter
[0.336s] [ 75%] Built target simple_tf_kinematics
[0.339s] [ 87%] Built target simple_service_client
[0.344s] [100%] Built target simple_service_server
[0.389s] Invoked command in '/home/om/slambot/build/bumperbot_cpp_examples' returned '0': CMAKE_PREFIX_PATH=${CMAKE_PREFIX_PATH}:/home/om/slambot/install/bumperbot_py_examples:/opt/ros/humble /usr/bin/cmake --build /home/om/slambot/build/bumperbot_cpp_examples -- -j8 -l8
[0.519s] Invoking command in '/home/om/slambot/build/bumperbot_cpp_examples': CMAKE_PREFIX_PATH=${CMAKE_PREFIX_PATH}:/home/om/slambot/install/bumperbot_py_examples:/opt/ros/humble /usr/bin/cmake --install /home/om/slambot/build/bumperbot_cpp_examples
[0.541s] -- Install configuration: ""
[0.542s] -- Up-to-date: /home/om/slambot/install/bumperbot_cpp_examples/include/include
[0.542s] -- Up-to-date: /home/om/slambot/install/bumperbot_cpp_examples/include/include/bumperbot_cpp_examples
[0.542s] -- Up-to-date: /home/om/slambot/install/bumperbot_cpp_examples/include/include/bumperbot_cpp_examples/simple_turtlesim_kinematics.hpp
[0.543s] -- Up-to-date: /home/om/slambot/install/bumperbot_cpp_examples/include/include/bumperbot_cpp_examples/simple_tf_kinematics.hpp
[0.544s] -- Up-to-date: /home/om/slambot/install/bumperbot_cpp_examples/lib/bumperbot_cpp_examples/simple_publisher
[0.545s] -- Up-to-date: /home/om/slambot/install/bumperbot_cpp_examples/lib/bumperbot_cpp_examples/simple_subscriber
[0.545s] -- Up-to-date: /home/om/slambot/install/bumperbot_cpp_examples/lib/bumperbot_cpp_examples/simple_parameter
[0.545s] -- Up-to-date: /home/om/slambot/install/bumperbot_cpp_examples/lib/bumperbot_cpp_examples/simple_turtlesim_kinematics
[0.545s] -- Up-to-date: /home/om/slambot/install/bumperbot_cpp_examples/lib/bumperbot_cpp_examples/simple_service_server
[0.546s] -- Up-to-date: /home/om/slambot/install/bumperbot_cpp_examples/lib/bumperbot_cpp_examples/simple_service_client
[0.546s] -- Up-to-date: /home/om/slambot/install/bumperbot_cpp_examples/lib/bumperbot_cpp_examples/simple_tf_kinematics
[0.551s] -- Up-to-date: /home/om/slambot/install/bumperbot_cpp_examples/lib/bumperbot_cpp_examples/simple_lifecycle_node
[0.552s] -- Up-to-date: /home/om/slambot/install/bumperbot_cpp_examples/share/ament_index/resource_index/package_run_dependencies/bumperbot_cpp_examples
[0.552s] -- Up-to-date: /home/om/slambot/install/bumperbot_cpp_examples/share/ament_index/resource_index/parent_prefix_path/bumperbot_cpp_examples
[0.552s] -- Up-to-date: /home/om/slambot/install/bumperbot_cpp_examples/share/bumperbot_cpp_examples/environment/ament_prefix_path.sh
[0.553s] -- Up-to-date: /home/om/slambot/install/bumperbot_cpp_examples/share/bumperbot_cpp_examples/environment/ament_prefix_path.dsv
[0.553s] -- Up-to-date: /home/om/slambot/install/bumperbot_cpp_examples/share/bumperbot_cpp_examples/environment/path.sh
[0.553s] -- Up-to-date: /home/om/slambot/install/bumperbot_cpp_examples/share/bumperbot_cpp_examples/environment/path.dsv
[0.554s] -- Up-to-date: /home/om/slambot/install/bumperbot_cpp_examples/share/bumperbot_cpp_examples/local_setup.bash
[0.554s] -- Up-to-date: /home/om/slambot/install/bumperbot_cpp_examples/share/bumperbot_cpp_examples/local_setup.sh
[0.554s] -- Up-to-date: /home/om/slambot/install/bumperbot_cpp_examples/share/bumperbot_cpp_examples/local_setup.zsh
[0.554s] -- Up-to-date: /home/om/slambot/install/bumperbot_cpp_examples/share/bumperbot_cpp_examples/local_setup.dsv
[0.554s] -- Installing: /home/om/slambot/install/bumperbot_cpp_examples/share/bumperbot_cpp_examples/package.dsv
[0.554s] -- Up-to-date: /home/om/slambot/install/bumperbot_cpp_examples/share/ament_index/resource_index/packages/bumperbot_cpp_examples
[0.555s] -- Up-to-date: /home/om/slambot/install/bumperbot_cpp_examples/share/bumperbot_cpp_examples/cmake/bumperbot_cpp_examplesConfig.cmake
[0.555s] -- Up-to-date: /home/om/slambot/install/bumperbot_cpp_examples/share/bumperbot_cpp_examples/cmake/bumperbot_cpp_examplesConfig-version.cmake
[0.555s] -- Up-to-date: /home/om/slambot/install/bumperbot_cpp_examples/share/bumperbot_cpp_examples/package.xml
[0.587s] Invoked command in '/home/om/slambot/build/bumperbot_cpp_examples' returned '0': CMAKE_PREFIX_PATH=${CMAKE_PREFIX_PATH}:/home/om/slambot/install/bumperbot_py_examples:/opt/ros/humble /usr/bin/cmake --install /home/om/slambot/build/bumperbot_cpp_examples
