[0.030s] Invoking command in '/home/om/slambot/build/cpp_examples': CMAKE_PREFIX_PATH=${CMAKE_PREFIX_PATH}:/home/om/slambot/install/bumperbot_py_examples:/opt/ros/humble /usr/bin/cmake --build /home/om/slambot/build/cpp_examples -- -j8 -l8
[0.093s] Invoked command in '/home/om/slambot/build/cpp_examples' returned '0': CMAKE_PREFIX_PATH=${CMAKE_PREFIX_PATH}:/home/om/slambot/install/bumperbot_py_examples:/opt/ros/humble /usr/bin/cmake --build /home/om/slambot/build/cpp_examples -- -j8 -l8
[0.141s] Invoking command in '/home/om/slambot/build/cpp_examples': CMAKE_PREFIX_PATH=${CMAKE_PREFIX_PATH}:/home/om/slambot/install/bumperbot_py_examples:/opt/ros/humble /usr/bin/cmake --install /home/om/slambot/build/cpp_examples
[0.151s] -- Install configuration: ""
[0.151s] -- Up-to-date: /home/om/slambot/install/cpp_examples/share/ament_index/resource_index/package_run_dependencies/cpp_examples
[0.151s] -- Up-to-date: /home/om/slambot/install/cpp_examples/share/ament_index/resource_index/parent_prefix_path/cpp_examples
[0.151s] -- Up-to-date: /home/om/slambot/install/cpp_examples/share/cpp_examples/environment/ament_prefix_path.sh
[0.151s] -- Up-to-date: /home/om/slambot/install/cpp_examples/share/cpp_examples/environment/ament_prefix_path.dsv
[0.151s] -- Up-to-date: /home/om/slambot/install/cpp_examples/share/cpp_examples/environment/path.sh
[0.151s] -- Up-to-date: /home/om/slambot/install/cpp_examples/share/cpp_examples/environment/path.dsv
[0.151s] -- Up-to-date: /home/om/slambot/install/cpp_examples/share/cpp_examples/local_setup.bash
[0.151s] -- Up-to-date: /home/om/slambot/install/cpp_examples/share/cpp_examples/local_setup.sh
[0.151s] -- Up-to-date: /home/om/slambot/install/cpp_examples/share/cpp_examples/local_setup.zsh
[0.151s] -- Up-to-date: /home/om/slambot/install/cpp_examples/share/cpp_examples/local_setup.dsv
[0.152s] -- Installing: /home/om/slambot/install/cpp_examples/share/cpp_examples/package.dsv
[0.157s] -- Up-to-date: /home/om/slambot/install/cpp_examples/share/ament_index/resource_index/packages/cpp_examples
[0.157s] -- Up-to-date: /home/om/slambot/install/cpp_examples/share/cpp_examples/cmake/cpp_examplesConfig.cmake
[0.157s] -- Up-to-date: /home/om/slambot/install/cpp_examples/share/cpp_examples/cmake/cpp_examplesConfig-version.cmake
[0.157s] -- Up-to-date: /home/om/slambot/install/cpp_examples/share/cpp_examples/package.xml
[0.172s] Invoked command in '/home/om/slambot/build/cpp_examples' returned '0': CMAKE_PREFIX_PATH=${CMAKE_PREFIX_PATH}:/home/om/slambot/install/bumperbot_py_examples:/opt/ros/humble /usr/bin/cmake --install /home/om/slambot/build/cpp_examples
