[0.262s] DEBUG:colcon:Command line arguments: ['/usr/bin/colcon', 'build']
[0.262s] DEBUG:colcon:Parsed command line arguments: Namespace(log_base=None, log_level=None, verb_name='build', build_base='build', install_base='install', merge_install=False, symlink_install=False, test_result_base=None, continue_on_error=False, executor='parallel', parallel_workers=8, event_handlers=None, ignore_user_meta=False, metas=['./colcon.meta'], base_paths=['.'], packages_ignore=None, packages_ignore_regex=None, paths=None, packages_up_to=None, packages_up_to_regex=None, packages_above=None, packages_above_and_dependencies=None, packages_above_depth=None, packages_select_by_dep=None, packages_skip_by_dep=None, packages_skip_up_to=None, packages_select_build_failed=False, packages_skip_build_finished=False, packages_select_test_failures=False, packages_skip_test_passed=False, packages_select=None, packages_skip=None, packages_select_regex=None, packages_skip_regex=None, packages_start=None, packages_end=None, allow_overriding=[], cmake_args=None, cmake_target=None, cmake_target_skip_unavailable=False, cmake_clean_cache=False, cmake_clean_first=False, cmake_force_configure=False, ament_cmake_args=None, catkin_cmake_args=None, catkin_skip_building_tests=False, verb_parser=<colcon_defaults.argument_parser.defaults.DefaultArgumentsDecorator object at 0x761a1b032110>, verb_extension=<colcon_core.verb.build.BuildVerb object at 0x761a1b1a3730>, main=<bound method BuildVerb.main of <colcon_core.verb.build.BuildVerb object at 0x761a1b1a3730>>)
[0.644s] Level 1:colcon.colcon_core.package_discovery:discover_packages(colcon_meta) check parameters
[0.645s] Level 1:colcon.colcon_core.package_discovery:discover_packages(recursive) check parameters
[0.645s] Level 1:colcon.colcon_core.package_discovery:discover_packages(ignore) check parameters
[0.645s] Level 1:colcon.colcon_core.package_discovery:discover_packages(path) check parameters
[0.645s] Level 1:colcon.colcon_core.package_discovery:discover_packages(colcon_meta) discover
[0.645s] Level 1:colcon.colcon_core.package_discovery:discover_packages(recursive) discover
[0.645s] INFO:colcon.colcon_core.package_discovery:Crawling recursively for packages in '/home/om/slambot'
[0.645s] Level 1:colcon.colcon_core.package_identification:_identify(.) by extensions ['ignore', 'ignore_ament_install']
[0.645s] Level 1:colcon.colcon_core.package_identification:_identify(.) by extension 'ignore'
[0.646s] Level 1:colcon.colcon_core.package_identification:_identify(.) by extension 'ignore_ament_install'
[0.646s] Level 1:colcon.colcon_core.package_identification:_identify(.) by extensions ['colcon_pkg']
[0.646s] Level 1:colcon.colcon_core.package_identification:_identify(.) by extension 'colcon_pkg'
[0.646s] Level 1:colcon.colcon_core.package_identification:_identify(.) by extensions ['colcon_meta']
[0.646s] Level 1:colcon.colcon_core.package_identification:_identify(.) by extension 'colcon_meta'
[0.646s] Level 1:colcon.colcon_core.package_identification:_identify(.) by extensions ['ros']
[0.646s] Level 1:colcon.colcon_core.package_identification:_identify(.) by extension 'ros'
[0.671s] Level 1:colcon.colcon_core.package_identification:_identify(.) by extensions ['cmake', 'python']
[0.671s] Level 1:colcon.colcon_core.package_identification:_identify(.) by extension 'cmake'
[0.671s] Level 1:colcon.colcon_core.package_identification:_identify(.) by extension 'python'
[0.671s] Level 1:colcon.colcon_core.package_identification:_identify(.) by extensions ['python_setup_py']
[0.671s] Level 1:colcon.colcon_core.package_identification:_identify(.) by extension 'python_setup_py'
[0.672s] Level 1:colcon.colcon_core.package_identification:_identify(build) by extensions ['ignore', 'ignore_ament_install']
[0.672s] Level 1:colcon.colcon_core.package_identification:_identify(build) by extension 'ignore'
[0.672s] Level 1:colcon.colcon_core.package_identification:_identify(build) ignored
[0.672s] Level 1:colcon.colcon_core.package_identification:_identify(install) by extensions ['ignore', 'ignore_ament_install']
[0.672s] Level 1:colcon.colcon_core.package_identification:_identify(install) by extension 'ignore'
[0.673s] Level 1:colcon.colcon_core.package_identification:_identify(install) ignored
[0.673s] Level 1:colcon.colcon_core.package_identification:_identify(log) by extensions ['ignore', 'ignore_ament_install']
[0.673s] Level 1:colcon.colcon_core.package_identification:_identify(log) by extension 'ignore'
[0.673s] Level 1:colcon.colcon_core.package_identification:_identify(log) ignored
[0.673s] Level 1:colcon.colcon_core.package_identification:_identify(src) by extensions ['ignore', 'ignore_ament_install']
[0.673s] Level 1:colcon.colcon_core.package_identification:_identify(src) by extension 'ignore'
[0.674s] Level 1:colcon.colcon_core.package_identification:_identify(src) by extension 'ignore_ament_install'
[0.674s] Level 1:colcon.colcon_core.package_identification:_identify(src) by extensions ['colcon_pkg']
[0.674s] Level 1:colcon.colcon_core.package_identification:_identify(src) by extension 'colcon_pkg'
[0.674s] Level 1:colcon.colcon_core.package_identification:_identify(src) by extensions ['colcon_meta']
[0.674s] Level 1:colcon.colcon_core.package_identification:_identify(src) by extension 'colcon_meta'
[0.674s] Level 1:colcon.colcon_core.package_identification:_identify(src) by extensions ['ros']
[0.674s] Level 1:colcon.colcon_core.package_identification:_identify(src) by extension 'ros'
[0.674s] Level 1:colcon.colcon_core.package_identification:_identify(src) by extensions ['cmake', 'python']
[0.674s] Level 1:colcon.colcon_core.package_identification:_identify(src) by extension 'cmake'
[0.674s] Level 1:colcon.colcon_core.package_identification:_identify(src) by extension 'python'
[0.674s] Level 1:colcon.colcon_core.package_identification:_identify(src) by extensions ['python_setup_py']
[0.675s] Level 1:colcon.colcon_core.package_identification:_identify(src) by extension 'python_setup_py'
[0.675s] Level 1:colcon.colcon_core.package_identification:_identify(src/bumperbot_cpp_examples) by extensions ['ignore', 'ignore_ament_install']
[0.675s] Level 1:colcon.colcon_core.package_identification:_identify(src/bumperbot_cpp_examples) by extension 'ignore'
[0.675s] Level 1:colcon.colcon_core.package_identification:_identify(src/bumperbot_cpp_examples) by extension 'ignore_ament_install'
[0.675s] Level 1:colcon.colcon_core.package_identification:_identify(src/bumperbot_cpp_examples) by extensions ['colcon_pkg']
[0.675s] Level 1:colcon.colcon_core.package_identification:_identify(src/bumperbot_cpp_examples) by extension 'colcon_pkg'
[0.675s] Level 1:colcon.colcon_core.package_identification:_identify(src/bumperbot_cpp_examples) by extensions ['colcon_meta']
[0.675s] Level 1:colcon.colcon_core.package_identification:_identify(src/bumperbot_cpp_examples) by extension 'colcon_meta'
[0.676s] Level 1:colcon.colcon_core.package_identification:_identify(src/bumperbot_cpp_examples) by extensions ['ros']
[0.676s] Level 1:colcon.colcon_core.package_identification:_identify(src/bumperbot_cpp_examples) by extension 'ros'
[0.682s] DEBUG:colcon.colcon_core.package_identification:Package 'src/bumperbot_cpp_examples' with type 'ros.ament_cmake' and name 'bumperbot_cpp_examples'
[0.683s] Level 1:colcon.colcon_core.package_identification:_identify(src/cpp_examples) by extensions ['ignore', 'ignore_ament_install']
[0.683s] Level 1:colcon.colcon_core.package_identification:_identify(src/cpp_examples) by extension 'ignore'
[0.683s] Level 1:colcon.colcon_core.package_identification:_identify(src/cpp_examples) by extension 'ignore_ament_install'
[0.684s] Level 1:colcon.colcon_core.package_identification:_identify(src/cpp_examples) by extensions ['colcon_pkg']
[0.684s] Level 1:colcon.colcon_core.package_identification:_identify(src/cpp_examples) by extension 'colcon_pkg'
[0.684s] Level 1:colcon.colcon_core.package_identification:_identify(src/cpp_examples) by extensions ['colcon_meta']
[0.684s] Level 1:colcon.colcon_core.package_identification:_identify(src/cpp_examples) by extension 'colcon_meta'
[0.684s] Level 1:colcon.colcon_core.package_identification:_identify(src/cpp_examples) by extensions ['ros']
[0.684s] Level 1:colcon.colcon_core.package_identification:_identify(src/cpp_examples) by extension 'ros'
[0.685s] DEBUG:colcon.colcon_core.package_identification:Package 'src/cpp_examples' with type 'ros.ament_cmake' and name 'cpp_examples'
[0.686s] Level 1:colcon.colcon_core.package_identification:_identify(src/log) by extensions ['ignore', 'ignore_ament_install']
[0.686s] Level 1:colcon.colcon_core.package_identification:_identify(src/log) by extension 'ignore'
[0.686s] Level 1:colcon.colcon_core.package_identification:_identify(src/log) ignored
[0.686s] Level 1:colcon.colcon_core.package_identification:_identify(src/new_practice_bringup) by extensions ['ignore', 'ignore_ament_install']
[0.686s] Level 1:colcon.colcon_core.package_identification:_identify(src/new_practice_bringup) by extension 'ignore'
[0.686s] Level 1:colcon.colcon_core.package_identification:_identify(src/new_practice_bringup) by extension 'ignore_ament_install'
[0.686s] Level 1:colcon.colcon_core.package_identification:_identify(src/new_practice_bringup) by extensions ['colcon_pkg']
[0.687s] Level 1:colcon.colcon_core.package_identification:_identify(src/new_practice_bringup) by extension 'colcon_pkg'
[0.687s] Level 1:colcon.colcon_core.package_identification:_identify(src/new_practice_bringup) by extensions ['colcon_meta']
[0.687s] Level 1:colcon.colcon_core.package_identification:_identify(src/new_practice_bringup) by extension 'colcon_meta'
[0.687s] Level 1:colcon.colcon_core.package_identification:_identify(src/new_practice_bringup) by extensions ['ros']
[0.687s] Level 1:colcon.colcon_core.package_identification:_identify(src/new_practice_bringup) by extension 'ros'
[0.688s] DEBUG:colcon.colcon_core.package_identification:Package 'src/new_practice_bringup' with type 'ros.ament_cmake' and name 'new_practice_bringup'
[0.688s] Level 1:colcon.colcon_core.package_identification:_identify(src/new_robot_controller) by extensions ['ignore', 'ignore_ament_install']
[0.688s] Level 1:colcon.colcon_core.package_identification:_identify(src/new_robot_controller) by extension 'ignore'
[0.688s] Level 1:colcon.colcon_core.package_identification:_identify(src/new_robot_controller) by extension 'ignore_ament_install'
[0.689s] Level 1:colcon.colcon_core.package_identification:_identify(src/new_robot_controller) by extensions ['colcon_pkg']
[0.689s] Level 1:colcon.colcon_core.package_identification:_identify(src/new_robot_controller) by extension 'colcon_pkg'
[0.689s] Level 1:colcon.colcon_core.package_identification:_identify(src/new_robot_controller) by extensions ['colcon_meta']
[0.689s] Level 1:colcon.colcon_core.package_identification:_identify(src/new_robot_controller) by extension 'colcon_meta'
[0.689s] Level 1:colcon.colcon_core.package_identification:_identify(src/new_robot_controller) by extensions ['ros']
[0.689s] Level 1:colcon.colcon_core.package_identification:_identify(src/new_robot_controller) by extension 'ros'
[0.692s] DEBUG:colcon.colcon_core.package_identification:Package 'src/new_robot_controller' with type 'ros.ament_cmake' and name 'new_robot_controller'
[0.692s] Level 1:colcon.colcon_core.package_identification:_identify(src/new_robot_description) by extensions ['ignore', 'ignore_ament_install']
[0.692s] Level 1:colcon.colcon_core.package_identification:_identify(src/new_robot_description) by extension 'ignore'
[0.693s] Level 1:colcon.colcon_core.package_identification:_identify(src/new_robot_description) by extension 'ignore_ament_install'
[0.693s] Level 1:colcon.colcon_core.package_identification:_identify(src/new_robot_description) by extensions ['colcon_pkg']
[0.693s] Level 1:colcon.colcon_core.package_identification:_identify(src/new_robot_description) by extension 'colcon_pkg'
[0.693s] Level 1:colcon.colcon_core.package_identification:_identify(src/new_robot_description) by extensions ['colcon_meta']
[0.693s] Level 1:colcon.colcon_core.package_identification:_identify(src/new_robot_description) by extension 'colcon_meta'
[0.693s] Level 1:colcon.colcon_core.package_identification:_identify(src/new_robot_description) by extensions ['ros']
[0.693s] Level 1:colcon.colcon_core.package_identification:_identify(src/new_robot_description) by extension 'ros'
[0.694s] DEBUG:colcon.colcon_core.package_identification:Package 'src/new_robot_description' with type 'ros.ament_cmake' and name 'new_robot_description'
[0.695s] Level 1:colcon.colcon_core.package_identification:_identify(src/new_robot_firmware) by extensions ['ignore', 'ignore_ament_install']
[0.695s] Level 1:colcon.colcon_core.package_identification:_identify(src/new_robot_firmware) by extension 'ignore'
[0.695s] Level 1:colcon.colcon_core.package_identification:_identify(src/new_robot_firmware) by extension 'ignore_ament_install'
[0.695s] Level 1:colcon.colcon_core.package_identification:_identify(src/new_robot_firmware) by extensions ['colcon_pkg']
[0.695s] Level 1:colcon.colcon_core.package_identification:_identify(src/new_robot_firmware) by extension 'colcon_pkg'
[0.695s] Level 1:colcon.colcon_core.package_identification:_identify(src/new_robot_firmware) by extensions ['colcon_meta']
[0.695s] Level 1:colcon.colcon_core.package_identification:_identify(src/new_robot_firmware) by extension 'colcon_meta'
[0.695s] Level 1:colcon.colcon_core.package_identification:_identify(src/new_robot_firmware) by extensions ['ros']
[0.695s] Level 1:colcon.colcon_core.package_identification:_identify(src/new_robot_firmware) by extension 'ros'
[0.697s] DEBUG:colcon.colcon_core.package_identification:Package 'src/new_robot_firmware' with type 'ros.ament_cmake' and name 'new_robot_firmware'
[0.698s] Level 1:colcon.colcon_core.package_identification:_identify(src/rplidar_ros2) by extensions ['ignore', 'ignore_ament_install']
[0.698s] Level 1:colcon.colcon_core.package_identification:_identify(src/rplidar_ros2) by extension 'ignore'
[0.698s] Level 1:colcon.colcon_core.package_identification:_identify(src/rplidar_ros2) by extension 'ignore_ament_install'
[0.698s] Level 1:colcon.colcon_core.package_identification:_identify(src/rplidar_ros2) by extensions ['colcon_pkg']
[0.698s] Level 1:colcon.colcon_core.package_identification:_identify(src/rplidar_ros2) by extension 'colcon_pkg'
[0.698s] Level 1:colcon.colcon_core.package_identification:_identify(src/rplidar_ros2) by extensions ['colcon_meta']
[0.698s] Level 1:colcon.colcon_core.package_identification:_identify(src/rplidar_ros2) by extension 'colcon_meta'
[0.698s] Level 1:colcon.colcon_core.package_identification:_identify(src/rplidar_ros2) by extensions ['ros']
[0.698s] Level 1:colcon.colcon_core.package_identification:_identify(src/rplidar_ros2) by extension 'ros'
[0.700s] DEBUG:colcon.colcon_core.package_identification:Package 'src/rplidar_ros2' with type 'ros.ament_cmake' and name 'rplidar_ros'
[0.700s] Level 1:colcon.colcon_core.package_discovery:discover_packages(recursive) using defaults
[0.700s] Level 1:colcon.colcon_core.package_discovery:discover_packages(ignore) discover
[0.700s] Level 1:colcon.colcon_core.package_discovery:discover_packages(ignore) using defaults
[0.700s] Level 1:colcon.colcon_core.package_discovery:discover_packages(path) discover
[0.700s] Level 1:colcon.colcon_core.package_discovery:discover_packages(path) using defaults
[0.756s] Level 1:colcon.colcon_core.package_discovery:discover_packages(prefix_path) check parameters
[0.756s] Level 1:colcon.colcon_core.package_discovery:discover_packages(prefix_path) discover
[0.764s] DEBUG:colcon.colcon_installed_package_information.package_discovery:Found 14 installed packages in /home/om/WarehouseDrone/pico_ws/install
[0.766s] DEBUG:colcon.colcon_installed_package_information.package_discovery:Found 14 installed packages in /home/om/slambot/install
[0.770s] DEBUG:colcon.colcon_installed_package_information.package_discovery:Found 436 installed packages in /opt/ros/humble
[0.798s] Level 1:colcon.colcon_core.package_discovery:discover_packages(prefix_path) using defaults
[0.930s] Level 5:colcon.colcon_core.verb:set package 'bumperbot_cpp_examples' build argument 'cmake_args' from command line to 'None'
[0.930s] Level 5:colcon.colcon_core.verb:set package 'bumperbot_cpp_examples' build argument 'cmake_target' from command line to 'None'
[0.930s] Level 5:colcon.colcon_core.verb:set package 'bumperbot_cpp_examples' build argument 'cmake_target_skip_unavailable' from command line to 'False'
[0.930s] Level 5:colcon.colcon_core.verb:set package 'bumperbot_cpp_examples' build argument 'cmake_clean_cache' from command line to 'False'
[0.931s] Level 5:colcon.colcon_core.verb:set package 'bumperbot_cpp_examples' build argument 'cmake_clean_first' from command line to 'False'
[0.931s] Level 5:colcon.colcon_core.verb:set package 'bumperbot_cpp_examples' build argument 'cmake_force_configure' from command line to 'False'
[0.931s] Level 5:colcon.colcon_core.verb:set package 'bumperbot_cpp_examples' build argument 'ament_cmake_args' from command line to 'None'
[0.931s] Level 5:colcon.colcon_core.verb:set package 'bumperbot_cpp_examples' build argument 'catkin_cmake_args' from command line to 'None'
[0.931s] Level 5:colcon.colcon_core.verb:set package 'bumperbot_cpp_examples' build argument 'catkin_skip_building_tests' from command line to 'False'
[0.931s] DEBUG:colcon.colcon_core.verb:Building package 'bumperbot_cpp_examples' with the following arguments: {'ament_cmake_args': None, 'build_base': '/home/om/slambot/build/bumperbot_cpp_examples', 'catkin_cmake_args': None, 'catkin_skip_building_tests': False, 'cmake_args': None, 'cmake_clean_cache': False, 'cmake_clean_first': False, 'cmake_force_configure': False, 'cmake_target': None, 'cmake_target_skip_unavailable': False, 'install_base': '/home/om/slambot/install/bumperbot_cpp_examples', 'merge_install': False, 'path': '/home/om/slambot/src/bumperbot_cpp_examples', 'symlink_install': False, 'test_result_base': None}
[0.932s] Level 5:colcon.colcon_core.verb:set package 'cpp_examples' build argument 'cmake_args' from command line to 'None'
[0.932s] Level 5:colcon.colcon_core.verb:set package 'cpp_examples' build argument 'cmake_target' from command line to 'None'
[0.932s] Level 5:colcon.colcon_core.verb:set package 'cpp_examples' build argument 'cmake_target_skip_unavailable' from command line to 'False'
[0.932s] Level 5:colcon.colcon_core.verb:set package 'cpp_examples' build argument 'cmake_clean_cache' from command line to 'False'
[0.932s] Level 5:colcon.colcon_core.verb:set package 'cpp_examples' build argument 'cmake_clean_first' from command line to 'False'
[0.932s] Level 5:colcon.colcon_core.verb:set package 'cpp_examples' build argument 'cmake_force_configure' from command line to 'False'
[0.932s] Level 5:colcon.colcon_core.verb:set package 'cpp_examples' build argument 'ament_cmake_args' from command line to 'None'
[0.932s] Level 5:colcon.colcon_core.verb:set package 'cpp_examples' build argument 'catkin_cmake_args' from command line to 'None'
[0.932s] Level 5:colcon.colcon_core.verb:set package 'cpp_examples' build argument 'catkin_skip_building_tests' from command line to 'False'
[0.932s] DEBUG:colcon.colcon_core.verb:Building package 'cpp_examples' with the following arguments: {'ament_cmake_args': None, 'build_base': '/home/om/slambot/build/cpp_examples', 'catkin_cmake_args': None, 'catkin_skip_building_tests': False, 'cmake_args': None, 'cmake_clean_cache': False, 'cmake_clean_first': False, 'cmake_force_configure': False, 'cmake_target': None, 'cmake_target_skip_unavailable': False, 'install_base': '/home/om/slambot/install/cpp_examples', 'merge_install': False, 'path': '/home/om/slambot/src/cpp_examples', 'symlink_install': False, 'test_result_base': None}
[0.933s] Level 5:colcon.colcon_core.verb:set package 'new_practice_bringup' build argument 'cmake_args' from command line to 'None'
[0.933s] Level 5:colcon.colcon_core.verb:set package 'new_practice_bringup' build argument 'cmake_target' from command line to 'None'
[0.933s] Level 5:colcon.colcon_core.verb:set package 'new_practice_bringup' build argument 'cmake_target_skip_unavailable' from command line to 'False'
[0.933s] Level 5:colcon.colcon_core.verb:set package 'new_practice_bringup' build argument 'cmake_clean_cache' from command line to 'False'
[0.933s] Level 5:colcon.colcon_core.verb:set package 'new_practice_bringup' build argument 'cmake_clean_first' from command line to 'False'
[0.933s] Level 5:colcon.colcon_core.verb:set package 'new_practice_bringup' build argument 'cmake_force_configure' from command line to 'False'
[0.933s] Level 5:colcon.colcon_core.verb:set package 'new_practice_bringup' build argument 'ament_cmake_args' from command line to 'None'
[0.933s] Level 5:colcon.colcon_core.verb:set package 'new_practice_bringup' build argument 'catkin_cmake_args' from command line to 'None'
[0.933s] Level 5:colcon.colcon_core.verb:set package 'new_practice_bringup' build argument 'catkin_skip_building_tests' from command line to 'False'
[0.933s] DEBUG:colcon.colcon_core.verb:Building package 'new_practice_bringup' with the following arguments: {'ament_cmake_args': None, 'build_base': '/home/om/slambot/build/new_practice_bringup', 'catkin_cmake_args': None, 'catkin_skip_building_tests': False, 'cmake_args': None, 'cmake_clean_cache': False, 'cmake_clean_first': False, 'cmake_force_configure': False, 'cmake_target': None, 'cmake_target_skip_unavailable': False, 'install_base': '/home/om/slambot/install/new_practice_bringup', 'merge_install': False, 'path': '/home/om/slambot/src/new_practice_bringup', 'symlink_install': False, 'test_result_base': None}
[0.934s] Level 5:colcon.colcon_core.verb:set package 'new_robot_controller' build argument 'cmake_args' from command line to 'None'
[0.934s] Level 5:colcon.colcon_core.verb:set package 'new_robot_controller' build argument 'cmake_target' from command line to 'None'
[0.934s] Level 5:colcon.colcon_core.verb:set package 'new_robot_controller' build argument 'cmake_target_skip_unavailable' from command line to 'False'
[0.934s] Level 5:colcon.colcon_core.verb:set package 'new_robot_controller' build argument 'cmake_clean_cache' from command line to 'False'
[0.934s] Level 5:colcon.colcon_core.verb:set package 'new_robot_controller' build argument 'cmake_clean_first' from command line to 'False'
[0.934s] Level 5:colcon.colcon_core.verb:set package 'new_robot_controller' build argument 'cmake_force_configure' from command line to 'False'
[0.935s] Level 5:colcon.colcon_core.verb:set package 'new_robot_controller' build argument 'ament_cmake_args' from command line to 'None'
[0.935s] Level 5:colcon.colcon_core.verb:set package 'new_robot_controller' build argument 'catkin_cmake_args' from command line to 'None'
[0.935s] Level 5:colcon.colcon_core.verb:set package 'new_robot_controller' build argument 'catkin_skip_building_tests' from command line to 'False'
[0.935s] DEBUG:colcon.colcon_core.verb:Building package 'new_robot_controller' with the following arguments: {'ament_cmake_args': None, 'build_base': '/home/om/slambot/build/new_robot_controller', 'catkin_cmake_args': None, 'catkin_skip_building_tests': False, 'cmake_args': None, 'cmake_clean_cache': False, 'cmake_clean_first': False, 'cmake_force_configure': False, 'cmake_target': None, 'cmake_target_skip_unavailable': False, 'install_base': '/home/om/slambot/install/new_robot_controller', 'merge_install': False, 'path': '/home/om/slambot/src/new_robot_controller', 'symlink_install': False, 'test_result_base': None}
[0.935s] Level 5:colcon.colcon_core.verb:set package 'new_robot_description' build argument 'cmake_args' from command line to 'None'
[0.935s] Level 5:colcon.colcon_core.verb:set package 'new_robot_description' build argument 'cmake_target' from command line to 'None'
[0.936s] Level 5:colcon.colcon_core.verb:set package 'new_robot_description' build argument 'cmake_target_skip_unavailable' from command line to 'False'
[0.936s] Level 5:colcon.colcon_core.verb:set package 'new_robot_description' build argument 'cmake_clean_cache' from command line to 'False'
[0.936s] Level 5:colcon.colcon_core.verb:set package 'new_robot_description' build argument 'cmake_clean_first' from command line to 'False'
[0.936s] Level 5:colcon.colcon_core.verb:set package 'new_robot_description' build argument 'cmake_force_configure' from command line to 'False'
[0.936s] Level 5:colcon.colcon_core.verb:set package 'new_robot_description' build argument 'ament_cmake_args' from command line to 'None'
[0.936s] Level 5:colcon.colcon_core.verb:set package 'new_robot_description' build argument 'catkin_cmake_args' from command line to 'None'
[0.936s] Level 5:colcon.colcon_core.verb:set package 'new_robot_description' build argument 'catkin_skip_building_tests' from command line to 'False'
[0.936s] DEBUG:colcon.colcon_core.verb:Building package 'new_robot_description' with the following arguments: {'ament_cmake_args': None, 'build_base': '/home/om/slambot/build/new_robot_description', 'catkin_cmake_args': None, 'catkin_skip_building_tests': False, 'cmake_args': None, 'cmake_clean_cache': False, 'cmake_clean_first': False, 'cmake_force_configure': False, 'cmake_target': None, 'cmake_target_skip_unavailable': False, 'install_base': '/home/om/slambot/install/new_robot_description', 'merge_install': False, 'path': '/home/om/slambot/src/new_robot_description', 'symlink_install': False, 'test_result_base': None}
[0.937s] Level 5:colcon.colcon_core.verb:set package 'new_robot_firmware' build argument 'cmake_args' from command line to 'None'
[0.937s] Level 5:colcon.colcon_core.verb:set package 'new_robot_firmware' build argument 'cmake_target' from command line to 'None'
[0.937s] Level 5:colcon.colcon_core.verb:set package 'new_robot_firmware' build argument 'cmake_target_skip_unavailable' from command line to 'False'
[0.937s] Level 5:colcon.colcon_core.verb:set package 'new_robot_firmware' build argument 'cmake_clean_cache' from command line to 'False'
[0.937s] Level 5:colcon.colcon_core.verb:set package 'new_robot_firmware' build argument 'cmake_clean_first' from command line to 'False'
[0.937s] Level 5:colcon.colcon_core.verb:set package 'new_robot_firmware' build argument 'cmake_force_configure' from command line to 'False'
[0.937s] Level 5:colcon.colcon_core.verb:set package 'new_robot_firmware' build argument 'ament_cmake_args' from command line to 'None'
[0.937s] Level 5:colcon.colcon_core.verb:set package 'new_robot_firmware' build argument 'catkin_cmake_args' from command line to 'None'
[0.937s] Level 5:colcon.colcon_core.verb:set package 'new_robot_firmware' build argument 'catkin_skip_building_tests' from command line to 'False'
[0.937s] DEBUG:colcon.colcon_core.verb:Building package 'new_robot_firmware' with the following arguments: {'ament_cmake_args': None, 'build_base': '/home/om/slambot/build/new_robot_firmware', 'catkin_cmake_args': None, 'catkin_skip_building_tests': False, 'cmake_args': None, 'cmake_clean_cache': False, 'cmake_clean_first': False, 'cmake_force_configure': False, 'cmake_target': None, 'cmake_target_skip_unavailable': False, 'install_base': '/home/om/slambot/install/new_robot_firmware', 'merge_install': False, 'path': '/home/om/slambot/src/new_robot_firmware', 'symlink_install': False, 'test_result_base': None}
[0.938s] Level 5:colcon.colcon_core.verb:set package 'rplidar_ros' build argument 'cmake_args' from command line to 'None'
[0.938s] Level 5:colcon.colcon_core.verb:set package 'rplidar_ros' build argument 'cmake_target' from command line to 'None'
[0.938s] Level 5:colcon.colcon_core.verb:set package 'rplidar_ros' build argument 'cmake_target_skip_unavailable' from command line to 'False'
[0.938s] Level 5:colcon.colcon_core.verb:set package 'rplidar_ros' build argument 'cmake_clean_cache' from command line to 'False'
[0.938s] Level 5:colcon.colcon_core.verb:set package 'rplidar_ros' build argument 'cmake_clean_first' from command line to 'False'
[0.938s] Level 5:colcon.colcon_core.verb:set package 'rplidar_ros' build argument 'cmake_force_configure' from command line to 'False'
[0.938s] Level 5:colcon.colcon_core.verb:set package 'rplidar_ros' build argument 'ament_cmake_args' from command line to 'None'
[0.938s] Level 5:colcon.colcon_core.verb:set package 'rplidar_ros' build argument 'catkin_cmake_args' from command line to 'None'
[0.938s] Level 5:colcon.colcon_core.verb:set package 'rplidar_ros' build argument 'catkin_skip_building_tests' from command line to 'False'
[0.938s] DEBUG:colcon.colcon_core.verb:Building package 'rplidar_ros' with the following arguments: {'ament_cmake_args': None, 'build_base': '/home/om/slambot/build/rplidar_ros', 'catkin_cmake_args': None, 'catkin_skip_building_tests': False, 'cmake_args': None, 'cmake_clean_cache': False, 'cmake_clean_first': False, 'cmake_force_configure': False, 'cmake_target': None, 'cmake_target_skip_unavailable': False, 'install_base': '/home/om/slambot/install/rplidar_ros', 'merge_install': False, 'path': '/home/om/slambot/src/rplidar_ros2', 'symlink_install': False, 'test_result_base': None}
[0.939s] INFO:colcon.colcon_core.executor:Executing jobs using 'parallel' executor
[0.941s] DEBUG:colcon.colcon_parallel_executor.executor.parallel:run_until_complete
[0.941s] INFO:colcon.colcon_ros.task.ament_cmake.build:Building ROS package in '/home/om/slambot/src/bumperbot_cpp_examples' with build type 'ament_cmake'
[0.942s] INFO:colcon.colcon_cmake.task.cmake.build:Building CMake package in '/home/om/slambot/src/bumperbot_cpp_examples'
[0.950s] INFO:colcon.colcon_core.plugin_system:Skipping extension 'colcon_core.shell.bat': Not used on non-Windows systems
[0.950s] INFO:colcon.colcon_core.shell:Skip shell extension 'powershell' for command environment: Not usable outside of PowerShell
[0.950s] DEBUG:colcon.colcon_core.shell:Skip shell extension 'dsv' for command environment
[0.962s] INFO:colcon.colcon_ros.task.ament_cmake.build:Building ROS package in '/home/om/slambot/src/cpp_examples' with build type 'ament_cmake'
[0.963s] INFO:colcon.colcon_cmake.task.cmake.build:Building CMake package in '/home/om/slambot/src/cpp_examples'
[0.963s] INFO:colcon.colcon_core.shell:Skip shell extension 'powershell' for command environment: Not usable outside of PowerShell
[0.964s] DEBUG:colcon.colcon_core.shell:Skip shell extension 'dsv' for command environment
[0.977s] INFO:colcon.colcon_ros.task.ament_cmake.build:Building ROS package in '/home/om/slambot/src/new_practice_bringup' with build type 'ament_cmake'
[0.977s] INFO:colcon.colcon_cmake.task.cmake.build:Building CMake package in '/home/om/slambot/src/new_practice_bringup'
[0.978s] INFO:colcon.colcon_core.shell:Skip shell extension 'powershell' for command environment: Not usable outside of PowerShell
[0.978s] DEBUG:colcon.colcon_core.shell:Skip shell extension 'dsv' for command environment
[0.991s] INFO:colcon.colcon_ros.task.ament_cmake.build:Building ROS package in '/home/om/slambot/src/new_robot_controller' with build type 'ament_cmake'
[0.991s] INFO:colcon.colcon_cmake.task.cmake.build:Building CMake package in '/home/om/slambot/src/new_robot_controller'
[0.992s] INFO:colcon.colcon_core.shell:Skip shell extension 'powershell' for command environment: Not usable outside of PowerShell
[0.992s] DEBUG:colcon.colcon_core.shell:Skip shell extension 'dsv' for command environment
[1.004s] INFO:colcon.colcon_ros.task.ament_cmake.build:Building ROS package in '/home/om/slambot/src/new_robot_description' with build type 'ament_cmake'
[1.005s] INFO:colcon.colcon_cmake.task.cmake.build:Building CMake package in '/home/om/slambot/src/new_robot_description'
[1.006s] INFO:colcon.colcon_core.shell:Skip shell extension 'powershell' for command environment: Not usable outside of PowerShell
[1.006s] DEBUG:colcon.colcon_core.shell:Skip shell extension 'dsv' for command environment
[1.018s] INFO:colcon.colcon_ros.task.ament_cmake.build:Building ROS package in '/home/om/slambot/src/new_robot_firmware' with build type 'ament_cmake'
[1.019s] INFO:colcon.colcon_cmake.task.cmake.build:Building CMake package in '/home/om/slambot/src/new_robot_firmware'
[1.020s] INFO:colcon.colcon_core.shell:Skip shell extension 'powershell' for command environment: Not usable outside of PowerShell
[1.020s] DEBUG:colcon.colcon_core.shell:Skip shell extension 'dsv' for command environment
[1.032s] INFO:colcon.colcon_ros.task.ament_cmake.build:Building ROS package in '/home/om/slambot/src/rplidar_ros2' with build type 'ament_cmake'
[1.033s] INFO:colcon.colcon_cmake.task.cmake.build:Building CMake package in '/home/om/slambot/src/rplidar_ros2'
[1.033s] INFO:colcon.colcon_core.shell:Skip shell extension 'powershell' for command environment: Not usable outside of PowerShell
[1.033s] DEBUG:colcon.colcon_core.shell:Skip shell extension 'dsv' for command environment
[1.061s] DEBUG:colcon.colcon_core.event_handler.log_command:Invoking command in '/home/om/slambot/build/bumperbot_cpp_examples': CMAKE_PREFIX_PATH=${CMAKE_PREFIX_PATH}:/home/om/slambot/install/bumperbot_py_examples:/opt/ros/humble /usr/bin/cmake --build /home/om/slambot/build/bumperbot_cpp_examples -- -j8 -l8
[1.075s] DEBUG:colcon.colcon_core.event_handler.log_command:Invoking command in '/home/om/slambot/build/cpp_examples': CMAKE_PREFIX_PATH=${CMAKE_PREFIX_PATH}:/home/om/slambot/install/bumperbot_py_examples:/opt/ros/humble /usr/bin/cmake --build /home/om/slambot/build/cpp_examples -- -j8 -l8
[1.082s] DEBUG:colcon.colcon_core.event_handler.log_command:Invoking command in '/home/om/slambot/build/new_practice_bringup': CMAKE_PREFIX_PATH=${CMAKE_PREFIX_PATH}:/home/om/slambot/install/bumperbot_py_examples:/opt/ros/humble /usr/bin/cmake --build /home/om/slambot/build/new_practice_bringup -- -j8 -l8
[1.092s] DEBUG:colcon.colcon_core.event_handler.log_command:Invoking command in '/home/om/slambot/build/new_robot_controller': CMAKE_PREFIX_PATH=${CMAKE_PREFIX_PATH}:/home/om/slambot/install/bumperbot_py_examples:/opt/ros/humble /usr/bin/cmake --build /home/om/slambot/build/new_robot_controller -- -j8 -l8
[1.101s] DEBUG:colcon.colcon_core.event_handler.log_command:Invoking command in '/home/om/slambot/build/new_robot_description': CMAKE_PREFIX_PATH=${CMAKE_PREFIX_PATH}:/home/om/slambot/install/bumperbot_py_examples:/opt/ros/humble /usr/bin/cmake --build /home/om/slambot/build/new_robot_description -- -j8 -l8
[1.114s] DEBUG:colcon.colcon_core.event_handler.log_command:Invoking command in '/home/om/slambot/build/new_robot_firmware': CMAKE_PREFIX_PATH=${CMAKE_PREFIX_PATH}:/home/om/slambot/install/bumperbot_py_examples:/opt/ros/humble /usr/bin/cmake --build /home/om/slambot/build/new_robot_firmware -- -j8 -l8
[1.124s] DEBUG:colcon.colcon_core.event_handler.log_command:Invoking command in '/home/om/slambot/build/rplidar_ros': CMAKE_PREFIX_PATH=${CMAKE_PREFIX_PATH}:/home/om/slambot/install/bumperbot_py_examples:/opt/ros/humble /usr/bin/cmake --build /home/om/slambot/build/rplidar_ros -- -j8 -l8
[1.174s] DEBUG:colcon.colcon_core.event_handler.log_command:Invoked command in '/home/om/slambot/build/new_practice_bringup' returned '0': CMAKE_PREFIX_PATH=${CMAKE_PREFIX_PATH}:/home/om/slambot/install/bumperbot_py_examples:/opt/ros/humble /usr/bin/cmake --build /home/om/slambot/build/new_practice_bringup -- -j8 -l8
[1.189s] DEBUG:colcon.colcon_core.event_handler.log_command:Invoked command in '/home/om/slambot/build/cpp_examples' returned '0': CMAKE_PREFIX_PATH=${CMAKE_PREFIX_PATH}:/home/om/slambot/install/bumperbot_py_examples:/opt/ros/humble /usr/bin/cmake --build /home/om/slambot/build/cpp_examples -- -j8 -l8
[1.196s] DEBUG:colcon.colcon_core.event_handler.log_command:Invoked command in '/home/om/slambot/build/new_robot_description' returned '0': CMAKE_PREFIX_PATH=${CMAKE_PREFIX_PATH}:/home/om/slambot/install/bumperbot_py_examples:/opt/ros/humble /usr/bin/cmake --build /home/om/slambot/build/new_robot_description -- -j8 -l8
[1.313s] DEBUG:colcon.colcon_core.event_handler.log_command:Invoking command in '/home/om/slambot/build/cpp_examples': CMAKE_PREFIX_PATH=${CMAKE_PREFIX_PATH}:/home/om/slambot/install/bumperbot_py_examples:/opt/ros/humble /usr/bin/cmake --install /home/om/slambot/build/cpp_examples
[1.319s] DEBUG:colcon.colcon_core.event_handler.log_command:Invoking command in '/home/om/slambot/build/new_practice_bringup': CMAKE_PREFIX_PATH=${CMAKE_PREFIX_PATH}:/home/om/slambot/install/bumperbot_py_examples:/opt/ros/humble /usr/bin/cmake --install /home/om/slambot/build/new_practice_bringup
[1.324s] DEBUG:colcon.colcon_core.event_handler.log_command:Invoking command in '/home/om/slambot/build/new_robot_description': CMAKE_PREFIX_PATH=${CMAKE_PREFIX_PATH}:/home/om/slambot/install/bumperbot_py_examples:/opt/ros/humble /usr/bin/cmake --install /home/om/slambot/build/new_robot_description
[1.327s] DEBUG:colcon.colcon_core.event_handler.log_command:Invoked command in '/home/om/slambot/build/new_robot_firmware' returned '0': CMAKE_PREFIX_PATH=${CMAKE_PREFIX_PATH}:/home/om/slambot/install/bumperbot_py_examples:/opt/ros/humble /usr/bin/cmake --build /home/om/slambot/build/new_robot_firmware -- -j8 -l8
[1.336s] Level 1:colcon.colcon_core.environment:create_environment_scripts_only(cpp_examples)
[1.340s] DEBUG:colcon.colcon_core.event_handler.log_command:Invoked command in '/home/om/slambot/build/cpp_examples' returned '0': CMAKE_PREFIX_PATH=${CMAKE_PREFIX_PATH}:/home/om/slambot/install/bumperbot_py_examples:/opt/ros/humble /usr/bin/cmake --install /home/om/slambot/build/cpp_examples
[1.369s] Level 1:colcon.colcon_core.environment:checking '/home/om/slambot/install/cpp_examples' for CMake module files
[1.370s] Level 1:colcon.colcon_core.environment:checking '/home/om/slambot/install/cpp_examples' for CMake config files
[1.370s] Level 1:colcon.colcon_core.shell:create_environment_hook('cpp_examples', 'cmake_prefix_path')
[1.371s] INFO:colcon.colcon_core.shell:Creating environment hook '/home/om/slambot/install/cpp_examples/share/cpp_examples/hook/cmake_prefix_path.ps1'
[1.374s] INFO:colcon.colcon_core.shell:Creating environment descriptor '/home/om/slambot/install/cpp_examples/share/cpp_examples/hook/cmake_prefix_path.dsv'
[1.375s] INFO:colcon.colcon_core.shell:Creating environment hook '/home/om/slambot/install/cpp_examples/share/cpp_examples/hook/cmake_prefix_path.sh'
[1.377s] Level 1:colcon.colcon_core.environment:checking '/home/om/slambot/install/cpp_examples/bin'
[1.377s] Level 1:colcon.colcon_core.environment:checking '/home/om/slambot/install/cpp_examples/lib/pkgconfig/cpp_examples.pc'
[1.378s] Level 1:colcon.colcon_core.environment:checking '/home/om/slambot/install/cpp_examples/lib/python3.10/site-packages'
[1.378s] Level 1:colcon.colcon_core.environment:checking '/home/om/slambot/install/cpp_examples/bin'
[1.379s] INFO:colcon.colcon_core.shell:Creating package script '/home/om/slambot/install/cpp_examples/share/cpp_examples/package.ps1'
[1.381s] INFO:colcon.colcon_core.shell:Creating package descriptor '/home/om/slambot/install/cpp_examples/share/cpp_examples/package.dsv'
[1.383s] INFO:colcon.colcon_core.shell:Creating package script '/home/om/slambot/install/cpp_examples/share/cpp_examples/package.sh'
[1.385s] INFO:colcon.colcon_core.shell:Creating package script '/home/om/slambot/install/cpp_examples/share/cpp_examples/package.bash'
[1.387s] INFO:colcon.colcon_core.shell:Creating package script '/home/om/slambot/install/cpp_examples/share/cpp_examples/package.zsh'
[1.389s] Level 1:colcon.colcon_core.environment:create_file_with_runtime_dependencies(/home/om/slambot/install/cpp_examples/share/colcon-core/packages/cpp_examples)
[1.397s] DEBUG:colcon.colcon_core.event_handler.log_command:Invoking command in '/home/om/slambot/build/new_robot_firmware': CMAKE_PREFIX_PATH=${CMAKE_PREFIX_PATH}:/home/om/slambot/install/bumperbot_py_examples:/opt/ros/humble /usr/bin/cmake --install /home/om/slambot/build/new_robot_firmware
[1.399s] DEBUG:colcon.colcon_core.event_handler.log_command:Invoked command in '/home/om/slambot/build/bumperbot_cpp_examples' returned '0': CMAKE_PREFIX_PATH=${CMAKE_PREFIX_PATH}:/home/om/slambot/install/bumperbot_py_examples:/opt/ros/humble /usr/bin/cmake --build /home/om/slambot/build/bumperbot_cpp_examples -- -j8 -l8
[1.401s] Level 1:colcon.colcon_core.environment:create_environment_scripts_only(new_robot_description)
[1.402s] Level 1:colcon.colcon_core.environment:checking '/home/om/slambot/install/new_robot_description' for CMake module files
[1.403s] Level 1:colcon.colcon_core.environment:checking '/home/om/slambot/install/new_robot_description' for CMake config files
[1.403s] Level 1:colcon.colcon_core.shell:create_environment_hook('new_robot_description', 'cmake_prefix_path')
[1.404s] INFO:colcon.colcon_core.shell:Creating environment hook '/home/om/slambot/install/new_robot_description/share/new_robot_description/hook/cmake_prefix_path.ps1'
[1.405s] DEBUG:colcon.colcon_core.event_handler.log_command:Invoked command in '/home/om/slambot/build/new_robot_description' returned '0': CMAKE_PREFIX_PATH=${CMAKE_PREFIX_PATH}:/home/om/slambot/install/bumperbot_py_examples:/opt/ros/humble /usr/bin/cmake --install /home/om/slambot/build/new_robot_description
[1.406s] INFO:colcon.colcon_core.shell:Creating environment descriptor '/home/om/slambot/install/new_robot_description/share/new_robot_description/hook/cmake_prefix_path.dsv'
[1.407s] INFO:colcon.colcon_core.shell:Creating environment hook '/home/om/slambot/install/new_robot_description/share/new_robot_description/hook/cmake_prefix_path.sh'
[1.408s] Level 1:colcon.colcon_core.environment:checking '/home/om/slambot/install/new_robot_description/bin'
[1.409s] Level 1:colcon.colcon_core.environment:checking '/home/om/slambot/install/new_robot_description/lib/pkgconfig/new_robot_description.pc'
[1.409s] Level 1:colcon.colcon_core.environment:checking '/home/om/slambot/install/new_robot_description/lib/python3.10/site-packages'
[1.410s] Level 1:colcon.colcon_core.environment:checking '/home/om/slambot/install/new_robot_description/bin'
[1.410s] INFO:colcon.colcon_core.shell:Creating package script '/home/om/slambot/install/new_robot_description/share/new_robot_description/package.ps1'
[1.411s] INFO:colcon.colcon_core.shell:Creating package descriptor '/home/om/slambot/install/new_robot_description/share/new_robot_description/package.dsv'
[1.412s] INFO:colcon.colcon_core.shell:Creating package script '/home/om/slambot/install/new_robot_description/share/new_robot_description/package.sh'
[1.413s] INFO:colcon.colcon_core.shell:Creating package script '/home/om/slambot/install/new_robot_description/share/new_robot_description/package.bash'
[1.416s] INFO:colcon.colcon_core.shell:Creating package script '/home/om/slambot/install/new_robot_description/share/new_robot_description/package.zsh'
[1.421s] Level 1:colcon.colcon_core.environment:create_file_with_runtime_dependencies(/home/om/slambot/install/new_robot_description/share/colcon-core/packages/new_robot_description)
[1.424s] Level 1:colcon.colcon_core.environment:create_environment_scripts_only(new_practice_bringup)
[1.425s] Level 1:colcon.colcon_core.environment:checking '/home/om/slambot/install/new_practice_bringup' for CMake module files
[1.426s] DEBUG:colcon.colcon_core.event_handler.log_command:Invoked command in '/home/om/slambot/build/new_practice_bringup' returned '0': CMAKE_PREFIX_PATH=${CMAKE_PREFIX_PATH}:/home/om/slambot/install/bumperbot_py_examples:/opt/ros/humble /usr/bin/cmake --install /home/om/slambot/build/new_practice_bringup
[1.427s] Level 1:colcon.colcon_core.environment:checking '/home/om/slambot/install/new_practice_bringup' for CMake config files
[1.428s] Level 1:colcon.colcon_core.shell:create_environment_hook('new_practice_bringup', 'cmake_prefix_path')
[1.428s] INFO:colcon.colcon_core.shell:Creating environment hook '/home/om/slambot/install/new_practice_bringup/share/new_practice_bringup/hook/cmake_prefix_path.ps1'
[1.429s] INFO:colcon.colcon_core.shell:Creating environment descriptor '/home/om/slambot/install/new_practice_bringup/share/new_practice_bringup/hook/cmake_prefix_path.dsv'
[1.430s] INFO:colcon.colcon_core.shell:Creating environment hook '/home/om/slambot/install/new_practice_bringup/share/new_practice_bringup/hook/cmake_prefix_path.sh'
[1.432s] Level 1:colcon.colcon_core.environment:checking '/home/om/slambot/install/new_practice_bringup/bin'
[1.432s] Level 1:colcon.colcon_core.environment:checking '/home/om/slambot/install/new_practice_bringup/lib/pkgconfig/new_practice_bringup.pc'
[1.432s] Level 1:colcon.colcon_core.environment:checking '/home/om/slambot/install/new_practice_bringup/lib/python3.10/site-packages'
[1.433s] Level 1:colcon.colcon_core.environment:checking '/home/om/slambot/install/new_practice_bringup/bin'
[1.433s] INFO:colcon.colcon_core.shell:Creating package script '/home/om/slambot/install/new_practice_bringup/share/new_practice_bringup/package.ps1'
[1.434s] INFO:colcon.colcon_core.shell:Creating package descriptor '/home/om/slambot/install/new_practice_bringup/share/new_practice_bringup/package.dsv'
[1.435s] INFO:colcon.colcon_core.shell:Creating package script '/home/om/slambot/install/new_practice_bringup/share/new_practice_bringup/package.sh'
[1.436s] INFO:colcon.colcon_core.shell:Creating package script '/home/om/slambot/install/new_practice_bringup/share/new_practice_bringup/package.bash'
[1.437s] INFO:colcon.colcon_core.shell:Creating package script '/home/om/slambot/install/new_practice_bringup/share/new_practice_bringup/package.zsh'
[1.438s] Level 1:colcon.colcon_core.environment:create_file_with_runtime_dependencies(/home/om/slambot/install/new_practice_bringup/share/colcon-core/packages/new_practice_bringup)
[1.444s] Level 1:colcon.colcon_core.environment:create_environment_scripts_only(cpp_examples)
[1.445s] Level 1:colcon.colcon_core.environment:checking '/home/om/slambot/install/cpp_examples' for CMake module files
[1.447s] Level 1:colcon.colcon_core.environment:checking '/home/om/slambot/install/cpp_examples' for CMake config files
[1.447s] Level 1:colcon.colcon_core.shell:create_environment_hook('cpp_examples', 'cmake_prefix_path')
[1.448s] INFO:colcon.colcon_core.shell:Creating environment hook '/home/om/slambot/install/cpp_examples/share/cpp_examples/hook/cmake_prefix_path.ps1'
[1.449s] INFO:colcon.colcon_core.shell:Creating environment descriptor '/home/om/slambot/install/cpp_examples/share/cpp_examples/hook/cmake_prefix_path.dsv'
[1.450s] INFO:colcon.colcon_core.shell:Creating environment hook '/home/om/slambot/install/cpp_examples/share/cpp_examples/hook/cmake_prefix_path.sh'
[1.451s] Level 1:colcon.colcon_core.environment:checking '/home/om/slambot/install/cpp_examples/bin'
[1.451s] Level 1:colcon.colcon_core.environment:checking '/home/om/slambot/install/cpp_examples/lib/pkgconfig/cpp_examples.pc'
[1.451s] Level 1:colcon.colcon_core.environment:checking '/home/om/slambot/install/cpp_examples/lib/python3.10/site-packages'
[1.452s] Level 1:colcon.colcon_core.environment:checking '/home/om/slambot/install/cpp_examples/bin'
[1.453s] INFO:colcon.colcon_core.shell:Creating package script '/home/om/slambot/install/cpp_examples/share/cpp_examples/package.ps1'
[1.454s] INFO:colcon.colcon_core.shell:Creating package descriptor '/home/om/slambot/install/cpp_examples/share/cpp_examples/package.dsv'
[1.455s] INFO:colcon.colcon_core.shell:Creating package script '/home/om/slambot/install/cpp_examples/share/cpp_examples/package.sh'
[1.456s] INFO:colcon.colcon_core.shell:Creating package script '/home/om/slambot/install/cpp_examples/share/cpp_examples/package.bash'
[1.457s] INFO:colcon.colcon_core.shell:Creating package script '/home/om/slambot/install/cpp_examples/share/cpp_examples/package.zsh'
[1.457s] Level 1:colcon.colcon_core.environment:create_file_with_runtime_dependencies(/home/om/slambot/install/cpp_examples/share/colcon-core/packages/cpp_examples)
[1.458s] Level 1:colcon.colcon_core.environment:create_environment_scripts_only(new_robot_firmware)
[1.459s] Level 1:colcon.colcon_core.environment:checking '/home/om/slambot/install/new_robot_firmware' for CMake module files
[1.460s] Level 1:colcon.colcon_core.environment:checking '/home/om/slambot/install/new_robot_firmware' for CMake config files
[1.461s] Level 1:colcon.colcon_core.shell:create_environment_hook('new_robot_firmware', 'cmake_prefix_path')
[1.462s] INFO:colcon.colcon_core.shell:Creating environment hook '/home/om/slambot/install/new_robot_firmware/share/new_robot_firmware/hook/cmake_prefix_path.ps1'
[1.463s] INFO:colcon.colcon_core.shell:Creating environment descriptor '/home/om/slambot/install/new_robot_firmware/share/new_robot_firmware/hook/cmake_prefix_path.dsv'
[1.464s] DEBUG:colcon.colcon_core.event_handler.log_command:Invoked command in '/home/om/slambot/build/new_robot_firmware' returned '0': CMAKE_PREFIX_PATH=${CMAKE_PREFIX_PATH}:/home/om/slambot/install/bumperbot_py_examples:/opt/ros/humble /usr/bin/cmake --install /home/om/slambot/build/new_robot_firmware
[1.465s] INFO:colcon.colcon_core.shell:Creating environment hook '/home/om/slambot/install/new_robot_firmware/share/new_robot_firmware/hook/cmake_prefix_path.sh'
[1.466s] Level 1:colcon.colcon_core.environment:checking '/home/om/slambot/install/new_robot_firmware/lib'
[1.466s] Level 1:colcon.colcon_core.shell:create_environment_hook('new_robot_firmware', 'ld_library_path_lib')
[1.467s] INFO:colcon.colcon_core.shell:Creating environment hook '/home/om/slambot/install/new_robot_firmware/share/new_robot_firmware/hook/ld_library_path_lib.ps1'
[1.468s] INFO:colcon.colcon_core.shell:Creating environment descriptor '/home/om/slambot/install/new_robot_firmware/share/new_robot_firmware/hook/ld_library_path_lib.dsv'
[1.469s] INFO:colcon.colcon_core.shell:Creating environment hook '/home/om/slambot/install/new_robot_firmware/share/new_robot_firmware/hook/ld_library_path_lib.sh'
[1.470s] Level 1:colcon.colcon_core.environment:checking '/home/om/slambot/install/new_robot_firmware/bin'
[1.470s] Level 1:colcon.colcon_core.environment:checking '/home/om/slambot/install/new_robot_firmware/lib/pkgconfig/new_robot_firmware.pc'
[1.470s] Level 1:colcon.colcon_core.environment:checking '/home/om/slambot/install/new_robot_firmware/lib/python3.10/site-packages'
[1.471s] Level 1:colcon.colcon_core.environment:checking '/home/om/slambot/install/new_robot_firmware/bin'
[1.471s] INFO:colcon.colcon_core.shell:Creating package script '/home/om/slambot/install/new_robot_firmware/share/new_robot_firmware/package.ps1'
[1.473s] INFO:colcon.colcon_core.shell:Creating package descriptor '/home/om/slambot/install/new_robot_firmware/share/new_robot_firmware/package.dsv'
[1.474s] INFO:colcon.colcon_core.shell:Creating package script '/home/om/slambot/install/new_robot_firmware/share/new_robot_firmware/package.sh'
[1.475s] INFO:colcon.colcon_core.shell:Creating package script '/home/om/slambot/install/new_robot_firmware/share/new_robot_firmware/package.bash'
[1.475s] INFO:colcon.colcon_core.shell:Creating package script '/home/om/slambot/install/new_robot_firmware/share/new_robot_firmware/package.zsh'
[1.476s] Level 1:colcon.colcon_core.environment:create_file_with_runtime_dependencies(/home/om/slambot/install/new_robot_firmware/share/colcon-core/packages/new_robot_firmware)
[1.483s] DEBUG:colcon.colcon_core.event_handler.log_command:Invoked command in '/home/om/slambot/build/rplidar_ros' returned '0': CMAKE_PREFIX_PATH=${CMAKE_PREFIX_PATH}:/home/om/slambot/install/bumperbot_py_examples:/opt/ros/humble /usr/bin/cmake --build /home/om/slambot/build/rplidar_ros -- -j8 -l8
[1.485s] Level 1:colcon.colcon_core.environment:create_environment_scripts_only(new_robot_description)
[1.485s] Level 1:colcon.colcon_core.environment:checking '/home/om/slambot/install/new_robot_description' for CMake module files
[1.486s] Level 1:colcon.colcon_core.environment:checking '/home/om/slambot/install/new_robot_description' for CMake config files
[1.487s] Level 1:colcon.colcon_core.shell:create_environment_hook('new_robot_description', 'cmake_prefix_path')
[1.488s] INFO:colcon.colcon_core.shell:Creating environment hook '/home/om/slambot/install/new_robot_description/share/new_robot_description/hook/cmake_prefix_path.ps1'
[1.489s] INFO:colcon.colcon_core.shell:Creating environment descriptor '/home/om/slambot/install/new_robot_description/share/new_robot_description/hook/cmake_prefix_path.dsv'
[1.490s] INFO:colcon.colcon_core.shell:Creating environment hook '/home/om/slambot/install/new_robot_description/share/new_robot_description/hook/cmake_prefix_path.sh'
[1.491s] Level 1:colcon.colcon_core.environment:checking '/home/om/slambot/install/new_robot_description/bin'
[1.491s] Level 1:colcon.colcon_core.environment:checking '/home/om/slambot/install/new_robot_description/lib/pkgconfig/new_robot_description.pc'
[1.492s] Level 1:colcon.colcon_core.environment:checking '/home/om/slambot/install/new_robot_description/lib/python3.10/site-packages'
[1.492s] Level 1:colcon.colcon_core.environment:checking '/home/om/slambot/install/new_robot_description/bin'
[1.493s] INFO:colcon.colcon_core.shell:Creating package script '/home/om/slambot/install/new_robot_description/share/new_robot_description/package.ps1'
[1.495s] INFO:colcon.colcon_core.shell:Creating package descriptor '/home/om/slambot/install/new_robot_description/share/new_robot_description/package.dsv'
[1.496s] INFO:colcon.colcon_core.shell:Creating package script '/home/om/slambot/install/new_robot_description/share/new_robot_description/package.sh'
[1.497s] INFO:colcon.colcon_core.shell:Creating package script '/home/om/slambot/install/new_robot_description/share/new_robot_description/package.bash'
[1.498s] INFO:colcon.colcon_core.shell:Creating package script '/home/om/slambot/install/new_robot_description/share/new_robot_description/package.zsh'
[1.499s] Level 1:colcon.colcon_core.environment:create_file_with_runtime_dependencies(/home/om/slambot/install/new_robot_description/share/colcon-core/packages/new_robot_description)
[1.502s] Level 1:colcon.colcon_core.environment:create_environment_scripts_only(new_practice_bringup)
[1.503s] Level 1:colcon.colcon_core.environment:checking '/home/om/slambot/install/new_practice_bringup' for CMake module files
[1.504s] Level 1:colcon.colcon_core.environment:checking '/home/om/slambot/install/new_practice_bringup' for CMake config files
[1.505s] Level 1:colcon.colcon_core.shell:create_environment_hook('new_practice_bringup', 'cmake_prefix_path')
[1.505s] INFO:colcon.colcon_core.shell:Creating environment hook '/home/om/slambot/install/new_practice_bringup/share/new_practice_bringup/hook/cmake_prefix_path.ps1'
[1.508s] INFO:colcon.colcon_core.shell:Creating environment descriptor '/home/om/slambot/install/new_practice_bringup/share/new_practice_bringup/hook/cmake_prefix_path.dsv'
[1.509s] INFO:colcon.colcon_core.shell:Creating environment hook '/home/om/slambot/install/new_practice_bringup/share/new_practice_bringup/hook/cmake_prefix_path.sh'
[1.512s] Level 1:colcon.colcon_core.environment:checking '/home/om/slambot/install/new_practice_bringup/bin'
[1.513s] Level 1:colcon.colcon_core.environment:checking '/home/om/slambot/install/new_practice_bringup/lib/pkgconfig/new_practice_bringup.pc'
[1.514s] Level 1:colcon.colcon_core.environment:checking '/home/om/slambot/install/new_practice_bringup/lib/python3.10/site-packages'
[1.515s] Level 1:colcon.colcon_core.environment:checking '/home/om/slambot/install/new_practice_bringup/bin'
[1.516s] INFO:colcon.colcon_core.shell:Creating package script '/home/om/slambot/install/new_practice_bringup/share/new_practice_bringup/package.ps1'
[1.517s] INFO:colcon.colcon_core.shell:Creating package descriptor '/home/om/slambot/install/new_practice_bringup/share/new_practice_bringup/package.dsv'
[1.518s] INFO:colcon.colcon_core.shell:Creating package script '/home/om/slambot/install/new_practice_bringup/share/new_practice_bringup/package.sh'
[1.519s] INFO:colcon.colcon_core.shell:Creating package script '/home/om/slambot/install/new_practice_bringup/share/new_practice_bringup/package.bash'
[1.520s] INFO:colcon.colcon_core.shell:Creating package script '/home/om/slambot/install/new_practice_bringup/share/new_practice_bringup/package.zsh'
[1.523s] Level 1:colcon.colcon_core.environment:create_file_with_runtime_dependencies(/home/om/slambot/install/new_practice_bringup/share/colcon-core/packages/new_practice_bringup)
[1.532s] DEBUG:colcon.colcon_core.event_handler.log_command:Invoking command in '/home/om/slambot/build/bumperbot_cpp_examples': CMAKE_PREFIX_PATH=${CMAKE_PREFIX_PATH}:/home/om/slambot/install/bumperbot_py_examples:/opt/ros/humble /usr/bin/cmake --install /home/om/slambot/build/bumperbot_cpp_examples
[1.544s] Level 1:colcon.colcon_core.environment:create_environment_scripts_only(new_robot_firmware)
[1.545s] Level 1:colcon.colcon_core.environment:checking '/home/om/slambot/install/new_robot_firmware' for CMake module files
[1.546s] Level 1:colcon.colcon_core.environment:checking '/home/om/slambot/install/new_robot_firmware' for CMake config files
[1.547s] Level 1:colcon.colcon_core.shell:create_environment_hook('new_robot_firmware', 'cmake_prefix_path')
[1.548s] INFO:colcon.colcon_core.shell:Creating environment hook '/home/om/slambot/install/new_robot_firmware/share/new_robot_firmware/hook/cmake_prefix_path.ps1'
[1.551s] INFO:colcon.colcon_core.shell:Creating environment descriptor '/home/om/slambot/install/new_robot_firmware/share/new_robot_firmware/hook/cmake_prefix_path.dsv'
[1.552s] INFO:colcon.colcon_core.shell:Creating environment hook '/home/om/slambot/install/new_robot_firmware/share/new_robot_firmware/hook/cmake_prefix_path.sh'
[1.558s] Level 1:colcon.colcon_core.environment:checking '/home/om/slambot/install/new_robot_firmware/lib'
[1.558s] Level 1:colcon.colcon_core.shell:create_environment_hook('new_robot_firmware', 'ld_library_path_lib')
[1.559s] INFO:colcon.colcon_core.shell:Creating environment hook '/home/om/slambot/install/new_robot_firmware/share/new_robot_firmware/hook/ld_library_path_lib.ps1'
[1.560s] INFO:colcon.colcon_core.shell:Creating environment descriptor '/home/om/slambot/install/new_robot_firmware/share/new_robot_firmware/hook/ld_library_path_lib.dsv'
[1.560s] INFO:colcon.colcon_core.shell:Creating environment hook '/home/om/slambot/install/new_robot_firmware/share/new_robot_firmware/hook/ld_library_path_lib.sh'
[1.561s] Level 1:colcon.colcon_core.environment:checking '/home/om/slambot/install/new_robot_firmware/bin'
[1.561s] Level 1:colcon.colcon_core.environment:checking '/home/om/slambot/install/new_robot_firmware/lib/pkgconfig/new_robot_firmware.pc'
[1.562s] Level 1:colcon.colcon_core.environment:checking '/home/om/slambot/install/new_robot_firmware/lib/python3.10/site-packages'
[1.562s] Level 1:colcon.colcon_core.environment:checking '/home/om/slambot/install/new_robot_firmware/bin'
[1.563s] INFO:colcon.colcon_core.shell:Creating package script '/home/om/slambot/install/new_robot_firmware/share/new_robot_firmware/package.ps1'
[1.564s] INFO:colcon.colcon_core.shell:Creating package descriptor '/home/om/slambot/install/new_robot_firmware/share/new_robot_firmware/package.dsv'
[1.565s] INFO:colcon.colcon_core.shell:Creating package script '/home/om/slambot/install/new_robot_firmware/share/new_robot_firmware/package.sh'
[1.566s] INFO:colcon.colcon_core.shell:Creating package script '/home/om/slambot/install/new_robot_firmware/share/new_robot_firmware/package.bash'
[1.567s] INFO:colcon.colcon_core.shell:Creating package script '/home/om/slambot/install/new_robot_firmware/share/new_robot_firmware/package.zsh'
[1.567s] Level 1:colcon.colcon_core.environment:create_file_with_runtime_dependencies(/home/om/slambot/install/new_robot_firmware/share/colcon-core/packages/new_robot_firmware)
[1.571s] Level 1:colcon.colcon_core.environment:create_environment_scripts_only(bumperbot_cpp_examples)
[1.571s] Level 1:colcon.colcon_core.environment:checking '/home/om/slambot/install/bumperbot_cpp_examples' for CMake module files
[1.573s] DEBUG:colcon.colcon_core.event_handler.log_command:Invoked command in '/home/om/slambot/build/bumperbot_cpp_examples' returned '0': CMAKE_PREFIX_PATH=${CMAKE_PREFIX_PATH}:/home/om/slambot/install/bumperbot_py_examples:/opt/ros/humble /usr/bin/cmake --install /home/om/slambot/build/bumperbot_cpp_examples
[1.574s] Level 1:colcon.colcon_core.environment:checking '/home/om/slambot/install/bumperbot_cpp_examples' for CMake config files
[1.574s] Level 1:colcon.colcon_core.shell:create_environment_hook('bumperbot_cpp_examples', 'cmake_prefix_path')
[1.575s] INFO:colcon.colcon_core.shell:Creating environment hook '/home/om/slambot/install/bumperbot_cpp_examples/share/bumperbot_cpp_examples/hook/cmake_prefix_path.ps1'
[1.576s] INFO:colcon.colcon_core.shell:Creating environment descriptor '/home/om/slambot/install/bumperbot_cpp_examples/share/bumperbot_cpp_examples/hook/cmake_prefix_path.dsv'
[1.577s] INFO:colcon.colcon_core.shell:Creating environment hook '/home/om/slambot/install/bumperbot_cpp_examples/share/bumperbot_cpp_examples/hook/cmake_prefix_path.sh'
[1.578s] Level 1:colcon.colcon_core.environment:checking '/home/om/slambot/install/bumperbot_cpp_examples/lib'
[1.578s] Level 1:colcon.colcon_core.environment:checking '/home/om/slambot/install/bumperbot_cpp_examples/bin'
[1.578s] Level 1:colcon.colcon_core.environment:checking '/home/om/slambot/install/bumperbot_cpp_examples/lib/pkgconfig/bumperbot_cpp_examples.pc'
[1.578s] Level 1:colcon.colcon_core.environment:checking '/home/om/slambot/install/bumperbot_cpp_examples/lib/python3.10/site-packages'
[1.579s] Level 1:colcon.colcon_core.environment:checking '/home/om/slambot/install/bumperbot_cpp_examples/bin'
[1.579s] INFO:colcon.colcon_core.shell:Creating package script '/home/om/slambot/install/bumperbot_cpp_examples/share/bumperbot_cpp_examples/package.ps1'
[1.580s] INFO:colcon.colcon_core.shell:Creating package descriptor '/home/om/slambot/install/bumperbot_cpp_examples/share/bumperbot_cpp_examples/package.dsv'
[1.581s] INFO:colcon.colcon_core.shell:Creating package script '/home/om/slambot/install/bumperbot_cpp_examples/share/bumperbot_cpp_examples/package.sh'
[1.582s] INFO:colcon.colcon_core.shell:Creating package script '/home/om/slambot/install/bumperbot_cpp_examples/share/bumperbot_cpp_examples/package.bash'
[1.583s] INFO:colcon.colcon_core.shell:Creating package script '/home/om/slambot/install/bumperbot_cpp_examples/share/bumperbot_cpp_examples/package.zsh'
[1.583s] Level 1:colcon.colcon_core.environment:create_file_with_runtime_dependencies(/home/om/slambot/install/bumperbot_cpp_examples/share/colcon-core/packages/bumperbot_cpp_examples)
[1.594s] DEBUG:colcon.colcon_core.event_handler.log_command:Invoking command in '/home/om/slambot/build/rplidar_ros': CMAKE_PREFIX_PATH=${CMAKE_PREFIX_PATH}:/home/om/slambot/install/bumperbot_py_examples:/opt/ros/humble /usr/bin/cmake --install /home/om/slambot/build/rplidar_ros
[1.617s] Level 1:colcon.colcon_core.environment:create_environment_scripts_only(rplidar_ros)
[1.618s] Level 1:colcon.colcon_core.environment:checking '/home/om/slambot/install/rplidar_ros' for CMake module files
[1.619s] DEBUG:colcon.colcon_core.event_handler.log_command:Invoked command in '/home/om/slambot/build/rplidar_ros' returned '0': CMAKE_PREFIX_PATH=${CMAKE_PREFIX_PATH}:/home/om/slambot/install/bumperbot_py_examples:/opt/ros/humble /usr/bin/cmake --install /home/om/slambot/build/rplidar_ros
[1.620s] Level 1:colcon.colcon_core.environment:checking '/home/om/slambot/install/rplidar_ros' for CMake config files
[1.620s] Level 1:colcon.colcon_core.shell:create_environment_hook('rplidar_ros', 'cmake_prefix_path')
[1.621s] INFO:colcon.colcon_core.shell:Creating environment hook '/home/om/slambot/install/rplidar_ros/share/rplidar_ros/hook/cmake_prefix_path.ps1'
[1.622s] INFO:colcon.colcon_core.shell:Creating environment descriptor '/home/om/slambot/install/rplidar_ros/share/rplidar_ros/hook/cmake_prefix_path.dsv'
[1.622s] INFO:colcon.colcon_core.shell:Creating environment hook '/home/om/slambot/install/rplidar_ros/share/rplidar_ros/hook/cmake_prefix_path.sh'
[1.623s] Level 1:colcon.colcon_core.environment:checking '/home/om/slambot/install/rplidar_ros/lib'
[1.623s] Level 1:colcon.colcon_core.shell:create_environment_hook('rplidar_ros', 'ld_library_path_lib')
[1.624s] INFO:colcon.colcon_core.shell:Creating environment hook '/home/om/slambot/install/rplidar_ros/share/rplidar_ros/hook/ld_library_path_lib.ps1'
[1.625s] INFO:colcon.colcon_core.shell:Creating environment descriptor '/home/om/slambot/install/rplidar_ros/share/rplidar_ros/hook/ld_library_path_lib.dsv'
[1.625s] INFO:colcon.colcon_core.shell:Creating environment hook '/home/om/slambot/install/rplidar_ros/share/rplidar_ros/hook/ld_library_path_lib.sh'
[1.626s] Level 1:colcon.colcon_core.environment:checking '/home/om/slambot/install/rplidar_ros/bin'
[1.626s] Level 1:colcon.colcon_core.environment:checking '/home/om/slambot/install/rplidar_ros/lib/pkgconfig/rplidar_ros.pc'
[1.627s] Level 1:colcon.colcon_core.environment:checking '/home/om/slambot/install/rplidar_ros/lib/python3.10/site-packages'
[1.627s] Level 1:colcon.colcon_core.environment:checking '/home/om/slambot/install/rplidar_ros/bin'
[1.628s] INFO:colcon.colcon_core.shell:Creating package script '/home/om/slambot/install/rplidar_ros/share/rplidar_ros/package.ps1'
[1.629s] INFO:colcon.colcon_core.shell:Creating package descriptor '/home/om/slambot/install/rplidar_ros/share/rplidar_ros/package.dsv'
[1.629s] INFO:colcon.colcon_core.shell:Creating package script '/home/om/slambot/install/rplidar_ros/share/rplidar_ros/package.sh'
[1.630s] INFO:colcon.colcon_core.shell:Creating package script '/home/om/slambot/install/rplidar_ros/share/rplidar_ros/package.bash'
[1.631s] INFO:colcon.colcon_core.shell:Creating package script '/home/om/slambot/install/rplidar_ros/share/rplidar_ros/package.zsh'
[1.631s] Level 1:colcon.colcon_core.environment:create_file_with_runtime_dependencies(/home/om/slambot/install/rplidar_ros/share/colcon-core/packages/rplidar_ros)
[1.698s] Level 1:colcon.colcon_core.environment:create_environment_scripts_only(bumperbot_cpp_examples)
[1.699s] Level 1:colcon.colcon_core.environment:checking '/home/om/slambot/install/bumperbot_cpp_examples' for CMake module files
[1.700s] Level 1:colcon.colcon_core.environment:checking '/home/om/slambot/install/bumperbot_cpp_examples' for CMake config files
[1.701s] Level 1:colcon.colcon_core.shell:create_environment_hook('bumperbot_cpp_examples', 'cmake_prefix_path')
[1.701s] INFO:colcon.colcon_core.shell:Creating environment hook '/home/om/slambot/install/bumperbot_cpp_examples/share/bumperbot_cpp_examples/hook/cmake_prefix_path.ps1'
[1.702s] INFO:colcon.colcon_core.shell:Creating environment descriptor '/home/om/slambot/install/bumperbot_cpp_examples/share/bumperbot_cpp_examples/hook/cmake_prefix_path.dsv'
[1.703s] INFO:colcon.colcon_core.shell:Creating environment hook '/home/om/slambot/install/bumperbot_cpp_examples/share/bumperbot_cpp_examples/hook/cmake_prefix_path.sh'
[1.704s] Level 1:colcon.colcon_core.environment:checking '/home/om/slambot/install/bumperbot_cpp_examples/lib'
[1.704s] Level 1:colcon.colcon_core.environment:checking '/home/om/slambot/install/bumperbot_cpp_examples/bin'
[1.704s] Level 1:colcon.colcon_core.environment:checking '/home/om/slambot/install/bumperbot_cpp_examples/lib/pkgconfig/bumperbot_cpp_examples.pc'
[1.704s] Level 1:colcon.colcon_core.environment:checking '/home/om/slambot/install/bumperbot_cpp_examples/lib/python3.10/site-packages'
[1.705s] Level 1:colcon.colcon_core.environment:checking '/home/om/slambot/install/bumperbot_cpp_examples/bin'
[1.705s] INFO:colcon.colcon_core.shell:Creating package script '/home/om/slambot/install/bumperbot_cpp_examples/share/bumperbot_cpp_examples/package.ps1'
[1.706s] INFO:colcon.colcon_core.shell:Creating package descriptor '/home/om/slambot/install/bumperbot_cpp_examples/share/bumperbot_cpp_examples/package.dsv'
[1.707s] INFO:colcon.colcon_core.shell:Creating package script '/home/om/slambot/install/bumperbot_cpp_examples/share/bumperbot_cpp_examples/package.sh'
[1.708s] INFO:colcon.colcon_core.shell:Creating package script '/home/om/slambot/install/bumperbot_cpp_examples/share/bumperbot_cpp_examples/package.bash'
[1.709s] INFO:colcon.colcon_core.shell:Creating package script '/home/om/slambot/install/bumperbot_cpp_examples/share/bumperbot_cpp_examples/package.zsh'
[1.710s] Level 1:colcon.colcon_core.environment:create_file_with_runtime_dependencies(/home/om/slambot/install/bumperbot_cpp_examples/share/colcon-core/packages/bumperbot_cpp_examples)
[1.728s] Level 1:colcon.colcon_core.environment:create_environment_scripts_only(rplidar_ros)
[1.728s] Level 1:colcon.colcon_core.environment:checking '/home/om/slambot/install/rplidar_ros' for CMake module files
[1.729s] Level 1:colcon.colcon_core.environment:checking '/home/om/slambot/install/rplidar_ros' for CMake config files
[1.730s] Level 1:colcon.colcon_core.shell:create_environment_hook('rplidar_ros', 'cmake_prefix_path')
[1.730s] INFO:colcon.colcon_core.shell:Creating environment hook '/home/om/slambot/install/rplidar_ros/share/rplidar_ros/hook/cmake_prefix_path.ps1'
[1.731s] INFO:colcon.colcon_core.shell:Creating environment descriptor '/home/om/slambot/install/rplidar_ros/share/rplidar_ros/hook/cmake_prefix_path.dsv'
[1.732s] INFO:colcon.colcon_core.shell:Creating environment hook '/home/om/slambot/install/rplidar_ros/share/rplidar_ros/hook/cmake_prefix_path.sh'
[1.733s] Level 1:colcon.colcon_core.environment:checking '/home/om/slambot/install/rplidar_ros/lib'
[1.733s] Level 1:colcon.colcon_core.shell:create_environment_hook('rplidar_ros', 'ld_library_path_lib')
[1.734s] INFO:colcon.colcon_core.shell:Creating environment hook '/home/om/slambot/install/rplidar_ros/share/rplidar_ros/hook/ld_library_path_lib.ps1'
[1.734s] INFO:colcon.colcon_core.shell:Creating environment descriptor '/home/om/slambot/install/rplidar_ros/share/rplidar_ros/hook/ld_library_path_lib.dsv'
[1.735s] INFO:colcon.colcon_core.shell:Creating environment hook '/home/om/slambot/install/rplidar_ros/share/rplidar_ros/hook/ld_library_path_lib.sh'
[1.736s] Level 1:colcon.colcon_core.environment:checking '/home/om/slambot/install/rplidar_ros/bin'
[1.736s] Level 1:colcon.colcon_core.environment:checking '/home/om/slambot/install/rplidar_ros/lib/pkgconfig/rplidar_ros.pc'
[1.736s] Level 1:colcon.colcon_core.environment:checking '/home/om/slambot/install/rplidar_ros/lib/python3.10/site-packages'
[1.737s] Level 1:colcon.colcon_core.environment:checking '/home/om/slambot/install/rplidar_ros/bin'
[1.738s] INFO:colcon.colcon_core.shell:Creating package script '/home/om/slambot/install/rplidar_ros/share/rplidar_ros/package.ps1'
[1.739s] INFO:colcon.colcon_core.shell:Creating package descriptor '/home/om/slambot/install/rplidar_ros/share/rplidar_ros/package.dsv'
[1.740s] INFO:colcon.colcon_core.shell:Creating package script '/home/om/slambot/install/rplidar_ros/share/rplidar_ros/package.sh'
[1.741s] INFO:colcon.colcon_core.shell:Creating package script '/home/om/slambot/install/rplidar_ros/share/rplidar_ros/package.bash'
[1.742s] INFO:colcon.colcon_core.shell:Creating package script '/home/om/slambot/install/rplidar_ros/share/rplidar_ros/package.zsh'
[1.742s] Level 1:colcon.colcon_core.environment:create_file_with_runtime_dependencies(/home/om/slambot/install/rplidar_ros/share/colcon-core/packages/rplidar_ros)
[1.997s] DEBUG:colcon.colcon_core.event_handler.log_command:Invoked command in '/home/om/slambot/build/new_robot_controller' returned '0': CMAKE_PREFIX_PATH=${CMAKE_PREFIX_PATH}:/home/om/slambot/install/bumperbot_py_examples:/opt/ros/humble /usr/bin/cmake --build /home/om/slambot/build/new_robot_controller -- -j8 -l8
[2.067s] DEBUG:colcon.colcon_core.event_handler.log_command:Invoking command in '/home/om/slambot/build/new_robot_controller': CMAKE_PREFIX_PATH=${CMAKE_PREFIX_PATH}:/home/om/slambot/install/bumperbot_py_examples:/opt/ros/humble /usr/bin/cmake --install /home/om/slambot/build/new_robot_controller
[2.182s] Level 1:colcon.colcon_core.environment:create_environment_scripts_only(new_robot_controller)
[2.183s] Level 1:colcon.colcon_core.environment:checking '/home/om/slambot/install/new_robot_controller' for CMake module files
[2.184s] DEBUG:colcon.colcon_core.event_handler.log_command:Invoked command in '/home/om/slambot/build/new_robot_controller' returned '0': CMAKE_PREFIX_PATH=${CMAKE_PREFIX_PATH}:/home/om/slambot/install/bumperbot_py_examples:/opt/ros/humble /usr/bin/cmake --install /home/om/slambot/build/new_robot_controller
[2.185s] Level 1:colcon.colcon_core.environment:checking '/home/om/slambot/install/new_robot_controller' for CMake config files
[2.186s] Level 1:colcon.colcon_core.shell:create_environment_hook('new_robot_controller', 'cmake_prefix_path')
[2.186s] INFO:colcon.colcon_core.shell:Creating environment hook '/home/om/slambot/install/new_robot_controller/share/new_robot_controller/hook/cmake_prefix_path.ps1'
[2.187s] INFO:colcon.colcon_core.shell:Creating environment descriptor '/home/om/slambot/install/new_robot_controller/share/new_robot_controller/hook/cmake_prefix_path.dsv'
[2.188s] INFO:colcon.colcon_core.shell:Creating environment hook '/home/om/slambot/install/new_robot_controller/share/new_robot_controller/hook/cmake_prefix_path.sh'
[2.189s] Level 1:colcon.colcon_core.environment:checking '/home/om/slambot/install/new_robot_controller/lib'
[2.189s] Level 1:colcon.colcon_core.environment:checking '/home/om/slambot/install/new_robot_controller/bin'
[2.189s] Level 1:colcon.colcon_core.environment:checking '/home/om/slambot/install/new_robot_controller/lib/pkgconfig/new_robot_controller.pc'
[2.189s] Level 1:colcon.colcon_core.environment:checking '/home/om/slambot/install/new_robot_controller/lib/python3.10/site-packages'
[2.190s] Level 1:colcon.colcon_core.environment:checking '/home/om/slambot/install/new_robot_controller/bin'
[2.190s] INFO:colcon.colcon_core.shell:Creating package script '/home/om/slambot/install/new_robot_controller/share/new_robot_controller/package.ps1'
[2.191s] INFO:colcon.colcon_core.shell:Creating package descriptor '/home/om/slambot/install/new_robot_controller/share/new_robot_controller/package.dsv'
[2.192s] INFO:colcon.colcon_core.shell:Creating package script '/home/om/slambot/install/new_robot_controller/share/new_robot_controller/package.sh'
[2.193s] INFO:colcon.colcon_core.shell:Creating package script '/home/om/slambot/install/new_robot_controller/share/new_robot_controller/package.bash'
[2.193s] INFO:colcon.colcon_core.shell:Creating package script '/home/om/slambot/install/new_robot_controller/share/new_robot_controller/package.zsh'
[2.194s] Level 1:colcon.colcon_core.environment:create_file_with_runtime_dependencies(/home/om/slambot/install/new_robot_controller/share/colcon-core/packages/new_robot_controller)
[2.262s] Level 1:colcon.colcon_core.environment:create_environment_scripts_only(new_robot_controller)
[2.263s] Level 1:colcon.colcon_core.environment:checking '/home/om/slambot/install/new_robot_controller' for CMake module files
[2.264s] Level 1:colcon.colcon_core.environment:checking '/home/om/slambot/install/new_robot_controller' for CMake config files
[2.265s] Level 1:colcon.colcon_core.shell:create_environment_hook('new_robot_controller', 'cmake_prefix_path')
[2.265s] INFO:colcon.colcon_core.shell:Creating environment hook '/home/om/slambot/install/new_robot_controller/share/new_robot_controller/hook/cmake_prefix_path.ps1'
[2.266s] INFO:colcon.colcon_core.shell:Creating environment descriptor '/home/om/slambot/install/new_robot_controller/share/new_robot_controller/hook/cmake_prefix_path.dsv'
[2.267s] INFO:colcon.colcon_core.shell:Creating environment hook '/home/om/slambot/install/new_robot_controller/share/new_robot_controller/hook/cmake_prefix_path.sh'
[2.268s] Level 1:colcon.colcon_core.environment:checking '/home/om/slambot/install/new_robot_controller/lib'
[2.268s] Level 1:colcon.colcon_core.environment:checking '/home/om/slambot/install/new_robot_controller/bin'
[2.268s] Level 1:colcon.colcon_core.environment:checking '/home/om/slambot/install/new_robot_controller/lib/pkgconfig/new_robot_controller.pc'
[2.268s] Level 1:colcon.colcon_core.environment:checking '/home/om/slambot/install/new_robot_controller/lib/python3.10/site-packages'
[2.269s] Level 1:colcon.colcon_core.environment:checking '/home/om/slambot/install/new_robot_controller/bin'
[2.269s] INFO:colcon.colcon_core.shell:Creating package script '/home/om/slambot/install/new_robot_controller/share/new_robot_controller/package.ps1'
[2.270s] INFO:colcon.colcon_core.shell:Creating package descriptor '/home/om/slambot/install/new_robot_controller/share/new_robot_controller/package.dsv'
[2.271s] INFO:colcon.colcon_core.shell:Creating package script '/home/om/slambot/install/new_robot_controller/share/new_robot_controller/package.sh'
[2.272s] INFO:colcon.colcon_core.shell:Creating package script '/home/om/slambot/install/new_robot_controller/share/new_robot_controller/package.bash'
[2.273s] INFO:colcon.colcon_core.shell:Creating package script '/home/om/slambot/install/new_robot_controller/share/new_robot_controller/package.zsh'
[2.274s] Level 1:colcon.colcon_core.environment:create_file_with_runtime_dependencies(/home/om/slambot/install/new_robot_controller/share/colcon-core/packages/new_robot_controller)
[2.274s] DEBUG:colcon.colcon_parallel_executor.executor.parallel:closing loop
[2.275s] DEBUG:colcon.colcon_parallel_executor.executor.parallel:loop closed
[2.275s] DEBUG:colcon.colcon_parallel_executor.executor.parallel:run_until_complete finished with '0'
[2.275s] DEBUG:colcon.colcon_core.event_reactor:joining thread
[2.289s] INFO:colcon.colcon_core.plugin_system:Skipping extension 'colcon_notification.desktop_notification.terminal_notifier': Not used on non-Darwin systems
[2.289s] INFO:colcon.colcon_core.plugin_system:Skipping extension 'colcon_notification.desktop_notification.win32': Not used on non-Windows systems
[2.289s] INFO:colcon.colcon_notification.desktop_notification:Sending desktop notification using 'notify2'
[2.332s] DEBUG:colcon.colcon_core.event_reactor:joined thread
[2.333s] INFO:colcon.colcon_core.shell:Creating prefix script '/home/om/slambot/install/local_setup.ps1'
[2.335s] INFO:colcon.colcon_core.shell:Creating prefix util module '/home/om/slambot/install/_local_setup_util_ps1.py'
[2.339s] INFO:colcon.colcon_core.shell:Creating prefix chain script '/home/om/slambot/install/setup.ps1'
[2.344s] INFO:colcon.colcon_core.shell:Creating prefix script '/home/om/slambot/install/local_setup.sh'
[2.345s] INFO:colcon.colcon_core.shell:Creating prefix util module '/home/om/slambot/install/_local_setup_util_sh.py'
[2.346s] INFO:colcon.colcon_core.shell:Creating prefix chain script '/home/om/slambot/install/setup.sh'
[2.351s] INFO:colcon.colcon_core.shell:Creating prefix script '/home/om/slambot/install/local_setup.bash'
[2.352s] INFO:colcon.colcon_core.shell:Creating prefix chain script '/home/om/slambot/install/setup.bash'
[2.356s] INFO:colcon.colcon_core.shell:Creating prefix script '/home/om/slambot/install/local_setup.zsh'
[2.358s] INFO:colcon.colcon_core.shell:Creating prefix chain script '/home/om/slambot/install/setup.zsh'
