[0.104s] Invoking command in '/home/om/slambot/build/new_practice_bringup': CMAKE_PREFIX_PATH=${CMAKE_PREFIX_PATH}:/home/om/slambot/install/bumperbot_py_examples:/opt/ros/humble /usr/bin/cmake --build /home/om/slambot/build/new_practice_bringup -- -j8 -l8
[0.196s] Invoked command in '/home/om/slambot/build/new_practice_bringup' returned '0': CMAKE_PREFIX_PATH=${CMAKE_PREFIX_PATH}:/home/om/slambot/install/bumperbot_py_examples:/opt/ros/humble /usr/bin/cmake --build /home/om/slambot/build/new_practice_bringup -- -j8 -l8
[0.340s] Invoking command in '/home/om/slambot/build/new_practice_bringup': CMAKE_PREFIX_PATH=${CMAKE_PREFIX_PATH}:/home/om/slambot/install/bumperbot_py_examples:/opt/ros/humble /usr/bin/cmake --install /home/om/slambot/build/new_practice_bringup
[0.363s] -- Install configuration: ""
[0.363s] -- Up-to-date: /home/om/slambot/install/new_practice_bringup/share/new_practice_bringup//launch
[0.365s] -- Installing: /home/om/slambot/install/new_practice_bringup/share/new_practice_bringup//launch/sim_robot_bringup.launch.py
[0.366s] -- Up-to-date: /home/om/slambot/install/new_practice_bringup/share/new_practice_bringup//launch/real_robot_bringup.launch.py
[0.366s] -- Up-to-date: /home/om/slambot/install/new_practice_bringup/share/new_practice_bringup//launch/new_bringup.launch.xml
[0.366s] -- Up-to-date: /home/om/slambot/install/new_practice_bringup/share/new_practice_bringup//rviz
[0.367s] -- Up-to-date: /home/om/slambot/install/new_practice_bringup/share/new_practice_bringup//rviz/urdf_config.rviz
[0.367s] -- Up-to-date: /home/om/slambot/install/new_practice_bringup/share/new_practice_bringup//world
[0.368s] -- Up-to-date: /home/om/slambot/install/new_practice_bringup/share/new_practice_bringup//world/my_world
[0.368s] -- Up-to-date: /home/om/slambot/install/new_practice_bringup/share/ament_index/resource_index/package_run_dependencies/new_practice_bringup
[0.368s] -- Up-to-date: /home/om/slambot/install/new_practice_bringup/share/ament_index/resource_index/parent_prefix_path/new_practice_bringup
[0.368s] -- Up-to-date: /home/om/slambot/install/new_practice_bringup/share/new_practice_bringup/environment/ament_prefix_path.sh
[0.368s] -- Up-to-date: /home/om/slambot/install/new_practice_bringup/share/new_practice_bringup/environment/ament_prefix_path.dsv
[0.368s] -- Up-to-date: /home/om/slambot/install/new_practice_bringup/share/new_practice_bringup/environment/path.sh
[0.368s] -- Up-to-date: /home/om/slambot/install/new_practice_bringup/share/new_practice_bringup/environment/path.dsv
[0.369s] -- Up-to-date: /home/om/slambot/install/new_practice_bringup/share/new_practice_bringup/local_setup.bash
[0.369s] -- Up-to-date: /home/om/slambot/install/new_practice_bringup/share/new_practice_bringup/local_setup.sh
[0.369s] -- Up-to-date: /home/om/slambot/install/new_practice_bringup/share/new_practice_bringup/local_setup.zsh
[0.369s] -- Up-to-date: /home/om/slambot/install/new_practice_bringup/share/new_practice_bringup/local_setup.dsv
[0.370s] -- Installing: /home/om/slambot/install/new_practice_bringup/share/new_practice_bringup/package.dsv
[0.376s] -- Up-to-date: /home/om/slambot/install/new_practice_bringup/share/ament_index/resource_index/packages/new_practice_bringup
[0.376s] -- Up-to-date: /home/om/slambot/install/new_practice_bringup/share/new_practice_bringup/cmake/new_practice_bringupConfig.cmake
[0.376s] -- Up-to-date: /home/om/slambot/install/new_practice_bringup/share/new_practice_bringup/cmake/new_practice_bringupConfig-version.cmake
[0.376s] -- Up-to-date: /home/om/slambot/install/new_practice_bringup/share/new_practice_bringup/package.xml
[0.447s] Invoked command in '/home/om/slambot/build/new_practice_bringup' returned '0': CMAKE_PREFIX_PATH=${CMAKE_PREFIX_PATH}:/home/om/slambot/install/bumperbot_py_examples:/opt/ros/humble /usr/bin/cmake --install /home/om/slambot/build/new_practice_bringup
