[0.038s] Invoking command in '/home/om/slambot/build/bumperbot_msgs': CMAKE_PREFIX_PATH=${CMAKE_PREFIX_PATH}:/home/om/slambot/install/bumperbot_py_examples:/opt/ros/humble /usr/bin/cmake --build /home/om/slambot/build/bumperbot_msgs -- -j8 -l8
[0.146s] [  2%] Built target bumperbot_msgs__cpp
[0.166s] [ 12%] Built target bumperbot_msgs__rosidl_generator_c
[0.219s] [ 12%] Built target ament_cmake_python_copy_bumperbot_msgs
[0.237s] [ 23%] Built target bumperbot_msgs__rosidl_typesupport_cpp
[0.240s] [ 33%] Built target bumperbot_msgs__rosidl_typesupport_introspection_c
[0.246s] [ 43%] Built target bumperbot_msgs__rosidl_typesupport_fastrtps_cpp
[0.265s] [ 53%] Built target bumperbot_msgs__rosidl_typesupport_fastrtps_c
[0.268s] [ 64%] Built target bumperbot_msgs__rosidl_typesupport_c
[0.268s] [ 74%] Built target bumperbot_msgs__rosidl_typesupport_introspection_cpp
[0.302s] [ 74%] Built target bumperbot_msgs
[0.362s] [ 76%] Built target bumperbot_msgs__py
[0.396s] [ 84%] Built target bumperbot_msgs__rosidl_generator_py
[0.474s] [ 89%] Built target bumperbot_msgs__rosidl_typesupport_fastrtps_c__pyext
[0.500s] [ 94%] Built target bumperbot_msgs__rosidl_typesupport_c__pyext
[0.502s] [100%] Built target bumperbot_msgs__rosidl_typesupport_introspection_c__pyext
[0.809s] running egg_info
[0.812s] writing bumperbot_msgs.egg-info/PKG-INFO
[0.812s] writing dependency_links to bumperbot_msgs.egg-info/dependency_links.txt
[0.813s] writing top-level names to bumperbot_msgs.egg-info/top_level.txt
[0.817s] reading manifest file 'bumperbot_msgs.egg-info/SOURCES.txt'
[0.817s] writing manifest file 'bumperbot_msgs.egg-info/SOURCES.txt'
[0.900s] [100%] Built target ament_cmake_python_build_bumperbot_msgs_egg
[0.946s] Invoked command in '/home/om/slambot/build/bumperbot_msgs' returned '0': CMAKE_PREFIX_PATH=${CMAKE_PREFIX_PATH}:/home/om/slambot/install/bumperbot_py_examples:/opt/ros/humble /usr/bin/cmake --build /home/om/slambot/build/bumperbot_msgs -- -j8 -l8
[1.170s] Invoking command in '/home/om/slambot/build/bumperbot_msgs': CMAKE_PREFIX_PATH=${CMAKE_PREFIX_PATH}:/home/om/slambot/install/bumperbot_py_examples:/opt/ros/humble /usr/bin/cmake --install /home/om/slambot/build/bumperbot_msgs
[1.191s] -- Install configuration: ""
[1.191s] -- Up-to-date: /home/om/slambot/install/bumperbot_msgs/share/ament_index/resource_index/rosidl_interfaces/bumperbot_msgs
[1.193s] -- Up-to-date: /home/om/slambot/install/bumperbot_msgs/include/bumperbot_msgs/bumperbot_msgs
[1.193s] -- Up-to-date: /home/om/slambot/install/bumperbot_msgs/include/bumperbot_msgs/bumperbot_msgs/msg
[1.193s] -- Up-to-date: /home/om/slambot/install/bumperbot_msgs/include/bumperbot_msgs/bumperbot_msgs/msg/rosidl_generator_c__visibility_control.h
[1.193s] -- Up-to-date: /home/om/slambot/install/bumperbot_msgs/include/bumperbot_msgs/bumperbot_msgs/srv
[1.193s] -- Up-to-date: /home/om/slambot/install/bumperbot_msgs/include/bumperbot_msgs/bumperbot_msgs/srv/add_two_ints.h
[1.193s] -- Up-to-date: /home/om/slambot/install/bumperbot_msgs/include/bumperbot_msgs/bumperbot_msgs/srv/get_transform.h
[1.194s] -- Up-to-date: /home/om/slambot/install/bumperbot_msgs/include/bumperbot_msgs/bumperbot_msgs/srv/detail
[1.194s] -- Up-to-date: /home/om/slambot/install/bumperbot_msgs/include/bumperbot_msgs/bumperbot_msgs/srv/detail/add_two_ints__functions.h
[1.195s] -- Up-to-date: /home/om/slambot/install/bumperbot_msgs/include/bumperbot_msgs/bumperbot_msgs/srv/detail/add_two_ints__struct.h
[1.195s] -- Up-to-date: /home/om/slambot/install/bumperbot_msgs/include/bumperbot_msgs/bumperbot_msgs/srv/detail/get_transform__functions.h
[1.195s] -- Up-to-date: /home/om/slambot/install/bumperbot_msgs/include/bumperbot_msgs/bumperbot_msgs/srv/detail/get_transform__type_support.h
[1.195s] -- Up-to-date: /home/om/slambot/install/bumperbot_msgs/include/bumperbot_msgs/bumperbot_msgs/srv/detail/get_transform__functions.c
[1.195s] -- Up-to-date: /home/om/slambot/install/bumperbot_msgs/include/bumperbot_msgs/bumperbot_msgs/srv/detail/get_transform__struct.h
[1.195s] -- Up-to-date: /home/om/slambot/install/bumperbot_msgs/include/bumperbot_msgs/bumperbot_msgs/srv/detail/add_two_ints__type_support.h
[1.195s] -- Up-to-date: /home/om/slambot/install/bumperbot_msgs/include/bumperbot_msgs/bumperbot_msgs/srv/detail/add_two_ints__functions.c
[1.195s] -- Up-to-date: /home/om/slambot/install/bumperbot_msgs/share/bumperbot_msgs/environment/library_path.sh
[1.195s] -- Up-to-date: /home/om/slambot/install/bumperbot_msgs/share/bumperbot_msgs/environment/library_path.dsv
[1.195s] -- Up-to-date: /home/om/slambot/install/bumperbot_msgs/lib/libbumperbot_msgs__rosidl_generator_c.so
[1.195s] -- Up-to-date: /home/om/slambot/install/bumperbot_msgs/include/bumperbot_msgs/bumperbot_msgs
[1.196s] -- Up-to-date: /home/om/slambot/install/bumperbot_msgs/include/bumperbot_msgs/bumperbot_msgs/msg
[1.196s] -- Up-to-date: /home/om/slambot/install/bumperbot_msgs/include/bumperbot_msgs/bumperbot_msgs/msg/rosidl_typesupport_fastrtps_c__visibility_control.h
[1.196s] -- Up-to-date: /home/om/slambot/install/bumperbot_msgs/include/bumperbot_msgs/bumperbot_msgs/srv
[1.196s] -- Up-to-date: /home/om/slambot/install/bumperbot_msgs/include/bumperbot_msgs/bumperbot_msgs/srv/detail
[1.196s] -- Up-to-date: /home/om/slambot/install/bumperbot_msgs/include/bumperbot_msgs/bumperbot_msgs/srv/detail/get_transform__rosidl_typesupport_fastrtps_c.h
[1.196s] -- Up-to-date: /home/om/slambot/install/bumperbot_msgs/include/bumperbot_msgs/bumperbot_msgs/srv/detail/add_two_ints__rosidl_typesupport_fastrtps_c.h
[1.196s] -- Up-to-date: /home/om/slambot/install/bumperbot_msgs/lib/libbumperbot_msgs__rosidl_typesupport_fastrtps_c.so
[1.196s] -- Up-to-date: /home/om/slambot/install/bumperbot_msgs/include/bumperbot_msgs/bumperbot_msgs
[1.196s] -- Up-to-date: /home/om/slambot/install/bumperbot_msgs/include/bumperbot_msgs/bumperbot_msgs/srv
[1.196s] -- Up-to-date: /home/om/slambot/install/bumperbot_msgs/include/bumperbot_msgs/bumperbot_msgs/srv/detail
[1.196s] -- Up-to-date: /home/om/slambot/install/bumperbot_msgs/include/bumperbot_msgs/bumperbot_msgs/srv/detail/add_two_ints__builder.hpp
[1.196s] -- Up-to-date: /home/om/slambot/install/bumperbot_msgs/include/bumperbot_msgs/bumperbot_msgs/srv/detail/get_transform__struct.hpp
[1.196s] -- Up-to-date: /home/om/slambot/install/bumperbot_msgs/include/bumperbot_msgs/bumperbot_msgs/srv/detail/get_transform__builder.hpp
[1.197s] -- Up-to-date: /home/om/slambot/install/bumperbot_msgs/include/bumperbot_msgs/bumperbot_msgs/srv/detail/get_transform__traits.hpp
[1.197s] -- Up-to-date: /home/om/slambot/install/bumperbot_msgs/include/bumperbot_msgs/bumperbot_msgs/srv/detail/add_two_ints__struct.hpp
[1.197s] -- Up-to-date: /home/om/slambot/install/bumperbot_msgs/include/bumperbot_msgs/bumperbot_msgs/srv/detail/add_two_ints__traits.hpp
[1.197s] -- Up-to-date: /home/om/slambot/install/bumperbot_msgs/include/bumperbot_msgs/bumperbot_msgs/srv/get_transform.hpp
[1.197s] -- Up-to-date: /home/om/slambot/install/bumperbot_msgs/include/bumperbot_msgs/bumperbot_msgs/srv/add_two_ints.hpp
[1.197s] -- Up-to-date: /home/om/slambot/install/bumperbot_msgs/include/bumperbot_msgs/bumperbot_msgs
[1.197s] -- Up-to-date: /home/om/slambot/install/bumperbot_msgs/include/bumperbot_msgs/bumperbot_msgs/msg
[1.197s] -- Up-to-date: /home/om/slambot/install/bumperbot_msgs/include/bumperbot_msgs/bumperbot_msgs/msg/rosidl_typesupport_fastrtps_cpp__visibility_control.h
[1.197s] -- Up-to-date: /home/om/slambot/install/bumperbot_msgs/include/bumperbot_msgs/bumperbot_msgs/srv
[1.197s] -- Up-to-date: /home/om/slambot/install/bumperbot_msgs/include/bumperbot_msgs/bumperbot_msgs/srv/detail
[1.197s] -- Up-to-date: /home/om/slambot/install/bumperbot_msgs/include/bumperbot_msgs/bumperbot_msgs/srv/detail/add_two_ints__rosidl_typesupport_fastrtps_cpp.hpp
[1.197s] -- Up-to-date: /home/om/slambot/install/bumperbot_msgs/include/bumperbot_msgs/bumperbot_msgs/srv/detail/dds_fastrtps
[1.197s] -- Up-to-date: /home/om/slambot/install/bumperbot_msgs/include/bumperbot_msgs/bumperbot_msgs/srv/detail/get_transform__rosidl_typesupport_fastrtps_cpp.hpp
[1.198s] -- Up-to-date: /home/om/slambot/install/bumperbot_msgs/lib/libbumperbot_msgs__rosidl_typesupport_fastrtps_cpp.so
[1.198s] -- Up-to-date: /home/om/slambot/install/bumperbot_msgs/include/bumperbot_msgs/bumperbot_msgs
[1.198s] -- Up-to-date: /home/om/slambot/install/bumperbot_msgs/include/bumperbot_msgs/bumperbot_msgs/msg
[1.198s] -- Up-to-date: /home/om/slambot/install/bumperbot_msgs/include/bumperbot_msgs/bumperbot_msgs/msg/rosidl_typesupport_introspection_c__visibility_control.h
[1.198s] -- Up-to-date: /home/om/slambot/install/bumperbot_msgs/include/bumperbot_msgs/bumperbot_msgs/srv
[1.198s] -- Up-to-date: /home/om/slambot/install/bumperbot_msgs/include/bumperbot_msgs/bumperbot_msgs/srv/detail
[1.198s] -- Up-to-date: /home/om/slambot/install/bumperbot_msgs/include/bumperbot_msgs/bumperbot_msgs/srv/detail/add_two_ints__type_support.c
[1.198s] -- Up-to-date: /home/om/slambot/install/bumperbot_msgs/include/bumperbot_msgs/bumperbot_msgs/srv/detail/get_transform__type_support.c
[1.198s] -- Up-to-date: /home/om/slambot/install/bumperbot_msgs/include/bumperbot_msgs/bumperbot_msgs/srv/detail/add_two_ints__rosidl_typesupport_introspection_c.h
[1.198s] -- Up-to-date: /home/om/slambot/install/bumperbot_msgs/include/bumperbot_msgs/bumperbot_msgs/srv/detail/get_transform__rosidl_typesupport_introspection_c.h
[1.198s] -- Up-to-date: /home/om/slambot/install/bumperbot_msgs/lib/libbumperbot_msgs__rosidl_typesupport_introspection_c.so
[1.199s] -- Up-to-date: /home/om/slambot/install/bumperbot_msgs/lib/libbumperbot_msgs__rosidl_typesupport_c.so
[1.199s] -- Up-to-date: /home/om/slambot/install/bumperbot_msgs/include/bumperbot_msgs/bumperbot_msgs
[1.199s] -- Up-to-date: /home/om/slambot/install/bumperbot_msgs/include/bumperbot_msgs/bumperbot_msgs/srv
[1.199s] -- Up-to-date: /home/om/slambot/install/bumperbot_msgs/include/bumperbot_msgs/bumperbot_msgs/srv/detail
[1.199s] -- Up-to-date: /home/om/slambot/install/bumperbot_msgs/include/bumperbot_msgs/bumperbot_msgs/srv/detail/get_transform__rosidl_typesupport_introspection_cpp.hpp
[1.200s] -- Up-to-date: /home/om/slambot/install/bumperbot_msgs/include/bumperbot_msgs/bumperbot_msgs/srv/detail/add_two_ints__rosidl_typesupport_introspection_cpp.hpp
[1.200s] -- Up-to-date: /home/om/slambot/install/bumperbot_msgs/include/bumperbot_msgs/bumperbot_msgs/srv/detail/add_two_ints__type_support.cpp
[1.200s] -- Up-to-date: /home/om/slambot/install/bumperbot_msgs/include/bumperbot_msgs/bumperbot_msgs/srv/detail/get_transform__type_support.cpp
[1.200s] -- Up-to-date: /home/om/slambot/install/bumperbot_msgs/lib/libbumperbot_msgs__rosidl_typesupport_introspection_cpp.so
[1.200s] -- Up-to-date: /home/om/slambot/install/bumperbot_msgs/lib/libbumperbot_msgs__rosidl_typesupport_cpp.so
[1.200s] -- Up-to-date: /home/om/slambot/install/bumperbot_msgs/share/bumperbot_msgs/environment/pythonpath.sh
[1.200s] -- Up-to-date: /home/om/slambot/install/bumperbot_msgs/share/bumperbot_msgs/environment/pythonpath.dsv
[1.200s] -- Up-to-date: /home/om/slambot/install/bumperbot_msgs/local/lib/python3.10/dist-packages/bumperbot_msgs-0.0.0-py3.10.egg-info
[1.200s] -- Installing: /home/om/slambot/install/bumperbot_msgs/local/lib/python3.10/dist-packages/bumperbot_msgs-0.0.0-py3.10.egg-info/PKG-INFO
[1.200s] -- Installing: /home/om/slambot/install/bumperbot_msgs/local/lib/python3.10/dist-packages/bumperbot_msgs-0.0.0-py3.10.egg-info/dependency_links.txt
[1.201s] -- Installing: /home/om/slambot/install/bumperbot_msgs/local/lib/python3.10/dist-packages/bumperbot_msgs-0.0.0-py3.10.egg-info/SOURCES.txt
[1.201s] -- Installing: /home/om/slambot/install/bumperbot_msgs/local/lib/python3.10/dist-packages/bumperbot_msgs-0.0.0-py3.10.egg-info/top_level.txt
[1.201s] -- Up-to-date: /home/om/slambot/install/bumperbot_msgs/local/lib/python3.10/dist-packages/bumperbot_msgs
[1.201s] -- Up-to-date: /home/om/slambot/install/bumperbot_msgs/local/lib/python3.10/dist-packages/bumperbot_msgs/_bumperbot_msgs_s.ep.rosidl_typesupport_introspection_c.c
[1.201s] -- Up-to-date: /home/om/slambot/install/bumperbot_msgs/local/lib/python3.10/dist-packages/bumperbot_msgs/_bumperbot_msgs_s.ep.rosidl_typesupport_fastrtps_c.c
[1.201s] -- Up-to-date: /home/om/slambot/install/bumperbot_msgs/local/lib/python3.10/dist-packages/bumperbot_msgs/__init__.py
[1.201s] -- Up-to-date: /home/om/slambot/install/bumperbot_msgs/local/lib/python3.10/dist-packages/bumperbot_msgs/_bumperbot_msgs_s.ep.rosidl_typesupport_c.c
[1.201s] -- Up-to-date: /home/om/slambot/install/bumperbot_msgs/local/lib/python3.10/dist-packages/bumperbot_msgs/srv
[1.201s] -- Up-to-date: /home/om/slambot/install/bumperbot_msgs/local/lib/python3.10/dist-packages/bumperbot_msgs/srv/_get_transform_s.c
[1.201s] -- Up-to-date: /home/om/slambot/install/bumperbot_msgs/local/lib/python3.10/dist-packages/bumperbot_msgs/srv/_get_transform.py
[1.201s] -- Up-to-date: /home/om/slambot/install/bumperbot_msgs/local/lib/python3.10/dist-packages/bumperbot_msgs/srv/__init__.py
[1.201s] -- Up-to-date: /home/om/slambot/install/bumperbot_msgs/local/lib/python3.10/dist-packages/bumperbot_msgs/srv/_add_two_ints.py
[1.201s] -- Up-to-date: /home/om/slambot/install/bumperbot_msgs/local/lib/python3.10/dist-packages/bumperbot_msgs/srv/_add_two_ints_s.c
[1.201s] -- Up-to-date: /home/om/slambot/install/bumperbot_msgs/local/lib/python3.10/dist-packages/bumperbot_msgs/libbumperbot_msgs__rosidl_generator_py.so
[1.202s] -- Up-to-date: /home/om/slambot/install/bumperbot_msgs/local/lib/python3.10/dist-packages/bumperbot_msgs/bumperbot_msgs_s__rosidl_typesupport_introspection_c.cpython-310-x86_64-linux-gnu.so
[1.202s] -- Up-to-date: /home/om/slambot/install/bumperbot_msgs/local/lib/python3.10/dist-packages/bumperbot_msgs/bumperbot_msgs_s__rosidl_typesupport_fastrtps_c.cpython-310-x86_64-linux-gnu.so
[1.202s] -- Up-to-date: /home/om/slambot/install/bumperbot_msgs/local/lib/python3.10/dist-packages/bumperbot_msgs/bumperbot_msgs_s__rosidl_typesupport_c.cpython-310-x86_64-linux-gnu.so
[1.250s] Listing '/home/om/slambot/install/bumperbot_msgs/local/lib/python3.10/dist-packages/bumperbot_msgs'...
[1.251s] Listing '/home/om/slambot/install/bumperbot_msgs/local/lib/python3.10/dist-packages/bumperbot_msgs/srv'...
[1.256s] -- Up-to-date: /home/om/slambot/install/bumperbot_msgs/local/lib/python3.10/dist-packages/bumperbot_msgs/bumperbot_msgs_s__rosidl_typesupport_fastrtps_c.cpython-310-x86_64-linux-gnu.so
[1.256s] -- Up-to-date: /home/om/slambot/install/bumperbot_msgs/local/lib/python3.10/dist-packages/bumperbot_msgs/bumperbot_msgs_s__rosidl_typesupport_introspection_c.cpython-310-x86_64-linux-gnu.so
[1.256s] -- Up-to-date: /home/om/slambot/install/bumperbot_msgs/local/lib/python3.10/dist-packages/bumperbot_msgs/bumperbot_msgs_s__rosidl_typesupport_c.cpython-310-x86_64-linux-gnu.so
[1.257s] -- Up-to-date: /home/om/slambot/install/bumperbot_msgs/lib/libbumperbot_msgs__rosidl_generator_py.so
[1.257s] -- Up-to-date: /home/om/slambot/install/bumperbot_msgs/share/bumperbot_msgs/srv/AddTwoInts.idl
[1.258s] -- Up-to-date: /home/om/slambot/install/bumperbot_msgs/share/bumperbot_msgs/srv/GetTransform.idl
[1.259s] -- Up-to-date: /home/om/slambot/install/bumperbot_msgs/share/bumperbot_msgs/srv/AddTwoInts.srv
[1.260s] -- Up-to-date: /home/om/slambot/install/bumperbot_msgs/share/bumperbot_msgs/srv/AddTwoInts_Request.msg
[1.261s] -- Up-to-date: /home/om/slambot/install/bumperbot_msgs/share/bumperbot_msgs/srv/AddTwoInts_Response.msg
[1.262s] -- Up-to-date: /home/om/slambot/install/bumperbot_msgs/share/bumperbot_msgs/srv/GetTransform.srv
[1.263s] -- Up-to-date: /home/om/slambot/install/bumperbot_msgs/share/bumperbot_msgs/srv/GetTransform_Request.msg
[1.263s] -- Up-to-date: /home/om/slambot/install/bumperbot_msgs/share/bumperbot_msgs/srv/GetTransform_Response.msg
[1.264s] -- Up-to-date: /home/om/slambot/install/bumperbot_msgs/share/ament_index/resource_index/package_run_dependencies/bumperbot_msgs
[1.264s] -- Up-to-date: /home/om/slambot/install/bumperbot_msgs/share/ament_index/resource_index/parent_prefix_path/bumperbot_msgs
[1.264s] -- Up-to-date: /home/om/slambot/install/bumperbot_msgs/share/bumperbot_msgs/environment/ament_prefix_path.sh
[1.265s] -- Up-to-date: /home/om/slambot/install/bumperbot_msgs/share/bumperbot_msgs/environment/ament_prefix_path.dsv
[1.265s] -- Up-to-date: /home/om/slambot/install/bumperbot_msgs/share/bumperbot_msgs/environment/path.sh
[1.266s] -- Up-to-date: /home/om/slambot/install/bumperbot_msgs/share/bumperbot_msgs/environment/path.dsv
[1.266s] -- Up-to-date: /home/om/slambot/install/bumperbot_msgs/share/bumperbot_msgs/local_setup.bash
[1.266s] -- Up-to-date: /home/om/slambot/install/bumperbot_msgs/share/bumperbot_msgs/local_setup.sh
[1.266s] -- Up-to-date: /home/om/slambot/install/bumperbot_msgs/share/bumperbot_msgs/local_setup.zsh
[1.266s] -- Up-to-date: /home/om/slambot/install/bumperbot_msgs/share/bumperbot_msgs/local_setup.dsv
[1.267s] -- Installing: /home/om/slambot/install/bumperbot_msgs/share/bumperbot_msgs/package.dsv
[1.267s] -- Up-to-date: /home/om/slambot/install/bumperbot_msgs/share/ament_index/resource_index/packages/bumperbot_msgs
[1.267s] -- Up-to-date: /home/om/slambot/install/bumperbot_msgs/share/bumperbot_msgs/cmake/export_bumperbot_msgs__rosidl_generator_cExport.cmake
[1.267s] -- Up-to-date: /home/om/slambot/install/bumperbot_msgs/share/bumperbot_msgs/cmake/export_bumperbot_msgs__rosidl_generator_cExport-noconfig.cmake
[1.267s] -- Up-to-date: /home/om/slambot/install/bumperbot_msgs/share/bumperbot_msgs/cmake/export_bumperbot_msgs__rosidl_typesupport_fastrtps_cExport.cmake
[1.267s] -- Up-to-date: /home/om/slambot/install/bumperbot_msgs/share/bumperbot_msgs/cmake/export_bumperbot_msgs__rosidl_typesupport_fastrtps_cExport-noconfig.cmake
[1.268s] -- Up-to-date: /home/om/slambot/install/bumperbot_msgs/share/bumperbot_msgs/cmake/export_bumperbot_msgs__rosidl_generator_cppExport.cmake
[1.268s] -- Up-to-date: /home/om/slambot/install/bumperbot_msgs/share/bumperbot_msgs/cmake/export_bumperbot_msgs__rosidl_typesupport_fastrtps_cppExport.cmake
[1.268s] -- Up-to-date: /home/om/slambot/install/bumperbot_msgs/share/bumperbot_msgs/cmake/export_bumperbot_msgs__rosidl_typesupport_fastrtps_cppExport-noconfig.cmake
[1.268s] -- Up-to-date: /home/om/slambot/install/bumperbot_msgs/share/bumperbot_msgs/cmake/bumperbot_msgs__rosidl_typesupport_introspection_cExport.cmake
[1.268s] -- Up-to-date: /home/om/slambot/install/bumperbot_msgs/share/bumperbot_msgs/cmake/bumperbot_msgs__rosidl_typesupport_introspection_cExport-noconfig.cmake
[1.268s] -- Up-to-date: /home/om/slambot/install/bumperbot_msgs/share/bumperbot_msgs/cmake/bumperbot_msgs__rosidl_typesupport_cExport.cmake
[1.269s] -- Up-to-date: /home/om/slambot/install/bumperbot_msgs/share/bumperbot_msgs/cmake/bumperbot_msgs__rosidl_typesupport_cExport-noconfig.cmake
[1.269s] -- Up-to-date: /home/om/slambot/install/bumperbot_msgs/share/bumperbot_msgs/cmake/bumperbot_msgs__rosidl_typesupport_introspection_cppExport.cmake
[1.269s] -- Up-to-date: /home/om/slambot/install/bumperbot_msgs/share/bumperbot_msgs/cmake/bumperbot_msgs__rosidl_typesupport_introspection_cppExport-noconfig.cmake
[1.269s] -- Up-to-date: /home/om/slambot/install/bumperbot_msgs/share/bumperbot_msgs/cmake/bumperbot_msgs__rosidl_typesupport_cppExport.cmake
[1.269s] -- Up-to-date: /home/om/slambot/install/bumperbot_msgs/share/bumperbot_msgs/cmake/bumperbot_msgs__rosidl_typesupport_cppExport-noconfig.cmake
[1.269s] -- Up-to-date: /home/om/slambot/install/bumperbot_msgs/share/bumperbot_msgs/cmake/export_bumperbot_msgs__rosidl_generator_pyExport.cmake
[1.269s] -- Up-to-date: /home/om/slambot/install/bumperbot_msgs/share/bumperbot_msgs/cmake/export_bumperbot_msgs__rosidl_generator_pyExport-noconfig.cmake
[1.269s] -- Up-to-date: /home/om/slambot/install/bumperbot_msgs/share/bumperbot_msgs/cmake/rosidl_cmake-extras.cmake
[1.269s] -- Up-to-date: /home/om/slambot/install/bumperbot_msgs/share/bumperbot_msgs/cmake/ament_cmake_export_dependencies-extras.cmake
[1.270s] -- Up-to-date: /home/om/slambot/install/bumperbot_msgs/share/bumperbot_msgs/cmake/ament_cmake_export_include_directories-extras.cmake
[1.270s] -- Up-to-date: /home/om/slambot/install/bumperbot_msgs/share/bumperbot_msgs/cmake/ament_cmake_export_libraries-extras.cmake
[1.270s] -- Up-to-date: /home/om/slambot/install/bumperbot_msgs/share/bumperbot_msgs/cmake/ament_cmake_export_targets-extras.cmake
[1.270s] -- Up-to-date: /home/om/slambot/install/bumperbot_msgs/share/bumperbot_msgs/cmake/rosidl_cmake_export_typesupport_targets-extras.cmake
[1.270s] -- Up-to-date: /home/om/slambot/install/bumperbot_msgs/share/bumperbot_msgs/cmake/rosidl_cmake_export_typesupport_libraries-extras.cmake
[1.270s] -- Up-to-date: /home/om/slambot/install/bumperbot_msgs/share/bumperbot_msgs/cmake/bumperbot_msgsConfig.cmake
[1.270s] -- Up-to-date: /home/om/slambot/install/bumperbot_msgs/share/bumperbot_msgs/cmake/bumperbot_msgsConfig-version.cmake
[1.270s] -- Up-to-date: /home/om/slambot/install/bumperbot_msgs/share/bumperbot_msgs/package.xml
[1.272s] Invoked command in '/home/om/slambot/build/bumperbot_msgs' returned '0': CMAKE_PREFIX_PATH=${CMAKE_PREFIX_PATH}:/home/om/slambot/install/bumperbot_py_examples:/opt/ros/humble /usr/bin/cmake --install /home/om/slambot/build/bumperbot_msgs
