[0.580s] Invoking command in '/home/om/slambot/src/bumperbot_py_examples': CMAKE_PREFIX_PATH=/home/om/slambot/install/bumperbot_msgs:/home/om/slambot/install/rplidar_ros:/home/om/slambot/install/new_robot_firmware:/home/om/slambot/install/new_robot_description:/home/om/slambot/install/new_robot_controller:/home/om/slambot/install/new_practice_bringup:/home/om/slambot/install/cpp_examples:/home/om/slambot/install/bumperbot_cpp_examples:/home/om/slambot/install/bumperbot_localization:/home/om/slambot/install/bumperbot_firmware:/home/om/slambot/install/bumperbot_description:/home/om/slambot/install/bumperbot_controller:/home/om/slambot/install/bumperbot_bringup LD_LIBRARY_PATH=/home/om/slambot/install/bumperbot_msgs/lib:/home/om/slambot/install/rplidar_ros/lib:/home/om/slambot/install/new_robot_firmware/lib:/home/om/slambot/install/bumperbot_firmware/lib:/usr/lib/x86_64-linux-gnu/gazebo-11/plugins:/opt/ros/humble/opt/rviz_ogre_vendor/lib:/opt/ros/humble/lib/x86_64-linux-gnu:/opt/ros/humble/lib PYTHONPATH=/home/om/slambot/build/bumperbot_py_examples/prefix_override:/usr/lib/python3/dist-packages/colcon_core/task/python/colcon_distutils_commands:/home/om/slambot/install/bumperbot_py_examples/lib/python3.10/site-packages:${PYTHONPATH} /usr/bin/python3 -W ignore:setup.py install is deprecated setup.py egg_info --egg-base ../../build/bumperbot_py_examples build --build-base /home/om/slambot/build/bumperbot_py_examples/build install --record /home/om/slambot/build/bumperbot_py_examples/install.log --single-version-externally-managed install_data
[0.761s] running egg_info
[0.762s] writing ../../build/bumperbot_py_examples/bumperbot_py_examples.egg-info/PKG-INFO
[0.762s] writing dependency_links to ../../build/bumperbot_py_examples/bumperbot_py_examples.egg-info/dependency_links.txt
[0.762s] writing entry points to ../../build/bumperbot_py_examples/bumperbot_py_examples.egg-info/entry_points.txt
[0.763s] writing requirements to ../../build/bumperbot_py_examples/bumperbot_py_examples.egg-info/requires.txt
[0.763s] writing top-level names to ../../build/bumperbot_py_examples/bumperbot_py_examples.egg-info/top_level.txt
[0.764s] reading manifest file '../../build/bumperbot_py_examples/bumperbot_py_examples.egg-info/SOURCES.txt'
[0.765s] writing manifest file '../../build/bumperbot_py_examples/bumperbot_py_examples.egg-info/SOURCES.txt'
[0.765s] running build
[0.765s] running build_py
[0.765s] running install
[0.766s] running install_lib
[0.767s] running install_data
[0.767s] running install_egg_info
[0.769s] removing '/home/om/slambot/install/bumperbot_py_examples/lib/python3.10/site-packages/bumperbot_py_examples-0.0.0-py3.10.egg-info' (and everything under it)
[0.769s] Copying ../../build/bumperbot_py_examples/bumperbot_py_examples.egg-info to /home/om/slambot/install/bumperbot_py_examples/lib/python3.10/site-packages/bumperbot_py_examples-0.0.0-py3.10.egg-info
[0.770s] running install_scripts
[0.786s] Installing simple_lifecycle_node script to /home/om/slambot/install/bumperbot_py_examples/lib/bumperbot_py_examples
[0.786s] Installing simple_parameter script to /home/om/slambot/install/bumperbot_py_examples/lib/bumperbot_py_examples
[0.786s] Installing simple_publisher script to /home/om/slambot/install/bumperbot_py_examples/lib/bumperbot_py_examples
[0.786s] Installing simple_service_client script to /home/om/slambot/install/bumperbot_py_examples/lib/bumperbot_py_examples
[0.786s] Installing simple_service_server script to /home/om/slambot/install/bumperbot_py_examples/lib/bumperbot_py_examples
[0.786s] Installing simple_subscriber script to /home/om/slambot/install/bumperbot_py_examples/lib/bumperbot_py_examples
[0.786s] Installing simple_tf_kinematics script to /home/om/slambot/install/bumperbot_py_examples/lib/bumperbot_py_examples
[0.787s] Installing simple_turtlesim_kinematics script to /home/om/slambot/install/bumperbot_py_examples/lib/bumperbot_py_examples
[0.787s] writing list of installed files to '/home/om/slambot/build/bumperbot_py_examples/install.log'
[0.814s] Invoked command in '/home/om/slambot/src/bumperbot_py_examples' returned '0': CMAKE_PREFIX_PATH=/home/om/slambot/install/bumperbot_msgs:/home/om/slambot/install/rplidar_ros:/home/om/slambot/install/new_robot_firmware:/home/om/slambot/install/new_robot_description:/home/om/slambot/install/new_robot_controller:/home/om/slambot/install/new_practice_bringup:/home/om/slambot/install/cpp_examples:/home/om/slambot/install/bumperbot_cpp_examples:/home/om/slambot/install/bumperbot_localization:/home/om/slambot/install/bumperbot_firmware:/home/om/slambot/install/bumperbot_description:/home/om/slambot/install/bumperbot_controller:/home/om/slambot/install/bumperbot_bringup LD_LIBRARY_PATH=/home/om/slambot/install/bumperbot_msgs/lib:/home/om/slambot/install/rplidar_ros/lib:/home/om/slambot/install/new_robot_firmware/lib:/home/om/slambot/install/bumperbot_firmware/lib:/usr/lib/x86_64-linux-gnu/gazebo-11/plugins:/opt/ros/humble/opt/rviz_ogre_vendor/lib:/opt/ros/humble/lib/x86_64-linux-gnu:/opt/ros/humble/lib PYTHONPATH=/home/om/slambot/build/bumperbot_py_examples/prefix_override:/usr/lib/python3/dist-packages/colcon_core/task/python/colcon_distutils_commands:/home/om/slambot/install/bumperbot_py_examples/lib/python3.10/site-packages:${PYTHONPATH} /usr/bin/python3 -W ignore:setup.py install is deprecated setup.py egg_info --egg-base ../../build/bumperbot_py_examples build --build-base /home/om/slambot/build/bumperbot_py_examples/build install --record /home/om/slambot/build/bumperbot_py_examples/install.log --single-version-externally-managed install_data
