[0.026s] Invoking command in '/home/om/slambot/build/new_robot_firmware': CMAKE_PREFIX_PATH=${CMAKE_PREFIX_PATH}:/home/om/slambot/install/new_robot_description:/home/om/slambot/install/new_practice_bringup:/home/om/slambot/install/bumperbot_py_examples:/home/om/slambot/install/bumperbot_description:/opt/ros/humble /usr/bin/cmake /home/om/slambot/src/new_robot_firmware -DCMAKE_INSTALL_PREFIX=/home/om/slambot/install/new_robot_firmware
[1.189s] -- The C compiler identification is GNU 11.4.0
[1.189s] -- The CXX compiler identification is GNU 11.4.0
[1.189s] -- Detecting C compiler ABI info
[1.189s] -- Detecting C compiler ABI info - done
[1.189s] -- Check for working C compiler: /usr/bin/cc - skipped
[1.190s] -- Detecting C compile features
[1.190s] -- Detecting C compile features - done
[1.190s] -- Detecting CXX compiler ABI info
[1.190s] -- Detecting CXX compiler ABI info - done
[1.190s] -- Check for working CXX compiler: /usr/bin/c++ - skipped
[1.190s] -- Detecting CXX compile features
[1.190s] -- Detecting CXX compile features - done
[1.190s] -- Found ament_cmake: 1.3.10 (/opt/ros/humble/share/ament_cmake/cmake)
[1.191s] -- Found Python3: /usr/bin/python3 (found version "3.10.12") found components: Interpreter 
[1.191s] -- Found rclcpp: 16.0.10 (/opt/ros/humble/share/rclcpp/cmake)
[1.304s] -- Found rosidl_generator_c: 3.1.5 (/opt/ros/humble/share/rosidl_generator_c/cmake)
[1.337s] -- Found rosidl_adapter: 3.1.5 (/opt/ros/humble/share/rosidl_adapter/cmake)
[1.349s] -- Found rosidl_generator_cpp: 3.1.5 (/opt/ros/humble/share/rosidl_generator_cpp/cmake)
[1.391s] -- Using all available rosidl_typesupport_c: rosidl_typesupport_fastrtps_c;rosidl_typesupport_introspection_c
[1.440s] -- Using all available rosidl_typesupport_cpp: rosidl_typesupport_fastrtps_cpp;rosidl_typesupport_introspection_cpp
[1.568s] -- Found rmw_implementation_cmake: 6.1.2 (/opt/ros/humble/share/rmw_implementation_cmake/cmake)
[1.570s] -- Found rmw_fastrtps_cpp: 6.2.7 (/opt/ros/humble/share/rmw_fastrtps_cpp/cmake)
[1.852s] -- Found OpenSSL: /usr/lib/x86_64-linux-gnu/libcrypto.so (found version "3.0.2")  
[1.928s] -- Found FastRTPS: /opt/ros/humble/include  
[2.063s] -- Using RMW implementation 'rmw_fastrtps_cpp' as default
[2.095s] -- Looking for pthread.h
[2.391s] -- Looking for pthread.h - found
[2.391s] -- Performing Test CMAKE_HAVE_LIBC_PTHREAD
[2.734s] -- Performing Test CMAKE_HAVE_LIBC_PTHREAD - Success
[2.746s] -- Found Threads: TRUE  
[3.094s] -- Found rclpy: 3.3.14 (/opt/ros/humble/share/rclpy/cmake)
[3.109s] -- Found hardware_interface: 2.42.0 (/opt/ros/humble/share/hardware_interface/cmake)
[3.775s] -- Found PkgConfig: /usr/bin/pkg-config (found version "0.29.2") 
[3.783s] -- Checking for module 'libserial'
[3.825s] --   Found libserial, version 1.0.0
[4.048s] -- Found ament_lint_auto: 0.12.11 (/opt/ros/humble/share/ament_lint_auto/cmake)
[4.383s] -- Added test 'cppcheck' to perform static code analysis on C / C++ code
[4.384s] -- Configured cppcheck include dirs: /home/om/slambot/src/new_robot_firmware/include
[4.384s] -- Configured cppcheck exclude dirs and/or files: 
[4.386s] -- Added test 'flake8' to check Python code syntax and style conventions
[4.388s] -- Added test 'lint_cmake' to check CMake code style
[4.391s] -- Added test 'pep257' to check Python code against some of the docstring style conventions in PEP 257
[4.392s] -- Added test 'uncrustify' to check C / C++ code style
[4.392s] -- Configured uncrustify additional arguments: 
[4.394s] -- Added test 'xmllint' to check XML markup files
[4.404s] -- Configuring done
[4.501s] -- Generating done
[4.511s] -- Build files have been written to: /home/om/slambot/build/new_robot_firmware
[4.598s] Invoked command in '/home/om/slambot/build/new_robot_firmware' returned '0': CMAKE_PREFIX_PATH=${CMAKE_PREFIX_PATH}:/home/om/slambot/install/new_robot_description:/home/om/slambot/install/new_practice_bringup:/home/om/slambot/install/bumperbot_py_examples:/home/om/slambot/install/bumperbot_description:/opt/ros/humble /usr/bin/cmake /home/om/slambot/src/new_robot_firmware -DCMAKE_INSTALL_PREFIX=/home/om/slambot/install/new_robot_firmware
[4.604s] Invoking command in '/home/om/slambot/build/new_robot_firmware': CMAKE_PREFIX_PATH=${CMAKE_PREFIX_PATH}:/home/om/slambot/install/new_robot_description:/home/om/slambot/install/new_practice_bringup:/home/om/slambot/install/bumperbot_py_examples:/home/om/slambot/install/bumperbot_description:/opt/ros/humble /usr/bin/cmake --build /home/om/slambot/build/new_robot_firmware -- -j8 -l8
[4.782s] [ 50%] [32mBuilding CXX object CMakeFiles/new_robot_firmware.dir/src/new_robot_interface.cpp.o[0m
