[35m[1mConsolidate compiler generated dependencies of target rplidar_composition_node[0m
[ 11%] [32mBuilding CXX object CMakeFiles/rplidar_composition_node.dir/src/rplidar_node.cpp.o[0m
[ 22%] [32m[1mLinking CXX shared library librplidar_composition_node.so[0m
[ 77%] Built target rplidar_composition_node
[ 88%] [32mBuilding CXX object CMakeFiles/rplidar_composition.dir/src/standalone_rplidar.cpp.o[0m
[100%] [32m[1mLinking CXX executable rplidar_composition[0m
[100%] Built target rplidar_composition
-- Install configuration: ""
-- Installing: /home/om/slambot/install/rplidar_ros/lib/rplidar_ros/rplidar_composition
-- Set runtime path of "/home/om/slambot/install/rplidar_ros/lib/rplidar_ros/rplidar_composition" to ""
-- Installing: /home/om/slambot/install/rplidar_ros/share/rplidar_ros/launch
-- Installing: /home/om/slambot/install/rplidar_ros/share/rplidar_ros/launch/view_rplidar_s1.launch.py
-- Installing: /home/om/slambot/install/rplidar_ros/share/rplidar_ros/launch/rplidar_a3.launch.py
-- Installing: /home/om/slambot/install/rplidar_ros/share/rplidar_ros/launch/rplidar_s1_tcp.launch.py
-- Installing: /home/om/slambot/install/rplidar_ros/share/rplidar_ros/launch/view_rplidar.launch.py
-- Installing: /home/om/slambot/install/rplidar_ros/share/rplidar_ros/launch/view_rplidar_a3.launch.py
-- Installing: /home/om/slambot/install/rplidar_ros/share/rplidar_ros/launch/view_rplidar_s1_tcp.launch.py
-- Installing: /home/om/slambot/install/rplidar_ros/share/rplidar_ros/launch/rplidar.launch.py
-- Installing: /home/om/slambot/install/rplidar_ros/share/rplidar_ros/launch/rplidar_s1.launch.py
-- Installing: /home/om/slambot/install/rplidar_ros/share/rplidar_ros/launch/test_rplidar_a3.launch.py
-- Installing: /home/om/slambot/install/rplidar_ros/share/rplidar_ros/rviz
-- Installing: /home/om/slambot/install/rplidar_ros/share/rplidar_ros/rviz/rplidar.rviz
-- Installing: /home/om/slambot/install/rplidar_ros/lib/librplidar_composition_node.so
-- Set runtime path of "/home/om/slambot/install/rplidar_ros/lib/librplidar_composition_node.so" to ""
-- Installing: /home/om/slambot/install/rplidar_ros/include
-- Installing: /home/om/slambot/install/rplidar_ros/include/rplidar_node.hpp
-- Installing: /home/om/slambot/install/rplidar_ros/include/visibility.h
-- Up-to-date: /home/om/slambot/install/rplidar_ros/lib/rplidar_ros/rplidar_composition
-- Installing: /home/om/slambot/install/rplidar_ros/share/ament_index/resource_index/package_run_dependencies/rplidar_ros
-- Installing: /home/om/slambot/install/rplidar_ros/share/ament_index/resource_index/parent_prefix_path/rplidar_ros
-- Installing: /home/om/slambot/install/rplidar_ros/share/rplidar_ros/environment/ament_prefix_path.sh
-- Installing: /home/om/slambot/install/rplidar_ros/share/rplidar_ros/environment/ament_prefix_path.dsv
-- Installing: /home/om/slambot/install/rplidar_ros/share/rplidar_ros/environment/path.sh
-- Installing: /home/om/slambot/install/rplidar_ros/share/rplidar_ros/environment/path.dsv
-- Installing: /home/om/slambot/install/rplidar_ros/share/rplidar_ros/local_setup.bash
-- Installing: /home/om/slambot/install/rplidar_ros/share/rplidar_ros/local_setup.sh
-- Installing: /home/om/slambot/install/rplidar_ros/share/rplidar_ros/local_setup.zsh
-- Installing: /home/om/slambot/install/rplidar_ros/share/rplidar_ros/local_setup.dsv
-- Installing: /home/om/slambot/install/rplidar_ros/share/rplidar_ros/package.dsv
-- Installing: /home/om/slambot/install/rplidar_ros/share/ament_index/resource_index/packages/rplidar_ros
-- Installing: /home/om/slambot/install/rplidar_ros/share/ament_index/resource_index/rclcpp_components/rplidar_ros
-- Installing: /home/om/slambot/install/rplidar_ros/share/rplidar_ros/cmake/ament_cmake_export_dependencies-extras.cmake
-- Installing: /home/om/slambot/install/rplidar_ros/share/rplidar_ros/cmake/ament_cmake_export_include_directories-extras.cmake
-- Installing: /home/om/slambot/install/rplidar_ros/share/rplidar_ros/cmake/rplidar_rosConfig.cmake
-- Installing: /home/om/slambot/install/rplidar_ros/share/rplidar_ros/cmake/rplidar_rosConfig-version.cmake
-- Installing: /home/om/slambot/install/rplidar_ros/share/rplidar_ros/package.xml
