[0.261s] DEBUG:colcon:Command line arguments: ['/usr/bin/colcon', 'build']
[0.261s] DEBUG:colcon:Parsed command line arguments: Namespace(log_base=None, log_level=None, verb_name='build', build_base='build', install_base='install', merge_install=False, symlink_install=False, test_result_base=None, continue_on_error=False, executor='parallel', parallel_workers=8, event_handlers=None, ignore_user_meta=False, metas=['./colcon.meta'], base_paths=['.'], packages_ignore=None, packages_ignore_regex=None, paths=None, packages_up_to=None, packages_up_to_regex=None, packages_above=None, packages_above_and_dependencies=None, packages_above_depth=None, packages_select_by_dep=None, packages_skip_by_dep=None, packages_skip_up_to=None, packages_select_build_failed=False, packages_skip_build_finished=False, packages_select_test_failures=False, packages_skip_test_passed=False, packages_select=None, packages_skip=None, packages_select_regex=None, packages_skip_regex=None, packages_start=None, packages_end=None, allow_overriding=[], cmake_args=None, cmake_target=None, cmake_target_skip_unavailable=False, cmake_clean_cache=False, cmake_clean_first=False, cmake_force_configure=False, ament_cmake_args=None, catkin_cmake_args=None, catkin_skip_building_tests=False, verb_parser=<colcon_defaults.argument_parser.defaults.DefaultArgumentsDecorator object at 0x7448afbea110>, verb_extension=<colcon_core.verb.build.BuildVerb object at 0x7448afda7730>, main=<bound method BuildVerb.main of <colcon_core.verb.build.BuildVerb object at 0x7448afda7730>>)
[0.645s] Level 1:colcon.colcon_core.package_discovery:discover_packages(colcon_meta) check parameters
[0.646s] Level 1:colcon.colcon_core.package_discovery:discover_packages(recursive) check parameters
[0.646s] Level 1:colcon.colcon_core.package_discovery:discover_packages(ignore) check parameters
[0.646s] Level 1:colcon.colcon_core.package_discovery:discover_packages(path) check parameters
[0.646s] Level 1:colcon.colcon_core.package_discovery:discover_packages(colcon_meta) discover
[0.646s] Level 1:colcon.colcon_core.package_discovery:discover_packages(recursive) discover
[0.646s] INFO:colcon.colcon_core.package_discovery:Crawling recursively for packages in '/home/om/slambot'
[0.646s] Level 1:colcon.colcon_core.package_identification:_identify(.) by extensions ['ignore', 'ignore_ament_install']
[0.647s] Level 1:colcon.colcon_core.package_identification:_identify(.) by extension 'ignore'
[0.647s] Level 1:colcon.colcon_core.package_identification:_identify(.) by extension 'ignore_ament_install'
[0.647s] Level 1:colcon.colcon_core.package_identification:_identify(.) by extensions ['colcon_pkg']
[0.647s] Level 1:colcon.colcon_core.package_identification:_identify(.) by extension 'colcon_pkg'
[0.647s] Level 1:colcon.colcon_core.package_identification:_identify(.) by extensions ['colcon_meta']
[0.647s] Level 1:colcon.colcon_core.package_identification:_identify(.) by extension 'colcon_meta'
[0.647s] Level 1:colcon.colcon_core.package_identification:_identify(.) by extensions ['ros']
[0.647s] Level 1:colcon.colcon_core.package_identification:_identify(.) by extension 'ros'
[0.682s] Level 1:colcon.colcon_core.package_identification:_identify(.) by extensions ['cmake', 'python']
[0.682s] Level 1:colcon.colcon_core.package_identification:_identify(.) by extension 'cmake'
[0.683s] Level 1:colcon.colcon_core.package_identification:_identify(.) by extension 'python'
[0.683s] Level 1:colcon.colcon_core.package_identification:_identify(.) by extensions ['python_setup_py']
[0.683s] Level 1:colcon.colcon_core.package_identification:_identify(.) by extension 'python_setup_py'
[0.683s] Level 1:colcon.colcon_core.package_identification:_identify(build) by extensions ['ignore', 'ignore_ament_install']
[0.683s] Level 1:colcon.colcon_core.package_identification:_identify(build) by extension 'ignore'
[0.683s] Level 1:colcon.colcon_core.package_identification:_identify(build) ignored
[0.684s] Level 1:colcon.colcon_core.package_identification:_identify(install) by extensions ['ignore', 'ignore_ament_install']
[0.684s] Level 1:colcon.colcon_core.package_identification:_identify(install) by extension 'ignore'
[0.684s] Level 1:colcon.colcon_core.package_identification:_identify(install) ignored
[0.684s] Level 1:colcon.colcon_core.package_identification:_identify(log) by extensions ['ignore', 'ignore_ament_install']
[0.684s] Level 1:colcon.colcon_core.package_identification:_identify(log) by extension 'ignore'
[0.684s] Level 1:colcon.colcon_core.package_identification:_identify(log) ignored
[0.684s] Level 1:colcon.colcon_core.package_identification:_identify(src) by extensions ['ignore', 'ignore_ament_install']
[0.685s] Level 1:colcon.colcon_core.package_identification:_identify(src) by extension 'ignore'
[0.685s] Level 1:colcon.colcon_core.package_identification:_identify(src) by extension 'ignore_ament_install'
[0.685s] Level 1:colcon.colcon_core.package_identification:_identify(src) by extensions ['colcon_pkg']
[0.685s] Level 1:colcon.colcon_core.package_identification:_identify(src) by extension 'colcon_pkg'
[0.685s] Level 1:colcon.colcon_core.package_identification:_identify(src) by extensions ['colcon_meta']
[0.685s] Level 1:colcon.colcon_core.package_identification:_identify(src) by extension 'colcon_meta'
[0.685s] Level 1:colcon.colcon_core.package_identification:_identify(src) by extensions ['ros']
[0.685s] Level 1:colcon.colcon_core.package_identification:_identify(src) by extension 'ros'
[0.685s] Level 1:colcon.colcon_core.package_identification:_identify(src) by extensions ['cmake', 'python']
[0.685s] Level 1:colcon.colcon_core.package_identification:_identify(src) by extension 'cmake'
[0.686s] Level 1:colcon.colcon_core.package_identification:_identify(src) by extension 'python'
[0.686s] Level 1:colcon.colcon_core.package_identification:_identify(src) by extensions ['python_setup_py']
[0.686s] Level 1:colcon.colcon_core.package_identification:_identify(src) by extension 'python_setup_py'
[0.686s] Level 1:colcon.colcon_core.package_identification:_identify(src/bumperbot_cpp_examples) by extensions ['ignore', 'ignore_ament_install']
[0.686s] Level 1:colcon.colcon_core.package_identification:_identify(src/bumperbot_cpp_examples) by extension 'ignore'
[0.686s] Level 1:colcon.colcon_core.package_identification:_identify(src/bumperbot_cpp_examples) by extension 'ignore_ament_install'
[0.686s] Level 1:colcon.colcon_core.package_identification:_identify(src/bumperbot_cpp_examples) by extensions ['colcon_pkg']
[0.686s] Level 1:colcon.colcon_core.package_identification:_identify(src/bumperbot_cpp_examples) by extension 'colcon_pkg'
[0.686s] Level 1:colcon.colcon_core.package_identification:_identify(src/bumperbot_cpp_examples) by extensions ['colcon_meta']
[0.687s] Level 1:colcon.colcon_core.package_identification:_identify(src/bumperbot_cpp_examples) by extension 'colcon_meta'
[0.687s] Level 1:colcon.colcon_core.package_identification:_identify(src/bumperbot_cpp_examples) by extensions ['ros']
[0.687s] Level 1:colcon.colcon_core.package_identification:_identify(src/bumperbot_cpp_examples) by extension 'ros'
[0.695s] DEBUG:colcon.colcon_core.package_identification:Package 'src/bumperbot_cpp_examples' with type 'ros.ament_cmake' and name 'bumperbot_cpp_examples'
[0.695s] Level 1:colcon.colcon_core.package_identification:_identify(src/cpp_examples) by extensions ['ignore', 'ignore_ament_install']
[0.695s] Level 1:colcon.colcon_core.package_identification:_identify(src/cpp_examples) by extension 'ignore'
[0.695s] Level 1:colcon.colcon_core.package_identification:_identify(src/cpp_examples) by extension 'ignore_ament_install'
[0.696s] Level 1:colcon.colcon_core.package_identification:_identify(src/cpp_examples) by extensions ['colcon_pkg']
[0.696s] Level 1:colcon.colcon_core.package_identification:_identify(src/cpp_examples) by extension 'colcon_pkg'
[0.696s] Level 1:colcon.colcon_core.package_identification:_identify(src/cpp_examples) by extensions ['colcon_meta']
[0.696s] Level 1:colcon.colcon_core.package_identification:_identify(src/cpp_examples) by extension 'colcon_meta'
[0.696s] Level 1:colcon.colcon_core.package_identification:_identify(src/cpp_examples) by extensions ['ros']
[0.696s] Level 1:colcon.colcon_core.package_identification:_identify(src/cpp_examples) by extension 'ros'
[0.698s] DEBUG:colcon.colcon_core.package_identification:Package 'src/cpp_examples' with type 'ros.ament_cmake' and name 'cpp_examples'
[0.698s] Level 1:colcon.colcon_core.package_identification:_identify(src/log) by extensions ['ignore', 'ignore_ament_install']
[0.698s] Level 1:colcon.colcon_core.package_identification:_identify(src/log) by extension 'ignore'
[0.698s] Level 1:colcon.colcon_core.package_identification:_identify(src/log) ignored
[0.698s] Level 1:colcon.colcon_core.package_identification:_identify(src/new_practice_bringup) by extensions ['ignore', 'ignore_ament_install']
[0.698s] Level 1:colcon.colcon_core.package_identification:_identify(src/new_practice_bringup) by extension 'ignore'
[0.699s] Level 1:colcon.colcon_core.package_identification:_identify(src/new_practice_bringup) by extension 'ignore_ament_install'
[0.699s] Level 1:colcon.colcon_core.package_identification:_identify(src/new_practice_bringup) by extensions ['colcon_pkg']
[0.699s] Level 1:colcon.colcon_core.package_identification:_identify(src/new_practice_bringup) by extension 'colcon_pkg'
[0.699s] Level 1:colcon.colcon_core.package_identification:_identify(src/new_practice_bringup) by extensions ['colcon_meta']
[0.699s] Level 1:colcon.colcon_core.package_identification:_identify(src/new_practice_bringup) by extension 'colcon_meta'
[0.699s] Level 1:colcon.colcon_core.package_identification:_identify(src/new_practice_bringup) by extensions ['ros']
[0.699s] Level 1:colcon.colcon_core.package_identification:_identify(src/new_practice_bringup) by extension 'ros'
[0.700s] DEBUG:colcon.colcon_core.package_identification:Package 'src/new_practice_bringup' with type 'ros.ament_cmake' and name 'new_practice_bringup'
[0.701s] Level 1:colcon.colcon_core.package_identification:_identify(src/new_robot_controller) by extensions ['ignore', 'ignore_ament_install']
[0.701s] Level 1:colcon.colcon_core.package_identification:_identify(src/new_robot_controller) by extension 'ignore'
[0.701s] Level 1:colcon.colcon_core.package_identification:_identify(src/new_robot_controller) by extension 'ignore_ament_install'
[0.701s] Level 1:colcon.colcon_core.package_identification:_identify(src/new_robot_controller) by extensions ['colcon_pkg']
[0.701s] Level 1:colcon.colcon_core.package_identification:_identify(src/new_robot_controller) by extension 'colcon_pkg'
[0.701s] Level 1:colcon.colcon_core.package_identification:_identify(src/new_robot_controller) by extensions ['colcon_meta']
[0.701s] Level 1:colcon.colcon_core.package_identification:_identify(src/new_robot_controller) by extension 'colcon_meta'
[0.701s] Level 1:colcon.colcon_core.package_identification:_identify(src/new_robot_controller) by extensions ['ros']
[0.701s] Level 1:colcon.colcon_core.package_identification:_identify(src/new_robot_controller) by extension 'ros'
[0.705s] DEBUG:colcon.colcon_core.package_identification:Package 'src/new_robot_controller' with type 'ros.ament_cmake' and name 'new_robot_controller'
[0.705s] Level 1:colcon.colcon_core.package_identification:_identify(src/new_robot_description) by extensions ['ignore', 'ignore_ament_install']
[0.705s] Level 1:colcon.colcon_core.package_identification:_identify(src/new_robot_description) by extension 'ignore'
[0.705s] Level 1:colcon.colcon_core.package_identification:_identify(src/new_robot_description) by extension 'ignore_ament_install'
[0.705s] Level 1:colcon.colcon_core.package_identification:_identify(src/new_robot_description) by extensions ['colcon_pkg']
[0.706s] Level 1:colcon.colcon_core.package_identification:_identify(src/new_robot_description) by extension 'colcon_pkg'
[0.706s] Level 1:colcon.colcon_core.package_identification:_identify(src/new_robot_description) by extensions ['colcon_meta']
[0.706s] Level 1:colcon.colcon_core.package_identification:_identify(src/new_robot_description) by extension 'colcon_meta'
[0.706s] Level 1:colcon.colcon_core.package_identification:_identify(src/new_robot_description) by extensions ['ros']
[0.706s] Level 1:colcon.colcon_core.package_identification:_identify(src/new_robot_description) by extension 'ros'
[0.708s] DEBUG:colcon.colcon_core.package_identification:Package 'src/new_robot_description' with type 'ros.ament_cmake' and name 'new_robot_description'
[0.708s] Level 1:colcon.colcon_core.package_identification:_identify(src/new_robot_firmware) by extensions ['ignore', 'ignore_ament_install']
[0.708s] Level 1:colcon.colcon_core.package_identification:_identify(src/new_robot_firmware) by extension 'ignore'
[0.708s] Level 1:colcon.colcon_core.package_identification:_identify(src/new_robot_firmware) by extension 'ignore_ament_install'
[0.708s] Level 1:colcon.colcon_core.package_identification:_identify(src/new_robot_firmware) by extensions ['colcon_pkg']
[0.708s] Level 1:colcon.colcon_core.package_identification:_identify(src/new_robot_firmware) by extension 'colcon_pkg'
[0.708s] Level 1:colcon.colcon_core.package_identification:_identify(src/new_robot_firmware) by extensions ['colcon_meta']
[0.708s] Level 1:colcon.colcon_core.package_identification:_identify(src/new_robot_firmware) by extension 'colcon_meta'
[0.709s] Level 1:colcon.colcon_core.package_identification:_identify(src/new_robot_firmware) by extensions ['ros']
[0.709s] Level 1:colcon.colcon_core.package_identification:_identify(src/new_robot_firmware) by extension 'ros'
[0.711s] DEBUG:colcon.colcon_core.package_identification:Package 'src/new_robot_firmware' with type 'ros.ament_cmake' and name 'new_robot_firmware'
[0.711s] Level 1:colcon.colcon_core.package_identification:_identify(src/rplidar_ros2) by extensions ['ignore', 'ignore_ament_install']
[0.711s] Level 1:colcon.colcon_core.package_identification:_identify(src/rplidar_ros2) by extension 'ignore'
[0.712s] Level 1:colcon.colcon_core.package_identification:_identify(src/rplidar_ros2) by extension 'ignore_ament_install'
[0.712s] Level 1:colcon.colcon_core.package_identification:_identify(src/rplidar_ros2) by extensions ['colcon_pkg']
[0.712s] Level 1:colcon.colcon_core.package_identification:_identify(src/rplidar_ros2) by extension 'colcon_pkg'
[0.712s] Level 1:colcon.colcon_core.package_identification:_identify(src/rplidar_ros2) by extensions ['colcon_meta']
[0.712s] Level 1:colcon.colcon_core.package_identification:_identify(src/rplidar_ros2) by extension 'colcon_meta'
[0.712s] Level 1:colcon.colcon_core.package_identification:_identify(src/rplidar_ros2) by extensions ['ros']
[0.712s] Level 1:colcon.colcon_core.package_identification:_identify(src/rplidar_ros2) by extension 'ros'
[0.715s] DEBUG:colcon.colcon_core.package_identification:Package 'src/rplidar_ros2' with type 'ros.ament_cmake' and name 'rplidar_ros'
[0.715s] Level 1:colcon.colcon_core.package_discovery:discover_packages(recursive) using defaults
[0.715s] Level 1:colcon.colcon_core.package_discovery:discover_packages(ignore) discover
[0.715s] Level 1:colcon.colcon_core.package_discovery:discover_packages(ignore) using defaults
[0.715s] Level 1:colcon.colcon_core.package_discovery:discover_packages(path) discover
[0.715s] Level 1:colcon.colcon_core.package_discovery:discover_packages(path) using defaults
[0.765s] Level 1:colcon.colcon_core.package_discovery:discover_packages(prefix_path) check parameters
[0.766s] Level 1:colcon.colcon_core.package_discovery:discover_packages(prefix_path) discover
[0.774s] DEBUG:colcon.colcon_installed_package_information.package_discovery:Found 14 installed packages in /home/om/WarehouseDrone/pico_ws/install
[0.776s] DEBUG:colcon.colcon_installed_package_information.package_discovery:Found 14 installed packages in /home/om/slambot/install
[0.780s] DEBUG:colcon.colcon_installed_package_information.package_discovery:Found 436 installed packages in /opt/ros/humble
[0.808s] Level 1:colcon.colcon_core.package_discovery:discover_packages(prefix_path) using defaults
[0.941s] Level 5:colcon.colcon_core.verb:set package 'bumperbot_cpp_examples' build argument 'cmake_args' from command line to 'None'
[0.941s] Level 5:colcon.colcon_core.verb:set package 'bumperbot_cpp_examples' build argument 'cmake_target' from command line to 'None'
[0.941s] Level 5:colcon.colcon_core.verb:set package 'bumperbot_cpp_examples' build argument 'cmake_target_skip_unavailable' from command line to 'False'
[0.941s] Level 5:colcon.colcon_core.verb:set package 'bumperbot_cpp_examples' build argument 'cmake_clean_cache' from command line to 'False'
[0.941s] Level 5:colcon.colcon_core.verb:set package 'bumperbot_cpp_examples' build argument 'cmake_clean_first' from command line to 'False'
[0.941s] Level 5:colcon.colcon_core.verb:set package 'bumperbot_cpp_examples' build argument 'cmake_force_configure' from command line to 'False'
[0.941s] Level 5:colcon.colcon_core.verb:set package 'bumperbot_cpp_examples' build argument 'ament_cmake_args' from command line to 'None'
[0.941s] Level 5:colcon.colcon_core.verb:set package 'bumperbot_cpp_examples' build argument 'catkin_cmake_args' from command line to 'None'
[0.941s] Level 5:colcon.colcon_core.verb:set package 'bumperbot_cpp_examples' build argument 'catkin_skip_building_tests' from command line to 'False'
[0.942s] DEBUG:colcon.colcon_core.verb:Building package 'bumperbot_cpp_examples' with the following arguments: {'ament_cmake_args': None, 'build_base': '/home/om/slambot/build/bumperbot_cpp_examples', 'catkin_cmake_args': None, 'catkin_skip_building_tests': False, 'cmake_args': None, 'cmake_clean_cache': False, 'cmake_clean_first': False, 'cmake_force_configure': False, 'cmake_target': None, 'cmake_target_skip_unavailable': False, 'install_base': '/home/om/slambot/install/bumperbot_cpp_examples', 'merge_install': False, 'path': '/home/om/slambot/src/bumperbot_cpp_examples', 'symlink_install': False, 'test_result_base': None}
[0.942s] Level 5:colcon.colcon_core.verb:set package 'cpp_examples' build argument 'cmake_args' from command line to 'None'
[0.942s] Level 5:colcon.colcon_core.verb:set package 'cpp_examples' build argument 'cmake_target' from command line to 'None'
[0.942s] Level 5:colcon.colcon_core.verb:set package 'cpp_examples' build argument 'cmake_target_skip_unavailable' from command line to 'False'
[0.942s] Level 5:colcon.colcon_core.verb:set package 'cpp_examples' build argument 'cmake_clean_cache' from command line to 'False'
[0.942s] Level 5:colcon.colcon_core.verb:set package 'cpp_examples' build argument 'cmake_clean_first' from command line to 'False'
[0.943s] Level 5:colcon.colcon_core.verb:set package 'cpp_examples' build argument 'cmake_force_configure' from command line to 'False'
[0.943s] Level 5:colcon.colcon_core.verb:set package 'cpp_examples' build argument 'ament_cmake_args' from command line to 'None'
[0.943s] Level 5:colcon.colcon_core.verb:set package 'cpp_examples' build argument 'catkin_cmake_args' from command line to 'None'
[0.943s] Level 5:colcon.colcon_core.verb:set package 'cpp_examples' build argument 'catkin_skip_building_tests' from command line to 'False'
[0.943s] DEBUG:colcon.colcon_core.verb:Building package 'cpp_examples' with the following arguments: {'ament_cmake_args': None, 'build_base': '/home/om/slambot/build/cpp_examples', 'catkin_cmake_args': None, 'catkin_skip_building_tests': False, 'cmake_args': None, 'cmake_clean_cache': False, 'cmake_clean_first': False, 'cmake_force_configure': False, 'cmake_target': None, 'cmake_target_skip_unavailable': False, 'install_base': '/home/om/slambot/install/cpp_examples', 'merge_install': False, 'path': '/home/om/slambot/src/cpp_examples', 'symlink_install': False, 'test_result_base': None}
[0.943s] Level 5:colcon.colcon_core.verb:set package 'new_practice_bringup' build argument 'cmake_args' from command line to 'None'
[0.943s] Level 5:colcon.colcon_core.verb:set package 'new_practice_bringup' build argument 'cmake_target' from command line to 'None'
[0.944s] Level 5:colcon.colcon_core.verb:set package 'new_practice_bringup' build argument 'cmake_target_skip_unavailable' from command line to 'False'
[0.944s] Level 5:colcon.colcon_core.verb:set package 'new_practice_bringup' build argument 'cmake_clean_cache' from command line to 'False'
[0.944s] Level 5:colcon.colcon_core.verb:set package 'new_practice_bringup' build argument 'cmake_clean_first' from command line to 'False'
[0.944s] Level 5:colcon.colcon_core.verb:set package 'new_practice_bringup' build argument 'cmake_force_configure' from command line to 'False'
[0.944s] Level 5:colcon.colcon_core.verb:set package 'new_practice_bringup' build argument 'ament_cmake_args' from command line to 'None'
[0.944s] Level 5:colcon.colcon_core.verb:set package 'new_practice_bringup' build argument 'catkin_cmake_args' from command line to 'None'
[0.944s] Level 5:colcon.colcon_core.verb:set package 'new_practice_bringup' build argument 'catkin_skip_building_tests' from command line to 'False'
[0.944s] DEBUG:colcon.colcon_core.verb:Building package 'new_practice_bringup' with the following arguments: {'ament_cmake_args': None, 'build_base': '/home/om/slambot/build/new_practice_bringup', 'catkin_cmake_args': None, 'catkin_skip_building_tests': False, 'cmake_args': None, 'cmake_clean_cache': False, 'cmake_clean_first': False, 'cmake_force_configure': False, 'cmake_target': None, 'cmake_target_skip_unavailable': False, 'install_base': '/home/om/slambot/install/new_practice_bringup', 'merge_install': False, 'path': '/home/om/slambot/src/new_practice_bringup', 'symlink_install': False, 'test_result_base': None}
[0.945s] Level 5:colcon.colcon_core.verb:set package 'new_robot_controller' build argument 'cmake_args' from command line to 'None'
[0.945s] Level 5:colcon.colcon_core.verb:set package 'new_robot_controller' build argument 'cmake_target' from command line to 'None'
[0.945s] Level 5:colcon.colcon_core.verb:set package 'new_robot_controller' build argument 'cmake_target_skip_unavailable' from command line to 'False'
[0.945s] Level 5:colcon.colcon_core.verb:set package 'new_robot_controller' build argument 'cmake_clean_cache' from command line to 'False'
[0.945s] Level 5:colcon.colcon_core.verb:set package 'new_robot_controller' build argument 'cmake_clean_first' from command line to 'False'
[0.945s] Level 5:colcon.colcon_core.verb:set package 'new_robot_controller' build argument 'cmake_force_configure' from command line to 'False'
[0.945s] Level 5:colcon.colcon_core.verb:set package 'new_robot_controller' build argument 'ament_cmake_args' from command line to 'None'
[0.945s] Level 5:colcon.colcon_core.verb:set package 'new_robot_controller' build argument 'catkin_cmake_args' from command line to 'None'
[0.945s] Level 5:colcon.colcon_core.verb:set package 'new_robot_controller' build argument 'catkin_skip_building_tests' from command line to 'False'
[0.945s] DEBUG:colcon.colcon_core.verb:Building package 'new_robot_controller' with the following arguments: {'ament_cmake_args': None, 'build_base': '/home/om/slambot/build/new_robot_controller', 'catkin_cmake_args': None, 'catkin_skip_building_tests': False, 'cmake_args': None, 'cmake_clean_cache': False, 'cmake_clean_first': False, 'cmake_force_configure': False, 'cmake_target': None, 'cmake_target_skip_unavailable': False, 'install_base': '/home/om/slambot/install/new_robot_controller', 'merge_install': False, 'path': '/home/om/slambot/src/new_robot_controller', 'symlink_install': False, 'test_result_base': None}
[0.946s] Level 5:colcon.colcon_core.verb:set package 'new_robot_description' build argument 'cmake_args' from command line to 'None'
[0.946s] Level 5:colcon.colcon_core.verb:set package 'new_robot_description' build argument 'cmake_target' from command line to 'None'
[0.946s] Level 5:colcon.colcon_core.verb:set package 'new_robot_description' build argument 'cmake_target_skip_unavailable' from command line to 'False'
[0.946s] Level 5:colcon.colcon_core.verb:set package 'new_robot_description' build argument 'cmake_clean_cache' from command line to 'False'
[0.946s] Level 5:colcon.colcon_core.verb:set package 'new_robot_description' build argument 'cmake_clean_first' from command line to 'False'
[0.946s] Level 5:colcon.colcon_core.verb:set package 'new_robot_description' build argument 'cmake_force_configure' from command line to 'False'
[0.946s] Level 5:colcon.colcon_core.verb:set package 'new_robot_description' build argument 'ament_cmake_args' from command line to 'None'
[0.946s] Level 5:colcon.colcon_core.verb:set package 'new_robot_description' build argument 'catkin_cmake_args' from command line to 'None'
[0.946s] Level 5:colcon.colcon_core.verb:set package 'new_robot_description' build argument 'catkin_skip_building_tests' from command line to 'False'
[0.946s] DEBUG:colcon.colcon_core.verb:Building package 'new_robot_description' with the following arguments: {'ament_cmake_args': None, 'build_base': '/home/om/slambot/build/new_robot_description', 'catkin_cmake_args': None, 'catkin_skip_building_tests': False, 'cmake_args': None, 'cmake_clean_cache': False, 'cmake_clean_first': False, 'cmake_force_configure': False, 'cmake_target': None, 'cmake_target_skip_unavailable': False, 'install_base': '/home/om/slambot/install/new_robot_description', 'merge_install': False, 'path': '/home/om/slambot/src/new_robot_description', 'symlink_install': False, 'test_result_base': None}
[0.947s] Level 5:colcon.colcon_core.verb:set package 'new_robot_firmware' build argument 'cmake_args' from command line to 'None'
[0.947s] Level 5:colcon.colcon_core.verb:set package 'new_robot_firmware' build argument 'cmake_target' from command line to 'None'
[0.947s] Level 5:colcon.colcon_core.verb:set package 'new_robot_firmware' build argument 'cmake_target_skip_unavailable' from command line to 'False'
[0.947s] Level 5:colcon.colcon_core.verb:set package 'new_robot_firmware' build argument 'cmake_clean_cache' from command line to 'False'
[0.947s] Level 5:colcon.colcon_core.verb:set package 'new_robot_firmware' build argument 'cmake_clean_first' from command line to 'False'
[0.947s] Level 5:colcon.colcon_core.verb:set package 'new_robot_firmware' build argument 'cmake_force_configure' from command line to 'False'
[0.947s] Level 5:colcon.colcon_core.verb:set package 'new_robot_firmware' build argument 'ament_cmake_args' from command line to 'None'
[0.947s] Level 5:colcon.colcon_core.verb:set package 'new_robot_firmware' build argument 'catkin_cmake_args' from command line to 'None'
[0.947s] Level 5:colcon.colcon_core.verb:set package 'new_robot_firmware' build argument 'catkin_skip_building_tests' from command line to 'False'
[0.947s] DEBUG:colcon.colcon_core.verb:Building package 'new_robot_firmware' with the following arguments: {'ament_cmake_args': None, 'build_base': '/home/om/slambot/build/new_robot_firmware', 'catkin_cmake_args': None, 'catkin_skip_building_tests': False, 'cmake_args': None, 'cmake_clean_cache': False, 'cmake_clean_first': False, 'cmake_force_configure': False, 'cmake_target': None, 'cmake_target_skip_unavailable': False, 'install_base': '/home/om/slambot/install/new_robot_firmware', 'merge_install': False, 'path': '/home/om/slambot/src/new_robot_firmware', 'symlink_install': False, 'test_result_base': None}
[0.948s] Level 5:colcon.colcon_core.verb:set package 'rplidar_ros' build argument 'cmake_args' from command line to 'None'
[0.948s] Level 5:colcon.colcon_core.verb:set package 'rplidar_ros' build argument 'cmake_target' from command line to 'None'
[0.948s] Level 5:colcon.colcon_core.verb:set package 'rplidar_ros' build argument 'cmake_target_skip_unavailable' from command line to 'False'
[0.948s] Level 5:colcon.colcon_core.verb:set package 'rplidar_ros' build argument 'cmake_clean_cache' from command line to 'False'
[0.948s] Level 5:colcon.colcon_core.verb:set package 'rplidar_ros' build argument 'cmake_clean_first' from command line to 'False'
[0.948s] Level 5:colcon.colcon_core.verb:set package 'rplidar_ros' build argument 'cmake_force_configure' from command line to 'False'
[0.948s] Level 5:colcon.colcon_core.verb:set package 'rplidar_ros' build argument 'ament_cmake_args' from command line to 'None'
[0.948s] Level 5:colcon.colcon_core.verb:set package 'rplidar_ros' build argument 'catkin_cmake_args' from command line to 'None'
[0.948s] Level 5:colcon.colcon_core.verb:set package 'rplidar_ros' build argument 'catkin_skip_building_tests' from command line to 'False'
[0.948s] DEBUG:colcon.colcon_core.verb:Building package 'rplidar_ros' with the following arguments: {'ament_cmake_args': None, 'build_base': '/home/om/slambot/build/rplidar_ros', 'catkin_cmake_args': None, 'catkin_skip_building_tests': False, 'cmake_args': None, 'cmake_clean_cache': False, 'cmake_clean_first': False, 'cmake_force_configure': False, 'cmake_target': None, 'cmake_target_skip_unavailable': False, 'install_base': '/home/om/slambot/install/rplidar_ros', 'merge_install': False, 'path': '/home/om/slambot/src/rplidar_ros2', 'symlink_install': False, 'test_result_base': None}
[0.949s] INFO:colcon.colcon_core.executor:Executing jobs using 'parallel' executor
[0.951s] DEBUG:colcon.colcon_parallel_executor.executor.parallel:run_until_complete
[0.952s] INFO:colcon.colcon_ros.task.ament_cmake.build:Building ROS package in '/home/om/slambot/src/bumperbot_cpp_examples' with build type 'ament_cmake'
[0.952s] INFO:colcon.colcon_cmake.task.cmake.build:Building CMake package in '/home/om/slambot/src/bumperbot_cpp_examples'
[0.960s] INFO:colcon.colcon_core.plugin_system:Skipping extension 'colcon_core.shell.bat': Not used on non-Windows systems
[0.960s] INFO:colcon.colcon_core.shell:Skip shell extension 'powershell' for command environment: Not usable outside of PowerShell
[0.960s] DEBUG:colcon.colcon_core.shell:Skip shell extension 'dsv' for command environment
[0.973s] INFO:colcon.colcon_ros.task.ament_cmake.build:Building ROS package in '/home/om/slambot/src/cpp_examples' with build type 'ament_cmake'
[0.973s] INFO:colcon.colcon_cmake.task.cmake.build:Building CMake package in '/home/om/slambot/src/cpp_examples'
[0.974s] INFO:colcon.colcon_core.shell:Skip shell extension 'powershell' for command environment: Not usable outside of PowerShell
[0.974s] DEBUG:colcon.colcon_core.shell:Skip shell extension 'dsv' for command environment
[0.985s] INFO:colcon.colcon_ros.task.ament_cmake.build:Building ROS package in '/home/om/slambot/src/new_practice_bringup' with build type 'ament_cmake'
[0.986s] INFO:colcon.colcon_cmake.task.cmake.build:Building CMake package in '/home/om/slambot/src/new_practice_bringup'
[0.986s] INFO:colcon.colcon_core.shell:Skip shell extension 'powershell' for command environment: Not usable outside of PowerShell
[0.986s] DEBUG:colcon.colcon_core.shell:Skip shell extension 'dsv' for command environment
[0.998s] INFO:colcon.colcon_ros.task.ament_cmake.build:Building ROS package in '/home/om/slambot/src/new_robot_controller' with build type 'ament_cmake'
[0.998s] INFO:colcon.colcon_cmake.task.cmake.build:Building CMake package in '/home/om/slambot/src/new_robot_controller'
[0.999s] INFO:colcon.colcon_core.shell:Skip shell extension 'powershell' for command environment: Not usable outside of PowerShell
[0.999s] DEBUG:colcon.colcon_core.shell:Skip shell extension 'dsv' for command environment
[1.012s] INFO:colcon.colcon_ros.task.ament_cmake.build:Building ROS package in '/home/om/slambot/src/new_robot_description' with build type 'ament_cmake'
[1.013s] INFO:colcon.colcon_cmake.task.cmake.build:Building CMake package in '/home/om/slambot/src/new_robot_description'
[1.013s] INFO:colcon.colcon_core.shell:Skip shell extension 'powershell' for command environment: Not usable outside of PowerShell
[1.013s] DEBUG:colcon.colcon_core.shell:Skip shell extension 'dsv' for command environment
[1.025s] INFO:colcon.colcon_ros.task.ament_cmake.build:Building ROS package in '/home/om/slambot/src/new_robot_firmware' with build type 'ament_cmake'
[1.025s] INFO:colcon.colcon_cmake.task.cmake.build:Building CMake package in '/home/om/slambot/src/new_robot_firmware'
[1.026s] INFO:colcon.colcon_core.shell:Skip shell extension 'powershell' for command environment: Not usable outside of PowerShell
[1.026s] DEBUG:colcon.colcon_core.shell:Skip shell extension 'dsv' for command environment
[1.037s] INFO:colcon.colcon_ros.task.ament_cmake.build:Building ROS package in '/home/om/slambot/src/rplidar_ros2' with build type 'ament_cmake'
[1.038s] INFO:colcon.colcon_cmake.task.cmake.build:Building CMake package in '/home/om/slambot/src/rplidar_ros2'
[1.038s] INFO:colcon.colcon_core.shell:Skip shell extension 'powershell' for command environment: Not usable outside of PowerShell
[1.038s] DEBUG:colcon.colcon_core.shell:Skip shell extension 'dsv' for command environment
[1.061s] DEBUG:colcon.colcon_core.event_handler.log_command:Invoking command in '/home/om/slambot/build/bumperbot_cpp_examples': CMAKE_PREFIX_PATH=${CMAKE_PREFIX_PATH}:/home/om/slambot/install/bumperbot_py_examples:/opt/ros/humble /usr/bin/cmake --build /home/om/slambot/build/bumperbot_cpp_examples -- -j8 -l8
[1.073s] DEBUG:colcon.colcon_core.event_handler.log_command:Invoking command in '/home/om/slambot/build/cpp_examples': CMAKE_PREFIX_PATH=${CMAKE_PREFIX_PATH}:/home/om/slambot/install/bumperbot_py_examples:/opt/ros/humble /usr/bin/cmake --build /home/om/slambot/build/cpp_examples -- -j8 -l8
[1.081s] DEBUG:colcon.colcon_core.event_handler.log_command:Invoking command in '/home/om/slambot/build/new_practice_bringup': CMAKE_PREFIX_PATH=${CMAKE_PREFIX_PATH}:/home/om/slambot/install/bumperbot_py_examples:/opt/ros/humble /usr/bin/cmake --build /home/om/slambot/build/new_practice_bringup -- -j8 -l8
[1.088s] DEBUG:colcon.colcon_core.event_handler.log_command:Invoking command in '/home/om/slambot/build/new_robot_controller': CMAKE_PREFIX_PATH=${CMAKE_PREFIX_PATH}:/home/om/slambot/install/bumperbot_py_examples:/opt/ros/humble /usr/bin/cmake --build /home/om/slambot/build/new_robot_controller -- -j8 -l8
[1.094s] DEBUG:colcon.colcon_core.event_handler.log_command:Invoking command in '/home/om/slambot/build/new_robot_description': CMAKE_PREFIX_PATH=${CMAKE_PREFIX_PATH}:/home/om/slambot/install/bumperbot_py_examples:/opt/ros/humble /usr/bin/cmake --build /home/om/slambot/build/new_robot_description -- -j8 -l8
[1.102s] DEBUG:colcon.colcon_core.event_handler.log_command:Invoking command in '/home/om/slambot/build/new_robot_firmware': CMAKE_PREFIX_PATH=${CMAKE_PREFIX_PATH}:/home/om/slambot/install/bumperbot_py_examples:/opt/ros/humble /usr/bin/cmake --build /home/om/slambot/build/new_robot_firmware -- -j8 -l8
[1.118s] DEBUG:colcon.colcon_core.event_handler.log_command:Invoking command in '/home/om/slambot/build/rplidar_ros': CMAKE_PREFIX_PATH=${CMAKE_PREFIX_PATH}:/home/om/slambot/install/bumperbot_py_examples:/opt/ros/humble /usr/bin/cmake --build /home/om/slambot/build/rplidar_ros -- -j8 -l8
[1.176s] DEBUG:colcon.colcon_core.event_handler.log_command:Invoked command in '/home/om/slambot/build/new_practice_bringup' returned '0': CMAKE_PREFIX_PATH=${CMAKE_PREFIX_PATH}:/home/om/slambot/install/bumperbot_py_examples:/opt/ros/humble /usr/bin/cmake --build /home/om/slambot/build/new_practice_bringup -- -j8 -l8
[1.193s] DEBUG:colcon.colcon_core.event_handler.log_command:Invoked command in '/home/om/slambot/build/cpp_examples' returned '0': CMAKE_PREFIX_PATH=${CMAKE_PREFIX_PATH}:/home/om/slambot/install/bumperbot_py_examples:/opt/ros/humble /usr/bin/cmake --build /home/om/slambot/build/cpp_examples -- -j8 -l8
[1.222s] DEBUG:colcon.colcon_core.event_handler.log_command:Invoked command in '/home/om/slambot/build/new_robot_description' returned '0': CMAKE_PREFIX_PATH=${CMAKE_PREFIX_PATH}:/home/om/slambot/install/bumperbot_py_examples:/opt/ros/humble /usr/bin/cmake --build /home/om/slambot/build/new_robot_description -- -j8 -l8
[1.304s] DEBUG:colcon.colcon_core.event_handler.log_command:Invoking command in '/home/om/slambot/build/new_practice_bringup': CMAKE_PREFIX_PATH=${CMAKE_PREFIX_PATH}:/home/om/slambot/install/bumperbot_py_examples:/opt/ros/humble /usr/bin/cmake --install /home/om/slambot/build/new_practice_bringup
[1.310s] DEBUG:colcon.colcon_core.event_handler.log_command:Invoking command in '/home/om/slambot/build/cpp_examples': CMAKE_PREFIX_PATH=${CMAKE_PREFIX_PATH}:/home/om/slambot/install/bumperbot_py_examples:/opt/ros/humble /usr/bin/cmake --install /home/om/slambot/build/cpp_examples
[1.322s] DEBUG:colcon.colcon_core.event_handler.log_command:Invoking command in '/home/om/slambot/build/new_robot_description': CMAKE_PREFIX_PATH=${CMAKE_PREFIX_PATH}:/home/om/slambot/install/bumperbot_py_examples:/opt/ros/humble /usr/bin/cmake --install /home/om/slambot/build/new_robot_description
[1.338s] Level 1:colcon.colcon_core.environment:create_environment_scripts_only(new_practice_bringup)
[1.343s] DEBUG:colcon.colcon_core.event_handler.log_command:Invoked command in '/home/om/slambot/build/bumperbot_cpp_examples' returned '0': CMAKE_PREFIX_PATH=${CMAKE_PREFIX_PATH}:/home/om/slambot/install/bumperbot_py_examples:/opt/ros/humble /usr/bin/cmake --build /home/om/slambot/build/bumperbot_cpp_examples -- -j8 -l8
[1.349s] DEBUG:colcon.colcon_core.event_handler.log_command:Invoked command in '/home/om/slambot/build/new_practice_bringup' returned '0': CMAKE_PREFIX_PATH=${CMAKE_PREFIX_PATH}:/home/om/slambot/install/bumperbot_py_examples:/opt/ros/humble /usr/bin/cmake --install /home/om/slambot/build/new_practice_bringup
[1.366s] Level 1:colcon.colcon_core.environment:checking '/home/om/slambot/install/new_practice_bringup' for CMake module files
[1.367s] Level 1:colcon.colcon_core.environment:checking '/home/om/slambot/install/new_practice_bringup' for CMake config files
[1.368s] Level 1:colcon.colcon_core.shell:create_environment_hook('new_practice_bringup', 'cmake_prefix_path')
[1.368s] INFO:colcon.colcon_core.shell:Creating environment hook '/home/om/slambot/install/new_practice_bringup/share/new_practice_bringup/hook/cmake_prefix_path.ps1'
[1.370s] INFO:colcon.colcon_core.shell:Creating environment descriptor '/home/om/slambot/install/new_practice_bringup/share/new_practice_bringup/hook/cmake_prefix_path.dsv'
[1.371s] INFO:colcon.colcon_core.shell:Creating environment hook '/home/om/slambot/install/new_practice_bringup/share/new_practice_bringup/hook/cmake_prefix_path.sh'
[1.374s] Level 1:colcon.colcon_core.environment:checking '/home/om/slambot/install/new_practice_bringup/bin'
[1.374s] Level 1:colcon.colcon_core.environment:checking '/home/om/slambot/install/new_practice_bringup/lib/pkgconfig/new_practice_bringup.pc'
[1.374s] Level 1:colcon.colcon_core.environment:checking '/home/om/slambot/install/new_practice_bringup/lib/python3.10/site-packages'
[1.375s] Level 1:colcon.colcon_core.environment:checking '/home/om/slambot/install/new_practice_bringup/bin'
[1.375s] INFO:colcon.colcon_core.shell:Creating package script '/home/om/slambot/install/new_practice_bringup/share/new_practice_bringup/package.ps1'
[1.380s] INFO:colcon.colcon_core.shell:Creating package descriptor '/home/om/slambot/install/new_practice_bringup/share/new_practice_bringup/package.dsv'
[1.381s] INFO:colcon.colcon_core.shell:Creating package script '/home/om/slambot/install/new_practice_bringup/share/new_practice_bringup/package.sh'
[1.383s] INFO:colcon.colcon_core.shell:Creating package script '/home/om/slambot/install/new_practice_bringup/share/new_practice_bringup/package.bash'
[1.385s] INFO:colcon.colcon_core.shell:Creating package script '/home/om/slambot/install/new_practice_bringup/share/new_practice_bringup/package.zsh'
[1.387s] Level 1:colcon.colcon_core.environment:create_file_with_runtime_dependencies(/home/om/slambot/install/new_practice_bringup/share/colcon-core/packages/new_practice_bringup)
[1.391s] DEBUG:colcon.colcon_core.event_handler.log_command:Invoked command in '/home/om/slambot/build/new_robot_firmware' returned '0': CMAKE_PREFIX_PATH=${CMAKE_PREFIX_PATH}:/home/om/slambot/install/bumperbot_py_examples:/opt/ros/humble /usr/bin/cmake --build /home/om/slambot/build/new_robot_firmware -- -j8 -l8
[1.394s] Level 1:colcon.colcon_core.environment:create_environment_scripts_only(cpp_examples)
[1.395s] Level 1:colcon.colcon_core.environment:checking '/home/om/slambot/install/cpp_examples' for CMake module files
[1.396s] Level 1:colcon.colcon_core.environment:checking '/home/om/slambot/install/cpp_examples' for CMake config files
[1.397s] Level 1:colcon.colcon_core.shell:create_environment_hook('cpp_examples', 'cmake_prefix_path')
[1.397s] INFO:colcon.colcon_core.shell:Creating environment hook '/home/om/slambot/install/cpp_examples/share/cpp_examples/hook/cmake_prefix_path.ps1'
[1.400s] DEBUG:colcon.colcon_core.event_handler.log_command:Invoked command in '/home/om/slambot/build/cpp_examples' returned '0': CMAKE_PREFIX_PATH=${CMAKE_PREFIX_PATH}:/home/om/slambot/install/bumperbot_py_examples:/opt/ros/humble /usr/bin/cmake --install /home/om/slambot/build/cpp_examples
[1.400s] INFO:colcon.colcon_core.shell:Creating environment descriptor '/home/om/slambot/install/cpp_examples/share/cpp_examples/hook/cmake_prefix_path.dsv'
[1.401s] INFO:colcon.colcon_core.shell:Creating environment hook '/home/om/slambot/install/cpp_examples/share/cpp_examples/hook/cmake_prefix_path.sh'
[1.402s] Level 1:colcon.colcon_core.environment:checking '/home/om/slambot/install/cpp_examples/bin'
[1.403s] Level 1:colcon.colcon_core.environment:checking '/home/om/slambot/install/cpp_examples/lib/pkgconfig/cpp_examples.pc'
[1.403s] Level 1:colcon.colcon_core.environment:checking '/home/om/slambot/install/cpp_examples/lib/python3.10/site-packages'
[1.404s] Level 1:colcon.colcon_core.environment:checking '/home/om/slambot/install/cpp_examples/bin'
[1.404s] INFO:colcon.colcon_core.shell:Creating package script '/home/om/slambot/install/cpp_examples/share/cpp_examples/package.ps1'
[1.405s] INFO:colcon.colcon_core.shell:Creating package descriptor '/home/om/slambot/install/cpp_examples/share/cpp_examples/package.dsv'
[1.406s] INFO:colcon.colcon_core.shell:Creating package script '/home/om/slambot/install/cpp_examples/share/cpp_examples/package.sh'
[1.407s] INFO:colcon.colcon_core.shell:Creating package script '/home/om/slambot/install/cpp_examples/share/cpp_examples/package.bash'
[1.407s] INFO:colcon.colcon_core.shell:Creating package script '/home/om/slambot/install/cpp_examples/share/cpp_examples/package.zsh'
[1.408s] Level 1:colcon.colcon_core.environment:create_file_with_runtime_dependencies(/home/om/slambot/install/cpp_examples/share/colcon-core/packages/cpp_examples)
[1.411s] Level 1:colcon.colcon_core.environment:create_environment_scripts_only(new_robot_description)
[1.412s] Level 1:colcon.colcon_core.environment:checking '/home/om/slambot/install/new_robot_description' for CMake module files
[1.414s] DEBUG:colcon.colcon_core.event_handler.log_command:Invoked command in '/home/om/slambot/build/new_robot_description' returned '0': CMAKE_PREFIX_PATH=${CMAKE_PREFIX_PATH}:/home/om/slambot/install/bumperbot_py_examples:/opt/ros/humble /usr/bin/cmake --install /home/om/slambot/build/new_robot_description
[1.414s] Level 1:colcon.colcon_core.environment:checking '/home/om/slambot/install/new_robot_description' for CMake config files
[1.415s] Level 1:colcon.colcon_core.shell:create_environment_hook('new_robot_description', 'cmake_prefix_path')
[1.415s] INFO:colcon.colcon_core.shell:Creating environment hook '/home/om/slambot/install/new_robot_description/share/new_robot_description/hook/cmake_prefix_path.ps1'
[1.416s] INFO:colcon.colcon_core.shell:Creating environment descriptor '/home/om/slambot/install/new_robot_description/share/new_robot_description/hook/cmake_prefix_path.dsv'
[1.417s] INFO:colcon.colcon_core.shell:Creating environment hook '/home/om/slambot/install/new_robot_description/share/new_robot_description/hook/cmake_prefix_path.sh'
[1.418s] Level 1:colcon.colcon_core.environment:checking '/home/om/slambot/install/new_robot_description/bin'
[1.419s] Level 1:colcon.colcon_core.environment:checking '/home/om/slambot/install/new_robot_description/lib/pkgconfig/new_robot_description.pc'
[1.419s] Level 1:colcon.colcon_core.environment:checking '/home/om/slambot/install/new_robot_description/lib/python3.10/site-packages'
[1.419s] Level 1:colcon.colcon_core.environment:checking '/home/om/slambot/install/new_robot_description/bin'
[1.420s] INFO:colcon.colcon_core.shell:Creating package script '/home/om/slambot/install/new_robot_description/share/new_robot_description/package.ps1'
[1.421s] INFO:colcon.colcon_core.shell:Creating package descriptor '/home/om/slambot/install/new_robot_description/share/new_robot_description/package.dsv'
[1.422s] INFO:colcon.colcon_core.shell:Creating package script '/home/om/slambot/install/new_robot_description/share/new_robot_description/package.sh'
[1.423s] INFO:colcon.colcon_core.shell:Creating package script '/home/om/slambot/install/new_robot_description/share/new_robot_description/package.bash'
[1.424s] INFO:colcon.colcon_core.shell:Creating package script '/home/om/slambot/install/new_robot_description/share/new_robot_description/package.zsh'
[1.424s] Level 1:colcon.colcon_core.environment:create_file_with_runtime_dependencies(/home/om/slambot/install/new_robot_description/share/colcon-core/packages/new_robot_description)
[1.438s] DEBUG:colcon.colcon_core.event_handler.log_command:Invoked command in '/home/om/slambot/build/rplidar_ros' returned '0': CMAKE_PREFIX_PATH=${CMAKE_PREFIX_PATH}:/home/om/slambot/install/bumperbot_py_examples:/opt/ros/humble /usr/bin/cmake --build /home/om/slambot/build/rplidar_ros -- -j8 -l8
[1.444s] Level 1:colcon.colcon_core.environment:create_environment_scripts_only(new_practice_bringup)
[1.445s] Level 1:colcon.colcon_core.environment:checking '/home/om/slambot/install/new_practice_bringup' for CMake module files
[1.446s] Level 1:colcon.colcon_core.environment:checking '/home/om/slambot/install/new_practice_bringup' for CMake config files
[1.446s] Level 1:colcon.colcon_core.shell:create_environment_hook('new_practice_bringup', 'cmake_prefix_path')
[1.447s] INFO:colcon.colcon_core.shell:Creating environment hook '/home/om/slambot/install/new_practice_bringup/share/new_practice_bringup/hook/cmake_prefix_path.ps1'
[1.448s] INFO:colcon.colcon_core.shell:Creating environment descriptor '/home/om/slambot/install/new_practice_bringup/share/new_practice_bringup/hook/cmake_prefix_path.dsv'
[1.448s] INFO:colcon.colcon_core.shell:Creating environment hook '/home/om/slambot/install/new_practice_bringup/share/new_practice_bringup/hook/cmake_prefix_path.sh'
[1.450s] Level 1:colcon.colcon_core.environment:checking '/home/om/slambot/install/new_practice_bringup/bin'
[1.450s] Level 1:colcon.colcon_core.environment:checking '/home/om/slambot/install/new_practice_bringup/lib/pkgconfig/new_practice_bringup.pc'
[1.451s] Level 1:colcon.colcon_core.environment:checking '/home/om/slambot/install/new_practice_bringup/lib/python3.10/site-packages'
[1.451s] Level 1:colcon.colcon_core.environment:checking '/home/om/slambot/install/new_practice_bringup/bin'
[1.452s] INFO:colcon.colcon_core.shell:Creating package script '/home/om/slambot/install/new_practice_bringup/share/new_practice_bringup/package.ps1'
[1.453s] INFO:colcon.colcon_core.shell:Creating package descriptor '/home/om/slambot/install/new_practice_bringup/share/new_practice_bringup/package.dsv'
[1.456s] INFO:colcon.colcon_core.shell:Creating package script '/home/om/slambot/install/new_practice_bringup/share/new_practice_bringup/package.sh'
[1.457s] INFO:colcon.colcon_core.shell:Creating package script '/home/om/slambot/install/new_practice_bringup/share/new_practice_bringup/package.bash'
[1.458s] INFO:colcon.colcon_core.shell:Creating package script '/home/om/slambot/install/new_practice_bringup/share/new_practice_bringup/package.zsh'
[1.459s] Level 1:colcon.colcon_core.environment:create_file_with_runtime_dependencies(/home/om/slambot/install/new_practice_bringup/share/colcon-core/packages/new_practice_bringup)
[1.466s] DEBUG:colcon.colcon_core.event_handler.log_command:Invoking command in '/home/om/slambot/build/new_robot_firmware': CMAKE_PREFIX_PATH=${CMAKE_PREFIX_PATH}:/home/om/slambot/install/bumperbot_py_examples:/opt/ros/humble /usr/bin/cmake --install /home/om/slambot/build/new_robot_firmware
[1.471s] Level 1:colcon.colcon_core.environment:create_environment_scripts_only(cpp_examples)
[1.473s] Level 1:colcon.colcon_core.environment:checking '/home/om/slambot/install/cpp_examples' for CMake module files
[1.474s] Level 1:colcon.colcon_core.environment:checking '/home/om/slambot/install/cpp_examples' for CMake config files
[1.474s] Level 1:colcon.colcon_core.shell:create_environment_hook('cpp_examples', 'cmake_prefix_path')
[1.475s] INFO:colcon.colcon_core.shell:Creating environment hook '/home/om/slambot/install/cpp_examples/share/cpp_examples/hook/cmake_prefix_path.ps1'
[1.472s] DEBUG:colcon.colcon_core.event_handler.log_command:Invoking command in '/home/om/slambot/build/bumperbot_cpp_examples': CMAKE_PREFIX_PATH=${CMAKE_PREFIX_PATH}:/home/om/slambot/install/bumperbot_py_examples:/opt/ros/humble /usr/bin/cmake --install /home/om/slambot/build/bumperbot_cpp_examples
[1.476s] INFO:colcon.colcon_core.shell:Creating environment descriptor '/home/om/slambot/install/cpp_examples/share/cpp_examples/hook/cmake_prefix_path.dsv'
[1.477s] INFO:colcon.colcon_core.shell:Creating environment hook '/home/om/slambot/install/cpp_examples/share/cpp_examples/hook/cmake_prefix_path.sh'
[1.480s] Level 1:colcon.colcon_core.environment:checking '/home/om/slambot/install/cpp_examples/bin'
[1.481s] Level 1:colcon.colcon_core.environment:checking '/home/om/slambot/install/cpp_examples/lib/pkgconfig/cpp_examples.pc'
[1.481s] Level 1:colcon.colcon_core.environment:checking '/home/om/slambot/install/cpp_examples/lib/python3.10/site-packages'
[1.482s] Level 1:colcon.colcon_core.environment:checking '/home/om/slambot/install/cpp_examples/bin'
[1.482s] INFO:colcon.colcon_core.shell:Creating package script '/home/om/slambot/install/cpp_examples/share/cpp_examples/package.ps1'
[1.484s] INFO:colcon.colcon_core.shell:Creating package descriptor '/home/om/slambot/install/cpp_examples/share/cpp_examples/package.dsv'
[1.486s] INFO:colcon.colcon_core.shell:Creating package script '/home/om/slambot/install/cpp_examples/share/cpp_examples/package.sh'
[1.492s] INFO:colcon.colcon_core.shell:Creating package script '/home/om/slambot/install/cpp_examples/share/cpp_examples/package.bash'
[1.494s] INFO:colcon.colcon_core.shell:Creating package script '/home/om/slambot/install/cpp_examples/share/cpp_examples/package.zsh'
[1.499s] Level 1:colcon.colcon_core.environment:create_file_with_runtime_dependencies(/home/om/slambot/install/cpp_examples/share/colcon-core/packages/cpp_examples)
[1.501s] Level 1:colcon.colcon_core.environment:create_environment_scripts_only(new_robot_description)
[1.502s] Level 1:colcon.colcon_core.environment:checking '/home/om/slambot/install/new_robot_description' for CMake module files
[1.506s] Level 1:colcon.colcon_core.environment:checking '/home/om/slambot/install/new_robot_description' for CMake config files
[1.508s] Level 1:colcon.colcon_core.shell:create_environment_hook('new_robot_description', 'cmake_prefix_path')
[1.509s] INFO:colcon.colcon_core.shell:Creating environment hook '/home/om/slambot/install/new_robot_description/share/new_robot_description/hook/cmake_prefix_path.ps1'
[1.510s] INFO:colcon.colcon_core.shell:Creating environment descriptor '/home/om/slambot/install/new_robot_description/share/new_robot_description/hook/cmake_prefix_path.dsv'
[1.510s] INFO:colcon.colcon_core.shell:Creating environment hook '/home/om/slambot/install/new_robot_description/share/new_robot_description/hook/cmake_prefix_path.sh'
[1.511s] Level 1:colcon.colcon_core.environment:checking '/home/om/slambot/install/new_robot_description/bin'
[1.511s] Level 1:colcon.colcon_core.environment:checking '/home/om/slambot/install/new_robot_description/lib/pkgconfig/new_robot_description.pc'
[1.512s] Level 1:colcon.colcon_core.environment:checking '/home/om/slambot/install/new_robot_description/lib/python3.10/site-packages'
[1.512s] Level 1:colcon.colcon_core.environment:checking '/home/om/slambot/install/new_robot_description/bin'
[1.513s] INFO:colcon.colcon_core.shell:Creating package script '/home/om/slambot/install/new_robot_description/share/new_robot_description/package.ps1'
[1.514s] INFO:colcon.colcon_core.shell:Creating package descriptor '/home/om/slambot/install/new_robot_description/share/new_robot_description/package.dsv'
[1.515s] INFO:colcon.colcon_core.shell:Creating package script '/home/om/slambot/install/new_robot_description/share/new_robot_description/package.sh'
[1.516s] INFO:colcon.colcon_core.shell:Creating package script '/home/om/slambot/install/new_robot_description/share/new_robot_description/package.bash'
[1.517s] INFO:colcon.colcon_core.shell:Creating package script '/home/om/slambot/install/new_robot_description/share/new_robot_description/package.zsh'
[1.518s] Level 1:colcon.colcon_core.environment:create_file_with_runtime_dependencies(/home/om/slambot/install/new_robot_description/share/colcon-core/packages/new_robot_description)
[1.520s] Level 1:colcon.colcon_core.environment:create_environment_scripts_only(new_robot_firmware)
[1.520s] Level 1:colcon.colcon_core.environment:checking '/home/om/slambot/install/new_robot_firmware' for CMake module files
[1.522s] DEBUG:colcon.colcon_core.event_handler.log_command:Invoked command in '/home/om/slambot/build/new_robot_firmware' returned '0': CMAKE_PREFIX_PATH=${CMAKE_PREFIX_PATH}:/home/om/slambot/install/bumperbot_py_examples:/opt/ros/humble /usr/bin/cmake --install /home/om/slambot/build/new_robot_firmware
[1.522s] Level 1:colcon.colcon_core.environment:checking '/home/om/slambot/install/new_robot_firmware' for CMake config files
[1.523s] Level 1:colcon.colcon_core.shell:create_environment_hook('new_robot_firmware', 'cmake_prefix_path')
[1.524s] INFO:colcon.colcon_core.shell:Creating environment hook '/home/om/slambot/install/new_robot_firmware/share/new_robot_firmware/hook/cmake_prefix_path.ps1'
[1.525s] INFO:colcon.colcon_core.shell:Creating environment descriptor '/home/om/slambot/install/new_robot_firmware/share/new_robot_firmware/hook/cmake_prefix_path.dsv'
[1.525s] INFO:colcon.colcon_core.shell:Creating environment hook '/home/om/slambot/install/new_robot_firmware/share/new_robot_firmware/hook/cmake_prefix_path.sh'
[1.526s] Level 1:colcon.colcon_core.environment:checking '/home/om/slambot/install/new_robot_firmware/lib'
[1.527s] Level 1:colcon.colcon_core.shell:create_environment_hook('new_robot_firmware', 'ld_library_path_lib')
[1.528s] INFO:colcon.colcon_core.shell:Creating environment hook '/home/om/slambot/install/new_robot_firmware/share/new_robot_firmware/hook/ld_library_path_lib.ps1'
[1.529s] INFO:colcon.colcon_core.shell:Creating environment descriptor '/home/om/slambot/install/new_robot_firmware/share/new_robot_firmware/hook/ld_library_path_lib.dsv'
[1.529s] INFO:colcon.colcon_core.shell:Creating environment hook '/home/om/slambot/install/new_robot_firmware/share/new_robot_firmware/hook/ld_library_path_lib.sh'
[1.530s] Level 1:colcon.colcon_core.environment:checking '/home/om/slambot/install/new_robot_firmware/bin'
[1.530s] Level 1:colcon.colcon_core.environment:checking '/home/om/slambot/install/new_robot_firmware/lib/pkgconfig/new_robot_firmware.pc'
[1.531s] Level 1:colcon.colcon_core.environment:checking '/home/om/slambot/install/new_robot_firmware/lib/python3.10/site-packages'
[1.531s] Level 1:colcon.colcon_core.environment:checking '/home/om/slambot/install/new_robot_firmware/bin'
[1.532s] INFO:colcon.colcon_core.shell:Creating package script '/home/om/slambot/install/new_robot_firmware/share/new_robot_firmware/package.ps1'
[1.533s] INFO:colcon.colcon_core.shell:Creating package descriptor '/home/om/slambot/install/new_robot_firmware/share/new_robot_firmware/package.dsv'
[1.534s] INFO:colcon.colcon_core.shell:Creating package script '/home/om/slambot/install/new_robot_firmware/share/new_robot_firmware/package.sh'
[1.535s] INFO:colcon.colcon_core.shell:Creating package script '/home/om/slambot/install/new_robot_firmware/share/new_robot_firmware/package.bash'
[1.535s] INFO:colcon.colcon_core.shell:Creating package script '/home/om/slambot/install/new_robot_firmware/share/new_robot_firmware/package.zsh'
[1.536s] Level 1:colcon.colcon_core.environment:create_file_with_runtime_dependencies(/home/om/slambot/install/new_robot_firmware/share/colcon-core/packages/new_robot_firmware)
[1.539s] Level 1:colcon.colcon_core.environment:create_environment_scripts_only(bumperbot_cpp_examples)
[1.540s] Level 1:colcon.colcon_core.environment:checking '/home/om/slambot/install/bumperbot_cpp_examples' for CMake module files
[1.541s] DEBUG:colcon.colcon_core.event_handler.log_command:Invoked command in '/home/om/slambot/build/bumperbot_cpp_examples' returned '0': CMAKE_PREFIX_PATH=${CMAKE_PREFIX_PATH}:/home/om/slambot/install/bumperbot_py_examples:/opt/ros/humble /usr/bin/cmake --install /home/om/slambot/build/bumperbot_cpp_examples
[1.542s] Level 1:colcon.colcon_core.environment:checking '/home/om/slambot/install/bumperbot_cpp_examples' for CMake config files
[1.543s] Level 1:colcon.colcon_core.shell:create_environment_hook('bumperbot_cpp_examples', 'cmake_prefix_path')
[1.543s] INFO:colcon.colcon_core.shell:Creating environment hook '/home/om/slambot/install/bumperbot_cpp_examples/share/bumperbot_cpp_examples/hook/cmake_prefix_path.ps1'
[1.544s] INFO:colcon.colcon_core.shell:Creating environment descriptor '/home/om/slambot/install/bumperbot_cpp_examples/share/bumperbot_cpp_examples/hook/cmake_prefix_path.dsv'
[1.545s] INFO:colcon.colcon_core.shell:Creating environment hook '/home/om/slambot/install/bumperbot_cpp_examples/share/bumperbot_cpp_examples/hook/cmake_prefix_path.sh'
[1.547s] Level 1:colcon.colcon_core.environment:checking '/home/om/slambot/install/bumperbot_cpp_examples/lib'
[1.547s] Level 1:colcon.colcon_core.environment:checking '/home/om/slambot/install/bumperbot_cpp_examples/bin'
[1.547s] Level 1:colcon.colcon_core.environment:checking '/home/om/slambot/install/bumperbot_cpp_examples/lib/pkgconfig/bumperbot_cpp_examples.pc'
[1.547s] Level 1:colcon.colcon_core.environment:checking '/home/om/slambot/install/bumperbot_cpp_examples/lib/python3.10/site-packages'
[1.548s] Level 1:colcon.colcon_core.environment:checking '/home/om/slambot/install/bumperbot_cpp_examples/bin'
[1.549s] INFO:colcon.colcon_core.shell:Creating package script '/home/om/slambot/install/bumperbot_cpp_examples/share/bumperbot_cpp_examples/package.ps1'
[1.550s] INFO:colcon.colcon_core.shell:Creating package descriptor '/home/om/slambot/install/bumperbot_cpp_examples/share/bumperbot_cpp_examples/package.dsv'
[1.551s] INFO:colcon.colcon_core.shell:Creating package script '/home/om/slambot/install/bumperbot_cpp_examples/share/bumperbot_cpp_examples/package.sh'
[1.551s] INFO:colcon.colcon_core.shell:Creating package script '/home/om/slambot/install/bumperbot_cpp_examples/share/bumperbot_cpp_examples/package.bash'
[1.552s] INFO:colcon.colcon_core.shell:Creating package script '/home/om/slambot/install/bumperbot_cpp_examples/share/bumperbot_cpp_examples/package.zsh'
[1.553s] Level 1:colcon.colcon_core.environment:create_file_with_runtime_dependencies(/home/om/slambot/install/bumperbot_cpp_examples/share/colcon-core/packages/bumperbot_cpp_examples)
[1.561s] DEBUG:colcon.colcon_core.event_handler.log_command:Invoking command in '/home/om/slambot/build/rplidar_ros': CMAKE_PREFIX_PATH=${CMAKE_PREFIX_PATH}:/home/om/slambot/install/bumperbot_py_examples:/opt/ros/humble /usr/bin/cmake --install /home/om/slambot/build/rplidar_ros
[1.587s] Level 1:colcon.colcon_core.environment:create_environment_scripts_only(rplidar_ros)
[1.588s] Level 1:colcon.colcon_core.environment:checking '/home/om/slambot/install/rplidar_ros' for CMake module files
[1.589s] DEBUG:colcon.colcon_core.event_handler.log_command:Invoked command in '/home/om/slambot/build/rplidar_ros' returned '0': CMAKE_PREFIX_PATH=${CMAKE_PREFIX_PATH}:/home/om/slambot/install/bumperbot_py_examples:/opt/ros/humble /usr/bin/cmake --install /home/om/slambot/build/rplidar_ros
[1.590s] Level 1:colcon.colcon_core.environment:checking '/home/om/slambot/install/rplidar_ros' for CMake config files
[1.590s] Level 1:colcon.colcon_core.shell:create_environment_hook('rplidar_ros', 'cmake_prefix_path')
[1.590s] INFO:colcon.colcon_core.shell:Creating environment hook '/home/om/slambot/install/rplidar_ros/share/rplidar_ros/hook/cmake_prefix_path.ps1'
[1.591s] INFO:colcon.colcon_core.shell:Creating environment descriptor '/home/om/slambot/install/rplidar_ros/share/rplidar_ros/hook/cmake_prefix_path.dsv'
[1.592s] INFO:colcon.colcon_core.shell:Creating environment hook '/home/om/slambot/install/rplidar_ros/share/rplidar_ros/hook/cmake_prefix_path.sh'
[1.594s] Level 1:colcon.colcon_core.environment:checking '/home/om/slambot/install/rplidar_ros/lib'
[1.594s] Level 1:colcon.colcon_core.shell:create_environment_hook('rplidar_ros', 'ld_library_path_lib')
[1.595s] INFO:colcon.colcon_core.shell:Creating environment hook '/home/om/slambot/install/rplidar_ros/share/rplidar_ros/hook/ld_library_path_lib.ps1'
[1.596s] INFO:colcon.colcon_core.shell:Creating environment descriptor '/home/om/slambot/install/rplidar_ros/share/rplidar_ros/hook/ld_library_path_lib.dsv'
[1.596s] INFO:colcon.colcon_core.shell:Creating environment hook '/home/om/slambot/install/rplidar_ros/share/rplidar_ros/hook/ld_library_path_lib.sh'
[1.597s] Level 1:colcon.colcon_core.environment:checking '/home/om/slambot/install/rplidar_ros/bin'
[1.597s] Level 1:colcon.colcon_core.environment:checking '/home/om/slambot/install/rplidar_ros/lib/pkgconfig/rplidar_ros.pc'
[1.598s] Level 1:colcon.colcon_core.environment:checking '/home/om/slambot/install/rplidar_ros/lib/python3.10/site-packages'
[1.599s] Level 1:colcon.colcon_core.environment:checking '/home/om/slambot/install/rplidar_ros/bin'
[1.599s] INFO:colcon.colcon_core.shell:Creating package script '/home/om/slambot/install/rplidar_ros/share/rplidar_ros/package.ps1'
[1.601s] INFO:colcon.colcon_core.shell:Creating package descriptor '/home/om/slambot/install/rplidar_ros/share/rplidar_ros/package.dsv'
[1.601s] INFO:colcon.colcon_core.shell:Creating package script '/home/om/slambot/install/rplidar_ros/share/rplidar_ros/package.sh'
[1.602s] INFO:colcon.colcon_core.shell:Creating package script '/home/om/slambot/install/rplidar_ros/share/rplidar_ros/package.bash'
[1.603s] INFO:colcon.colcon_core.shell:Creating package script '/home/om/slambot/install/rplidar_ros/share/rplidar_ros/package.zsh'
[1.603s] Level 1:colcon.colcon_core.environment:create_file_with_runtime_dependencies(/home/om/slambot/install/rplidar_ros/share/colcon-core/packages/rplidar_ros)
[1.607s] Level 1:colcon.colcon_core.environment:create_environment_scripts_only(new_robot_firmware)
[1.607s] Level 1:colcon.colcon_core.environment:checking '/home/om/slambot/install/new_robot_firmware' for CMake module files
[1.608s] Level 1:colcon.colcon_core.environment:checking '/home/om/slambot/install/new_robot_firmware' for CMake config files
[1.609s] Level 1:colcon.colcon_core.shell:create_environment_hook('new_robot_firmware', 'cmake_prefix_path')
[1.609s] INFO:colcon.colcon_core.shell:Creating environment hook '/home/om/slambot/install/new_robot_firmware/share/new_robot_firmware/hook/cmake_prefix_path.ps1'
[1.610s] INFO:colcon.colcon_core.shell:Creating environment descriptor '/home/om/slambot/install/new_robot_firmware/share/new_robot_firmware/hook/cmake_prefix_path.dsv'
[1.611s] INFO:colcon.colcon_core.shell:Creating environment hook '/home/om/slambot/install/new_robot_firmware/share/new_robot_firmware/hook/cmake_prefix_path.sh'
[1.612s] Level 1:colcon.colcon_core.environment:checking '/home/om/slambot/install/new_robot_firmware/lib'
[1.612s] Level 1:colcon.colcon_core.shell:create_environment_hook('new_robot_firmware', 'ld_library_path_lib')
[1.612s] INFO:colcon.colcon_core.shell:Creating environment hook '/home/om/slambot/install/new_robot_firmware/share/new_robot_firmware/hook/ld_library_path_lib.ps1'
[1.613s] INFO:colcon.colcon_core.shell:Creating environment descriptor '/home/om/slambot/install/new_robot_firmware/share/new_robot_firmware/hook/ld_library_path_lib.dsv'
[1.614s] INFO:colcon.colcon_core.shell:Creating environment hook '/home/om/slambot/install/new_robot_firmware/share/new_robot_firmware/hook/ld_library_path_lib.sh'
[1.614s] Level 1:colcon.colcon_core.environment:checking '/home/om/slambot/install/new_robot_firmware/bin'
[1.614s] Level 1:colcon.colcon_core.environment:checking '/home/om/slambot/install/new_robot_firmware/lib/pkgconfig/new_robot_firmware.pc'
[1.615s] Level 1:colcon.colcon_core.environment:checking '/home/om/slambot/install/new_robot_firmware/lib/python3.10/site-packages'
[1.615s] Level 1:colcon.colcon_core.environment:checking '/home/om/slambot/install/new_robot_firmware/bin'
[1.616s] INFO:colcon.colcon_core.shell:Creating package script '/home/om/slambot/install/new_robot_firmware/share/new_robot_firmware/package.ps1'
[1.617s] INFO:colcon.colcon_core.shell:Creating package descriptor '/home/om/slambot/install/new_robot_firmware/share/new_robot_firmware/package.dsv'
[1.618s] INFO:colcon.colcon_core.shell:Creating package script '/home/om/slambot/install/new_robot_firmware/share/new_robot_firmware/package.sh'
[1.619s] INFO:colcon.colcon_core.shell:Creating package script '/home/om/slambot/install/new_robot_firmware/share/new_robot_firmware/package.bash'
[1.620s] INFO:colcon.colcon_core.shell:Creating package script '/home/om/slambot/install/new_robot_firmware/share/new_robot_firmware/package.zsh'
[1.621s] Level 1:colcon.colcon_core.environment:create_file_with_runtime_dependencies(/home/om/slambot/install/new_robot_firmware/share/colcon-core/packages/new_robot_firmware)
[1.673s] Level 1:colcon.colcon_core.environment:create_environment_scripts_only(bumperbot_cpp_examples)
[1.674s] Level 1:colcon.colcon_core.environment:checking '/home/om/slambot/install/bumperbot_cpp_examples' for CMake module files
[1.675s] Level 1:colcon.colcon_core.environment:checking '/home/om/slambot/install/bumperbot_cpp_examples' for CMake config files
[1.675s] Level 1:colcon.colcon_core.shell:create_environment_hook('bumperbot_cpp_examples', 'cmake_prefix_path')
[1.676s] INFO:colcon.colcon_core.shell:Creating environment hook '/home/om/slambot/install/bumperbot_cpp_examples/share/bumperbot_cpp_examples/hook/cmake_prefix_path.ps1'
[1.677s] INFO:colcon.colcon_core.shell:Creating environment descriptor '/home/om/slambot/install/bumperbot_cpp_examples/share/bumperbot_cpp_examples/hook/cmake_prefix_path.dsv'
[1.677s] INFO:colcon.colcon_core.shell:Creating environment hook '/home/om/slambot/install/bumperbot_cpp_examples/share/bumperbot_cpp_examples/hook/cmake_prefix_path.sh'
[1.678s] Level 1:colcon.colcon_core.environment:checking '/home/om/slambot/install/bumperbot_cpp_examples/lib'
[1.679s] Level 1:colcon.colcon_core.environment:checking '/home/om/slambot/install/bumperbot_cpp_examples/bin'
[1.679s] Level 1:colcon.colcon_core.environment:checking '/home/om/slambot/install/bumperbot_cpp_examples/lib/pkgconfig/bumperbot_cpp_examples.pc'
[1.679s] Level 1:colcon.colcon_core.environment:checking '/home/om/slambot/install/bumperbot_cpp_examples/lib/python3.10/site-packages'
[1.680s] Level 1:colcon.colcon_core.environment:checking '/home/om/slambot/install/bumperbot_cpp_examples/bin'
[1.680s] INFO:colcon.colcon_core.shell:Creating package script '/home/om/slambot/install/bumperbot_cpp_examples/share/bumperbot_cpp_examples/package.ps1'
[1.681s] INFO:colcon.colcon_core.shell:Creating package descriptor '/home/om/slambot/install/bumperbot_cpp_examples/share/bumperbot_cpp_examples/package.dsv'
[1.682s] INFO:colcon.colcon_core.shell:Creating package script '/home/om/slambot/install/bumperbot_cpp_examples/share/bumperbot_cpp_examples/package.sh'
[1.683s] INFO:colcon.colcon_core.shell:Creating package script '/home/om/slambot/install/bumperbot_cpp_examples/share/bumperbot_cpp_examples/package.bash'
[1.684s] INFO:colcon.colcon_core.shell:Creating package script '/home/om/slambot/install/bumperbot_cpp_examples/share/bumperbot_cpp_examples/package.zsh'
[1.684s] Level 1:colcon.colcon_core.environment:create_file_with_runtime_dependencies(/home/om/slambot/install/bumperbot_cpp_examples/share/colcon-core/packages/bumperbot_cpp_examples)
[1.701s] Level 1:colcon.colcon_core.environment:create_environment_scripts_only(rplidar_ros)
[1.702s] Level 1:colcon.colcon_core.environment:checking '/home/om/slambot/install/rplidar_ros' for CMake module files
[1.703s] Level 1:colcon.colcon_core.environment:checking '/home/om/slambot/install/rplidar_ros' for CMake config files
[1.703s] Level 1:colcon.colcon_core.shell:create_environment_hook('rplidar_ros', 'cmake_prefix_path')
[1.703s] INFO:colcon.colcon_core.shell:Creating environment hook '/home/om/slambot/install/rplidar_ros/share/rplidar_ros/hook/cmake_prefix_path.ps1'
[1.704s] INFO:colcon.colcon_core.shell:Creating environment descriptor '/home/om/slambot/install/rplidar_ros/share/rplidar_ros/hook/cmake_prefix_path.dsv'
[1.705s] INFO:colcon.colcon_core.shell:Creating environment hook '/home/om/slambot/install/rplidar_ros/share/rplidar_ros/hook/cmake_prefix_path.sh'
[1.706s] Level 1:colcon.colcon_core.environment:checking '/home/om/slambot/install/rplidar_ros/lib'
[1.706s] Level 1:colcon.colcon_core.shell:create_environment_hook('rplidar_ros', 'ld_library_path_lib')
[1.707s] INFO:colcon.colcon_core.shell:Creating environment hook '/home/om/slambot/install/rplidar_ros/share/rplidar_ros/hook/ld_library_path_lib.ps1'
[1.707s] INFO:colcon.colcon_core.shell:Creating environment descriptor '/home/om/slambot/install/rplidar_ros/share/rplidar_ros/hook/ld_library_path_lib.dsv'
[1.708s] INFO:colcon.colcon_core.shell:Creating environment hook '/home/om/slambot/install/rplidar_ros/share/rplidar_ros/hook/ld_library_path_lib.sh'
[1.709s] Level 1:colcon.colcon_core.environment:checking '/home/om/slambot/install/rplidar_ros/bin'
[1.709s] Level 1:colcon.colcon_core.environment:checking '/home/om/slambot/install/rplidar_ros/lib/pkgconfig/rplidar_ros.pc'
[1.709s] Level 1:colcon.colcon_core.environment:checking '/home/om/slambot/install/rplidar_ros/lib/python3.10/site-packages'
[1.709s] Level 1:colcon.colcon_core.environment:checking '/home/om/slambot/install/rplidar_ros/bin'
[1.710s] INFO:colcon.colcon_core.shell:Creating package script '/home/om/slambot/install/rplidar_ros/share/rplidar_ros/package.ps1'
[1.711s] INFO:colcon.colcon_core.shell:Creating package descriptor '/home/om/slambot/install/rplidar_ros/share/rplidar_ros/package.dsv'
[1.712s] INFO:colcon.colcon_core.shell:Creating package script '/home/om/slambot/install/rplidar_ros/share/rplidar_ros/package.sh'
[1.713s] INFO:colcon.colcon_core.shell:Creating package script '/home/om/slambot/install/rplidar_ros/share/rplidar_ros/package.bash'
[1.714s] INFO:colcon.colcon_core.shell:Creating package script '/home/om/slambot/install/rplidar_ros/share/rplidar_ros/package.zsh'
[1.715s] Level 1:colcon.colcon_core.environment:create_file_with_runtime_dependencies(/home/om/slambot/install/rplidar_ros/share/colcon-core/packages/rplidar_ros)
[16.786s] DEBUG:colcon.colcon_core.event_handler.log_command:Invoked command in '/home/om/slambot/build/new_robot_controller' returned '0': CMAKE_PREFIX_PATH=${CMAKE_PREFIX_PATH}:/home/om/slambot/install/bumperbot_py_examples:/opt/ros/humble /usr/bin/cmake --build /home/om/slambot/build/new_robot_controller -- -j8 -l8
[16.815s] DEBUG:colcon.colcon_core.event_handler.log_command:Invoking command in '/home/om/slambot/build/new_robot_controller': CMAKE_PREFIX_PATH=${CMAKE_PREFIX_PATH}:/home/om/slambot/install/bumperbot_py_examples:/opt/ros/humble /usr/bin/cmake --install /home/om/slambot/build/new_robot_controller
[16.865s] Level 1:colcon.colcon_core.environment:create_environment_scripts_only(new_robot_controller)
[16.866s] Level 1:colcon.colcon_core.environment:checking '/home/om/slambot/install/new_robot_controller' for CMake module files
[16.866s] DEBUG:colcon.colcon_core.event_handler.log_command:Invoked command in '/home/om/slambot/build/new_robot_controller' returned '0': CMAKE_PREFIX_PATH=${CMAKE_PREFIX_PATH}:/home/om/slambot/install/bumperbot_py_examples:/opt/ros/humble /usr/bin/cmake --install /home/om/slambot/build/new_robot_controller
[16.867s] Level 1:colcon.colcon_core.environment:checking '/home/om/slambot/install/new_robot_controller' for CMake config files
[16.867s] Level 1:colcon.colcon_core.shell:create_environment_hook('new_robot_controller', 'cmake_prefix_path')
[16.867s] INFO:colcon.colcon_core.shell:Creating environment hook '/home/om/slambot/install/new_robot_controller/share/new_robot_controller/hook/cmake_prefix_path.ps1'
[16.868s] INFO:colcon.colcon_core.shell:Creating environment descriptor '/home/om/slambot/install/new_robot_controller/share/new_robot_controller/hook/cmake_prefix_path.dsv'
[16.868s] INFO:colcon.colcon_core.shell:Creating environment hook '/home/om/slambot/install/new_robot_controller/share/new_robot_controller/hook/cmake_prefix_path.sh'
[16.868s] Level 1:colcon.colcon_core.environment:checking '/home/om/slambot/install/new_robot_controller/lib'
[16.868s] Level 1:colcon.colcon_core.environment:checking '/home/om/slambot/install/new_robot_controller/bin'
[16.868s] Level 1:colcon.colcon_core.environment:checking '/home/om/slambot/install/new_robot_controller/lib/pkgconfig/new_robot_controller.pc'
[16.868s] Level 1:colcon.colcon_core.environment:checking '/home/om/slambot/install/new_robot_controller/lib/python3.10/site-packages'
[16.869s] Level 1:colcon.colcon_core.environment:checking '/home/om/slambot/install/new_robot_controller/bin'
[16.869s] INFO:colcon.colcon_core.shell:Creating package script '/home/om/slambot/install/new_robot_controller/share/new_robot_controller/package.ps1'
[16.869s] INFO:colcon.colcon_core.shell:Creating package descriptor '/home/om/slambot/install/new_robot_controller/share/new_robot_controller/package.dsv'
[16.869s] INFO:colcon.colcon_core.shell:Creating package script '/home/om/slambot/install/new_robot_controller/share/new_robot_controller/package.sh'
[16.870s] INFO:colcon.colcon_core.shell:Creating package script '/home/om/slambot/install/new_robot_controller/share/new_robot_controller/package.bash'
[16.870s] INFO:colcon.colcon_core.shell:Creating package script '/home/om/slambot/install/new_robot_controller/share/new_robot_controller/package.zsh'
[16.870s] Level 1:colcon.colcon_core.environment:create_file_with_runtime_dependencies(/home/om/slambot/install/new_robot_controller/share/colcon-core/packages/new_robot_controller)
[16.905s] Level 1:colcon.colcon_core.environment:create_environment_scripts_only(new_robot_controller)
[16.905s] Level 1:colcon.colcon_core.environment:checking '/home/om/slambot/install/new_robot_controller' for CMake module files
[16.905s] Level 1:colcon.colcon_core.environment:checking '/home/om/slambot/install/new_robot_controller' for CMake config files
[16.906s] Level 1:colcon.colcon_core.shell:create_environment_hook('new_robot_controller', 'cmake_prefix_path')
[16.906s] INFO:colcon.colcon_core.shell:Creating environment hook '/home/om/slambot/install/new_robot_controller/share/new_robot_controller/hook/cmake_prefix_path.ps1'
[16.906s] INFO:colcon.colcon_core.shell:Creating environment descriptor '/home/om/slambot/install/new_robot_controller/share/new_robot_controller/hook/cmake_prefix_path.dsv'
[16.906s] INFO:colcon.colcon_core.shell:Creating environment hook '/home/om/slambot/install/new_robot_controller/share/new_robot_controller/hook/cmake_prefix_path.sh'
[16.907s] Level 1:colcon.colcon_core.environment:checking '/home/om/slambot/install/new_robot_controller/lib'
[16.907s] Level 1:colcon.colcon_core.environment:checking '/home/om/slambot/install/new_robot_controller/bin'
[16.907s] Level 1:colcon.colcon_core.environment:checking '/home/om/slambot/install/new_robot_controller/lib/pkgconfig/new_robot_controller.pc'
[16.907s] Level 1:colcon.colcon_core.environment:checking '/home/om/slambot/install/new_robot_controller/lib/python3.10/site-packages'
[16.907s] Level 1:colcon.colcon_core.environment:checking '/home/om/slambot/install/new_robot_controller/bin'
[16.907s] INFO:colcon.colcon_core.shell:Creating package script '/home/om/slambot/install/new_robot_controller/share/new_robot_controller/package.ps1'
[16.908s] INFO:colcon.colcon_core.shell:Creating package descriptor '/home/om/slambot/install/new_robot_controller/share/new_robot_controller/package.dsv'
[16.908s] INFO:colcon.colcon_core.shell:Creating package script '/home/om/slambot/install/new_robot_controller/share/new_robot_controller/package.sh'
[16.908s] INFO:colcon.colcon_core.shell:Creating package script '/home/om/slambot/install/new_robot_controller/share/new_robot_controller/package.bash'
[16.908s] INFO:colcon.colcon_core.shell:Creating package script '/home/om/slambot/install/new_robot_controller/share/new_robot_controller/package.zsh'
[16.909s] Level 1:colcon.colcon_core.environment:create_file_with_runtime_dependencies(/home/om/slambot/install/new_robot_controller/share/colcon-core/packages/new_robot_controller)
[16.909s] DEBUG:colcon.colcon_parallel_executor.executor.parallel:closing loop
[16.909s] DEBUG:colcon.colcon_parallel_executor.executor.parallel:loop closed
[16.909s] DEBUG:colcon.colcon_parallel_executor.executor.parallel:run_until_complete finished with '0'
[16.909s] DEBUG:colcon.colcon_core.event_reactor:joining thread
[16.915s] INFO:colcon.colcon_core.plugin_system:Skipping extension 'colcon_notification.desktop_notification.terminal_notifier': Not used on non-Darwin systems
[16.916s] INFO:colcon.colcon_core.plugin_system:Skipping extension 'colcon_notification.desktop_notification.win32': Not used on non-Windows systems
[16.916s] INFO:colcon.colcon_notification.desktop_notification:Sending desktop notification using 'notify2'
[16.932s] DEBUG:colcon.colcon_core.event_reactor:joined thread
[16.933s] INFO:colcon.colcon_core.shell:Creating prefix script '/home/om/slambot/install/local_setup.ps1'
[16.934s] INFO:colcon.colcon_core.shell:Creating prefix util module '/home/om/slambot/install/_local_setup_util_ps1.py'
[16.936s] INFO:colcon.colcon_core.shell:Creating prefix chain script '/home/om/slambot/install/setup.ps1'
[16.937s] INFO:colcon.colcon_core.shell:Creating prefix script '/home/om/slambot/install/local_setup.sh'
[16.938s] INFO:colcon.colcon_core.shell:Creating prefix util module '/home/om/slambot/install/_local_setup_util_sh.py'
[16.938s] INFO:colcon.colcon_core.shell:Creating prefix chain script '/home/om/slambot/install/setup.sh'
[16.940s] INFO:colcon.colcon_core.shell:Creating prefix script '/home/om/slambot/install/local_setup.bash'
[16.940s] INFO:colcon.colcon_core.shell:Creating prefix chain script '/home/om/slambot/install/setup.bash'
[16.942s] INFO:colcon.colcon_core.shell:Creating prefix script '/home/om/slambot/install/local_setup.zsh'
[16.942s] INFO:colcon.colcon_core.shell:Creating prefix chain script '/home/om/slambot/install/setup.zsh'
