[0.023s] Invoking command in '/home/om/slambot/build/new_robot_controller': CMAKE_PREFIX_PATH=${CMAKE_PREFIX_PATH}:/home/om/slambot/install/bumperbot_py_examples:/opt/ros/humble /usr/bin/cmake --build /home/om/slambot/build/new_robot_controller -- -j8 -l8
[0.080s] [35m[1mConsolidate compiler generated dependencies of target keyboard_control[0m
[0.108s] [ 50%] Built target keyboard_control
[0.110s] [ 50%] Built target ament_cmake_python_copy_new_robot_controller
[0.112s] [100%] Built target simple_controller
[0.420s] running egg_info
[0.420s] writing new_robot_controller.egg-info/PKG-INFO
[0.420s] writing dependency_links to new_robot_controller.egg-info/dependency_links.txt
[0.420s] writing top-level names to new_robot_controller.egg-info/top_level.txt
[0.421s] reading manifest file 'new_robot_controller.egg-info/SOURCES.txt'
[0.421s] writing manifest file 'new_robot_controller.egg-info/SOURCES.txt'
[0.467s] [100%] Built target ament_cmake_python_build_new_robot_controller_egg
[0.488s] Invoked command in '/home/om/slambot/build/new_robot_controller' returned '0': CMAKE_PREFIX_PATH=${CMAKE_PREFIX_PATH}:/home/om/slambot/install/bumperbot_py_examples:/opt/ros/humble /usr/bin/cmake --build /home/om/slambot/build/new_robot_controller -- -j8 -l8
[0.512s] Invoking command in '/home/om/slambot/build/new_robot_controller': CMAKE_PREFIX_PATH=${CMAKE_PREFIX_PATH}:/home/om/slambot/install/bumperbot_py_examples:/opt/ros/humble /usr/bin/cmake --install /home/om/slambot/build/new_robot_controller
[0.518s] -- Install configuration: ""
[0.518s] -- Up-to-date: /home/om/slambot/install/new_robot_controller/share/new_robot_controller/environment/pythonpath.sh
[0.518s] -- Up-to-date: /home/om/slambot/install/new_robot_controller/share/new_robot_controller/environment/pythonpath.dsv
[0.518s] -- Up-to-date: /home/om/slambot/install/new_robot_controller/local/lib/python3.10/dist-packages/new_robot_controller-0.0.0-py3.10.egg-info
[0.518s] -- Installing: /home/om/slambot/install/new_robot_controller/local/lib/python3.10/dist-packages/new_robot_controller-0.0.0-py3.10.egg-info/PKG-INFO
[0.519s] -- Installing: /home/om/slambot/install/new_robot_controller/local/lib/python3.10/dist-packages/new_robot_controller-0.0.0-py3.10.egg-info/dependency_links.txt
[0.519s] -- Installing: /home/om/slambot/install/new_robot_controller/local/lib/python3.10/dist-packages/new_robot_controller-0.0.0-py3.10.egg-info/SOURCES.txt
[0.519s] -- Installing: /home/om/slambot/install/new_robot_controller/local/lib/python3.10/dist-packages/new_robot_controller-0.0.0-py3.10.egg-info/top_level.txt
[0.519s] -- Up-to-date: /home/om/slambot/install/new_robot_controller/local/lib/python3.10/dist-packages/new_robot_controller
[0.519s] -- Up-to-date: /home/om/slambot/install/new_robot_controller/local/lib/python3.10/dist-packages/new_robot_controller/simple_controller.py
[0.519s] -- Up-to-date: /home/om/slambot/install/new_robot_controller/local/lib/python3.10/dist-packages/new_robot_controller/__init__.py
[0.547s] Listing '/home/om/slambot/install/new_robot_controller/local/lib/python3.10/dist-packages/new_robot_controller'...
[0.552s] -- Up-to-date: /home/om/slambot/install/new_robot_controller/include/include
[0.552s] -- Up-to-date: /home/om/slambot/install/new_robot_controller/include/include/new_robot_controller
[0.552s] -- Up-to-date: /home/om/slambot/install/new_robot_controller/include/include/new_robot_controller/simple_controller.hpp
[0.553s] -- Up-to-date: /home/om/slambot/install/new_robot_controller/lib/new_robot_controller/simple_controller
[0.553s] -- Up-to-date: /home/om/slambot/install/new_robot_controller/lib/new_robot_controller/keyboard_control
[0.553s] -- Up-to-date: /home/om/slambot/install/new_robot_controller/share/new_robot_controller/launch
[0.553s] -- Up-to-date: /home/om/slambot/install/new_robot_controller/share/new_robot_controller/launch/joystick_teleop.launch.py
[0.553s] -- Up-to-date: /home/om/slambot/install/new_robot_controller/share/new_robot_controller/launch/simple_controller.launch.py
[0.553s] -- Up-to-date: /home/om/slambot/install/new_robot_controller/share/new_robot_controller/config
[0.554s] -- Up-to-date: /home/om/slambot/install/new_robot_controller/share/new_robot_controller/config/joy_config.yaml
[0.554s] -- Up-to-date: /home/om/slambot/install/new_robot_controller/share/new_robot_controller/config/new_robot_controllers.yaml
[0.554s] -- Up-to-date: /home/om/slambot/install/new_robot_controller/share/new_robot_controller/config/joy_teleop.yaml
[0.554s] -- Up-to-date: /home/om/slambot/install/new_robot_controller/lib/new_robot_controller/simple_controller.py
[0.554s] -- Up-to-date: /home/om/slambot/install/new_robot_controller/share/ament_index/resource_index/package_run_dependencies/new_robot_controller
[0.554s] -- Up-to-date: /home/om/slambot/install/new_robot_controller/share/ament_index/resource_index/parent_prefix_path/new_robot_controller
[0.554s] -- Up-to-date: /home/om/slambot/install/new_robot_controller/share/new_robot_controller/environment/ament_prefix_path.sh
[0.554s] -- Up-to-date: /home/om/slambot/install/new_robot_controller/share/new_robot_controller/environment/ament_prefix_path.dsv
[0.554s] -- Up-to-date: /home/om/slambot/install/new_robot_controller/share/new_robot_controller/environment/path.sh
[0.554s] -- Up-to-date: /home/om/slambot/install/new_robot_controller/share/new_robot_controller/environment/path.dsv
[0.554s] -- Up-to-date: /home/om/slambot/install/new_robot_controller/share/new_robot_controller/local_setup.bash
[0.555s] -- Up-to-date: /home/om/slambot/install/new_robot_controller/share/new_robot_controller/local_setup.sh
[0.555s] -- Up-to-date: /home/om/slambot/install/new_robot_controller/share/new_robot_controller/local_setup.zsh
[0.555s] -- Up-to-date: /home/om/slambot/install/new_robot_controller/share/new_robot_controller/local_setup.dsv
[0.555s] -- Installing: /home/om/slambot/install/new_robot_controller/share/new_robot_controller/package.dsv
[0.555s] -- Up-to-date: /home/om/slambot/install/new_robot_controller/share/ament_index/resource_index/packages/new_robot_controller
[0.555s] -- Up-to-date: /home/om/slambot/install/new_robot_controller/share/new_robot_controller/cmake/new_robot_controllerConfig.cmake
[0.555s] -- Up-to-date: /home/om/slambot/install/new_robot_controller/share/new_robot_controller/cmake/new_robot_controllerConfig-version.cmake
[0.555s] -- Up-to-date: /home/om/slambot/install/new_robot_controller/share/new_robot_controller/package.xml
[0.564s] Invoked command in '/home/om/slambot/build/new_robot_controller' returned '0': CMAKE_PREFIX_PATH=${CMAKE_PREFIX_PATH}:/home/om/slambot/install/bumperbot_py_examples:/opt/ros/humble /usr/bin/cmake --install /home/om/slambot/build/new_robot_controller
