[0.118s] Invoking command in '/home/om/slambot/build/bumperbot_cpp_examples': CMAKE_PREFIX_PATH=${CMAKE_PREFIX_PATH}:/home/om/slambot/install/bumperbot_py_examples:/opt/ros/humble /usr/bin/cmake --build /home/om/slambot/build/bumperbot_cpp_examples -- -j8 -l8
[0.319s] [ 12%] Built target simple_subscriber
[0.320s] [ 25%] Built target simple_turtlesim_kinematics
[0.326s] [ 37%] Built target simple_service_client
[0.331s] [ 50%] Built target simple_publisher
[0.337s] [ 62%] Built target simple_parameter
[0.342s] [ 75%] Built target simple_lifecycle_node
[0.352s] [ 87%] Built target simple_service_server
[0.355s] [100%] Built target simple_tf_kinematics
[0.425s] Invoked command in '/home/om/slambot/build/bumperbot_cpp_examples' returned '0': CMAKE_PREFIX_PATH=${CMAKE_PREFIX_PATH}:/home/om/slambot/install/bumperbot_py_examples:/opt/ros/humble /usr/bin/cmake --build /home/om/slambot/build/bumperbot_cpp_examples -- -j8 -l8
[0.554s] Invoking command in '/home/om/slambot/build/bumperbot_cpp_examples': CMAKE_PREFIX_PATH=${CMAKE_PREFIX_PATH}:/home/om/slambot/install/bumperbot_py_examples:/opt/ros/humble /usr/bin/cmake --install /home/om/slambot/build/bumperbot_cpp_examples
[0.573s] -- Install configuration: ""
[0.573s] -- Up-to-date: /home/om/slambot/install/bumperbot_cpp_examples/include/include
[0.573s] -- Up-to-date: /home/om/slambot/install/bumperbot_cpp_examples/include/include/bumperbot_cpp_examples
[0.573s] -- Up-to-date: /home/om/slambot/install/bumperbot_cpp_examples/include/include/bumperbot_cpp_examples/simple_turtlesim_kinematics.hpp
[0.573s] -- Up-to-date: /home/om/slambot/install/bumperbot_cpp_examples/include/include/bumperbot_cpp_examples/simple_tf_kinematics.hpp
[0.574s] -- Up-to-date: /home/om/slambot/install/bumperbot_cpp_examples/lib/bumperbot_cpp_examples/simple_publisher
[0.576s] -- Up-to-date: /home/om/slambot/install/bumperbot_cpp_examples/lib/bumperbot_cpp_examples/simple_subscriber
[0.576s] -- Up-to-date: /home/om/slambot/install/bumperbot_cpp_examples/lib/bumperbot_cpp_examples/simple_parameter
[0.577s] -- Up-to-date: /home/om/slambot/install/bumperbot_cpp_examples/lib/bumperbot_cpp_examples/simple_turtlesim_kinematics
[0.578s] -- Up-to-date: /home/om/slambot/install/bumperbot_cpp_examples/lib/bumperbot_cpp_examples/simple_service_server
[0.580s] -- Up-to-date: /home/om/slambot/install/bumperbot_cpp_examples/lib/bumperbot_cpp_examples/simple_service_client
[0.582s] -- Up-to-date: /home/om/slambot/install/bumperbot_cpp_examples/lib/bumperbot_cpp_examples/simple_tf_kinematics
[0.586s] -- Up-to-date: /home/om/slambot/install/bumperbot_cpp_examples/lib/bumperbot_cpp_examples/simple_lifecycle_node
[0.586s] -- Up-to-date: /home/om/slambot/install/bumperbot_cpp_examples/share/ament_index/resource_index/package_run_dependencies/bumperbot_cpp_examples
[0.586s] -- Up-to-date: /home/om/slambot/install/bumperbot_cpp_examples/share/ament_index/resource_index/parent_prefix_path/bumperbot_cpp_examples
[0.586s] -- Up-to-date: /home/om/slambot/install/bumperbot_cpp_examples/share/bumperbot_cpp_examples/environment/ament_prefix_path.sh
[0.586s] -- Up-to-date: /home/om/slambot/install/bumperbot_cpp_examples/share/bumperbot_cpp_examples/environment/ament_prefix_path.dsv
[0.589s] -- Up-to-date: /home/om/slambot/install/bumperbot_cpp_examples/share/bumperbot_cpp_examples/environment/path.sh
[0.589s] -- Up-to-date: /home/om/slambot/install/bumperbot_cpp_examples/share/bumperbot_cpp_examples/environment/path.dsv
[0.589s] -- Up-to-date: /home/om/slambot/install/bumperbot_cpp_examples/share/bumperbot_cpp_examples/local_setup.bash
[0.590s] -- Up-to-date: /home/om/slambot/install/bumperbot_cpp_examples/share/bumperbot_cpp_examples/local_setup.sh
[0.590s] -- Up-to-date: /home/om/slambot/install/bumperbot_cpp_examples/share/bumperbot_cpp_examples/local_setup.zsh
[0.590s] -- Up-to-date: /home/om/slambot/install/bumperbot_cpp_examples/share/bumperbot_cpp_examples/local_setup.dsv
[0.590s] -- Installing: /home/om/slambot/install/bumperbot_cpp_examples/share/bumperbot_cpp_examples/package.dsv
[0.590s] -- Up-to-date: /home/om/slambot/install/bumperbot_cpp_examples/share/ament_index/resource_index/packages/bumperbot_cpp_examples
[0.590s] -- Up-to-date: /home/om/slambot/install/bumperbot_cpp_examples/share/bumperbot_cpp_examples/cmake/bumperbot_cpp_examplesConfig.cmake
[0.590s] -- Up-to-date: /home/om/slambot/install/bumperbot_cpp_examples/share/bumperbot_cpp_examples/cmake/bumperbot_cpp_examplesConfig-version.cmake
[0.590s] -- Up-to-date: /home/om/slambot/install/bumperbot_cpp_examples/share/bumperbot_cpp_examples/package.xml
[0.603s] Invoked command in '/home/om/slambot/build/bumperbot_cpp_examples' returned '0': CMAKE_PREFIX_PATH=${CMAKE_PREFIX_PATH}:/home/om/slambot/install/bumperbot_py_examples:/opt/ros/humble /usr/bin/cmake --install /home/om/slambot/build/bumperbot_cpp_examples
