[0.043s] Invoking command in '/home/om/slambot/build/bumperbot_localization': CMAKE_PREFIX_PATH=${CMAKE_PREFIX_PATH}:/home/om/slambot/install/bumperbot_py_examples:/opt/ros/humble /usr/bin/cmake --build /home/om/slambot/build/bumperbot_localization -- -j8 -l8
[0.217s] [ 50%] Built target kalman_filter
[0.217s] [100%] Built target imu_republisher
[0.217s] [100%] Built target ament_cmake_python_copy_bumperbot_localization
[0.807s] running egg_info
[0.808s] writing bumperbot_localization.egg-info/PKG-INFO
[0.808s] writing dependency_links to bumperbot_localization.egg-info/dependency_links.txt
[0.808s] writing top-level names to bumperbot_localization.egg-info/top_level.txt
[0.817s] reading manifest file 'bumperbot_localization.egg-info/SOURCES.txt'
[0.818s] writing manifest file 'bumperbot_localization.egg-info/SOURCES.txt'
[0.897s] [100%] Built target ament_cmake_python_build_bumperbot_localization_egg
[0.964s] Invoked command in '/home/om/slambot/build/bumperbot_localization' returned '0': CMAKE_PREFIX_PATH=${CMAKE_PREFIX_PATH}:/home/om/slambot/install/bumperbot_py_examples:/opt/ros/humble /usr/bin/cmake --build /home/om/slambot/build/bumperbot_localization -- -j8 -l8
[1.021s] Invoking command in '/home/om/slambot/build/bumperbot_localization': CMAKE_PREFIX_PATH=${CMAKE_PREFIX_PATH}:/home/om/slambot/install/bumperbot_py_examples:/opt/ros/humble /usr/bin/cmake --install /home/om/slambot/build/bumperbot_localization
[1.036s] -- Install configuration: ""
[1.036s] -- Up-to-date: /home/om/slambot/install/bumperbot_localization/share/bumperbot_localization/environment/pythonpath.sh
[1.036s] -- Up-to-date: /home/om/slambot/install/bumperbot_localization/share/bumperbot_localization/environment/pythonpath.dsv
[1.039s] -- Up-to-date: /home/om/slambot/install/bumperbot_localization/local/lib/python3.10/dist-packages/bumperbot_localization-0.0.0-py3.10.egg-info
[1.040s] -- Installing: /home/om/slambot/install/bumperbot_localization/local/lib/python3.10/dist-packages/bumperbot_localization-0.0.0-py3.10.egg-info/PKG-INFO
[1.040s] -- Installing: /home/om/slambot/install/bumperbot_localization/local/lib/python3.10/dist-packages/bumperbot_localization-0.0.0-py3.10.egg-info/dependency_links.txt
[1.041s] -- Installing: /home/om/slambot/install/bumperbot_localization/local/lib/python3.10/dist-packages/bumperbot_localization-0.0.0-py3.10.egg-info/SOURCES.txt
[1.041s] -- Installing: /home/om/slambot/install/bumperbot_localization/local/lib/python3.10/dist-packages/bumperbot_localization-0.0.0-py3.10.egg-info/top_level.txt
[1.041s] -- Up-to-date: /home/om/slambot/install/bumperbot_localization/local/lib/python3.10/dist-packages/bumperbot_localization
[1.041s] -- Up-to-date: /home/om/slambot/install/bumperbot_localization/local/lib/python3.10/dist-packages/bumperbot_localization/__init__.py
[1.041s] -- Up-to-date: /home/om/slambot/install/bumperbot_localization/local/lib/python3.10/dist-packages/bumperbot_localization/kalman_filter.py
[1.041s] -- Up-to-date: /home/om/slambot/install/bumperbot_localization/local/lib/python3.10/dist-packages/bumperbot_localization/imu_republisher.py
[1.109s] Listing '/home/om/slambot/install/bumperbot_localization/local/lib/python3.10/dist-packages/bumperbot_localization'...
[1.118s] -- Up-to-date: /home/om/slambot/install/bumperbot_localization/include/include
[1.118s] -- Up-to-date: /home/om/slambot/install/bumperbot_localization/include/include/bumperbot_localization
[1.119s] -- Up-to-date: /home/om/slambot/install/bumperbot_localization/include/include/bumperbot_localization/kalman_filter.hpp
[1.119s] -- Up-to-date: /home/om/slambot/install/bumperbot_localization/lib/bumperbot_localization/kalman_filter
[1.119s] -- Up-to-date: /home/om/slambot/install/bumperbot_localization/lib/bumperbot_localization/imu_republisher
[1.120s] -- Up-to-date: /home/om/slambot/install/bumperbot_localization/share/bumperbot_localization/launch
[1.120s] -- Up-to-date: /home/om/slambot/install/bumperbot_localization/share/bumperbot_localization/launch/local_localization.launch.py
[1.120s] -- Up-to-date: /home/om/slambot/install/bumperbot_localization/share/bumperbot_localization/config
[1.120s] -- Up-to-date: /home/om/slambot/install/bumperbot_localization/share/bumperbot_localization/config/ekf.yaml
[1.121s] -- Up-to-date: /home/om/slambot/install/bumperbot_localization/lib/bumperbot_localization/kalman_filter.py
[1.121s] -- Up-to-date: /home/om/slambot/install/bumperbot_localization/lib/bumperbot_localization/imu_republisher.py
[1.121s] -- Up-to-date: /home/om/slambot/install/bumperbot_localization/share/ament_index/resource_index/package_run_dependencies/bumperbot_localization
[1.123s] -- Up-to-date: /home/om/slambot/install/bumperbot_localization/share/ament_index/resource_index/parent_prefix_path/bumperbot_localization
[1.123s] -- Up-to-date: /home/om/slambot/install/bumperbot_localization/share/bumperbot_localization/environment/ament_prefix_path.sh
[1.123s] -- Up-to-date: /home/om/slambot/install/bumperbot_localization/share/bumperbot_localization/environment/ament_prefix_path.dsv
[1.123s] -- Up-to-date: /home/om/slambot/install/bumperbot_localization/share/bumperbot_localization/environment/path.sh
[1.123s] -- Up-to-date: /home/om/slambot/install/bumperbot_localization/share/bumperbot_localization/environment/path.dsv
[1.123s] -- Up-to-date: /home/om/slambot/install/bumperbot_localization/share/bumperbot_localization/local_setup.bash
[1.124s] -- Up-to-date: /home/om/slambot/install/bumperbot_localization/share/bumperbot_localization/local_setup.sh
[1.124s] -- Up-to-date: /home/om/slambot/install/bumperbot_localization/share/bumperbot_localization/local_setup.zsh
[1.124s] -- Up-to-date: /home/om/slambot/install/bumperbot_localization/share/bumperbot_localization/local_setup.dsv
[1.124s] -- Installing: /home/om/slambot/install/bumperbot_localization/share/bumperbot_localization/package.dsv
[1.124s] -- Up-to-date: /home/om/slambot/install/bumperbot_localization/share/ament_index/resource_index/packages/bumperbot_localization
[1.124s] -- Up-to-date: /home/om/slambot/install/bumperbot_localization/share/bumperbot_localization/cmake/bumperbot_localizationConfig.cmake
[1.124s] -- Up-to-date: /home/om/slambot/install/bumperbot_localization/share/bumperbot_localization/cmake/bumperbot_localizationConfig-version.cmake
[1.124s] -- Up-to-date: /home/om/slambot/install/bumperbot_localization/share/bumperbot_localization/package.xml
[1.149s] Invoked command in '/home/om/slambot/build/bumperbot_localization' returned '0': CMAKE_PREFIX_PATH=${CMAKE_PREFIX_PATH}:/home/om/slambot/install/bumperbot_py_examples:/opt/ros/humble /usr/bin/cmake --install /home/om/slambot/build/bumperbot_localization
