-- Found ament_cmake: 1.3.10 (/opt/ros/humble/share/ament_cmake/cmake)
-- Found rclcpp: 16.0.10 (/opt/ros/humble/share/rclcpp/cmake)
-- Found rosidl_generator_c: 3.1.5 (/opt/ros/humble/share/rosidl_generator_c/cmake)
-- Found rosidl_adapter: 3.1.5 (/opt/ros/humble/share/rosidl_adapter/cmake)
-- Found rosidl_generator_cpp: 3.1.5 (/opt/ros/humble/share/rosidl_generator_cpp/cmake)
-- Using all available rosidl_typesupport_c: rosidl_typesupport_fastrtps_c;rosidl_typesupport_introspection_c
-- Using all available rosidl_typesupport_cpp: rosidl_typesupport_fastrtps_cpp;rosidl_typesupport_introspection_cpp
-- Found rmw_implementation_cmake: 6.1.2 (/opt/ros/humble/share/rmw_implementation_cmake/cmake)
-- Found rmw_fastrtps_cpp: 6.2.7 (/opt/ros/humble/share/rmw_fastrtps_cpp/cmake)
-- Using RMW implementation 'rmw_fastrtps_cpp' as default
-- Found rclpy: 3.3.14 (/opt/ros/humble/share/rclpy/cmake)
-- Found geometry_msgs: 4.2.4 (/opt/ros/humble/share/geometry_msgs/cmake)
-- Found sensor_msgs: 4.2.4 (/opt/ros/humble/share/sensor_msgs/cmake)
-- Found nav_msgs: 4.2.4 (/opt/ros/humble/share/nav_msgs/cmake)
-- Found tf2: 0.25.7 (/opt/ros/humble/share/tf2/cmake)
-- Found tf2_ros: 0.25.7 (/opt/ros/humble/share/tf2_ros/cmake)
-- Configuring done
-- Generating done
-- Build files have been written to: /home/om/slambot/build/new_robot_controller
[35m[1mConsolidate compiler generated dependencies of target simple_controller[0m
[ 25%] [32mBuilding CXX object CMakeFiles/keyboard_control.dir/src/keyboard_control.cpp.o[0m
[ 25%] Built target ament_cmake_python_copy_new_robot_controller
[ 75%] Built target simple_controller
running egg_info
writing new_robot_controller.egg-info/PKG-INFO
writing dependency_links to new_robot_controller.egg-info/dependency_links.txt
writing top-level names to new_robot_controller.egg-info/top_level.txt
reading manifest file 'new_robot_controller.egg-info/SOURCES.txt'
writing manifest file 'new_robot_controller.egg-info/SOURCES.txt'
[ 75%] Built target ament_cmake_python_build_new_robot_controller_egg
[100%] [32m[1mLinking CXX executable keyboard_control[0m
[100%] Built target keyboard_control
-- Install configuration: ""
-- Up-to-date: /home/om/slambot/install/new_robot_controller/share/new_robot_controller/environment/pythonpath.sh
-- Installing: /home/om/slambot/install/new_robot_controller/share/new_robot_controller/environment/pythonpath.dsv
-- Up-to-date: /home/om/slambot/install/new_robot_controller/local/lib/python3.10/dist-packages/new_robot_controller-0.0.0-py3.10.egg-info
-- Installing: /home/om/slambot/install/new_robot_controller/local/lib/python3.10/dist-packages/new_robot_controller-0.0.0-py3.10.egg-info/PKG-INFO
-- Installing: /home/om/slambot/install/new_robot_controller/local/lib/python3.10/dist-packages/new_robot_controller-0.0.0-py3.10.egg-info/dependency_links.txt
-- Installing: /home/om/slambot/install/new_robot_controller/local/lib/python3.10/dist-packages/new_robot_controller-0.0.0-py3.10.egg-info/SOURCES.txt
-- Installing: /home/om/slambot/install/new_robot_controller/local/lib/python3.10/dist-packages/new_robot_controller-0.0.0-py3.10.egg-info/top_level.txt
-- Up-to-date: /home/om/slambot/install/new_robot_controller/local/lib/python3.10/dist-packages/new_robot_controller
-- Up-to-date: /home/om/slambot/install/new_robot_controller/local/lib/python3.10/dist-packages/new_robot_controller/simple_controller.py
-- Up-to-date: /home/om/slambot/install/new_robot_controller/local/lib/python3.10/dist-packages/new_robot_controller/__init__.py
Listing '/home/om/slambot/install/new_robot_controller/local/lib/python3.10/dist-packages/new_robot_controller'...
-- Up-to-date: /home/om/slambot/install/new_robot_controller/include/include
-- Up-to-date: /home/om/slambot/install/new_robot_controller/include/include/new_robot_controller
-- Up-to-date: /home/om/slambot/install/new_robot_controller/include/include/new_robot_controller/simple_controller.hpp
-- Up-to-date: /home/om/slambot/install/new_robot_controller/lib/new_robot_controller/simple_controller
-- Installing: /home/om/slambot/install/new_robot_controller/lib/new_robot_controller/keyboard_control
-- Set runtime path of "/home/om/slambot/install/new_robot_controller/lib/new_robot_controller/keyboard_control" to ""
-- Up-to-date: /home/om/slambot/install/new_robot_controller/share/new_robot_controller/launch
-- Up-to-date: /home/om/slambot/install/new_robot_controller/share/new_robot_controller/launch/joystick_teleop.launch.py
-- Up-to-date: /home/om/slambot/install/new_robot_controller/share/new_robot_controller/launch/simple_controller.launch.py
-- Up-to-date: /home/om/slambot/install/new_robot_controller/share/new_robot_controller/config
-- Up-to-date: /home/om/slambot/install/new_robot_controller/share/new_robot_controller/config/joy_config.yaml
-- Up-to-date: /home/om/slambot/install/new_robot_controller/share/new_robot_controller/config/new_robot_controllers.yaml
-- Up-to-date: /home/om/slambot/install/new_robot_controller/share/new_robot_controller/config/joy_teleop.yaml
-- Up-to-date: /home/om/slambot/install/new_robot_controller/lib/new_robot_controller/simple_controller.py
-- Up-to-date: /home/om/slambot/install/new_robot_controller/share/ament_index/resource_index/package_run_dependencies/new_robot_controller
-- Installing: /home/om/slambot/install/new_robot_controller/share/ament_index/resource_index/parent_prefix_path/new_robot_controller
-- Up-to-date: /home/om/slambot/install/new_robot_controller/share/new_robot_controller/environment/ament_prefix_path.sh
-- Installing: /home/om/slambot/install/new_robot_controller/share/new_robot_controller/environment/ament_prefix_path.dsv
-- Up-to-date: /home/om/slambot/install/new_robot_controller/share/new_robot_controller/environment/path.sh
-- Installing: /home/om/slambot/install/new_robot_controller/share/new_robot_controller/environment/path.dsv
-- Up-to-date: /home/om/slambot/install/new_robot_controller/share/new_robot_controller/local_setup.bash
-- Up-to-date: /home/om/slambot/install/new_robot_controller/share/new_robot_controller/local_setup.sh
-- Up-to-date: /home/om/slambot/install/new_robot_controller/share/new_robot_controller/local_setup.zsh
-- Installing: /home/om/slambot/install/new_robot_controller/share/new_robot_controller/local_setup.dsv
-- Installing: /home/om/slambot/install/new_robot_controller/share/new_robot_controller/package.dsv
-- Up-to-date: /home/om/slambot/install/new_robot_controller/share/ament_index/resource_index/packages/new_robot_controller
-- Up-to-date: /home/om/slambot/install/new_robot_controller/share/new_robot_controller/cmake/new_robot_controllerConfig.cmake
-- Up-to-date: /home/om/slambot/install/new_robot_controller/share/new_robot_controller/cmake/new_robot_controllerConfig-version.cmake
-- Up-to-date: /home/om/slambot/install/new_robot_controller/share/new_robot_controller/package.xml
