[0.047s] Invoking command in '/home/om/slambot/build/new_robot_controller': CMAKE_PREFIX_PATH=${CMAKE_PREFIX_PATH}:/home/om/slambot/install/bumperbot_py_examples:/opt/ros/humble /usr/bin/cmake --build /home/om/slambot/build/new_robot_controller -- -j8 -l8
[0.104s] -- Found ament_cmake: 1.3.10 (/opt/ros/humble/share/ament_cmake/cmake)
[0.326s] -- Found rclcpp: 16.0.10 (/opt/ros/humble/share/rclcpp/cmake)
[0.391s] -- Found rosidl_generator_c: 3.1.5 (/opt/ros/humble/share/rosidl_generator_c/cmake)
[0.397s] -- Found rosidl_adapter: 3.1.5 (/opt/ros/humble/share/rosidl_adapter/cmake)
[0.412s] -- Found rosidl_generator_cpp: 3.1.5 (/opt/ros/humble/share/rosidl_generator_cpp/cmake)
[0.419s] -- Using all available rosidl_typesupport_c: rosidl_typesupport_fastrtps_c;rosidl_typesupport_introspection_c
[0.435s] -- Using all available rosidl_typesupport_cpp: rosidl_typesupport_fastrtps_cpp;rosidl_typesupport_introspection_cpp
[0.484s] -- Found rmw_implementation_cmake: 6.1.2 (/opt/ros/humble/share/rmw_implementation_cmake/cmake)
[0.490s] -- Found rmw_fastrtps_cpp: 6.2.7 (/opt/ros/humble/share/rmw_fastrtps_cpp/cmake)
[0.592s] -- Using RMW implementation 'rmw_fastrtps_cpp' as default
[0.670s] -- Found rclpy: 3.3.14 (/opt/ros/humble/share/rclpy/cmake)
[0.670s] -- Found geometry_msgs: 4.2.4 (/opt/ros/humble/share/geometry_msgs/cmake)
[0.685s] -- Found sensor_msgs: 4.2.4 (/opt/ros/humble/share/sensor_msgs/cmake)
[0.702s] -- Found nav_msgs: 4.2.4 (/opt/ros/humble/share/nav_msgs/cmake)
[0.719s] -- Found tf2: 0.25.7 (/opt/ros/humble/share/tf2/cmake)
[0.724s] -- Found tf2_ros: 0.25.7 (/opt/ros/humble/share/tf2_ros/cmake)
[0.946s] -- Configuring done
[0.960s] -- Generating done
[0.962s] -- Build files have been written to: /home/om/slambot/build/new_robot_controller
[0.988s] [35m[1mConsolidate compiler generated dependencies of target simple_controller[0m
[0.997s] [ 25%] [32mBuilding CXX object CMakeFiles/keyboard_control.dir/src/keyboard_control.cpp.o[0m
[1.006s] [ 25%] Built target ament_cmake_python_copy_new_robot_controller
[1.006s] [ 75%] Built target simple_controller
[1.221s] running egg_info
[1.222s] writing new_robot_controller.egg-info/PKG-INFO
[1.222s] writing dependency_links to new_robot_controller.egg-info/dependency_links.txt
[1.222s] writing top-level names to new_robot_controller.egg-info/top_level.txt
[1.224s] reading manifest file 'new_robot_controller.egg-info/SOURCES.txt'
[1.224s] writing manifest file 'new_robot_controller.egg-info/SOURCES.txt'
[1.259s] [ 75%] Built target ament_cmake_python_build_new_robot_controller_egg
[7.622s] [100%] [32m[1mLinking CXX executable keyboard_control[0m
[8.022s] [100%] Built target keyboard_control
[8.032s] Invoked command in '/home/om/slambot/build/new_robot_controller' returned '0': CMAKE_PREFIX_PATH=${CMAKE_PREFIX_PATH}:/home/om/slambot/install/bumperbot_py_examples:/opt/ros/humble /usr/bin/cmake --build /home/om/slambot/build/new_robot_controller -- -j8 -l8
[8.056s] Invoking command in '/home/om/slambot/build/new_robot_controller': CMAKE_PREFIX_PATH=${CMAKE_PREFIX_PATH}:/home/om/slambot/install/bumperbot_py_examples:/opt/ros/humble /usr/bin/cmake --install /home/om/slambot/build/new_robot_controller
[8.062s] -- Install configuration: ""
[8.062s] -- Up-to-date: /home/om/slambot/install/new_robot_controller/share/new_robot_controller/environment/pythonpath.sh
[8.062s] -- Installing: /home/om/slambot/install/new_robot_controller/share/new_robot_controller/environment/pythonpath.dsv
[8.063s] -- Up-to-date: /home/om/slambot/install/new_robot_controller/local/lib/python3.10/dist-packages/new_robot_controller-0.0.0-py3.10.egg-info
[8.063s] -- Installing: /home/om/slambot/install/new_robot_controller/local/lib/python3.10/dist-packages/new_robot_controller-0.0.0-py3.10.egg-info/PKG-INFO
[8.063s] -- Installing: /home/om/slambot/install/new_robot_controller/local/lib/python3.10/dist-packages/new_robot_controller-0.0.0-py3.10.egg-info/dependency_links.txt
[8.063s] -- Installing: /home/om/slambot/install/new_robot_controller/local/lib/python3.10/dist-packages/new_robot_controller-0.0.0-py3.10.egg-info/SOURCES.txt
[8.063s] -- Installing: /home/om/slambot/install/new_robot_controller/local/lib/python3.10/dist-packages/new_robot_controller-0.0.0-py3.10.egg-info/top_level.txt
[8.063s] -- Up-to-date: /home/om/slambot/install/new_robot_controller/local/lib/python3.10/dist-packages/new_robot_controller
[8.063s] -- Up-to-date: /home/om/slambot/install/new_robot_controller/local/lib/python3.10/dist-packages/new_robot_controller/simple_controller.py
[8.063s] -- Up-to-date: /home/om/slambot/install/new_robot_controller/local/lib/python3.10/dist-packages/new_robot_controller/__init__.py
[8.086s] Listing '/home/om/slambot/install/new_robot_controller/local/lib/python3.10/dist-packages/new_robot_controller'...
[8.089s] -- Up-to-date: /home/om/slambot/install/new_robot_controller/include/include
[8.090s] -- Up-to-date: /home/om/slambot/install/new_robot_controller/include/include/new_robot_controller
[8.090s] -- Up-to-date: /home/om/slambot/install/new_robot_controller/include/include/new_robot_controller/simple_controller.hpp
[8.090s] -- Up-to-date: /home/om/slambot/install/new_robot_controller/lib/new_robot_controller/simple_controller
[8.090s] -- Installing: /home/om/slambot/install/new_robot_controller/lib/new_robot_controller/keyboard_control
[8.094s] -- Set runtime path of "/home/om/slambot/install/new_robot_controller/lib/new_robot_controller/keyboard_control" to ""
[8.094s] -- Up-to-date: /home/om/slambot/install/new_robot_controller/share/new_robot_controller/launch
[8.094s] -- Up-to-date: /home/om/slambot/install/new_robot_controller/share/new_robot_controller/launch/joystick_teleop.launch.py
[8.094s] -- Up-to-date: /home/om/slambot/install/new_robot_controller/share/new_robot_controller/launch/simple_controller.launch.py
[8.094s] -- Up-to-date: /home/om/slambot/install/new_robot_controller/share/new_robot_controller/config
[8.095s] -- Up-to-date: /home/om/slambot/install/new_robot_controller/share/new_robot_controller/config/joy_config.yaml
[8.095s] -- Up-to-date: /home/om/slambot/install/new_robot_controller/share/new_robot_controller/config/new_robot_controllers.yaml
[8.095s] -- Up-to-date: /home/om/slambot/install/new_robot_controller/share/new_robot_controller/config/joy_teleop.yaml
[8.095s] -- Up-to-date: /home/om/slambot/install/new_robot_controller/lib/new_robot_controller/simple_controller.py
[8.095s] -- Up-to-date: /home/om/slambot/install/new_robot_controller/share/ament_index/resource_index/package_run_dependencies/new_robot_controller
[8.095s] -- Installing: /home/om/slambot/install/new_robot_controller/share/ament_index/resource_index/parent_prefix_path/new_robot_controller
[8.095s] -- Up-to-date: /home/om/slambot/install/new_robot_controller/share/new_robot_controller/environment/ament_prefix_path.sh
[8.095s] -- Installing: /home/om/slambot/install/new_robot_controller/share/new_robot_controller/environment/ament_prefix_path.dsv
[8.095s] -- Up-to-date: /home/om/slambot/install/new_robot_controller/share/new_robot_controller/environment/path.sh
[8.095s] -- Installing: /home/om/slambot/install/new_robot_controller/share/new_robot_controller/environment/path.dsv
[8.095s] -- Up-to-date: /home/om/slambot/install/new_robot_controller/share/new_robot_controller/local_setup.bash
[8.095s] -- Up-to-date: /home/om/slambot/install/new_robot_controller/share/new_robot_controller/local_setup.sh
[8.095s] -- Up-to-date: /home/om/slambot/install/new_robot_controller/share/new_robot_controller/local_setup.zsh
[8.095s] -- Installing: /home/om/slambot/install/new_robot_controller/share/new_robot_controller/local_setup.dsv
[8.095s] -- Installing: /home/om/slambot/install/new_robot_controller/share/new_robot_controller/package.dsv
[8.095s] -- Up-to-date: /home/om/slambot/install/new_robot_controller/share/ament_index/resource_index/packages/new_robot_controller
[8.095s] -- Up-to-date: /home/om/slambot/install/new_robot_controller/share/new_robot_controller/cmake/new_robot_controllerConfig.cmake
[8.095s] -- Up-to-date: /home/om/slambot/install/new_robot_controller/share/new_robot_controller/cmake/new_robot_controllerConfig-version.cmake
[8.095s] -- Up-to-date: /home/om/slambot/install/new_robot_controller/share/new_robot_controller/package.xml
[8.097s] Invoked command in '/home/om/slambot/build/new_robot_controller' returned '0': CMAKE_PREFIX_PATH=${CMAKE_PREFIX_PATH}:/home/om/slambot/install/bumperbot_py_examples:/opt/ros/humble /usr/bin/cmake --install /home/om/slambot/build/new_robot_controller
