[35m[1mConsolidate compiler generated dependencies of target keyboard_control[0m
[ 25%] [32mBuilding CXX object CMakeFiles/simple_controller.dir/src/simple_controller.cpp.o[0m
[ 50%] [32mBuilding CXX object CMakeFiles/keyboard_control.dir/src/keyboard_control.cpp.o[0m
[ 50%] Built target ament_cmake_python_copy_new_robot_controller
running egg_info
writing new_robot_controller.egg-info/PKG-INFO
writing dependency_links to new_robot_controller.egg-info/dependency_links.txt
writing top-level names to new_robot_controller.egg-info/top_level.txt
reading manifest file 'new_robot_controller.egg-info/SOURCES.txt'
writing manifest file 'new_robot_controller.egg-info/SOURCES.txt'
[ 50%] Built target ament_cmake_python_build_new_robot_controller_egg
[ 75%] [32m[1mLinking CXX executable keyboard_control[0m
[ 75%] Built target keyboard_control
[100%] [32m[1mLinking CXX executable simple_controller[0m
[100%] Built target simple_controller
-- Install configuration: ""
-- Up-to-date: /home/om/slambot/install/new_robot_controller/share/new_robot_controller/environment/pythonpath.sh
-- Up-to-date: /home/om/slambot/install/new_robot_controller/share/new_robot_controller/environment/pythonpath.dsv
-- Up-to-date: /home/om/slambot/install/new_robot_controller/local/lib/python3.10/dist-packages/new_robot_controller-0.0.0-py3.10.egg-info
-- Installing: /home/om/slambot/install/new_robot_controller/local/lib/python3.10/dist-packages/new_robot_controller-0.0.0-py3.10.egg-info/PKG-INFO
-- Installing: /home/om/slambot/install/new_robot_controller/local/lib/python3.10/dist-packages/new_robot_controller-0.0.0-py3.10.egg-info/dependency_links.txt
-- Installing: /home/om/slambot/install/new_robot_controller/local/lib/python3.10/dist-packages/new_robot_controller-0.0.0-py3.10.egg-info/SOURCES.txt
-- Installing: /home/om/slambot/install/new_robot_controller/local/lib/python3.10/dist-packages/new_robot_controller-0.0.0-py3.10.egg-info/top_level.txt
-- Up-to-date: /home/om/slambot/install/new_robot_controller/local/lib/python3.10/dist-packages/new_robot_controller
-- Up-to-date: /home/om/slambot/install/new_robot_controller/local/lib/python3.10/dist-packages/new_robot_controller/simple_controller.py
-- Up-to-date: /home/om/slambot/install/new_robot_controller/local/lib/python3.10/dist-packages/new_robot_controller/__init__.py
Listing '/home/om/slambot/install/new_robot_controller/local/lib/python3.10/dist-packages/new_robot_controller'...
-- Up-to-date: /home/om/slambot/install/new_robot_controller/include/include
-- Up-to-date: /home/om/slambot/install/new_robot_controller/include/include/new_robot_controller
-- Up-to-date: /home/om/slambot/install/new_robot_controller/include/include/new_robot_controller/simple_controller.hpp
-- Installing: /home/om/slambot/install/new_robot_controller/lib/new_robot_controller/simple_controller
-- Set runtime path of "/home/om/slambot/install/new_robot_controller/lib/new_robot_controller/simple_controller" to ""
-- Installing: /home/om/slambot/install/new_robot_controller/lib/new_robot_controller/keyboard_control
-- Set runtime path of "/home/om/slambot/install/new_robot_controller/lib/new_robot_controller/keyboard_control" to ""
-- Up-to-date: /home/om/slambot/install/new_robot_controller/share/new_robot_controller/launch
-- Up-to-date: /home/om/slambot/install/new_robot_controller/share/new_robot_controller/launch/joystick_teleop.launch.py
-- Up-to-date: /home/om/slambot/install/new_robot_controller/share/new_robot_controller/launch/simple_controller.launch.py
-- Up-to-date: /home/om/slambot/install/new_robot_controller/share/new_robot_controller/config
-- Up-to-date: /home/om/slambot/install/new_robot_controller/share/new_robot_controller/config/joy_config.yaml
-- Up-to-date: /home/om/slambot/install/new_robot_controller/share/new_robot_controller/config/new_robot_controllers.yaml
-- Up-to-date: /home/om/slambot/install/new_robot_controller/share/new_robot_controller/config/joy_teleop.yaml
-- Up-to-date: /home/om/slambot/install/new_robot_controller/lib/new_robot_controller/simple_controller.py
-- Up-to-date: /home/om/slambot/install/new_robot_controller/share/ament_index/resource_index/package_run_dependencies/new_robot_controller
-- Up-to-date: /home/om/slambot/install/new_robot_controller/share/ament_index/resource_index/parent_prefix_path/new_robot_controller
-- Up-to-date: /home/om/slambot/install/new_robot_controller/share/new_robot_controller/environment/ament_prefix_path.sh
-- Up-to-date: /home/om/slambot/install/new_robot_controller/share/new_robot_controller/environment/ament_prefix_path.dsv
-- Up-to-date: /home/om/slambot/install/new_robot_controller/share/new_robot_controller/environment/path.sh
-- Up-to-date: /home/om/slambot/install/new_robot_controller/share/new_robot_controller/environment/path.dsv
-- Up-to-date: /home/om/slambot/install/new_robot_controller/share/new_robot_controller/local_setup.bash
-- Up-to-date: /home/om/slambot/install/new_robot_controller/share/new_robot_controller/local_setup.sh
-- Up-to-date: /home/om/slambot/install/new_robot_controller/share/new_robot_controller/local_setup.zsh
-- Up-to-date: /home/om/slambot/install/new_robot_controller/share/new_robot_controller/local_setup.dsv
-- Installing: /home/om/slambot/install/new_robot_controller/share/new_robot_controller/package.dsv
-- Up-to-date: /home/om/slambot/install/new_robot_controller/share/ament_index/resource_index/packages/new_robot_controller
-- Up-to-date: /home/om/slambot/install/new_robot_controller/share/new_robot_controller/cmake/new_robot_controllerConfig.cmake
-- Up-to-date: /home/om/slambot/install/new_robot_controller/share/new_robot_controller/cmake/new_robot_controllerConfig-version.cmake
-- Up-to-date: /home/om/slambot/install/new_robot_controller/share/new_robot_controller/package.xml
