[0.035s] Invoking command in '/home/om/slambot/build/bumperbot_controller': CMAKE_PREFIX_PATH=${CMAKE_PREFIX_PATH}:/home/om/slambot/install/bumperbot_py_examples:/opt/ros/humble /usr/bin/cmake --build /home/om/slambot/build/bumperbot_controller -- -j8 -l8
[0.133s] [  0%] Built target ament_cmake_python_copy_bumperbot_controller
[0.133s] [ 50%] Built target simple_controller
[0.133s] [100%] Built target noisy_controller
[0.404s] running egg_info
[0.407s] writing bumperbot_controller.egg-info/PKG-INFO
[0.407s] writing dependency_links to bumperbot_controller.egg-info/dependency_links.txt
[0.408s] writing top-level names to bumperbot_controller.egg-info/top_level.txt
[0.419s] reading manifest file 'bumperbot_controller.egg-info/SOURCES.txt'
[0.419s] writing manifest file 'bumperbot_controller.egg-info/SOURCES.txt'
[0.487s] [100%] Built target ament_cmake_python_build_bumperbot_controller_egg
[0.523s] Invoked command in '/home/om/slambot/build/bumperbot_controller' returned '0': CMAKE_PREFIX_PATH=${CMAKE_PREFIX_PATH}:/home/om/slambot/install/bumperbot_py_examples:/opt/ros/humble /usr/bin/cmake --build /home/om/slambot/build/bumperbot_controller -- -j8 -l8
[0.577s] Invoking command in '/home/om/slambot/build/bumperbot_controller': CMAKE_PREFIX_PATH=${CMAKE_PREFIX_PATH}:/home/om/slambot/install/bumperbot_py_examples:/opt/ros/humble /usr/bin/cmake --install /home/om/slambot/build/bumperbot_controller
[0.581s] -- Install configuration: ""
[0.581s] -- Up-to-date: /home/om/slambot/install/bumperbot_controller/share/bumperbot_controller/environment/pythonpath.sh
[0.581s] -- Up-to-date: /home/om/slambot/install/bumperbot_controller/share/bumperbot_controller/environment/pythonpath.dsv
[0.581s] -- Up-to-date: /home/om/slambot/install/bumperbot_controller/local/lib/python3.10/dist-packages/bumperbot_controller-0.0.0-py3.10.egg-info
[0.582s] -- Installing: /home/om/slambot/install/bumperbot_controller/local/lib/python3.10/dist-packages/bumperbot_controller-0.0.0-py3.10.egg-info/PKG-INFO
[0.582s] -- Installing: /home/om/slambot/install/bumperbot_controller/local/lib/python3.10/dist-packages/bumperbot_controller-0.0.0-py3.10.egg-info/dependency_links.txt
[0.582s] -- Installing: /home/om/slambot/install/bumperbot_controller/local/lib/python3.10/dist-packages/bumperbot_controller-0.0.0-py3.10.egg-info/SOURCES.txt
[0.582s] -- Installing: /home/om/slambot/install/bumperbot_controller/local/lib/python3.10/dist-packages/bumperbot_controller-0.0.0-py3.10.egg-info/top_level.txt
[0.582s] -- Up-to-date: /home/om/slambot/install/bumperbot_controller/local/lib/python3.10/dist-packages/bumperbot_controller
[0.583s] -- Up-to-date: /home/om/slambot/install/bumperbot_controller/local/lib/python3.10/dist-packages/bumperbot_controller/simple_controller.py
[0.583s] -- Up-to-date: /home/om/slambot/install/bumperbot_controller/local/lib/python3.10/dist-packages/bumperbot_controller/noisy_controller.py
[0.583s] -- Up-to-date: /home/om/slambot/install/bumperbot_controller/local/lib/python3.10/dist-packages/bumperbot_controller/__init__.py
[0.620s] Listing '/home/om/slambot/install/bumperbot_controller/local/lib/python3.10/dist-packages/bumperbot_controller'...
[0.628s] -- Up-to-date: /home/om/slambot/install/bumperbot_controller/include/include
[0.628s] -- Up-to-date: /home/om/slambot/install/bumperbot_controller/include/include/bumperbot_controller
[0.628s] -- Up-to-date: /home/om/slambot/install/bumperbot_controller/include/include/bumperbot_controller/simple_controller.hpp
[0.628s] -- Up-to-date: /home/om/slambot/install/bumperbot_controller/include/include/bumperbot_controller/noisy_controller.hpp
[0.628s] -- Up-to-date: /home/om/slambot/install/bumperbot_controller/lib/bumperbot_controller/simple_controller
[0.628s] -- Up-to-date: /home/om/slambot/install/bumperbot_controller/lib/bumperbot_controller/noisy_controller
[0.628s] -- Up-to-date: /home/om/slambot/install/bumperbot_controller/share/bumperbot_controller/launch
[0.628s] -- Up-to-date: /home/om/slambot/install/bumperbot_controller/share/bumperbot_controller/launch/controller.launch.py
[0.628s] -- Up-to-date: /home/om/slambot/install/bumperbot_controller/share/bumperbot_controller/launch/joystick_teleop.launch.py
[0.628s] -- Up-to-date: /home/om/slambot/install/bumperbot_controller/share/bumperbot_controller/config
[0.628s] -- Up-to-date: /home/om/slambot/install/bumperbot_controller/share/bumperbot_controller/config/bumperbot_controllers.yaml
[0.628s] -- Up-to-date: /home/om/slambot/install/bumperbot_controller/share/bumperbot_controller/config/joy_config.yaml
[0.628s] -- Up-to-date: /home/om/slambot/install/bumperbot_controller/share/bumperbot_controller/config/joy_teleop.yaml
[0.628s] -- Up-to-date: /home/om/slambot/install/bumperbot_controller/lib/bumperbot_controller/simple_controller.py
[0.628s] -- Up-to-date: /home/om/slambot/install/bumperbot_controller/lib/bumperbot_controller/noisy_controller.py
[0.628s] -- Up-to-date: /home/om/slambot/install/bumperbot_controller/share/ament_index/resource_index/package_run_dependencies/bumperbot_controller
[0.628s] -- Up-to-date: /home/om/slambot/install/bumperbot_controller/share/ament_index/resource_index/parent_prefix_path/bumperbot_controller
[0.630s] -- Up-to-date: /home/om/slambot/install/bumperbot_controller/share/bumperbot_controller/environment/ament_prefix_path.sh
[0.631s] -- Up-to-date: /home/om/slambot/install/bumperbot_controller/share/bumperbot_controller/environment/ament_prefix_path.dsv
[0.631s] -- Up-to-date: /home/om/slambot/install/bumperbot_controller/share/bumperbot_controller/environment/path.sh
[0.631s] -- Up-to-date: /home/om/slambot/install/bumperbot_controller/share/bumperbot_controller/environment/path.dsv
[0.631s] -- Up-to-date: /home/om/slambot/install/bumperbot_controller/share/bumperbot_controller/local_setup.bash
[0.631s] -- Up-to-date: /home/om/slambot/install/bumperbot_controller/share/bumperbot_controller/local_setup.sh
[0.631s] -- Up-to-date: /home/om/slambot/install/bumperbot_controller/share/bumperbot_controller/local_setup.zsh
[0.631s] -- Up-to-date: /home/om/slambot/install/bumperbot_controller/share/bumperbot_controller/local_setup.dsv
[0.631s] -- Installing: /home/om/slambot/install/bumperbot_controller/share/bumperbot_controller/package.dsv
[0.631s] -- Up-to-date: /home/om/slambot/install/bumperbot_controller/share/ament_index/resource_index/packages/bumperbot_controller
[0.631s] -- Up-to-date: /home/om/slambot/install/bumperbot_controller/share/bumperbot_controller/cmake/bumperbot_controllerConfig.cmake
[0.631s] -- Up-to-date: /home/om/slambot/install/bumperbot_controller/share/bumperbot_controller/cmake/bumperbot_controllerConfig-version.cmake
[0.631s] -- Up-to-date: /home/om/slambot/install/bumperbot_controller/share/bumperbot_controller/package.xml
[0.639s] Invoked command in '/home/om/slambot/build/bumperbot_controller' returned '0': CMAKE_PREFIX_PATH=${CMAKE_PREFIX_PATH}:/home/om/slambot/install/bumperbot_py_examples:/opt/ros/humble /usr/bin/cmake --install /home/om/slambot/build/bumperbot_controller
