[0.611s] Invoking command in '/home/om/slambot/src/bumperbot_py_examples': CMAKE_PREFIX_PATH=/home/om/slambot/install/bumperbot_msgs:/home/om/slambot/install/rplidar_ros:/home/om/slambot/install/new_robot_firmware:/home/om/slambot/install/new_robot_description:/home/om/slambot/install/new_robot_controller:/home/om/slambot/install/new_practice_bringup:/home/om/slambot/install/cpp_examples:/home/om/slambot/install/bumperbot_cpp_examples:/home/om/slambot/install/bumperbot_localization:/home/om/slambot/install/bumperbot_firmware:/home/om/slambot/install/bumperbot_description:/home/om/slambot/install/bumperbot_controller:/home/om/slambot/install/bumperbot_bringup LD_LIBRARY_PATH=/home/om/slambot/install/bumperbot_msgs/lib:/home/om/slambot/install/rplidar_ros/lib:/home/om/slambot/install/new_robot_firmware/lib:/home/om/slambot/install/bumperbot_firmware/lib:/usr/lib/x86_64-linux-gnu/gazebo-11/plugins:/opt/ros/humble/opt/rviz_ogre_vendor/lib:/opt/ros/humble/lib/x86_64-linux-gnu:/opt/ros/humble/lib PYTHONPATH=/home/om/slambot/build/bumperbot_py_examples/prefix_override:/usr/lib/python3/dist-packages/colcon_core/task/python/colcon_distutils_commands:/home/om/slambot/install/bumperbot_py_examples/lib/python3.10/site-packages:${PYTHONPATH} /usr/bin/python3 -W ignore:setup.py install is deprecated setup.py egg_info --egg-base ../../build/bumperbot_py_examples build --build-base /home/om/slambot/build/bumperbot_py_examples/build install --record /home/om/slambot/build/bumperbot_py_examples/install.log --single-version-externally-managed install_data
[1.734s] running egg_info
[1.735s] writing ../../build/bumperbot_py_examples/bumperbot_py_examples.egg-info/PKG-INFO
[1.735s] writing dependency_links to ../../build/bumperbot_py_examples/bumperbot_py_examples.egg-info/dependency_links.txt
[1.735s] writing entry points to ../../build/bumperbot_py_examples/bumperbot_py_examples.egg-info/entry_points.txt
[1.735s] writing requirements to ../../build/bumperbot_py_examples/bumperbot_py_examples.egg-info/requires.txt
[1.735s] writing top-level names to ../../build/bumperbot_py_examples/bumperbot_py_examples.egg-info/top_level.txt
[1.737s] reading manifest file '../../build/bumperbot_py_examples/bumperbot_py_examples.egg-info/SOURCES.txt'
[1.737s] writing manifest file '../../build/bumperbot_py_examples/bumperbot_py_examples.egg-info/SOURCES.txt'
[1.738s] running build
[1.738s] running build_py
[1.738s] running install
[1.738s] running install_lib
[1.739s] running install_data
[1.740s] running install_egg_info
[1.742s] removing '/home/om/slambot/install/bumperbot_py_examples/lib/python3.10/site-packages/bumperbot_py_examples-0.0.0-py3.10.egg-info' (and everything under it)
[1.742s] Copying ../../build/bumperbot_py_examples/bumperbot_py_examples.egg-info to /home/om/slambot/install/bumperbot_py_examples/lib/python3.10/site-packages/bumperbot_py_examples-0.0.0-py3.10.egg-info
[1.743s] running install_scripts
[1.760s] Installing simple_lifecycle_node script to /home/om/slambot/install/bumperbot_py_examples/lib/bumperbot_py_examples
[1.760s] Installing simple_parameter script to /home/om/slambot/install/bumperbot_py_examples/lib/bumperbot_py_examples
[1.761s] Installing simple_publisher script to /home/om/slambot/install/bumperbot_py_examples/lib/bumperbot_py_examples
[1.761s] Installing simple_service_client script to /home/om/slambot/install/bumperbot_py_examples/lib/bumperbot_py_examples
[1.761s] Installing simple_service_server script to /home/om/slambot/install/bumperbot_py_examples/lib/bumperbot_py_examples
[1.761s] Installing simple_subscriber script to /home/om/slambot/install/bumperbot_py_examples/lib/bumperbot_py_examples
[1.761s] Installing simple_tf_kinematics script to /home/om/slambot/install/bumperbot_py_examples/lib/bumperbot_py_examples
[1.761s] Installing simple_turtlesim_kinematics script to /home/om/slambot/install/bumperbot_py_examples/lib/bumperbot_py_examples
[1.761s] writing list of installed files to '/home/om/slambot/build/bumperbot_py_examples/install.log'
[1.794s] Invoked command in '/home/om/slambot/src/bumperbot_py_examples' returned '0': CMAKE_PREFIX_PATH=/home/om/slambot/install/bumperbot_msgs:/home/om/slambot/install/rplidar_ros:/home/om/slambot/install/new_robot_firmware:/home/om/slambot/install/new_robot_description:/home/om/slambot/install/new_robot_controller:/home/om/slambot/install/new_practice_bringup:/home/om/slambot/install/cpp_examples:/home/om/slambot/install/bumperbot_cpp_examples:/home/om/slambot/install/bumperbot_localization:/home/om/slambot/install/bumperbot_firmware:/home/om/slambot/install/bumperbot_description:/home/om/slambot/install/bumperbot_controller:/home/om/slambot/install/bumperbot_bringup LD_LIBRARY_PATH=/home/om/slambot/install/bumperbot_msgs/lib:/home/om/slambot/install/rplidar_ros/lib:/home/om/slambot/install/new_robot_firmware/lib:/home/om/slambot/install/bumperbot_firmware/lib:/usr/lib/x86_64-linux-gnu/gazebo-11/plugins:/opt/ros/humble/opt/rviz_ogre_vendor/lib:/opt/ros/humble/lib/x86_64-linux-gnu:/opt/ros/humble/lib PYTHONPATH=/home/om/slambot/build/bumperbot_py_examples/prefix_override:/usr/lib/python3/dist-packages/colcon_core/task/python/colcon_distutils_commands:/home/om/slambot/install/bumperbot_py_examples/lib/python3.10/site-packages:${PYTHONPATH} /usr/bin/python3 -W ignore:setup.py install is deprecated setup.py egg_info --egg-base ../../build/bumperbot_py_examples build --build-base /home/om/slambot/build/bumperbot_py_examples/build install --record /home/om/slambot/build/bumperbot_py_examples/install.log --single-version-externally-managed install_data
