[0.058s] Invoking command in '/home/om/slambot/build/bumperbot_localization': CMAKE_PREFIX_PATH=${CMAKE_PREFIX_PATH}:/home/om/slambot/install/new_robot_description:/home/om/slambot/install/new_practice_bringup:/home/om/slambot/install/bumperbot_py_examples:/home/om/slambot/install/bumperbot_description:/opt/ros/humble /usr/bin/cmake /home/om/slambot/src/bumperbot_localization -DCMAKE_INSTALL_PREFIX=/home/om/slambot/install/bumperbot_localization
[0.206s] -- The C compiler identification is GNU 11.4.0
[0.375s] -- The CXX compiler identification is GNU 11.4.0
[0.398s] -- Detecting C compiler ABI info
[0.581s] -- Detecting C compiler ABI info - done
[0.599s] -- Check for working C compiler: /usr/bin/cc - skipped
[0.599s] -- Detecting C compile features
[0.608s] -- Detecting C compile features - done
[0.613s] -- Detecting CXX compiler ABI info
[0.803s] -- Detecting CXX compiler ABI info - done
[0.826s] -- Check for working CXX compiler: /usr/bin/c++ - skipped
[0.827s] -- Detecting CXX compile features
[0.827s] -- Detecting CXX compile features - done
[0.830s] -- Found ament_cmake: 1.3.10 (/opt/ros/humble/share/ament_cmake/cmake)
[1.197s] -- Found Python3: /usr/bin/python3 (found version "3.10.12") found components: Interpreter 
[1.422s] -- Found rclcpp: 16.0.10 (/opt/ros/humble/share/rclcpp/cmake)
[1.526s] -- Found rosidl_generator_c: 3.1.5 (/opt/ros/humble/share/rosidl_generator_c/cmake)
[1.539s] -- Found rosidl_adapter: 3.1.5 (/opt/ros/humble/share/rosidl_adapter/cmake)
[1.564s] -- Found rosidl_generator_cpp: 3.1.5 (/opt/ros/humble/share/rosidl_generator_cpp/cmake)
[1.605s] -- Using all available rosidl_typesupport_c: rosidl_typesupport_fastrtps_c;rosidl_typesupport_introspection_c
[1.647s] -- Using all available rosidl_typesupport_cpp: rosidl_typesupport_fastrtps_cpp;rosidl_typesupport_introspection_cpp
[1.765s] -- Found rmw_implementation_cmake: 6.1.2 (/opt/ros/humble/share/rmw_implementation_cmake/cmake)
[1.771s] -- Found rmw_fastrtps_cpp: 6.2.7 (/opt/ros/humble/share/rmw_fastrtps_cpp/cmake)
[1.970s] -- Found OpenSSL: /usr/lib/x86_64-linux-gnu/libcrypto.so (found version "3.0.2")  
[2.032s] -- Found FastRTPS: /opt/ros/humble/include  
[2.124s] -- Using RMW implementation 'rmw_fastrtps_cpp' as default
[2.146s] -- Looking for pthread.h
[2.300s] -- Looking for pthread.h - found
[2.300s] -- Performing Test CMAKE_HAVE_LIBC_PTHREAD
[2.445s] -- Performing Test CMAKE_HAVE_LIBC_PTHREAD - Success
[2.446s] -- Found Threads: TRUE  
[2.612s] -- Found rclpy: 3.3.14 (/opt/ros/humble/share/rclpy/cmake)
[2.617s] -- Found nav_msgs: 4.2.4 (/opt/ros/humble/share/nav_msgs/cmake)
[2.697s] -- Found sensor_msgs: 4.2.4 (/opt/ros/humble/share/sensor_msgs/cmake)
[3.069s] -- Configuring done
[3.097s] -- Generating done
[3.101s] -- Build files have been written to: /home/om/slambot/build/bumperbot_localization
[3.121s] Invoked command in '/home/om/slambot/build/bumperbot_localization' returned '0': CMAKE_PREFIX_PATH=${CMAKE_PREFIX_PATH}:/home/om/slambot/install/new_robot_description:/home/om/slambot/install/new_practice_bringup:/home/om/slambot/install/bumperbot_py_examples:/home/om/slambot/install/bumperbot_description:/opt/ros/humble /usr/bin/cmake /home/om/slambot/src/bumperbot_localization -DCMAKE_INSTALL_PREFIX=/home/om/slambot/install/bumperbot_localization
[3.126s] Invoking command in '/home/om/slambot/build/bumperbot_localization': CMAKE_PREFIX_PATH=${CMAKE_PREFIX_PATH}:/home/om/slambot/install/new_robot_description:/home/om/slambot/install/new_practice_bringup:/home/om/slambot/install/bumperbot_py_examples:/home/om/slambot/install/bumperbot_description:/opt/ros/humble /usr/bin/cmake --build /home/om/slambot/build/bumperbot_localization -- -j8 -l8
[3.262s] [ 25%] [32mBuilding CXX object CMakeFiles/kalman_filter.dir/src/kalman_filter.cpp.o[0m
[3.262s] [ 50%] [32mBuilding CXX object CMakeFiles/imu_republisher.dir/src/imu_republisher.cpp.o[0m
[3.273s] [ 50%] Built target ament_cmake_python_copy_bumperbot_localization
[3.858s] running egg_info
[3.860s] creating bumperbot_localization.egg-info
[3.861s] writing bumperbot_localization.egg-info/PKG-INFO
[3.861s] writing dependency_links to bumperbot_localization.egg-info/dependency_links.txt
[3.863s] writing top-level names to bumperbot_localization.egg-info/top_level.txt
[3.863s] writing manifest file 'bumperbot_localization.egg-info/SOURCES.txt'
[3.867s] reading manifest file 'bumperbot_localization.egg-info/SOURCES.txt'
[3.874s] writing manifest file 'bumperbot_localization.egg-info/SOURCES.txt'
[3.972s] [ 50%] Built target ament_cmake_python_build_bumperbot_localization_egg
