[3.026s] Invoking command in '/home/om/slambot/src/bumperbot_py_examples': AMENT_PREFIX_PATH=/home/om/slambot/install/bumperbot_msgs:${AMENT_PREFIX_PATH} CMAKE_PREFIX_PATH=/home/om/slambot/install/bumperbot_msgs LD_LIBRARY_PATH=/home/om/slambot/install/bumperbot_msgs/lib:${LD_LIBRARY_PATH} PYTHONPATH=/home/om/slambot/build/bumperbot_py_examples/prefix_override:/usr/lib/python3/dist-packages/colcon_core/task/python/colcon_distutils_commands:/home/om/slambot/install/bumperbot_py_examples/lib/python3.10/site-packages:/home/om/slambot/install/bumperbot_msgs/local/lib/python3.10/dist-packages:${PYTHONPATH} /usr/bin/python3 -W ignore:setup.py install is deprecated setup.py egg_info --egg-base ../../build/bumperbot_py_examples build --build-base /home/om/slambot/build/bumperbot_py_examples/build install --record /home/om/slambot/build/bumperbot_py_examples/install.log --single-version-externally-managed install_data
[5.339s] running egg_info
[5.340s] creating ../../build/bumperbot_py_examples/bumperbot_py_examples.egg-info
[5.341s] writing ../../build/bumperbot_py_examples/bumperbot_py_examples.egg-info/PKG-INFO
[5.342s] writing dependency_links to ../../build/bumperbot_py_examples/bumperbot_py_examples.egg-info/dependency_links.txt
[5.343s] writing entry points to ../../build/bumperbot_py_examples/bumperbot_py_examples.egg-info/entry_points.txt
[5.343s] writing requirements to ../../build/bumperbot_py_examples/bumperbot_py_examples.egg-info/requires.txt
[5.348s] writing top-level names to ../../build/bumperbot_py_examples/bumperbot_py_examples.egg-info/top_level.txt
[5.348s] writing manifest file '../../build/bumperbot_py_examples/bumperbot_py_examples.egg-info/SOURCES.txt'
[5.350s] reading manifest file '../../build/bumperbot_py_examples/bumperbot_py_examples.egg-info/SOURCES.txt'
[5.350s] writing manifest file '../../build/bumperbot_py_examples/bumperbot_py_examples.egg-info/SOURCES.txt'
[5.350s] running build
[5.350s] running build_py
[5.350s] creating /home/om/slambot/build/bumperbot_py_examples/build
[5.350s] creating /home/om/slambot/build/bumperbot_py_examples/build/lib
[5.350s] creating /home/om/slambot/build/bumperbot_py_examples/build/lib/bumperbot_py_examples
[5.350s] copying bumperbot_py_examples/simple_publisher.py -> /home/om/slambot/build/bumperbot_py_examples/build/lib/bumperbot_py_examples
[5.350s] copying bumperbot_py_examples/__init__.py -> /home/om/slambot/build/bumperbot_py_examples/build/lib/bumperbot_py_examples
[5.350s] copying bumperbot_py_examples/simple_subscriber.py -> /home/om/slambot/build/bumperbot_py_examples/build/lib/bumperbot_py_examples
[5.364s] copying bumperbot_py_examples/simple_service_client.py -> /home/om/slambot/build/bumperbot_py_examples/build/lib/bumperbot_py_examples
[5.364s] copying bumperbot_py_examples/simple_parameter.py -> /home/om/slambot/build/bumperbot_py_examples/build/lib/bumperbot_py_examples
[5.364s] copying bumperbot_py_examples/simple_lifecycle_node.py -> /home/om/slambot/build/bumperbot_py_examples/build/lib/bumperbot_py_examples
[5.364s] copying bumperbot_py_examples/simple_turtlesim_kinematics.py -> /home/om/slambot/build/bumperbot_py_examples/build/lib/bumperbot_py_examples
[5.364s] copying bumperbot_py_examples/simple_service_server.py -> /home/om/slambot/build/bumperbot_py_examples/build/lib/bumperbot_py_examples
[5.364s] copying bumperbot_py_examples/simple_tf_kinematics.py -> /home/om/slambot/build/bumperbot_py_examples/build/lib/bumperbot_py_examples
[5.365s] running install
[5.365s] running install_lib
[5.365s] creating /home/om/slambot/install/bumperbot_py_examples/lib/python3.10/site-packages/bumperbot_py_examples
[5.365s] copying /home/om/slambot/build/bumperbot_py_examples/build/lib/bumperbot_py_examples/simple_publisher.py -> /home/om/slambot/install/bumperbot_py_examples/lib/python3.10/site-packages/bumperbot_py_examples
[5.365s] copying /home/om/slambot/build/bumperbot_py_examples/build/lib/bumperbot_py_examples/__init__.py -> /home/om/slambot/install/bumperbot_py_examples/lib/python3.10/site-packages/bumperbot_py_examples
[5.365s] copying /home/om/slambot/build/bumperbot_py_examples/build/lib/bumperbot_py_examples/simple_subscriber.py -> /home/om/slambot/install/bumperbot_py_examples/lib/python3.10/site-packages/bumperbot_py_examples
[5.365s] copying /home/om/slambot/build/bumperbot_py_examples/build/lib/bumperbot_py_examples/simple_service_client.py -> /home/om/slambot/install/bumperbot_py_examples/lib/python3.10/site-packages/bumperbot_py_examples
[5.365s] copying /home/om/slambot/build/bumperbot_py_examples/build/lib/bumperbot_py_examples/simple_parameter.py -> /home/om/slambot/install/bumperbot_py_examples/lib/python3.10/site-packages/bumperbot_py_examples
[5.365s] copying /home/om/slambot/build/bumperbot_py_examples/build/lib/bumperbot_py_examples/simple_lifecycle_node.py -> /home/om/slambot/install/bumperbot_py_examples/lib/python3.10/site-packages/bumperbot_py_examples
[5.365s] copying /home/om/slambot/build/bumperbot_py_examples/build/lib/bumperbot_py_examples/simple_turtlesim_kinematics.py -> /home/om/slambot/install/bumperbot_py_examples/lib/python3.10/site-packages/bumperbot_py_examples
[5.365s] copying /home/om/slambot/build/bumperbot_py_examples/build/lib/bumperbot_py_examples/simple_service_server.py -> /home/om/slambot/install/bumperbot_py_examples/lib/python3.10/site-packages/bumperbot_py_examples
[5.366s] copying /home/om/slambot/build/bumperbot_py_examples/build/lib/bumperbot_py_examples/simple_tf_kinematics.py -> /home/om/slambot/install/bumperbot_py_examples/lib/python3.10/site-packages/bumperbot_py_examples
[5.366s] byte-compiling /home/om/slambot/install/bumperbot_py_examples/lib/python3.10/site-packages/bumperbot_py_examples/simple_publisher.py to simple_publisher.cpython-310.pyc
[5.366s] byte-compiling /home/om/slambot/install/bumperbot_py_examples/lib/python3.10/site-packages/bumperbot_py_examples/__init__.py to __init__.cpython-310.pyc
[5.366s] byte-compiling /home/om/slambot/install/bumperbot_py_examples/lib/python3.10/site-packages/bumperbot_py_examples/simple_subscriber.py to simple_subscriber.cpython-310.pyc
[5.366s] byte-compiling /home/om/slambot/install/bumperbot_py_examples/lib/python3.10/site-packages/bumperbot_py_examples/simple_service_client.py to simple_service_client.cpython-310.pyc
[5.366s] byte-compiling /home/om/slambot/install/bumperbot_py_examples/lib/python3.10/site-packages/bumperbot_py_examples/simple_parameter.py to simple_parameter.cpython-310.pyc
[5.366s] byte-compiling /home/om/slambot/install/bumperbot_py_examples/lib/python3.10/site-packages/bumperbot_py_examples/simple_lifecycle_node.py to simple_lifecycle_node.cpython-310.pyc
[5.366s] byte-compiling /home/om/slambot/install/bumperbot_py_examples/lib/python3.10/site-packages/bumperbot_py_examples/simple_turtlesim_kinematics.py to simple_turtlesim_kinematics.cpython-310.pyc
[5.366s] byte-compiling /home/om/slambot/install/bumperbot_py_examples/lib/python3.10/site-packages/bumperbot_py_examples/simple_service_server.py to simple_service_server.cpython-310.pyc
[5.366s] byte-compiling /home/om/slambot/install/bumperbot_py_examples/lib/python3.10/site-packages/bumperbot_py_examples/simple_tf_kinematics.py to simple_tf_kinematics.cpython-310.pyc
[5.366s] running install_data
[5.366s] creating /home/om/slambot/install/bumperbot_py_examples/share/ament_index
[5.366s] creating /home/om/slambot/install/bumperbot_py_examples/share/ament_index/resource_index
[5.367s] creating /home/om/slambot/install/bumperbot_py_examples/share/ament_index/resource_index/packages
[5.367s] copying resource/bumperbot_py_examples -> /home/om/slambot/install/bumperbot_py_examples/share/ament_index/resource_index/packages
[5.367s] copying package.xml -> /home/om/slambot/install/bumperbot_py_examples/share/bumperbot_py_examples
[5.367s] running install_egg_info
[5.381s] Copying ../../build/bumperbot_py_examples/bumperbot_py_examples.egg-info to /home/om/slambot/install/bumperbot_py_examples/lib/python3.10/site-packages/bumperbot_py_examples-0.0.0-py3.10.egg-info
[5.382s] running install_scripts
[5.382s] Installing simple_lifecycle_node script to /home/om/slambot/install/bumperbot_py_examples/lib/bumperbot_py_examples
[5.383s] Installing simple_parameter script to /home/om/slambot/install/bumperbot_py_examples/lib/bumperbot_py_examples
[5.383s] Installing simple_publisher script to /home/om/slambot/install/bumperbot_py_examples/lib/bumperbot_py_examples
[5.383s] Installing simple_service_client script to /home/om/slambot/install/bumperbot_py_examples/lib/bumperbot_py_examples
[5.383s] Installing simple_service_server script to /home/om/slambot/install/bumperbot_py_examples/lib/bumperbot_py_examples
[5.384s] Installing simple_subscriber script to /home/om/slambot/install/bumperbot_py_examples/lib/bumperbot_py_examples
[5.384s] Installing simple_tf_kinematics script to /home/om/slambot/install/bumperbot_py_examples/lib/bumperbot_py_examples
[5.384s] Installing simple_turtlesim_kinematics script to /home/om/slambot/install/bumperbot_py_examples/lib/bumperbot_py_examples
[5.384s] writing list of installed files to '/home/om/slambot/build/bumperbot_py_examples/install.log'
[5.395s] Invoked command in '/home/om/slambot/src/bumperbot_py_examples' returned '0': AMENT_PREFIX_PATH=/home/om/slambot/install/bumperbot_msgs:${AMENT_PREFIX_PATH} CMAKE_PREFIX_PATH=/home/om/slambot/install/bumperbot_msgs LD_LIBRARY_PATH=/home/om/slambot/install/bumperbot_msgs/lib:${LD_LIBRARY_PATH} PYTHONPATH=/home/om/slambot/build/bumperbot_py_examples/prefix_override:/usr/lib/python3/dist-packages/colcon_core/task/python/colcon_distutils_commands:/home/om/slambot/install/bumperbot_py_examples/lib/python3.10/site-packages:/home/om/slambot/install/bumperbot_msgs/local/lib/python3.10/dist-packages:${PYTHONPATH} /usr/bin/python3 -W ignore:setup.py install is deprecated setup.py egg_info --egg-base ../../build/bumperbot_py_examples build --build-base /home/om/slambot/build/bumperbot_py_examples/build install --record /home/om/slambot/build/bumperbot_py_examples/install.log --single-version-externally-managed install_data
